IQ-TREE multicore version 1.6.1 for Linux 64-bit built Feb 16 2018
Developed by Bui Quang Minh, Nguyen Lam Tung, Olga Chernomor,
Heiko Schmidt, Dominik Schrempf, Michael Woodhams.

Host:    it038094 (AVX2, FMA3, 15 GB RAM)
Command: iqtree -s nterminusinprotali.fa -m LG+G+F -bb 1000 -wbtl -bnni -redo
Seed:    815439 (Using SPRNG - Scalable Parallel Random Number Generator)
Time:    Thu Jul 11 10:52:44 2019
Kernel:  AVX+FMA - 1 threads (4 CPU cores detected)

HINT: Use -nt option to specify number of threads because your CPU has 4 cores!
HINT: -nt AUTO will automatically determine the best number of threads to use.

Reading alignment file nterminusinprotali.fa ... Fasta format detected
Alignment most likely contains protein sequences
Alignment has 28 sequences with 2087 columns, 1331 distinct patterns
1093 parsimony-informative, 209 singleton sites, 785 constant sites
WARNING: Some sequence names are changed as follows:
Tcar____XP_026511388.1_zinc_finger_protein_648_[Terrapene_mexicana_triunguis] -> Tcar____XP_026511388.1_zinc_finger_protein_648__Terrapene_mexicana_triunguis_
Cfam____ENSCAFG00000024596.1|ENSCAFT00000037938.1|ZNF648 -> Cfam____ENSCAFG00000024596.1_ENSCAFT00000037938.1_ZNF648
Lobl____XP_026938890.1_zinc_finger_protein_648_[Lagenorhynchus_obliquidens] -> Lobl____XP_026938890.1_zinc_finger_protein_648__Lagenorhynchus_obliquidens_
Lvex____XP_007456640.1_PREDICTED:_sorting_nexin-19_[Lipotes_vexillifer] -> Lvex____XP_007456640.1_PREDICTED__sorting_nexin-19__Lipotes_vexillifer_
Oorc____XP_004269877.1_PREDICTED:_zinc_finger_protein_648_[Orcinus_orca] -> Oorc____XP_004269877.1_PREDICTED__zinc_finger_protein_648__Orcinus_orca_
Hsap_____ENSG00000179930|ENST00000339948|ZNF648 -> Hsap_____ENSG00000179930_ENST00000339948_ZNF648
Fcat____XP_023103612.1_zinc_finger_protein_648_[Felis_catus] -> Fcat____XP_023103612.1_zinc_finger_protein_648__Felis_catus_
Ggan____XP_019371671.1_PREDICTED:_ral_GTPase-activating_protein_subunit_alpha-2_isoform_X2_[Gavialis_gangeticus] -> Ggan____XP_019371671.1_PREDICTED__ral_GTPase-activating_protein_subunit_alpha-2_isoform_X2__Gavialis_gangeticus_
Stor____Scyto0011088|Scyto0011088.t1|NA -> Stor____Scyto0011088_Scyto0011088.t1_NA
Ggan____XP_019357307.1_PREDICTED:_zinc_finger_protein_648-like_isoform_X1_[Gavialis_gangeticus] -> Ggan____XP_019357307.1_PREDICTED__zinc_finger_protein_648-like_isoform_X1__Gavialis_gangeticus_
Cpor____XP_019386498.1_PREDICTED:_zinc_finger_protein_648_isoform_X1_[Crocodylus_porosus] -> Cpor____XP_019386498.1_PREDICTED__zinc_finger_protein_648_isoform_X1__Crocodylus_porosus_
Spur____XP_011676276.1_PREDICTED:_uncharacterized_protein_LOC105444130_[Strongylocentrotus_purpuratus] -> Spur____XP_011676276.1_PREDICTED__uncharacterized_protein_LOC105444130__Strongylocentrotus_purpuratus_
Nleu____XP_003264475.1_PREDICTED:_zinc_finger_protein_648_[Nomascus_leucogenys] -> Nleu____XP_003264475.1_PREDICTED__zinc_finger_protein_648__Nomascus_leucogenys_
Amis____XP_019355726.1_PREDICTED:_zinc_finger_protein_648_[Alligator_mississippiensis] -> Amis____XP_019355726.1_PREDICTED__zinc_finger_protein_648__Alligator_mississippiensis_
Ccap____XP_017379964.1_PREDICTED:_LOW_QUALITY_PROTEIN:_zinc_finger_protein_648_[Cebus_capucinus_imitator] -> Ccap____XP_017379964.1_PREDICTED__LOW_QUALITY_PROTEIN__zinc_finger_protein_648__Cebus_capucinus_imitator_
Mleu____XP_011858019.1_PREDICTED:_zinc_finger_protein_648_[Mandrillus_leucophaeus] -> Mleu____XP_011858019.1_PREDICTED__zinc_finger_protein_648__Mandrillus_leucophaeus_
Mmus____ENSMUSG00000066797.6|ENSMUST00000086195.6|Zfp648 -> Mmus____ENSMUSG00000066797.6_ENSMUST00000086195.6_Zfp648
Ecab____XP_023496009.1_zinc_finger_protein_648_isoform_X1_[Equus_caballus] -> Ecab____XP_023496009.1_zinc_finger_protein_648_isoform_X1__Equus_caballus_
Fcat____XP_003999329.1_zinc_finger_protein_648_[Felis_catus] -> Fcat____XP_003999329.1_zinc_finger_protein_648__Felis_catus_
Ggan____XP_019371670.1_PREDICTED:_ral_GTPase-activating_protein_subunit_alpha-2_isoform_X1_[Gavialis_gangeticus] -> Ggan____XP_019371670.1_PREDICTED__ral_GTPase-activating_protein_subunit_alpha-2_isoform_X1__Gavialis_gangeticus_
Nleu____XP_012352542.1_PREDICTED:_LOW_QUALITY_PROTEIN:_multidrug_resistance-associated_protein_6-like_[Nomascus_leucogenys] -> Nleu____XP_012352542.1_PREDICTED__LOW_QUALITY_PROTEIN__multidrug_resistance-associated_protein_6-like__Nomascus_leucogenys_
Fcat____XP_019677322.1_zinc_finger_protein_648_[Felis_catus] -> Fcat____XP_019677322.1_zinc_finger_protein_648__Felis_catus_
Lvex____XP_007448568.1_PREDICTED:_zinc_finger_protein_648_[Lipotes_vexillifer] -> Lvex____XP_007448568.1_PREDICTED__zinc_finger_protein_648__Lipotes_vexillifer_
Tcar____XP_026511524.1_zinc_finger_protein_271-like_[Terrapene_mexicana_triunguis] -> Tcar____XP_026511524.1_zinc_finger_protein_271-like__Terrapene_mexicana_triunguis_
Ecab____NP_001243856.1_zinc_finger_protein_648_[Equus_caballus] -> Ecab____NP_001243856.1_zinc_finger_protein_648__Equus_caballus_
Ecab____XP_023500917.1_sorting_nexin-19_isoform_X4_[Equus_caballus] -> Ecab____XP_023500917.1_sorting_nexin-19_isoform_X4__Equus_caballus_
Ppan____XP_003824782.1_zinc_finger_protein_648_[Pan_paniscus] -> Ppan____XP_003824782.1_zinc_finger_protein_648__Pan_paniscus_
Ecab____XP_023500916.1_sorting_nexin-19_isoform_X3_[Equus_caballus] -> Ecab____XP_023500916.1_sorting_nexin-19_isoform_X3__Equus_caballus_

                                                                                                                             Gap/Ambiguity  Composition  p-value
   1  Tcar____XP_026511388.1_zinc_finger_protein_648__Terrapene_mexicana_triunguis_                                                 56.40%    passed      9.22%
   2  Cfam____ENSCAFG00000024596.1_ENSCAFT00000037938.1_ZNF648                                                                      72.74%    passed      6.69%
   3  Lobl____XP_026938890.1_zinc_finger_protein_648__Lagenorhynchus_obliquidens_                                                   73.31%    failed      1.74%
   4  Lvex____XP_007456640.1_PREDICTED__sorting_nexin-19__Lipotes_vexillifer_                                                       51.84%    failed      0.00%
   5  Oorc____XP_004269877.1_PREDICTED__zinc_finger_protein_648__Orcinus_orca_                                                      73.36%    failed      1.58%
   6  Hsap_____ENSG00000179930_ENST00000339948_ZNF648                                                                               72.78%    passed     27.06%
   7  Fcat____XP_023103612.1_zinc_finger_protein_648__Felis_catus_                                                                  72.78%    failed      3.17%
   8  Ggan____XP_019371671.1_PREDICTED__ral_GTPase-activating_protein_subunit_alpha-2_isoform_X2__Gavialis_gangeticus_              10.25%    failed      0.00%
   9  Stor____Scyto0011088_Scyto0011088.t1_NA                                                                                       82.27%    failed      0.00%
  10  Ggan____XP_019357307.1_PREDICTED__zinc_finger_protein_648-like_isoform_X1__Gavialis_gangeticus_                               72.26%    passed     30.95%
  11  Cpor____XP_019386498.1_PREDICTED__zinc_finger_protein_648_isoform_X1__Crocodylus_porosus_                                     72.26%    passed     43.14%
  12  Spur____XP_011676276.1_PREDICTED__uncharacterized_protein_LOC105444130__Strongylocentrotus_purpuratus_                        93.29%    failed      0.04%
  13  Nleu____XP_003264475.1_PREDICTED__zinc_finger_protein_648__Nomascus_leucogenys_                                               72.78%    passed     44.85%
  14  Amis____XP_019355726.1_PREDICTED__zinc_finger_protein_648__Alligator_mississippiensis_                                        56.92%    passed     22.37%
  15  Ccap____XP_017379964.1_PREDICTED__LOW_QUALITY_PROTEIN__zinc_finger_protein_648__Cebus_capucinus_imitator_                     72.93%    passed     32.71%
  16  Mleu____XP_011858019.1_PREDICTED__zinc_finger_protein_648__Mandrillus_leucophaeus_                                            72.88%    passed     28.78%
  17  Mmus____ENSMUSG00000066797.6_ENSMUST00000086195.6_Zfp648                                                                      74.84%    passed     15.54%
  18  Ecab____XP_023496009.1_zinc_finger_protein_648_isoform_X1__Equus_caballus_                                                    72.83%    failed      2.57%
  19  Fcat____XP_003999329.1_zinc_finger_protein_648__Felis_catus_                                                                  72.78%    failed      3.17%
  20  Ggan____XP_019371670.1_PREDICTED__ral_GTPase-activating_protein_subunit_alpha-2_isoform_X1__Gavialis_gangeticus_               7.86%    failed      0.00%
  21  Nleu____XP_012352542.1_PREDICTED__LOW_QUALITY_PROTEIN__multidrug_resistance-associated_protein_6-like__Nomascus_leucogenys_   82.41%    failed      0.00%
  22  Fcat____XP_019677322.1_zinc_finger_protein_648__Felis_catus_                                                                  72.78%    failed      3.17%
  23  Lvex____XP_007448568.1_PREDICTED__zinc_finger_protein_648__Lipotes_vexillifer_                                                73.36%    failed      2.11%
  24  Tcar____XP_026511524.1_zinc_finger_protein_271-like__Terrapene_mexicana_triunguis_                                            60.23%    passed      6.30%
  25  Ecab____NP_001243856.1_zinc_finger_protein_648__Equus_caballus_                                                               72.83%    failed      2.50%
  26  Ecab____XP_023500917.1_sorting_nexin-19_isoform_X4__Equus_caballus_                                                           58.12%    failed      0.00%
  27  Ppan____XP_003824782.1_zinc_finger_protein_648__Pan_paniscus_                                                                 72.78%    passed     29.94%
  28  Ecab____XP_023500916.1_sorting_nexin-19_isoform_X3__Equus_caballus_                                                           56.30%    failed      0.00%
WARNING: 26 sequences contain more than 50% gaps/ambiguity
****  TOTAL                                                                                                                         66.29%  16 sequences failed composition chi2 test (p-value<5%; df=19)
NOTE: Fcat____XP_003999329.1_zinc_finger_protein_648__Felis_catus_ is identical to Fcat____XP_023103612.1_zinc_finger_protein_648__Felis_catus_ but kept for subsequent analysis
NOTE: 1 identical sequences (see below) will be ignored for subsequent analysis
NOTE: Fcat____XP_019677322.1_zinc_finger_protein_648__Felis_catus_ (identical to Fcat____XP_023103612.1_zinc_finger_protein_648__Felis_catus_) is ignored but added at the end

For your convenience alignment with unique sequences printed to nterminusinprotali.fa.uniqueseq.phy

Create initial parsimony tree by phylogenetic likelihood library (PLL)... 0.005 seconds
Generating 1000 samples for ultrafast bootstrap (seed: 815439)...

NOTE: 27 MB RAM (0 GB) is required!
Estimate model parameters (epsilon = 0.100)
1. Initial log-likelihood: -20303.227
2. Current log-likelihood: -19473.320
3. Current log-likelihood: -19457.558
4. Current log-likelihood: -19454.431
5. Current log-likelihood: -19453.429
6. Current log-likelihood: -19453.097
7. Current log-likelihood: -19452.991
Optimal log-likelihood: -19452.922
Gamma shape alpha: 1.617
Parameters optimization took 7 rounds (3.666 sec)
Computing ML distances based on estimated model parameters... 0.198 sec
WARNING: Some pairwise ML distances are too long (saturated)
Computing BIONJ tree...
0.000 seconds
Log-likelihood of BIONJ tree: -19455.861
--------------------------------------------------------------------
|             INITIALIZING CANDIDATE TREE SET                      |
--------------------------------------------------------------------
Generating 98 parsimony trees... 0.804 second
Computing log-likelihood of 98 initial trees ... 18.648 seconds
Current best score: -19452.922

Do NNI search on 20 best initial trees
Estimate model parameters (epsilon = 0.100)
BETTER TREE FOUND at iteration 1: -19443.150
Iteration 10 / LogL: -19444.980 / Time: 0h:0m:45s
WARNING: NNI search needs unusual large number of steps (27) to converge!
Iteration 20 / LogL: -19443.251 / Time: 0h:1m:20s
Finish initializing candidate tree set (10)
Current best tree score: -19443.150 / CPU time: 76.020
Number of iterations: 20
--------------------------------------------------------------------
|               OPTIMIZING CANDIDATE TREE SET                      |
--------------------------------------------------------------------
Iteration 30 / LogL: -19449.050 / Time: 0h:1m:56s (0h:4m:44s left)
Iteration 40 / LogL: -19445.600 / Time: 0h:2m:34s (0h:4m:2s left)
Iteration 50 / LogL: -19447.230 / Time: 0h:3m:8s (0h:3m:16s left)
Iteration 60 / LogL: -19445.426 / Time: 0h:3m:49s (0h:2m:39s left)
Iteration 70 / LogL: -19443.298 / Time: 0h:4m:24s (0h:1m:58s left)
Iteration 80 / LogL: -19443.179 / Time: 0h:4m:57s (0h:1m:19s left)
Iteration 90 / LogL: -19443.158 / Time: 0h:5m:29s (0h:0m:40s left)
Iteration 100 / LogL: -19443.710 / Time: 0h:6m:4s (0h:0m:3s left)
Refining ufboot trees with NNI...
100 samples done
200 samples done
300 samples done
400 samples done
500 samples done
600 samples done
700 samples done
800 samples done
900 samples done
1000 samples done
Total 820 ufboot trees refined
TREE SEARCH COMPLETED AFTER 102 ITERATIONS / Time: 0h:11m:37s

--------------------------------------------------------------------
|                    FINALIZING TREE SEARCH                        |
--------------------------------------------------------------------
Performs final model parameters optimization
Estimate model parameters (epsilon = 0.010)
1. Initial log-likelihood: -19443.150
Optimal log-likelihood: -19443.147
Gamma shape alpha: 1.602
Parameters optimization took 1 rounds (0.298 sec)
BEST SCORE FOUND : -19443.147
Creating bootstrap support values...
Split supports printed to NEXUS file nterminusinprotali.fa.splits.nex
Total tree length: 20.179

Total number of iterations: 102
CPU time used for tree search: 689.733 sec (0h:11m:29s)
Wall-clock time used for tree search: 692.786 sec (0h:11m:32s)
Total CPU time used: 694.953 sec (0h:11m:34s)
Total wall-clock time used: 698.019 sec (0h:11m:38s)
UFBoot trees printed to nterminusinprotali.fa.ufboot

Computing bootstrap consensus tree...
Reading input file nterminusinprotali.fa.splits.nex...
27 taxa and 186 splits.
Consensus tree written to nterminusinprotali.fa.contree
Reading input trees file nterminusinprotali.fa.contree
Log-likelihood of consensus tree: -19443.147

Analysis results written to: 
  IQ-TREE report:                nterminusinprotali.fa.iqtree
  Maximum-likelihood tree:       nterminusinprotali.fa.treefile
  Likelihood distances:          nterminusinprotali.fa.mldist

Ultrafast bootstrap approximation results written to:
  Split support values:          nterminusinprotali.fa.splits.nex
  Consensus tree:                nterminusinprotali.fa.contree
  UFBoot trees:                  nterminusinprotali.fa.ufboot
  Screen log file:               nterminusinprotali.fa.log

Date and Time: Thu Jul 11 11:04:23 2019
