#                                                                                                        --- full sequence ---- --- best 1 domain ---- --- domain number estimation ----
# target name                                                 accession  query name           accession    E-value  score  bias   E-value  score  bias   exp reg clu  ov env dom rep inc description of target
#                                         ------------------- ---------- -------------------- ---------- --------- ------ ----- --------- ------ -----   --- --- --- --- --- --- --- --- ---------------------
Xtro____ENSXETG00000007273|ENSXETT00000015810|NA              -          humanprotein         -                  0 1319.7 284.9   7.4e-70  236.2  39.8   9.1   3   2   6   9   9   9   9 -
Xtro____ENSXETG00000023997|ENSXETT00000051769|NA              -          humanprotein         -                  0 1251.8 231.6   1.2e-73  248.7  39.8   8.4   1   1   7   9   9   9   8 -
Xtro____ENSXETG00000024254|ENSXETT00000052348|NA              -          humanprotein         -                  0 1166.5 257.3   1.4e-71  241.9  42.3   5.0   1   1   5   6   6   6   6 -
Xtro____ENSXETG00000024362|ENSXETT00000023981|znf568          -          humanprotein         -                  0 1104.1 185.2   1.1e-83  281.9  33.5   6.6   1   1   6   7   7   7   7 -
Xtro____ENSXETG00000033264|ENSXETT00000001440|NA              -          humanprotein         -                  0 1079.6 171.0   6.6e-55  186.9  18.3   8.0   1   1   7   8   8   8   8 -
Xtro____ENSXETG00000023928|ENSXETT00000051618|NA              -          humanprotein         -                  0 1065.2 192.7     3e-63  214.4  28.9   7.4   3   1   4   7   7   7   7 -
Xtro____ENSXETG00000030307|ENSXETT00000030199|NA              -          humanprotein         -                  0 1014.9 171.4   2.1e-64  218.2  25.5   7.1   1   1   6   7   7   7   7 -
Xtro____ENSXETG00000032531|ENSXETT00000005874|NA              -          humanprotein         -                  0 1010.0 172.6   3.6e-66  224.0  29.6   7.1   1   1   6   7   7   7   7 -
Xtro____ENSXETG00000033217|ENSXETT00000033018|NA              -          humanprotein         -           6.3e-292  969.4 153.5     6e-74  249.7  31.5   7.3   1   1   5   7   7   7   7 -
Xtro____ENSXETG00000027149|ENSXETT00000023968|NA              -          humanprotein         -           1.5e-289  961.6 179.8   4.8e-77  260.0  35.5   6.8   1   1   4   6   6   6   6 -
Xtro____ENSXETG00000027332|ENSXETT00000015818|znf208          -          humanprotein         -           1.5e-275  915.3 204.4   1.9e-73  248.1  43.8   4.3   1   1   4   5   5   5   5 -
Xtro____ENSXETG00000011063|ENSXETT00000024180|znf850          -          humanprotein         -           3.9e-273  907.4 146.3   1.5e-65  222.0  29.9   6.8   1   1   4   6   6   6   6 -
Xtro____ENSXETG00000030535|ENSXETT00000025619|NA              -          humanprotein         -           4.9e-271  900.5 183.6   3.9e-63  214.0  35.1   6.1   1   1   6   7   7   7   7 -
Xtro____ENSXETG00000002695|ENSXETT00000005824|NA              -          humanprotein         -           3.7e-270  897.5 183.6   1.8e-68  231.7  34.7   6.8   1   1   6   7   7   7   7 -
Xtro____ENSXETG00000034162|ENSXETT00000019061|NA              -          humanprotein         -             7e-262  870.2 169.5   2.4e-68  231.2  30.7   5.9   1   1   5   6   6   6   6 -
Xtro____ENSXETG00000013751|ENSXETT00000052701|XB-GENE-5823762 -          humanprotein         -           8.5e-262  869.9 143.4   1.3e-71  242.0  26.7   7.0   1   1   4   5   5   5   5 -
Xtro____ENSXETG00000024377|ENSXETT00000052694|XB-GENE-5822524 -          humanprotein         -           1.2e-261  869.4 128.1   6.8e-62  209.9  27.2   6.2   1   1   5   6   6   6   6 -
Xtro____ENSXETG00000033357|ENSXETT00000063986|NA              -          humanprotein         -           1.5e-261  869.1 138.9   2.9e-71  240.9  30.7   6.3   1   1   5   6   6   6   6 -
Xtro____ENSXETG00000024337|ENSXETT00000016155|znf470          -          humanprotein         -           4.4e-256  851.1 130.0     5e-62  210.4  29.2   6.0   1   1   5   6   6   6   6 -
Xtro____ENSXETG00000015069|ENSXETT00000024697|NA              -          humanprotein         -           6.3e-251  834.0 116.2   1.1e-51  176.2  19.6   5.7   1   1   5   6   6   6   6 -
Xtro____ENSXETG00000023597|ENSXETT00000052702|NA              -          humanprotein         -           3.2e-244  811.9 144.3   8.3e-71  239.4  34.7   5.1   1   1   3   5   5   5   5 -
Xtro____ENSXETG00000030768|ENSXETT00000066143|NA              -          humanprotein         -           4.2e-240  798.3 164.5     7e-66  223.1  34.3   5.0   1   1   4   6   6   6   6 -
Xtro____ENSXETG00000027160|ENSXETT00000044952|NA              -          humanprotein         -           6.6e-235  781.2 152.3     2e-57  195.2  33.2   6.0   1   1   5   6   6   6   6 -
Xtro____ENSXETG00000016781|ENSXETT00000036603|NA              -          humanprotein         -           1.4e-234  780.0 109.0   1.8e-81  274.6  27.7   4.1   1   1   3   4   4   4   4 -
Xtro____ENSXETG00000007423|ENSXETT00000016145|znf33a          -          humanprotein         -           5.8e-234  778.0 131.0   3.6e-48  164.6  18.4   6.0   1   1   5   6   6   6   6 -
Xtro____ENSXETG00000011313|ENSXETT00000024696|NA              -          humanprotein         -           4.7e-228  758.5 124.3   4.1e-51  174.3  19.2   6.1   1   1   5   6   6   6   6 -
Xtro____ENSXETG00000024242|ENSXETT00000052349|NA              -          humanprotein         -           1.2e-222  740.7 169.4   8.1e-62  209.7  44.3   5.0   1   1   4   5   5   5   5 -
Xtro____ENSXETG00000033446|ENSXETT00000023969|NA              -          humanprotein         -           1.4e-219  730.5 141.0   4.4e-71  240.3  45.2   5.6   1   1   4   5   5   5   5 -
Xtro____ENSXETG00000023643|ENSXETT00000016165|znf484          -          humanprotein         -           4.1e-218  725.7 118.3   8.7e-60  203.0  21.1   6.9   1   1   5   6   6   6   6 -
Xtro____ENSXETG00000027173|ENSXETT00000007822|NA              -          humanprotein         -           7.1e-218  724.9 168.4   3.1e-64  217.7  46.3   4.4   2   2   2   4   4   4   4 -
Xtro____ENSXETG00000020813|ENSXETT00000044937|NA              -          humanprotein         -           1.6e-217  723.7 159.9   2.6e-67  227.8  42.7   4.9   1   1   4   5   5   5   5 -
Xtro____ENSXETG00000032964|ENSXETT00000025419|NA              -          humanprotein         -           1.3e-210  701.0 154.5     7e-74  249.5  47.5   4.8   1   1   3   4   4   4   4 -
Xtro____ENSXETG00000034026|ENSXETT00000063169|NA              -          humanprotein         -           2.4e-209  696.8 142.4   1.7e-67  228.4  36.8   4.5   1   1   4   5   5   5   5 -
Xtro____ENSXETG00000025844|ENSXETT00000026173|NA              -          humanprotein         -           6.6e-209  695.3 141.5   2.9e-78  264.0  46.9   5.0   2   2   2   4   4   4   4 -
Xtro____ENSXETG00000024253|ENSXETT00000052327|NA              -          humanprotein         -           7.6e-209  695.1 156.1   3.5e-57  194.4  38.9   5.4   1   1   3   5   5   5   5 -
Xtro____ENSXETG00000013792|ENSXETT00000032982|NA              -          humanprotein         -           2.5e-208  693.4 103.1   8.7e-55  186.5  21.9   5.0   1   1   4   5   5   5   5 -
Xtro____ENSXETG00000017175|ENSXETT00000037448|NA              -          humanprotein         -           3.6e-207  689.6  99.1   4.2e-48  164.4  17.5   5.1   1   1   4   5   5   5   5 -
Xtro____ENSXETG00000023932|ENSXETT00000051628|xlcof28         -          humanprotein         -             4e-207  689.4 120.5   2.1e-73  248.0  30.2   4.4   1   1   3   4   4   4   4 -
Xtro____ENSXETG00000002097|ENSXETT00000044932|NA              -          humanprotein         -           1.6e-197  657.7 114.7   8.8e-63  212.9  29.3   4.1   1   1   4   5   5   5   5 -
Xtro____ENSXETG00000017171|ENSXETT00000037443|znf33b          -          humanprotein         -           2.8e-188  627.2 106.4   1.1e-44  153.2  13.5   5.9   1   1   5   6   6   6   6 -
Xtro____ENSXETG00000016062|ENSXETT00000035023|znf184          -          humanprotein         -           5.4e-188  626.3 111.6   5.9e-60  203.5  27.1   4.7   1   1   4   5   5   5   5 -
Xtro____ENSXETG00000032684|ENSXETT00000003588|NA              -          humanprotein         -           2.8e-184  614.0 119.6   1.7e-48  165.7  20.9   6.3   2   2   4   6   6   6   5 -
Xtro____ENSXETG00000006575|ENSXETT00000014400|znf420          -          humanprotein         -           3.6e-183  610.4  85.7     2e-81  274.4  31.1   3.1   1   1   2   3   3   3   3 -
Xtro____ENSXETG00000011624|ENSXETT00000025409|NA              -          humanprotein         -           2.6e-182  607.5 118.2   1.3e-48  166.1  21.7   5.0   1   1   4   5   5   5   5 -
Xtro____ENSXETG00000015076|ENSXETT00000033015|NA              -          humanprotein         -           1.3e-181  605.2 106.2   3.5e-62  210.9  27.3   4.2   1   1   3   4   4   4   4 -
Xtro____ENSXETG00000016619|ENSXETT00000036245|NA              -          humanprotein         -           2.7e-180  600.8  65.1   7.7e-85  285.7  24.1   3.4   1   1   2   3   3   3   3 -
Xtro____ENSXETG00000023927|ENSXETT00000051611|NA              -          humanprotein         -           1.3e-174  582.1 134.2   7.7e-51  173.4  27.5   4.5   1   1   4   5   5   5   5 -
Xtro____ENSXETG00000000656|ENSXETT00000001444|NA              -          humanprotein         -           3.2e-173  577.5 103.3   3.2e-40  138.4  11.9   5.0   1   1   4   5   5   5   5 -
Xtro____ENSXETG00000002717|ENSXETT00000023665|NA              -          humanprotein         -           8.8e-173  576.0  96.6   4.2e-59  200.7  23.8   5.2   1   1   4   5   5   5   5 -
Xtro____ENSXETG00000032394|ENSXETT00000025421|NA              -          humanprotein         -           3.3e-172  574.2 113.2     8e-67  226.2  40.5   3.5   1   1   2   3   3   3   3 -
Xtro____ENSXETG00000027339|ENSXETT00000052301|NA              -          humanprotein         -             5e-172  573.5 131.1   5.2e-69  233.4  42.5   3.1   1   1   2   3   3   3   3 -
Xtro____ENSXETG00000013017|ENSXETT00000028551|NA              -          humanprotein         -           3.6e-171  570.7 112.1   3.2e-62  211.0  30.7   4.3   1   1   3   4   4   4   4 -
Xtro____ENSXETG00000004898|ENSXETT00000010647|znf347          -          humanprotein         -           6.7e-168  559.9 110.7   7.4e-59  199.9  29.2   5.9   1   1   5   6   6   6   6 -
Xtro____ENSXETG00000010805|ENSXETT00000023666|NA              -          humanprotein         -           3.3e-164  547.7  97.4   8.1e-66  222.9  32.8   3.9   1   1   3   4   4   4   4 -
Xtro____ENSXETG00000013882|ENSXETT00000030382|NA              -          humanprotein         -           8.3e-159  529.9  86.9   1.7e-43  149.2  14.9   5.0   1   1   4   5   5   5   5 -
Xtro____ENSXETG00000008705|ENSXETT00000023633|NA              -          humanprotein         -           2.3e-152  508.6  97.4     3e-61  207.8  32.9   3.1   1   1   2   3   3   3   3 -
Xtro____ENSXETG00000010789|ENSXETT00000023596|znf236          -          humanprotein         -           2.6e-151  505.2 118.8   4.4e-31  108.2  27.8   7.1   6   1   0   6   6   6   6 -
Xtro____ENSXETG00000012506|ENSXETT00000053154|znf91           -          humanprotein         -           2.9e-151  505.0 119.0     1e-51  176.3  34.4   4.1   1   1   3   4   4   4   4 -
Xtro____ENSXETG00000026673|ENSXETT00000052656|NA              -          humanprotein         -           2.3e-149  498.7  89.9   7.8e-70  236.2  36.2   3.1   1   1   2   3   3   3   3 -
Xtro____ENSXETG00000030254|ENSXETT00000014207|NA              -          humanprotein         -           1.5e-148  496.0  89.4   1.6e-67  228.6  40.3   3.6   1   1   2   3   3   3   3 -
Xtro____ENSXETG00000013804|ENSXETT00000030223|NA              -          humanprotein         -           5.8e-148  494.1  76.3   3.9e-41  141.4  13.5   3.2   1   1   3   4   4   4   4 -
Xtro____ENSXETG00000025282|ENSXETT00000016152|NA              -          humanprotein         -           3.6e-146  488.2  80.9   7.6e-54  183.4  21.6   3.5   1   1   3   4   4   4   4 -
Xtro____ENSXETG00000025714|ENSXETT00000044935|NA              -          humanprotein         -           1.6e-145  486.0  74.8   7.6e-45  153.6  15.5   4.0   1   1   3   4   4   4   4 -
Xtro____ENSXETG00000001910|ENSXETT00000064930|znf646          -          humanprotein         -           2.5e-143  478.8 169.3   1.3e-42  146.3  37.9   4.3   1   1   4   5   5   5   5 -
Xtro____ENSXETG00000030059|ENSXETT00000065008|NA              -          humanprotein         -           2.6e-143  478.8  95.3   2.2e-61  208.3  36.0   4.0   1   1   2   3   3   3   3 -
Xtro____ENSXETG00000003414|ENSXETT00000007395|NA              -          humanprotein         -           1.8e-142  476.0 107.0   1.9e-60  205.1  29.8   4.6   1   1   2   4   4   4   4 -
Xtro____ENSXETG00000020497|ENSXETT00000044314|NA              -          humanprotein         -           1.8e-140  469.3  91.1   2.3e-47  162.0  25.7   4.5   1   1   3   4   4   4   4 -
Xtro____ENSXETG00000010799|ENSXETT00000019058|NA              -          humanprotein         -           1.8e-139  466.1  82.0   6.4e-60  203.4  29.6   3.3   1   1   2   3   3   3   3 -
Xtro____ENSXETG00000012399|ENSXETT00000027104|NA              -          humanprotein         -           8.8e-137  457.2  86.1   6.9e-54  183.5  29.9   3.9   1   1   2   3   3   3   3 -
Xtro____ENSXETG00000002834|ENSXETT00000006189|NA              -          humanprotein         -           5.5e-135  451.2  66.7   1.2e-50  172.8  22.2   4.3   1   1   3   4   4   4   4 -
Xtro____ENSXETG00000033898|ENSXETT00000051770|NA              -          humanprotein         -           8.3e-135  450.7  76.2   3.4e-49  168.0  18.8   3.4   1   1   2   3   3   3   3 -
Xtro____ENSXETG00000017455|ENSXETT00000037946|NA              -          humanprotein         -           7.4e-134  447.5  72.5   2.3e-60  204.9  24.5   3.3   1   1   2   3   3   3   3 -
Xtro____ENSXETG00000025956|ENSXETT00000052298|NA              -          humanprotein         -             1e-133  447.1 107.9   1.4e-50  172.6  36.1   4.4   2   2   1   3   3   3   3 -
Xtro____ENSXETG00000001911|ENSXETT00000062260|znf668          -          humanprotein         -           1.5e-132  443.2  90.4     1e-64  219.2  29.5   4.3   1   1   2   3   3   3   3 -
Xtro____ENSXETG00000031460|ENSXETT00000037447|NA              -          humanprotein         -           6.1e-130  434.6  62.3   1.3e-38  133.0  12.4   4.0   1   1   1   3   3   3   3 -
Xtro____ENSXETG00000022176|ENSXETT00000047993|NA              -          humanprotein         -             6e-129  431.3  83.1   8.2e-60  203.1  28.6   3.8   1   1   3   4   4   4   4 -
Xtro____ENSXETG00000006489|ENSXETT00000014208|NA              -          humanprotein         -           3.1e-128  429.0  86.4     9e-65  219.4  38.9   3.5   1   1   2   3   3   3   3 -
Xtro____ENSXETG00000031280|ENSXETT00000063454|NA              -          humanprotein         -           7.3e-128  427.7  57.1   2.4e-54  185.0  18.0   2.9   1   1   2   3   3   3   3 -
Xtro____ENSXETG00000032007|ENSXETT00000063030|NA              -          humanprotein         -           3.6e-126  422.2  79.4   1.5e-41  142.7  21.8   5.0   1   1   2   4   4   4   4 -
Xtro____ENSXETG00000032305|ENSXETT00000061847|NA              -          humanprotein         -           1.2e-125  420.4  80.4   1.5e-60  205.5  29.2   4.0   1   1   3   4   4   4   4 -
Xtro____ENSXETG00000015004|ENSXETT00000032822|znf717          -          humanprotein         -           1.2e-125  420.4  91.6   7.2e-58  196.6  40.5   3.1   1   1   2   3   3   3   3 -
Xtro____ENSXETG00000010801|ENSXETT00000005803|NA              -          humanprotein         -           1.1e-124  417.3  72.3   4.1e-68  230.5  31.4   3.5   1   1   2   3   3   3   3 -
Xtro____ENSXETG00000008801|ENSXETT00000019352|znf628          -          humanprotein         -           4.9e-124  415.1  65.3   4.3e-46  157.8  22.3   4.6   1   1   3   4   4   4   4 -
Xtro____ENSXETG00000033486|ENSXETT00000060210|znf526          -          humanprotein         -             2e-122  409.8  89.0   4.1e-40  138.0  17.7   7.0   4   2   2   6   6   6   5 -
Xtro____ENSXETG00000034309|ENSXETT00000057053|NA              -          humanprotein         -           5.4e-122  408.4  74.0   1.1e-49  169.6  25.1   3.3   1   1   2   3   3   3   3 -
Xtro____ENSXETG00000015106|ENSXETT00000033070|NA              -          humanprotein         -           6.6e-122  408.1  64.7   1.9e-57  195.2  27.3   3.9   1   1   2   3   3   3   3 -
Xtro____ENSXETG00000033021|ENSXETT00000014209|NA              -          humanprotein         -           1.2e-121  407.2  85.7   3.6e-56  191.0  30.2   4.0   2   1   1   3   3   3   3 -
Xtro____ENSXETG00000007126|ENSXETT00000015495|NA              -          humanprotein         -           3.4e-121  405.7 104.0   1.8e-52  178.8  36.0   3.1   2   1   1   3   3   3   3 -
Xtro____ENSXETG00000015072|ENSXETT00000005787|NA              -          humanprotein         -           2.8e-118  396.1  53.5   7.4e-47  160.3  13.4   3.2   1   1   2   3   3   3   3 -
Xtro____ENSXETG00000010512|ENSXETT00000064326|NA              -          humanprotein         -           7.5e-118  394.7  84.7   8.7e-45  153.5  23.8   4.8   2   1   2   4   4   4   4 -
Xtro____ENSXETG00000033108|ENSXETT00000026084|NA              -          humanprotein         -           1.3e-114  384.0  82.1   9.6e-61  206.1  41.2   2.3   1   1   1   2   2   2   2 -
Xtro____ENSXETG00000019138|ENSXETT00000041502|znf865          -          humanprotein         -           2.8e-114  382.9  76.4   2.4e-43  148.7  24.9   6.0   3   1   2   6   6   6   6 -
Xtro____ENSXETG00000027329|ENSXETT00000052357|NA              -          humanprotein         -           4.1e-114  382.4  76.7   1.9e-77  261.3  45.7   2.8   1   1   1   2   2   2   2 -
Xtro____ENSXETG00000033441|ENSXETT00000062448|NA              -          humanprotein         -             3e-113  379.5  87.9     2e-49  168.8  30.8   3.0   1   1   2   3   3   3   3 -
Xtro____ENSXETG00000030842|ENSXETT00000052695|NA              -          humanprotein         -           9.5e-111  371.2  61.6   6.2e-38  130.8  12.6   3.9   1   1   3   4   4   4   4 -
Xtro____ENSXETG00000030741|ENSXETT00000062565|NA              -          humanprotein         -           3.2e-110  369.5  57.0   4.9e-45  154.3  17.9   3.0   1   1   2   3   3   3   3 -
Xtro____ENSXETG00000023996|ENSXETT00000051722|NA              -          humanprotein         -           1.1e-109  367.8  69.4     2e-47  162.2  15.6   3.3   1   1   2   3   3   3   3 -
Xtro____ENSXETG00000008076|ENSXETT00000017698|NA              -          humanprotein         -           1.7e-109  367.1  67.7     2e-67  228.2  39.1   3.0   1   1   1   2   2   2   2 -
Xtro____ENSXETG00000017351|ENSXETT00000037789|NA              -          humanprotein         -           7.1e-108  361.8  60.3   3.3e-74  250.6  36.6   2.2   1   1   1   2   2   2   2 -
Xtro____ENSXETG00000022581|ENSXETT00000065149|znf250          -          humanprotein         -           1.7e-105  353.9  67.3   1.5e-54  185.6  30.5   2.2   1   1   1   2   2   2   2 -
Xtro____ENSXETG00000031156|ENSXETT00000032989|NA              -          humanprotein         -           2.5e-104  350.0  49.3     2e-37  129.1   9.0   3.6   1   1   1   3   3   3   3 -
Xtro____ENSXETG00000031192|ENSXETT00000063551|NA              -          humanprotein         -           4.3e-103  345.9  65.2   3.6e-61  207.6  30.2   2.7   1   1   1   2   2   2   2 -
Xtro____ENSXETG00000034213|ENSXETT00000066077|NA              -          humanprotein         -           8.5e-103  345.0  55.2   1.4e-42  146.1  15.0   3.0   1   1   2   3   3   3   3 -
Xtro____ENSXETG00000033657|ENSXETT00000025437|NA              -          humanprotein         -           2.1e-101  340.4  76.4   4.4e-42  144.5  24.9   3.0   1   1   2   3   3   3   3 -
Xtro____ENSXETG00000024215|ENSXETT00000052244|NA              -          humanprotein         -           3.2e-101  339.8  64.7   3.6e-39  134.9  20.3   3.1   1   1   2   3   3   3   3 -
Xtro____ENSXETG00000016786|ENSXETT00000036609|znf180          -          humanprotein         -           1.8e-100  337.3  43.1   2.6e-69  234.4  25.1   2.1   1   1   1   2   2   2   2 -
Xtro____ENSXETG00000027536|ENSXETT00000057402|znf574          -          humanprotein         -            3.8e-98  329.6  66.9   3.6e-38  131.6  18.7   7.3   3   2   3   7   7   7   4 -
Xtro____ENSXETG00000024263|ENSXETT00000033068|NA              -          humanprotein         -            9.4e-98  328.3  54.1   1.5e-35  123.0  11.3   2.5   1   1   2   3   3   3   3 -
Xtro____ENSXETG00000019840|ENSXETT00000042943|NA              -          humanprotein         -            4.4e-95  319.5  61.9   6.7e-63  213.3  37.8   2.2   1   1   1   2   2   2   2 -
Xtro____ENSXETG00000027334|ENSXETT00000037767|NA              -          humanprotein         -            1.3e-91  308.1  68.9   2.9e-58  197.9  42.0   2.2   1   1   1   2   2   2   2 -
Xtro____ENSXETG00000031188|ENSXETT00000030124|NA              -          humanprotein         -            1.2e-89  301.6  50.0   3.2e-54  184.6  19.2   3.4   1   1   2   3   3   3   3 -
Xtro____ENSXETG00000015125|ENSXETT00000033111|NA              -          humanprotein         -            1.5e-89  301.3  67.2     5e-46  157.5  26.6   3.6   1   1   1   3   3   3   3 -
Xtro____ENSXETG00000020205|ENSXETT00000043607|NA              -          humanprotein         -            1.8e-88  297.7  51.7   6.7e-39  134.0   8.4   3.7   2   1   2   4   4   3   3 -
Xtro____ENSXETG00000000727|ENSXETT00000001610|NA              -          humanprotein         -            1.3e-86  291.6  38.6   1.7e-86  291.1  38.6   1.1   1   0   0   1   1   1   1 -
Xtro____ENSXETG00000024118|ENSXETT00000033069|NA              -          humanprotein         -            3.9e-86  290.0  51.4   3.4e-64  217.5  29.2   3.0   1   1   1   2   2   2   2 -
Xtro____ENSXETG00000025425|ENSXETT00000030198|NA              -          humanprotein         -            5.9e-85  286.1  49.2   4.5e-52  177.5  29.6   2.5   1   1   1   2   2   2   2 -
Xtro____ENSXETG00000032739|ENSXETT00000004786|NA              -          humanprotein         -            6.9e-84  282.5  59.0   1.1e-45  156.5  30.3   2.2   1   1   1   2   2   2   2 -
Xtro____ENSXETG00000016403|ENSXETT00000035801|NA              -          humanprotein         -              5e-83  279.7  50.6   3.8e-34  118.3  14.9   2.6   1   1   2   3   3   3   3 -
Xtro____ENSXETG00000000068|ENSXETT00000000120|prdm15          -          humanprotein         -            1.3e-82  278.3 120.1   1.8e-30  106.2  25.3   4.1   2   1   3   5   5   5   4 -
Xtro____ENSXETG00000027145|ENSXETT00000055245|NA              -          humanprotein         -              3e-82  277.1  51.4     4e-58  197.5  31.5   3.3   1   1   1   2   2   2   2 -
Xtro____ENSXETG00000034023|ENSXETT00000052316|NA              -          humanprotein         -            1.2e-81  275.2  59.6   1.1e-59  202.7  40.0   2.0   1   1   1   2   2   2   2 -
Xtro____ENSXETG00000011203|ENSXETT00000024469|NA              -          humanprotein         -            4.3e-81  273.3  35.6   2.5e-61  208.1  23.8   2.2   1   1   1   2   2   2   2 -
Xtro____ENSXETG00000013744|ENSXETT00000030085|znf319          -          humanprotein         -            2.3e-80  270.9  77.0   1.7e-44  152.5  33.1   3.1   1   1   1   3   3   3   3 -
Xtro____ENSXETG00000031310|ENSXETT00000052628|NA              -          humanprotein         -            1.9e-79  267.9  43.4     9e-42  143.5  24.6   2.1   1   1   1   2   2   2   2 -
Xtro____ENSXETG00000032038|ENSXETT00000025623|NA              -          humanprotein         -            1.9e-79  267.9  37.3   1.2e-45  156.3  17.6   2.3   1   1   1   2   2   2   2 -
Xtro____ENSXETG00000027532|ENSXETT00000052350|NA              -          humanprotein         -            2.3e-78  264.3  55.5     3e-50  171.5  34.2   2.1   1   1   1   2   2   2   2 -
Xtro____ENSXETG00000005126|ENSXETT00000015497|rbfox1          -          humanprotein         -            4.1e-77  260.2  50.8   8.3e-47  160.1  30.8   3.0   2   1   1   3   3   2   2 -
Xtro____ENSXETG00000020822|ENSXETT00000044971|NA              -          humanprotein         -            5.3e-76  256.5  48.1   1.8e-51  175.5  27.8   2.3   1   1   1   2   2   2   2 -
Xtro____ENSXETG00000032358|ENSXETT00000051008|NA              -          humanprotein         -            6.9e-76  256.1  35.6   5.1e-55  187.2  23.5   2.7   1   1   1   2   2   2   2 -
Xtro____ENSXETG00000022855|ENSXETT00000049435|NA              -          humanprotein         -            9.4e-76  255.7  41.1   1.8e-39  135.9   8.3   3.0   1   1   1   3   3   3   3 -
Xtro____ENSXETG00000013837|ENSXETT00000030278|znf142          -          humanprotein         -            1.4e-75  255.1 164.4   1.3e-24   86.9  21.7   7.2   3   2   4   7   7   7   5 -
Xtro____ENSXETG00000027161|ENSXETT00000006633|znf160          -          humanprotein         -            2.3e-75  254.4  39.1   5.3e-63  213.6  24.6   2.4   1   1   1   2   2   2   2 -
Xtro____ENSXETG00000033789|ENSXETT00000045870|NA              -          humanprotein         -            2.4e-75  254.3  32.7   3.4e-75  253.9  32.7   1.2   1   0   0   1   1   1   1 -
Xtro____ENSXETG00000025952|ENSXETT00000054985|NA              -          humanprotein         -            1.1e-74  252.2  45.0     9e-67  226.0  35.2   2.2   1   1   1   2   2   2   2 -
Xtro____ENSXETG00000018108|ENSXETT00000039257|NA              -          humanprotein         -            2.2e-74  251.1  44.0   1.4e-54  185.7  27.6   2.8   1   1   1   2   2   2   2 -
Xtro____ENSXETG00000011113|ENSXETT00000024275|zbtb48          -          humanprotein         -            3.2e-73  247.3  64.6   7.9e-47  160.2  35.9   2.1   1   1   1   2   2   2   2 -
Xtro____ENSXETG00000011157|ENSXETT00000025621|NA              -          humanprotein         -            3.3e-73  247.3  53.0     2e-35  122.6  14.7   2.8   1   1   2   3   3   3   3 -
Xtro____ENSXETG00000030476|ENSXETT00000030080|NA              -          humanprotein         -            5.1e-73  246.7  31.6   1.8e-40  139.2  13.0   2.3   1   1   1   2   2   2   2 -
Xtro____ENSXETG00000002690|ENSXETT00000005782|NA              -          humanprotein         -            2.7e-72  244.3  41.2     5e-58  197.2  25.2   2.0   1   1   1   2   2   2   2 -
Xtro____ENSXETG00000031592|ENSXETT00000044934|NA              -          humanprotein         -              4e-72  243.7  57.5   2.1e-51  175.3  36.3   2.3   1   1   1   2   2   2   2 -
Xtro____ENSXETG00000028016|ENSXETT00000005811|znf333          -          humanprotein         -            4.7e-72  243.5  35.6   6.5e-50  170.4  16.5   2.1   1   1   1   2   2   2   2 -
Xtro____ENSXETG00000009586|ENSXETT00000021139|znf577          -          humanprotein         -              1e-71  242.4  44.7     5e-37  127.8  13.6   2.1   1   1   1   2   2   2   2 -
Xtro____ENSXETG00000006490|ENSXETT00000014206|znf350          -          humanprotein         -            1.2e-71  242.2  27.9   1.9e-38  132.5   9.6   2.0   1   1   1   2   2   2   2 -
Xtro____ENSXETG00000012675|ENSXETT00000027729|NA              -          humanprotein         -            1.7e-71  241.6  41.7   4.1e-34  118.2  11.3   3.1   1   1   2   3   3   3   3 -
Xtro____ENSXETG00000000622|ENSXETT00000001361|znf585b         -          humanprotein         -            3.8e-71  240.5  36.4     1e-33  116.9  11.3   3.4   2   1   1   3   3   3   3 -
Xtro____ENSXETG00000024246|ENSXETT00000018179|NA              -          humanprotein         -            2.7e-70  237.6  44.4   3.4e-62  210.9  34.5   2.1   1   1   1   2   2   2   2 -
Xtro____ENSXETG00000033055|ENSXETT00000015801|NA              -          humanprotein         -            2.8e-70  237.6  63.0     3e-44  151.7  36.9   2.3   1   1   1   2   2   2   2 -
Xtro____ENSXETG00000030603|ENSXETT00000063940|NA              -          humanprotein         -            6.8e-70  236.3  42.0   1.6e-69  235.2  42.0   1.6   1   1   0   1   1   1   1 -
Xtro____ENSXETG00000002101|ENSXETT00000004492|prdm5           -          humanprotein         -            2.1e-69  234.7  72.8   1.2e-39  136.5  36.9   3.0   1   1   2   3   3   3   3 -
Xtro____ENSXETG00000020496|ENSXETT00000044312|NA              -          humanprotein         -            2.1e-69  234.7  46.7   2.6e-45  155.2  26.2   2.3   1   1   1   2   2   2   2 -
Xtro____ENSXETG00000025955|ENSXETT00000044973|znf527          -          humanprotein         -            5.5e-69  233.4  31.8   5.3e-47  160.8  15.7   1.8   1   1   0   1   1   1   1 -
Xtro____ENSXETG00000030967|ENSXETT00000061563|NA              -          humanprotein         -            1.1e-68  232.3  34.9   1.4e-68  232.1  34.9   1.0   1   0   0   1   1   1   1 -
Xtro____ENSXETG00000024376|ENSXETT00000030122|NA              -          humanprotein         -            1.2e-67  228.9  41.3     6e-39  134.2  16.9   3.2   1   1   2   3   3   3   2 -
Xtro____ENSXETG00000013033|ENSXETT00000028554|zfp1            -          humanprotein         -            4.1e-67  227.2  39.7   1.2e-44  153.0  22.4   2.4   2   1   1   3   3   2   2 -
Xtro____ENSXETG00000024279|ENSXETT00000052414|zkscan7         -          humanprotein         -            5.4e-67  226.8  29.9   3.4e-43  148.2  12.9   2.0   1   1   1   2   2   2   2 -
Xtro____ENSXETG00000027151|ENSXETT00000061110|NA              -          humanprotein         -            4.2e-66  223.8  33.2   6.2e-66  223.3  33.2   1.2   1   0   0   1   1   1   1 -
Xtro____ENSXETG00000004510|ENSXETT00000009796|gzf1            -          humanprotein         -            1.4e-65  222.1  44.1   8.1e-42  143.6  18.0   2.2   1   1   1   2   2   2   2 -
Xtro____ENSXETG00000032094|ENSXETT00000063109|NA              -          humanprotein         -            1.9e-63  215.1  33.8   2.5e-63  214.7  33.8   1.1   1   0   0   1   1   1   1 -
Xtro____ENSXETG00000023998|ENSXETT00000051773|NA              -          humanprotein         -            3.5e-63  214.2  31.0   9.8e-46  156.6  17.6   2.0   1   1   1   2   2   2   2 -
Xtro____ENSXETG00000027735|ENSXETT00000044944|znf41           -          humanprotein         -            3.5e-63  214.2  32.0   2.8e-38  132.0  13.0   2.5   2   1   1   3   3   2   2 -
Xtro____ENSXETG00000033259|ENSXETT00000032830|NA              -          humanprotein         -            5.8e-63  213.5  46.3   6.3e-49  167.1  27.7   2.1   1   1   1   2   2   2   2 -
Xtro____ENSXETG00000008144|ENSXETT00000017859|NA              -          humanprotein         -            2.4e-62  211.5  34.4   8.5e-38  130.4  15.9   2.1   1   1   1   2   2   2   2 -
Xtro____ENSXETG00000024245|ENSXETT00000052328|NA              -          humanprotein         -            4.7e-62  210.5  28.3   7.2e-62  209.9  28.3   1.3   1   0   0   1   1   1   1 -
Xtro____ENSXETG00000012971|ENSXETT00000028417|znf710          -          humanprotein         -            3.9e-61  207.4  36.7   5.8e-33  114.4  16.7   2.1   1   1   1   2   2   2   2 -
Xtro____ENSXETG00000001980|ENSXETT00000004234|znf408          -          humanprotein         -            1.1e-60  206.0  31.1   9.5e-37  126.9  14.4   3.1   1   1   2   3   3   3   3 -
Xtro____ENSXETG00000033181|ENSXETT00000060318|NA              -          humanprotein         -            1.8e-60  205.2  44.1   2.3e-33  115.8  20.8   2.4   2   1   1   3   3   2   2 -
Xtro____ENSXETG00000031726|ENSXETT00000032983|NA              -          humanprotein         -            2.3e-60  204.9  29.3   1.1e-31  110.2  12.1   2.2   1   1   1   2   2   2   2 -
Xtro____ENSXETG00000012327|ENSXETT00000026966|zfp64           -          humanprotein         -            1.7e-59  202.0  58.8   3.4e-37  128.4  25.9   2.5   1   1   1   2   2   2   2 -
Xtro____ENSXETG00000033098|ENSXETT00000061878|ZNF366          -          humanprotein         -            1.4e-58  199.0  34.1   1.3e-32  113.3  13.9   2.1   1   1   1   2   2   2   2 -
Xtro____ENSXETG00000027484|ENSXETT00000004931|znf432          -          humanprotein         -              4e-58  197.5  41.5   1.2e-40  139.8  24.6   2.0   1   1   1   2   2   2   2 -
Xtro____ENSXETG00000009218|ENSXETT00000020250|mynn            -          humanprotein         -            7.6e-58  196.6  25.0   1.3e-57  195.8  25.0   1.3   1   0   0   1   1   1   1 -
Xtro____ENSXETG00000004737|ENSXETT00000063792|zbtb40          -          humanprotein         -            7.9e-58  196.5  46.8   1.7e-32  112.9  26.0   3.6   1   1   2   3   3   3   3 -
Xtro____ENSXETG00000031331|ENSXETT00000060396|NA              -          humanprotein         -            9.6e-58  196.2  33.9   1.8e-56  192.0  34.1   2.2   1   1   0   1   1   1   1 -
Xtro____ENSXETG00000015615|ENSXETT00000034066|ctcf            -          humanprotein         -            7.3e-57  193.3  57.9   1.3e-34  119.9  22.1   2.4   1   1   1   2   2   2   2 -
Xtro____ENSXETG00000025283|ENSXETT00000016161|NA              -          humanprotein         -              3e-56  191.3  25.8   1.8e-35  122.7  12.7   1.9   1   1   1   2   2   2   2 -
Xtro____ENSXETG00000032169|ENSXETT00000027106|NA              -          humanprotein         -            1.4e-55  189.1  24.7   2.3e-55  188.4  24.7   1.4   1   0   0   1   1   1   1 -
Xtro____ENSXETG00000030854|ENSXETT00000052356|NA              -          humanprotein         -              2e-55  188.6  32.5   2.8e-55  188.1  32.5   1.2   1   0   0   1   1   1   1 -
Xtro____ENSXETG00000033508|ENSXETT00000060166|NA              -          humanprotein         -            4.9e-55  187.3  25.6   1.4e-54  185.8  25.6   1.6   1   1   0   1   1   1   1 -
Xtro____ENSXETG00000023995|ENSXETT00000016157|znf84           -          humanprotein         -            7.3e-55  186.7  18.4   1.1e-54  186.1  18.4   1.2   1   0   0   1   1   1   1 -
Xtro____ENSXETG00000020960|ENSXETT00000045291|znf513          -          humanprotein         -            1.5e-54  185.7  42.7   3.1e-30  105.4  23.5   2.4   2   1   1   3   3   2   2 -
Xtro____ENSXETG00000017336|ENSXETT00000037770|NA              -          humanprotein         -            3.4e-54  184.5  36.7   5.1e-54  183.9  36.7   1.2   1   0   0   1   1   1   1 -
Xtro____ENSXETG00000009952|ENSXETT00000021934|zbtb41          -          humanprotein         -            6.1e-54  183.7  59.8   6.7e-36  124.1  26.4   4.3   2   1   1   4   4   4   3 -
Xtro____ENSXETG00000012900|ENSXETT00000028216|znf770          -          humanprotein         -              2e-53  182.0  53.2   4.1e-17   62.1  11.7   5.0   3   1   1   5   5   5   4 -
Xtro____ENSXETG00000016583|ENSXETT00000064504|znf630          -          humanprotein         -            2.6e-53  181.6  18.7   3.7e-53  181.1  18.7   1.2   1   0   0   1   1   1   1 -
Xtro____ENSXETG00000033861|ENSXETT00000027105|NA              -          humanprotein         -            4.6e-53  180.8  30.8   1.7e-52  178.9  31.7   1.4   2   0   0   2   2   1   1 -
Xtro____ENSXETG00000021364|ENSXETT00000046195|zbtb11          -          humanprotein         -            1.2e-52  179.4  45.0   4.1e-27   95.1  17.8   3.3   1   1   1   2   2   2   2 -
Xtro____ENSXETG00000021294|ENSXETT00000046052|zbtb24          -          humanprotein         -            3.8e-52  177.7  24.6   5.4e-31  107.9  10.5   1.9   1   1   1   2   2   2   2 -
Xtro____ENSXETG00000002252|ENSXETT00000052340|NA              -          humanprotein         -            4.2e-52  177.6  25.9   5.3e-52  177.3  25.9   1.1   1   0   0   1   1   1   1 -
Xtro____ENSXETG00000027163|ENSXETT00000006621|znf383          -          humanprotein         -            2.6e-51  175.0  25.9   7.1e-44  150.4  18.9   2.2   1   1   1   2   2   2   2 -
Xtro____ENSXETG00000011058|ENSXETT00000024170|znf684          -          humanprotein         -            1.6e-50  172.4  38.1     6e-26   91.3  16.9   2.1   1   1   1   2   2   2   2 -
Xtro____ENSXETG00000016041|ENSXETT00000034993|zbtb49          -          humanprotein         -            1.2e-49  169.5  18.1     5e-28   98.1   9.4   2.2   1   1   1   2   2   2   2 -
Xtro____ENSXETG00000012050|ENSXETT00000026324|PRDM16          -          humanprotein         -            3.5e-49  168.0  39.2   2.2e-31  109.2  23.7   2.4   2   1   0   2   2   2   2 -
Xtro____ENSXETG00000025954|ENSXETT00000018183|NA              -          humanprotein         -            4.7e-49  167.5  24.6   7.1e-49  167.0  24.6   1.2   1   0   0   1   1   1   1 -
Xtro____ENSXETG00000003817|ENSXETT00000008310|znf605          -          humanprotein         -            8.7e-49  166.7  55.1   2.5e-23   82.6  11.7   6.6   5   2   2   7   7   6   5 -
Xtro____ENSXETG00000013818|ENSXETT00000051767|NA              -          humanprotein         -            6.2e-48  163.8  14.5   8.9e-48  163.3  14.5   1.2   1   0   0   1   1   1   1 -
Xtro____ENSXETG00000007785|ENSXETT00000017004|zfx             -          humanprotein         -            9.4e-47  159.9  52.3   3.8e-41  141.4  38.6   2.9   1   1   2   3   3   3   3 -
Xtro____ENSXETG00000017373|ENSXETT00000037819|NA              -          humanprotein         -            2.3e-46  158.7  19.3   2.8e-46  158.4  19.3   1.1   1   0   0   1   1   1   1 -
Xtro____ENSXETG00000020631|ENSXETT00000044628|zfat            -          humanprotein         -            2.1e-45  155.5  59.2   1.3e-21   76.9  19.5   4.6   3   2   2   5   5   4   4 -
Xtro____ENSXETG00000030249|ENSXETT00000066265|NA              -          humanprotein         -            3.3e-45  154.9  19.6   5.7e-45  154.1  18.9   1.6   1   1   0   1   1   1   1 -
Xtro____ENSXETG00000033139|ENSXETT00000064952|ZBTB16          -          humanprotein         -            1.4e-44  152.7  23.6   2.5e-44  151.9  23.6   1.3   1   0   0   1   1   1   1 -
Xtro____ENSXETG00000004686|ENSXETT00000010188|NA              -          humanprotein         -            3.7e-44  151.4  24.6   2.3e-43  148.8  24.8   1.9   1   1   0   1   1   1   1 -
Xtro____ENSXETG00000011532|ENSXETT00000025230|znf384          -          humanprotein         -            5.6e-44  150.8  29.2   7.8e-44  150.3  29.2   1.1   1   0   0   1   1   1   1 -
Xtro____ENSXETG00000022748|ENSXETT00000049215|fezf1           -          humanprotein         -            5.7e-44  150.8  26.6   2.8e-27   95.6  10.2   2.2   1   1   1   2   2   2   2 -
Xtro____ENSXETG00000016091|ENSXETT00000035090|e4f1            -          humanprotein         -            6.4e-44  150.6  26.2   4.7e-30  104.8  15.3   2.1   2   0   0   2   2   2   2 -
Xtro____ENSXETG00000002339|ENSXETT00000004999|znf423          -          humanprotein         -              2e-43  149.0  87.7   7.7e-21   74.4  10.5   7.1   4   2   1   5   5   5   5 -
Xtro____ENSXETG00000006162|ENSXETT00000013567|zbtb47          -          humanprotein         -              1e-42  146.6  27.4   2.8e-42  145.2  27.4   1.5   1   1   0   1   1   1   1 -
Xtro____ENSXETG00000022248|ENSXETT00000048138|fezf2           -          humanprotein         -            1.1e-42  146.5  27.0   1.4e-27   96.6   8.6   2.4   2   1   1   3   3   2   2 -
Xtro____ENSXETG00000017817|ENSXETT00000063723|znf711          -          humanprotein         -            1.4e-42  146.1  49.4   4.8e-39  134.5  37.7   2.1   1   1   1   2   2   2   2 -
Xtro____ENSXETG00000031268|ENSXETT00000065476|ZNF513          -          humanprotein         -            1.7e-42  145.9  37.1   1.7e-26   93.0  13.6   2.5   2   1   0   2   2   2   2 -
Xtro____ENSXETG00000006640|ENSXETT00000054155|znf234          -          humanprotein         -            1.8e-41  142.5  17.3   2.7e-41  141.9  17.3   1.2   1   0   0   1   1   1   1 -
Xtro____ENSXETG00000020215|ENSXETT00000043621|znf300          -          humanprotein         -            3.4e-41  141.6  15.5   6.9e-41  140.6  15.5   1.4   1   0   0   1   1   1   1 -
Xtro____ENSXETG00000010797|ENSXETT00000023617|znf665          -          humanprotein         -            9.3e-41  140.1  20.6   1.3e-37  129.8  15.7   2.1   1   1   1   2   2   2   2 -
Xtro____ENSXETG00000024199|ENSXETT00000052222|znf143          -          humanprotein         -            1.5e-40  139.4  28.4     8e-40  137.1  28.3   2.5   1   1   0   1   1   1   1 -
Xtro____ENSXETG00000006263|ENSXETT00000013728|gfi1b           -          humanprotein         -            5.2e-40  137.7  16.9   6.9e-40  137.3  16.9   1.1   1   0   0   1   1   1   1 -
Xtro____ENSXETG00000012440|ENSXETT00000027202|NA              -          humanprotein         -            5.2e-40  137.7  15.9   7.8e-40  137.1  15.9   1.2   1   0   0   1   1   1   1 -
Xtro____ENSXETG00000011547|ENSXETT00000025273|zxdc            -          humanprotein         -            5.9e-40  137.5  27.8   4.4e-21   75.2   6.4   2.2   1   1   1   2   2   2   2 -
Xtro____ENSXETG00000022839|ENSXETT00000049401|mecom           -          humanprotein         -            1.1e-39  136.6  31.8   9.7e-22   77.4  18.2   2.3   2   0   0   2   2   2   2 -
Xtro____ENSXETG00000023118|ENSXETT00000063188|zbtb17          -          humanprotein         -            1.2e-39  136.5  31.5   1.2e-14   53.9   7.9   4.0   3   1   1   4   4   4   4 -
Xtro____ENSXETG00000018641|ENSXETT00000040334|znf652          -          humanprotein         -            1.2e-39  136.5  23.7   2.7e-39  135.3  23.1   1.7   1   1   0   1   1   1   1 -
Xtro____ENSXETG00000018417|ENSXETT00000039895|sall1           -          humanprotein         -            1.4e-39  136.3  23.1   2.2e-12   46.5   2.0   5.2   5   0   0   5   5   5   4 -
Xtro____ENSXETG00000029975|ENSXETT00000027108|NA              -          humanprotein         -              2e-39  135.8  15.8   2.6e-39  135.4  15.8   1.1   1   0   0   1   1   1   1 -
Xtro____ENSXETG00000002279|ENSXETT00000004859|zbtb14          -          humanprotein         -            2.5e-39  135.4  21.9   7.8e-24   84.3   7.5   2.2   1   1   1   2   2   2   2 -
Xtro____ENSXETG00000023006|ENSXETT00000049757|gfi1            -          humanprotein         -              3e-39  135.2  16.6   4.9e-39  134.5  16.6   1.3   1   0   0   1   1   1   1 -
Xtro____ENSXETG00000031992|ENSXETT00000060267|ZNF335          -          humanprotein         -            1.4e-38  133.0  49.8   2.3e-22   79.4  30.0   2.8   2   1   0   2   2   2   2 -
Xtro____ENSXETG00000019779|ENSXETT00000042809|bcl6            -          humanprotein         -            2.5e-38  132.1  15.2   3.8e-38  131.5  15.2   1.2   1   0   0   1   1   1   1 -
Xtro____ENSXETG00000014756|ENSXETT00000056311|zbtb38          -          humanprotein         -            2.8e-38  131.9  26.6   1.7e-28   99.6  10.9   3.3   2   1   0   2   2   2   2 -
Xtro____ENSXETG00000015435|ENSXETT00000033688|rreb1           -          humanprotein         -            4.6e-38  131.3  56.3   1.6e-12   46.9   3.4   7.5   5   2   1   7   7   7   3 -
Xtro____ENSXETG00000024458|ENSXETT00000052876|zic3            -          humanprotein         -            1.2e-36  126.6  26.1     2e-22   79.6  12.2   2.0   1   1   1   2   2   2   2 -
Xtro____ENSXETG00000002087|ENSXETT00000004468|NA              -          humanprotein         -            2.3e-36  125.7  19.5   5.7e-36  124.3  19.5   1.6   1   1   0   1   1   1   1 -
Xtro____ENSXETG00000012326|ENSXETT00000026959|sall4           -          humanprotein         -            1.5e-35  123.0  18.1   4.1e-24   85.2   9.7   3.5   3   1   0   3   3   3   2 -
Xtro____ENSXETG00000021426|ENSXETT00000046327|znf341          -          humanprotein         -            3.5e-35  121.7  49.4   2.7e-28   99.0  40.8   3.4   3   1   0   3   3   2   2 -
Xtro____ENSXETG00000018864|ENSXETT00000040910|zic2            -          humanprotein         -            9.3e-35  120.3  29.1   1.7e-20   73.3  14.0   2.1   1   1   1   2   2   2   2 -
Xtro____ENSXETG00000017176|ENSXETT00000037450|sall2           -          humanprotein         -            9.8e-34  117.0  23.7   1.9e-13   50.0   4.7   3.8   4   0   0   4   4   3   3 -
Xtro____ENSXETG00000015915|ENSXETT00000034731|prdm14          -          humanprotein         -            5.1e-33  114.6  27.5   3.5e-26   92.0  10.9   2.0   1   1   1   2   2   2   2 -
Xtro____ENSXETG00000000007|ENSXETT00000000012|znf37a          -          humanprotein         -            2.4e-32  112.4  11.6   3.1e-32  112.0  11.6   1.1   1   0   0   1   1   1   1 -
Xtro____ENSXETG00000017850|ENSXETT00000038694|osr2            -          humanprotein         -            4.6e-32  111.4  15.3   5.8e-32  111.1  15.3   1.1   1   0   0   1   1   1   1 -
Xtro____ENSXETG00000005323|ENSXETT00000011684|rest            -          humanprotein         -            4.8e-32  111.4  37.8   2.5e-21   76.0  19.0   3.0   2   1   1   3   3   3   2 -
Xtro____ENSXETG00000000845|ENSXETT00000001882|sall3           -          humanprotein         -            4.1e-30  105.0  21.5   2.1e-12   46.5   2.2   3.9   4   0   0   4   4   4   3 -
Xtro____ENSXETG00000011655|ENSXETT00000025487|zeb1            -          humanprotein         -            1.1e-29  103.6  26.1   5.9e-16   58.3   7.2   2.7   2   1   0   2   2   2   2 -
Xtro____ENSXETG00000000237|ENSXETT00000000500|zeb2            -          humanprotein         -            2.6e-29  102.4  28.5   3.4e-17   62.3   7.4   3.6   3   1   0   3   3   3   2 -
Xtro____ENSXETG00000022419|ENSXETT00000048528|hic2            -          humanprotein         -            6.6e-29  101.0   6.1   9.8e-29  100.5   6.1   1.2   1   0   0   1   1   1   1 -
Xtro____ENSXETG00000030392|ENSXETT00000065259|NA              -          humanprotein         -            2.8e-28   99.0  16.8     9e-27   94.0  15.5   2.4   1   1   1   2   2   2   1 -
Xtro____ENSXETG00000002206|ENSXETT00000004688|bcl11a          -          humanprotein         -            5.2e-28   98.1  16.0   4.5e-15   55.4   4.6   3.3   3   0   0   3   3   3   2 -
Xtro____ENSXETG00000030072|ENSXETT00000061697|NA              -          humanprotein         -            9.3e-28   97.2   9.5   1.5e-27   96.5   9.5   1.2   1   0   0   1   1   1   1 -
Xtro____ENSXETG00000018651|ENSXETT00000040362|znf281          -          humanprotein         -            1.4e-27   96.7   8.7   2.1e-27   96.0   8.7   1.2   1   0   0   1   1   1   1 -
Xtro____ENSXETG00000011434|ENSXETT00000064470|bcl11b          -          humanprotein         -            1.9e-27   96.2  15.4   8.7e-15   54.4   4.5   2.7   3   0   0   3   3   2   2 -
Xtro____ENSXETG00000004190|ENSXETT00000009079|patz1           -          humanprotein         -            2.8e-27   95.6  19.6   3.2e-24   85.6  18.0   2.7   2   1   0   2   2   2   1 -
Xtro____ENSXETG00000023803|ENSXETT00000051330|hic1            -          humanprotein         -            3.5e-27   95.3   9.4       2.7    6.5   0.0   1.9   1   1   0   1   1   1   0 -
Xtro____ENSXETG00000015467|ENSXETT00000033767|zic1            -          humanprotein         -            4.5e-27   95.0  19.0   1.5e-16   60.2   7.5   2.0   1   1   1   2   2   2   2 -
Xtro____ENSXETG00000033671|ENSXETT00000064171|ZNF536          -          humanprotein         -            9.7e-27   93.9  26.1   2.2e-09   36.5   0.1   4.9   4   1   0   4   4   4   4 -
Xtro____ENSXETG00000005654|ENSXETT00000012477|plag1           -          humanprotein         -            1.2e-26   93.5  26.4   4.3e-21   75.2  13.1   2.0   1   1   1   2   2   2   2 -
Xtro____ENSXETG00000032173|ENSXETT00000064076|PRDM10          -          humanprotein         -            1.6e-26   93.2  29.0   1.3e-23   83.6  16.3   5.0   5   1   0   5   5   4   1 -
Xtro____ENSXETG00000008674|ENSXETT00000018988|prdm1           -          humanprotein         -            1.6e-26   93.1  12.9   2.9e-26   92.3  12.9   1.3   1   0   0   1   1   1   1 -
Xtro____ENSXETG00000004675|ENSXETT00000010163|maz             -          humanprotein         -            2.8e-26   92.3  18.5   4.6e-22   78.4  17.1   2.1   2   0   0   2   2   2   2 -
Xtro____ENSXETG00000009496|ENSXETT00000020955|znf362          -          humanprotein         -            3.7e-26   91.9  10.1   5.5e-26   91.4  10.1   1.1   1   0   0   1   1   1   1 -
Xtro____ENSXETG00000032930|ENSXETT00000060949|GTF3A           -          humanprotein         -              4e-26   91.9  42.5   1.6e-19   70.0  26.6   2.6   1   1   1   2   2   2   2 -
Xtro____ENSXETG00000009449|ENSXETT00000020847|ikzf4           -          humanprotein         -            1.4e-25   90.1  11.8   3.3e-24   85.5   7.0   2.1   2   0   0   2   2   2   1 -
Xtro____ENSXETG00000033965|ENSXETT00000065623|NA              -          humanprotein         -            3.7e-25   88.6  10.9   7.4e-25   87.6  10.9   1.4   1   0   0   1   1   1   1 -
Xtro____ENSXETG00000023383|ENSXETT00000050533|znf148          -          humanprotein         -              5e-25   88.2  10.4   1.2e-24   86.9  10.4   1.6   1   0   0   1   1   1   1 -
Xtro____ENSXETG00000014429|ENSXETT00000031575|mtf1            -          humanprotein         -            5.4e-25   88.1  23.7   5.1e-16   58.5  11.2   2.2   1   1   1   2   2   2   2 -
Xtro____ENSXETG00000002861|ENSXETT00000006264|znf410          -          humanprotein         -            1.6e-24   86.6  13.0     3e-24   85.6  13.0   1.4   1   0   0   1   1   1   1 -
Xtro____ENSXETG00000027366|ENSXETT00000026599|snai1           -          humanprotein         -            1.7e-24   86.5  18.7   7.3e-17   61.3   5.6   2.1   1   1   1   2   2   2   2 -
Xtro____ENSXETG00000003127|ENSXETT00000006785|ikzf2           -          humanprotein         -            2.4e-24   86.0  10.3   6.6e-23   81.2   6.0   2.3   2   0   0   2   2   2   1 -
Xtro____ENSXETG00000020303|ENSXETT00000043805|zbtb7c          -          humanprotein         -            5.6e-24   84.8   9.0   8.1e-24   84.2   9.0   1.1   1   0   0   1   1   1   1 -
Xtro____ENSXETG00000008951|ENSXETT00000019604|vezf1           -          humanprotein         -            7.6e-24   84.3  21.6   1.2e-21   77.1  17.0   2.1   2   0   0   2   2   2   2 -
Xtro____ENSXETG00000024006|ENSXETT00000051787|snai2           -          humanprotein         -            8.9e-24   84.1  16.4   3.5e-17   62.3   5.0   2.1   1   1   1   2   2   2   2 -
Xtro____ENSXETG00000010261|ENSXETT00000022617|prdm6           -          humanprotein         -            1.7e-23   83.2   7.7   2.7e-23   82.5   7.7   1.2   1   0   0   1   1   1   1 -
Xtro____ENSXETG00000032793|ENSXETT00000033008|NA              -          humanprotein         -            2.5e-23   82.6  15.2   1.1e-22   80.4  15.2   1.8   1   1   0   1   1   1   1 -
Xtro____ENSXETG00000015152|ENSXETT00000033186|ikzf3           -          humanprotein         -            4.2e-23   81.9   7.3     6e-23   81.4   7.3   1.1   1   0   0   1   1   1   1 -
Xtro____ENSXETG00000033314|ENSXETT00000060358|NA              -          humanprotein         -            8.8e-23   80.8  19.8   2.6e-22   79.3  19.8   1.8   1   1   0   1   1   1   1 -
Xtro____ENSXETG00000004417|ENSXETT00000009625|zbtb39          -          humanprotein         -            2.5e-22   79.3  33.4     1e-14   54.2   8.9   3.2   1   1   1   3   3   3   3 -
Xtro____ENSXETG00000024631|ENSXETT00000046628|hinfp           -          humanprotein         -            5.4e-22   78.2  45.9   1.8e-13   50.1  23.9   2.4   2   1   1   3   3   2   2 -
Xtro____ENSXETG00000018872|ENSXETT00000040948|zic5            -          humanprotein         -              8e-22   77.6   8.4   1.5e-21   76.7   8.4   1.4   1   0   0   1   1   1   1 -
Xtro____ENSXETG00000031873|ENSXETT00000061440|ZBTB20          -          humanprotein         -            1.3e-21   76.9   7.8   7.1e-21   74.5   7.9   1.9   1   1   0   1   1   1   1 -
Xtro____ENSXETG00000006697|ENSXETT00000047681|egr1            -          humanprotein         -            4.4e-21   75.2   4.6     6e-21   74.7   4.6   1.2   1   0   0   1   1   1   1 -
Xtro____ENSXETG00000025594|ENSXETT00000054453|NA              -          humanprotein         -            5.7e-21   74.8  27.3   3.8e-20   72.1  27.3   1.9   1   1   0   1   1   1   1 -
Xtro____ENSXETG00000015475|ENSXETT00000033815|zic4            -          humanprotein         -            1.6e-20   73.4  13.4   3.5e-20   72.2  13.3   1.5   1   1   0   1   1   1   1 -
Xtro____ENSXETG00000022609|ENSXETT00000048978|NA              -          humanprotein         -            2.2e-20   72.9  30.4   2.7e-14   52.8  17.7   2.4   2   0   0   2   2   2   2 -
Xtro____ENSXETG00000014066|ENSXETT00000030721|egr2            -          humanprotein         -            2.4e-20   72.8   9.9   4.7e-20   71.8   9.9   1.5   1   1   0   1   1   1   1 -
Xtro____ENSXETG00000017550|ENSXETT00000038093|znf217          -          humanprotein         -            2.7e-20   72.6  20.3   8.2e-09   34.7   8.4   4.1   3   1   1   4   4   4   2 -
Xtro____ENSXETG00000025407|ENSXETT00000054194|sp5             -          humanprotein         -            3.1e-20   72.4   9.3   5.1e-20   71.7   9.3   1.2   1   0   0   1   1   1   1 -
Xtro____ENSXETG00000007429|ENSXETT00000016169|sp4             -          humanprotein         -            3.6e-20   72.2   3.6   6.2e-20   71.4   3.6   1.3   1   0   0   1   1   1   1 -
Xtro____ENSXETG00000006226|ENSXETT00000013672|sp5l            -          humanprotein         -            4.4e-20   71.9  10.5   6.2e-20   71.4  10.5   1.1   1   0   0   1   1   1   1 -
Xtro____ENSXETG00000025177|ENSXETT00000053907|znf740          -          humanprotein         -            1.6e-19   70.1   6.1   1.7e-19   69.9   6.1   1.2   1   0   0   1   1   1   1 -
Xtro____ENSXETG00000001856|ENSXETT00000003920|gli3            -          humanprotein         -            1.8e-19   69.9   9.0   3.9e-19   68.8   9.0   1.5   1   0   0   1   1   1   1 -
Xtro____ENSXETG00000012663|ENSXETT00000027713|sp7             -          humanprotein         -            2.2e-19   69.6   2.1   3.1e-19   69.1   2.1   1.3   1   0   0   1   1   1   1 -
Xtro____ENSXETG00000017921|ENSXETT00000038830|zbtb44          -          humanprotein         -              3e-19   69.1   5.6     3e-19   69.1   5.6   1.8   2   0   0   2   2   1   1 -
Xtro____ENSXETG00000002527|ENSXETT00000005380|yy1             -          humanprotein         -            3.5e-19   68.9   9.1   8.9e-19   67.6   9.1   1.6   1   1   0   1   1   1   1 -
Xtro____ENSXETG00000021213|ENSXETT00000045869|NA              -          humanprotein         -            3.8e-19   68.8   8.4   5.7e-19   68.2   8.4   1.2   1   0   0   1   1   1   1 -
Xtro____ENSXETG00000031881|ENSXETT00000061585|EGR3            -          humanprotein         -            4.3e-19   68.6   7.4   6.7e-19   68.0   7.4   1.2   1   0   0   1   1   1   1 -
Xtro____ENSXETG00000017144|ENSXETT00000037381|gli1            -          humanprotein         -            6.7e-19   68.0  10.9   1.4e-18   67.0  10.9   1.5   1   0   0   1   1   1   1 -
Xtro____ENSXETG00000008503|ENSXETT00000065360|sp3             -          humanprotein         -            7.2e-19   67.9   7.1   1.3e-18   67.1   7.1   1.3   1   0   0   1   1   1   1 -
Xtro____ENSXETG00000019051|ENSXETT00000041305|klf9            -          humanprotein         -            7.3e-19   67.9   6.2     9e-19   67.6   6.2   1.2   1   0   0   1   1   1   1 -
Xtro____ENSXETG00000011189|ENSXETT00000024456|gli2            -          humanprotein         -            7.5e-19   67.8  10.4   1.6e-18   66.8  10.4   1.4   1   0   0   1   1   1   1 -
Xtro____ENSXETG00000023710|ENSXETT00000061422|42Sp43          -          humanprotein         -            1.3e-18   67.1  29.9   1.1e-11   44.2  13.3   2.0   1   1   1   2   2   2   2 -
Xtro____ENSXETG00000012660|ENSXETT00000027712|sp1             -          humanprotein         -            1.3e-18   67.0   6.0   1.3e-18   67.0   6.0   1.8   2   0   0   2   2   1   1 -
Xtro____ENSXETG00000021952|ENSXETT00000065767|sp2             -          humanprotein         -            1.4e-18   66.9   1.8   2.1e-18   66.3   1.8   1.3   1   0   0   1   1   1   1 -
Xtro____ENSXETG00000021949|ENSXETT00000047501|sp6             -          humanprotein         -              2e-18   66.4   6.3   2.7e-18   66.0   6.3   1.1   1   0   0   1   1   1   1 -
Xtro____ENSXETG00000030672|ENSXETT00000064863|ZBTB12          -          humanprotein         -            2.5e-18   66.1  10.1   3.7e-18   65.5  10.1   1.2   1   0   0   1   1   1   1 -
Xtro____ENSXETG00000009617|ENSXETT00000021201|znf534          -          humanprotein         -            3.4e-18   65.7   6.3   3.7e-18   65.5   5.5   1.4   2   0   0   2   2   1   1 -
Xtro____ENSXETG00000020530|ENSXETT00000065991|zbtb6           -          humanprotein         -            4.7e-18   65.2   5.8   6.2e-18   64.8   5.8   1.2   1   0   0   1   1   1   1 -
Xtro____ENSXETG00000016478|ENSXETT00000035944|klf13           -          humanprotein         -            4.7e-18   65.2   5.9   5.6e-18   64.9   5.9   1.1   1   0   0   1   1   1   1 -
Xtro____ENSXETG00000011775|ENSXETT00000025758|egr4            -          humanprotein         -            5.5e-18   65.0   7.5   1.1e-17   64.0   7.5   1.3   1   0   0   1   1   1   1 -
Xtro____ENSXETG00000030115|ENSXETT00000062905|SP8             -          humanprotein         -            5.9e-18   64.9   7.4   1.2e-17   63.9   7.4   1.4   1   0   0   1   1   1   1 -
Xtro____ENSXETG00000007992|ENSXETT00000017518|osr1            -          humanprotein         -            8.3e-18   64.4   7.7     1e-17   64.1   7.7   1.1   1   0   0   1   1   1   1 -
Xtro____ENSXETG00000030987|ENSXETT00000064701|sp9             -          humanprotein         -            9.7e-18   64.1   8.4   1.8e-17   63.2   8.1   1.6   1   1   0   1   1   1   1 -
Xtro____ENSXETG00000000992|ENSXETT00000002163|klf15.2         -          humanprotein         -            1.3e-17   63.7   5.2     2e-17   63.1   5.2   1.2   1   0   0   1   1   1   1 -
Xtro____ENSXETG00000013603|ENSXETT00000029814|znf507          -          humanprotein         -            2.2e-17   63.0  39.5   9.8e-11   41.0  11.0   3.6   2   1   1   3   3   3   3 -
Xtro____ENSXETG00000021754|ENSXETT00000047036|zbtb34          -          humanprotein         -            2.2e-17   62.9   3.7   2.2e-17   62.9   3.7   1.7   1   1   1   2   2   1   1 -
Xtro____ENSXETG00000018476|ENSXETT00000040003|klf3            -          humanprotein         -            2.4e-17   62.9   6.9   3.3e-17   62.4   6.9   1.1   1   0   0   1   1   1   1 -
Xtro____ENSXETG00000016739|ENSXETT00000036503|znf653          -          humanprotein         -            2.4e-17   62.8  10.7   4.4e-17   62.0  10.7   1.4   1   0   0   1   1   1   1 -
Xtro____ENSXETG00000020531|ENSXETT00000044358|zbtb26          -          humanprotein         -            2.6e-17   62.7   8.6   5.7e-17   61.6   8.7   1.4   1   1   0   1   1   1   1 -
Xtro____ENSXETG00000007013|ENSXETT00000060309|klf11           -          humanprotein         -            3.4e-17   62.4   6.4   5.6e-17   61.6   6.4   1.2   1   0   0   1   1   1   1 -
Xtro____ENSXETG00000015684|ENSXETT00000034226|ikzf1           -          humanprotein         -            3.4e-17   62.3  10.2   2.5e-16   59.5   4.7   2.2   2   0   0   2   2   2   1 -
Xtro____ENSXETG00000032207|ENSXETT00000061004|ZNF131          -          humanprotein         -            3.9e-17   62.2  21.7   3.5e-08   32.6   6.2   3.1   1   1   2   3   3   3   3 -
Xtro____ENSXETG00000020042|ENSXETT00000043300|zbtb37          -          humanprotein         -            4.1e-17   62.1   4.8   7.7e-17   61.2   4.8   1.3   1   0   0   1   1   1   1 -
Xtro____ENSXETG00000001058|ENSXETT00000002311|klf17           -          humanprotein         -            4.3e-17   62.0   5.4   5.8e-17   61.6   5.4   1.1   1   0   0   1   1   1   1 -
Xtro____ENSXETG00000004120|ENSXETT00000008899|klf10           -          humanprotein         -            4.4e-17   62.0   7.1   4.4e-17   62.0   7.1   1.9   2   0   0   2   2   2   1 -
Xtro____ENSXETG00000021148|ENSXETT00000045734|znf532          -          humanprotein         -            5.1e-17   61.8  51.9     9e-08   31.2  10.0   5.5   2   1   3   5   5   5   4 -
Xtro____ENSXETG00000008172|ENSXETT00000017924|wt1             -          humanprotein         -            6.6e-17   61.4  10.1   1.3e-16   60.4  10.1   1.4   1   0   0   1   1   1   1 -
Xtro____ENSXETG00000023284|ENSXETT00000050306|hivep2          -          humanprotein         -              7e-17   61.3   7.7   1.4e-09   37.2   2.4   2.4   2   0   0   2   2   2   2 -
Xtro____ENSXETG00000023684|ENSXETT00000051105|znf827          -          humanprotein         -            7.2e-17   61.3  30.0   1.7e-07   30.3   0.9   3.6   2   1   1   3   3   3   3 -
Xtro____ENSXETG00000009616|ENSXETT00000021199|klf8            -          humanprotein         -            7.7e-17   61.2   3.3   1.3e-16   60.4   3.3   1.4   1   0   0   1   1   1   1 -
Xtro____ENSXETG00000005739|ENSXETT00000012646|klf4            -          humanprotein         -            8.8e-17   61.0   5.3   1.2e-16   60.5   5.3   1.2   1   0   0   1   1   1   1 -
Xtro____ENSXETG00000020715|ENSXETT00000044759|zfp91           -          humanprotein         -            9.5e-17   60.9   8.3   1.2e-16   60.5   8.3   1.1   1   0   0   1   1   1   1 -
Xtro____ENSXETG00000002075|ENSXETT00000060514|klf2            -          humanprotein         -            1.4e-16   60.4   5.1     2e-16   59.8   5.1   1.3   1   0   0   1   1   1   1 -
Xtro____ENSXETG00000004715|ENSXETT00000010233|klf5            -          humanprotein         -            2.1e-16   59.8   3.0   3.5e-16   59.0   3.0   1.3   1   0   0   1   1   1   1 -
Xtro____ENSXETG00000004714|ENSXETT00000010229|klf12           -          humanprotein         -            2.3e-16   59.6   3.7   3.1e-16   59.2   3.7   1.2   1   0   0   1   1   1   1 -
Xtro____ENSXETG00000011692|ENSXETT00000025567|glis3           -          humanprotein         -            2.3e-16   59.6  10.1   2.3e-16   59.6  10.1   1.8   1   1   1   2   2   2   1 -
Xtro____ENSXETG00000015441|ENSXETT00000033708|hivep1          -          humanprotein         -            2.6e-16   59.4  11.8     4e-10   39.0   0.5   2.9   3   0   0   3   3   2   2 -
Xtro____ENSXETG00000016394|ENSXETT00000035779|klf7            -          humanprotein         -            4.7e-16   58.6   4.9   5.9e-16   58.3   4.9   1.2   1   0   0   1   1   1   1 -
Xtro____ENSXETG00000033348|ENSXETT00000061978|NA              -          humanprotein         -            4.8e-16   58.6   6.8     7e-16   58.0   6.8   1.1   1   0   0   1   1   1   1 -
Xtro____ENSXETG00000012923|ENSXETT00000028311|hivep3          -          humanprotein         -              7e-16   58.0  18.5   3.7e-09   35.8   2.2   3.6   4   0   0   4   4   3   2 -
Xtro____ENSXETG00000014541|ENSXETT00000031817|zbtb18          -          humanprotein         -            8.9e-16   57.7   9.1   8.9e-16   57.7   9.1   1.6   1   1   0   1   1   1   1 -
Xtro____ENSXETG00000008601|ENSXETT00000018791|znf238.2        -          humanprotein         -            1.2e-15   57.3   9.0   1.2e-15   57.3   9.0   1.8   2   1   0   2   2   1   1 -
Xtro____ENSXETG00000011549|ENSXETT00000025282|klf15           -          humanprotein         -            1.2e-15   57.3   4.5   1.8e-15   56.7   4.5   1.2   1   0   0   1   1   1   1 -
Xtro____ENSXETG00000024897|ENSXETT00000053523|ovol2           -          humanprotein         -            1.4e-15   57.0   6.8   1.9e-15   56.6   6.8   1.3   1   0   0   1   1   1   1 -
Xtro____ENSXETG00000014840|ENSXETT00000032486|znf367          -          humanprotein         -            1.8e-15   56.7   6.3   3.9e-15   55.5   6.3   1.5   1   1   0   1   1   1   1 -
Xtro____ENSXETG00000019874|ENSXETT00000042986|znf276          -          humanprotein         -            1.8e-15   56.6  11.7   1.8e-15   56.6  11.7   1.5   2   0   0   2   2   1   1 -
Xtro____ENSXETG00000007256|ENSXETT00000015766|znf639          -          humanprotein         -            1.9e-15   56.6  19.9   2.7e-08   33.0   8.5   2.1   1   1   0   2   2   2   2 -
Xtro____ENSXETG00000032719|ENSXETT00000064815|PRDM13          -          humanprotein         -            5.3e-15   55.1   6.8   7.2e-14   51.4   4.5   2.2   2   0   0   2   2   2   1 -
Xtro____ENSXETG00000020041|ENSXETT00000043301|zbtb7b          -          humanprotein         -            6.3e-15   54.9   4.0   8.9e-15   54.4   4.0   1.2   1   0   0   1   1   1   1 -
Xtro____ENSXETG00000033459|ENSXETT00000061195|znf554          -          humanprotein         -            9.1e-15   54.3  25.3   1.5e-09   37.1   5.0   4.5   3   1   1   4   4   4   4 -
Xtro____ENSXETG00000012362|ENSXETT00000027029|zbtb2           -          humanprotein         -              1e-14   54.2   5.8   7.2e-10   38.2   3.4   2.4   2   0   0   2   2   2   2 -
Xtro____ENSXETG00000003914|ENSXETT00000008491|zbtb8b          -          humanprotein         -            1.7e-14   53.5   1.7   2.7e-14   52.8   1.7   1.2   1   0   0   1   1   1   1 -
Xtro____ENSXETG00000020587|ENSXETT00000044473|ovol1           -          humanprotein         -            2.2e-14   53.1  11.7   3.1e-14   52.6  11.7   1.2   1   0   0   1   1   1   1 -
Xtro____ENSXETG00000022532|ENSXETT00000048773|zbtb1           -          humanprotein         -            7.6e-14   51.3  31.7   8.7e-14   51.1  19.2   3.3   3   0   0   3   3   3   1 -
Xtro____ENSXETG00000009643|ENSXETT00000021233|zbtb43          -          humanprotein         -              8e-14   51.2   3.6   1.3e-13   50.5   3.6   1.2   1   0   0   1   1   1   1 -
Xtro____ENSXETG00000016157|ENSXETT00000035236|znf219          -          humanprotein         -            1.6e-13   50.2  12.2   2.8e-07   29.6   7.0   2.4   2   1   0   2   2   2   2 -
Xtro____ENSXETG00000006534|ENSXETT00000014289|zbtb5           -          humanprotein         -              2e-13   49.9   2.9   3.2e-13   49.2   2.9   1.3   1   0   0   1   1   1   1 -
Xtro____ENSXETG00000031109|ENSXETT00000043955|ZBTB22          -          humanprotein         -            1.8e-12   46.8   5.7   2.6e-12   46.2   5.7   1.2   1   0   0   1   1   1   1 -
Xtro____ENSXETG00000026865|ENSXETT00000029499|prdm2           -          humanprotein         -            2.7e-12   46.2  21.6   2.6e-08   33.0   0.6   4.3   4   0   0   4   4   4   2 -
Xtro____ENSXETG00000009559|ENSXETT00000021087|ikzf5           -          humanprotein         -            2.8e-12   46.1   4.7   2.8e-12   46.1   4.7   2.5   3   0   0   3   3   2   1 -
Xtro____ENSXETG00000030032|ENSXETT00000061974|NA              -          humanprotein         -            8.5e-12   44.5  14.6   1.6e-11   43.6  13.8   1.5   1   1   0   1   1   1   1 -
Xtro____ENSXETG00000027866|ENSXETT00000057916|zbtb8a.2        -          humanprotein         -              9e-12   44.4   3.3   1.3e-11   43.9   3.3   1.2   1   0   0   1   1   1   1 -
Xtro____ENSXETG00000010415|ENSXETT00000056972|zbtb10          -          humanprotein         -            1.8e-11   43.4   2.4   3.5e-11   42.5   2.4   1.4   1   0   0   1   1   1   1 -
Xtro____ENSXETG00000004479|ENSXETT00000009735|zbtb33          -          humanprotein         -            3.5e-11   42.5   3.3   5.5e-11   41.9   3.3   1.2   1   0   0   1   1   1   1 -
Xtro____ENSXETG00000015294|ENSXETT00000064764|znf592          -          humanprotein         -            4.7e-11   42.1  47.7   1.3e-06   27.4  19.8   5.3   2   1   0   4   4   4   2 -
Xtro____ENSXETG00000010001|ENSXETT00000022027|znf687          -          humanprotein         -            6.8e-11   41.6  56.3   0.00011   21.0  18.0   4.3   3   1   0   3   3   3   2 -
Xtro____ENSXETG00000033102|ENSXETT00000062168|NA              -          humanprotein         -            3.5e-10   39.2   1.2   7.2e-10   38.2   1.3   1.4   2   0   0   2   2   1   1 -
Xtro____ENSXETG00000024432|ENSXETT00000052833|glis2           -          humanprotein         -            5.2e-10   38.6   7.1   9.2e-10   37.8   5.5   1.8   1   1   1   2   2   2   1 -
Xtro____ENSXETG00000005759|ENSXETT00000012679|znf462          -          humanprotein         -            1.5e-09   37.1  47.3   1.8e-05   23.7  11.3   6.2   4   2   1   6   6   4   3 -
Xtro____ENSXETG00000006025|ENSXETT00000013277|zbtb3           -          humanprotein         -            3.8e-09   35.8   3.2   3.8e-09   35.8   3.2   1.6   2   0   0   2   2   1   1 -
Xtro____ENSXETG00000006742|ENSXETT00000014726|NA              -          humanprotein         -            6.2e-09   35.1   0.6   7.6e-09   34.8   0.6   1.2   1   0   0   1   1   1   1 -
Xtro____ENSXETG00000020357|ENSXETT00000043904|zbtb9           -          humanprotein         -            1.7e-08   33.6   4.9   2.6e-08   33.0   4.9   1.2   1   0   0   1   1   1   1 -
Xtro____ENSXETG00000027230|ENSXETT00000056931|znf518b         -          humanprotein         -            3.4e-08   32.6   4.4   5.2e-08   32.0   4.4   1.2   1   0   0   1   1   1   1 -
Xtro____ENSXETG00000011653|ENSXETT00000025484|znf438          -          humanprotein         -            4.3e-08   32.3  14.5   1.5e-07   30.5  13.1   2.1   1   1   1   2   2   2   1 -
Xtro____ENSXETG00000011529|ENSXETT00000025214|prdm4           -          humanprotein         -            7.8e-08   31.5   1.6   1.3e-07   30.8   1.6   1.2   1   0   0   1   1   1   1 -
Xtro____ENSXETG00000007072|ENSXETT00000015400|NA              -          humanprotein         -            7.8e-07   28.2   4.8   2.2e-06   26.6   4.8   1.7   1   1   0   1   1   1   1 -
Xtro____ENSXETG00000027171|ENSXETT00000021133|NA              -          humanprotein         -            1.3e-06   27.4   0.1   1.3e-06   27.4   0.1   1.0   1   0   0   1   1   1   1 -
Xtro____ENSXETG00000018018|ENSXETT00000039133|znf292          -          humanprotein         -            4.7e-06   25.6  40.9   2.6e-05   23.1   7.6   5.9   7   0   0   7   7   5   2 -
Xtro____ENSXETG00000016560|ENSXETT00000036087|znf280d         -          humanprotein         -            1.8e-05   23.7  14.5   1.8e-05   23.7  14.5   2.1   2   0   0   2   2   1   1 -
Xtro____ENSXETG00000023421|ENSXETT00000050590|znf821          -          humanprotein         -            5.4e-05   22.1   0.8   5.4e-05   22.1   0.8   1.7   2   0   0   2   2   1   1 -
Xtro____ENSXETG00000022935|ENSXETT00000049605|znf618          -          humanprotein         -            0.00018   20.3  17.8    0.0029   16.4   7.4   4.3   1   1   4   5   5   4   1 -
Xtro____ENSXETG00000017151|ENSXETT00000037423|zfhx4           -          humanprotein         -            0.00048   18.9  45.5     0.017   13.8   0.3   8.6  10   2   0  10  10   5   3 -
Xtro____ENSXETG00000002917|ENSXETT00000006393|insm2           -          humanprotein         -             0.0012   17.6  19.9    0.0048   15.6   1.6   3.7   2   1   1   4   4   3   2 -
Xtro____ENSXETG00000022529|ENSXETT00000048766|zbtb25          -          humanprotein         -             0.0041   15.8   0.4     0.023   13.4   0.3   1.8   1   1   0   1   1   1   1 -
Xtro____ENSXETG00000023509|ENSXETT00000050732|zfhx3           -          humanprotein         -              0.034   12.8  48.4      0.26    9.9   2.4   8.6   7   2   0   8   8   7   0 -
Xtro____ENSXETG00000023988|ENSXETT00000051748|zfpm1           -          humanprotein         -                1.9    7.0  23.0   1.3e+02    1.0   0.0   4.6   6   1   0   6   6   2   0 -
#
# Program:         hmmsearch
# Version:         3.1b2 (February 2015)
# Pipeline mode:   SEARCH
# Query file:      humanprotein.hmm
# Target file:     /home/em16077/Documents/zincproj/proteomes/Xtro_prot_homogID.fa
# Option settings: hmmsearch -o tmp --tblout tmp.out humanprotein.hmm /home/em16077/Documents/zincproj/proteomes/Xtro_prot_homogID.fa 
# Current dir:     /home/em16077/Documents/zincproj/hmmsearch
# Date:            Tue Jul  2 11:54:30 2019
# [ok]
