IQ-TREE multicore version 1.6.1 for Linux 64-bit built Feb 16 2018
Developed by Bui Quang Minh, Nguyen Lam Tung, Olga Chernomor,
Heiko Schmidt, Dominik Schrempf, Michael Woodhams.

Host:    it038094 (AVX2, FMA3, 15 GB RAM)
Command: iqtree -s prankzinctop1.fa -m LG+G+F -bb 1000 -bnni -wbtl
Seed:    857122 (Using SPRNG - Scalable Parallel Random Number Generator)
Time:    Wed Jul  3 09:39:40 2019
Kernel:  AVX+FMA - 1 threads (4 CPU cores detected)

HINT: Use -nt option to specify number of threads because your CPU has 4 cores!
HINT: -nt AUTO will automatically determine the best number of threads to use.

Reading alignment file prankzinctop1.fa ... Fasta format detected
Alignment most likely contains protein sequences
WARNING: 1 sites contain only gaps or ambiguous characters.
Alignment has 54 sequences with 9684 columns, 4052 distinct patterns
1701 parsimony-informative, 1581 singleton sites, 6402 constant sites
WARNING: Some sequence names are changed as follows:
Trub____ENSTRUG00000006896.1|ENSTRUT00000016993.1|NA -> Trub____ENSTRUG00000006896.1_ENSTRUT00000016993.1_NA
Mmus____ENSMUSG00000068959.6|ENSMUST00000108015.3|Zfp619 -> Mmus____ENSMUSG00000068959.6_ENSMUST00000108015.3_Zfp619
Ecab____XP_023507076.1_zinc_finger_protein_420_isoform_X12_[Equus_caballus] -> Ecab____XP_023507076.1_zinc_finger_protein_420_isoform_X12__Equus_caballus_
Oorc____XP_012393829.1_PREDICTED__LOW_QUALITY_PROTEIN__uncharacterized_protein_LOC101270594_[Orcinus_orca] -> Oorc____XP_012393829.1_PREDICTED__LOW_QUALITY_PROTEIN__uncharacterized_protein_LOC101270594__Orcinus_orca_
Fcat____XP_023101659.1_LOW_QUALITY_PROTEIN__zinc_finger_protein_850-like_[Felis_catus] -> Fcat____XP_023101659.1_LOW_QUALITY_PROTEIN__zinc_finger_protein_850-like__Felis_catus_
Skow____XP_006815189.1_PREDICTED__zinc_finger_protein_91_[Saccoglossus_kowalevskii] -> Skow____XP_006815189.1_PREDICTED__zinc_finger_protein_91__Saccoglossus_kowalevskii_
Cint____ENSCING00000003470.3|ENSCINT00000007111.3|NA -> Cint____ENSCING00000003470.3_ENSCINT00000007111.3_NA
Adig____XP_015762921.1_PREDICTED__gastrula_zinc_finger_protein_XlCGF26.1-like_[Acropora_digitifera] -> Adig____XP_015762921.1_PREDICTED__gastrula_zinc_finger_protein_XlCGF26.1-like__Acropora_digitifera_
Lcam_____g15459|g15459.t1|ZNF227_homolog -> Lcam_____g15459_g15459.t1_ZNF227_homolog
Lpla____TRINITY_DN28588_c0_g1|TRINITY_DN28588_c0_g1_i10|zf-H2C2_2 -> Lpla____TRINITY_DN28588_c0_g1_TRINITY_DN28588_c0_g1_i10_zf-H2C2_2
Ccap____XP_017380788.1_PREDICTED__LOW_QUALITY_PROTEIN__zinc_finger_protein_681-like_[Cebus_capucinus_imitator] -> Ccap____XP_017380788.1_PREDICTED__LOW_QUALITY_PROTEIN__zinc_finger_protein_681-like__Cebus_capucinus_imitator_
Aque____XP_019853365.1_PREDICTED__histone-lysine_N-methyltransferase_PRDM9-like_[Amphimedon_queenslandica] -> Aque____XP_019853365.1_PREDICTED__histone-lysine_N-methyltransferase_PRDM9-like__Amphimedon_queenslandica_
Hsap_____ENSG00000167232|ENST00000300619|ZNF91 -> Hsap_____ENSG00000167232_ENST00000300619_ZNF91
Oana____ENSOANG00000001330.3|ENSOANT00000002128.2|NA -> Oana____ENSOANG00000001330.3_ENSOANT00000002128.2_NA
Lvex____XP_007464660.1_PREDICTED__zinc_finger_protein_850-like_[Lipotes_vexillifer] -> Lvex____XP_007464660.1_PREDICTED__zinc_finger_protein_850-like__Lipotes_vexillifer_
Cpic____XP_008173996.2_zinc_finger_protein_850-like_isoform_X1_[Chrysemys_picta_bellii] -> Cpic____XP_008173996.2_zinc_finger_protein_850-like_isoform_X1__Chrysemys_picta_bellii_
Cmyd____XP_027682953.1_zinc_finger_protein_91-like_[Chelonia_mydas] -> Cmyd____XP_027682953.1_zinc_finger_protein_91-like__Chelonia_mydas_
Lobl____XP_026953306.1_LOW_QUALITY_PROTEIN__zinc_finger_protein_551-like_[Lagenorhynchus_obliquidens] -> Lobl____XP_026953306.1_LOW_QUALITY_PROTEIN__zinc_finger_protein_551-like__Lagenorhynchus_obliquidens_
Cfam____ENSCAFG00000029340.1|ENSCAFT00000044250.1|NA -> Cfam____ENSCAFG00000029340.1_ENSCAFT00000044250.1_NA
Acar_____ENSACAG00000024132.1|ENSACAT00000028045.1|NA -> Acar_____ENSACAG00000024132.1_ENSACAT00000028045.1_NA
Ggan____XP_019383814.1_PREDICTED__zinc_finger_protein_585A-like_isoform_X3_[Gavialis_gangeticus] -> Ggan____XP_019383814.1_PREDICTED__zinc_finger_protein_585A-like_isoform_X3__Gavialis_gangeticus_
Mgal____ENSMGAG00000014488.2|ENSMGAT00000016293.2|NA -> Mgal____ENSMGAG00000014488.2_ENSMGAT00000016293.2_NA
Ggal____ENSGALG00000046077|ENSGALT00000086909|NA -> Ggal____ENSGALG00000046077_ENSGALT00000086909_NA
Amis____XP_019346850.1_PREDICTED__LOW_QUALITY_PROTEIN__zinc_finger_protein_850_[Alligator_mississippiensis] -> Amis____XP_019346850.1_PREDICTED__LOW_QUALITY_PROTEIN__zinc_finger_protein_850__Alligator_mississippiensis_
Tgut____ENSTGUG00000017462.1|ENSTGUT00000018148.1|NA -> Tgut____ENSTGUG00000017462.1_ENSTGUT00000018148.1_NA
Ppan____XP_003824782.1_zinc_finger_protein_648_[Pan_paniscus] -> Ppan____XP_003824782.1_zinc_finger_protein_648__Pan_paniscus_
Nleu____XP_003264475.1_PREDICTED__zinc_finger_protein_648_[Nomascus_leucogenys] -> Nleu____XP_003264475.1_PREDICTED__zinc_finger_protein_648__Nomascus_leucogenys_
Mleu____XP_011858019.1_PREDICTED__zinc_finger_protein_648_[Mandrillus_leucophaeus] -> Mleu____XP_011858019.1_PREDICTED__zinc_finger_protein_648__Mandrillus_leucophaeus_
Mdom____ENSMODG00000019988.3|ENSMODT00000025384.2|NA -> Mdom____ENSMODG00000019988.3_ENSMODT00000025384.2_NA
Onil____ENSONIG00000000414.1|ENSONIT00000000525.1|NA -> Onil____ENSONIG00000000414.1_ENSONIT00000000525.1_NA
Spur____XP_011679864.1_PREDICTED__zinc_finger_protein_Xfin-like_[Strongylocentrotus_purpuratus] -> Spur____XP_011679864.1_PREDICTED__zinc_finger_protein_Xfin-like__Strongylocentrotus_purpuratus_
Cmil____SINCAMG00000013599|SINCAMT00000021158|NA -> Cmil____SINCAMG00000013599_SINCAMT00000021158_NA
Cpun____Chipu0017417|Chipu0017417.t1|NA -> Cpun____Chipu0017417_Chipu0017417.t1_NA
Rtyp____Rhity0022433|Rhity0022433.t1|NA -> Rtyp____Rhity0022433_Rhity0022433.t1_NA
Stor____Scyto0017248|Scyto0017248.t1|NA -> Stor____Scyto0017248_Scyto0017248.t1_NA
Xtro____ENSXETG00000007273|ENSXETT00000015810|NA -> Xtro____ENSXETG00000007273_ENSXETT00000015810_NA
Psin____ENSPSIG00000008115.1|ENSPSIT00000008952.1|NA -> Psin____ENSPSIG00000008115.1_ENSPSIT00000008952.1_NA
Dnov____ENSDNOG00000034351.1|ENSDNOT00000040980.1|NA -> Dnov____ENSDNOG00000034351.1_ENSDNOT00000040980.1_NA
Cpor____XP_019401986.1_PREDICTED__zinc_finger_protein_271-like_isoform_X4_[Crocodylus_porosus] -> Cpor____XP_019401986.1_PREDICTED__zinc_finger_protein_271-like_isoform_X4__Crocodylus_porosus_
Tcar____XP_026517060.1_LOW_QUALITY_PROTEIN__zinc_finger_protein_850-like_[Terrapene_mexicana_triunguis] -> Tcar____XP_026517060.1_LOW_QUALITY_PROTEIN__zinc_finger_protein_850-like__Terrapene_mexicana_triunguis_
Lcha_____ENSLACG00000002227|ENSLACT00000002515|NA -> Lcha_____ENSLACG00000002227_ENSLACT00000002515_NA
Ebur____ENSEBUG00000014739|ENSEBUT00000024496|NA -> Ebur____ENSEBUG00000014739_ENSEBUT00000024496_NA
Pann____TRINITY_DN956_c0_g4|TRINITY_DN956_c0_g4_i1|sp -> Pann____TRINITY_DN956_c0_g4_TRINITY_DN956_c0_g4_i1_sp
Lafr_____ENSLAFG00000031653.1|ENSLAFT00000025396.1|NA -> Lafr_____ENSLAFG00000031653.1_ENSLAFT00000025396.1_NA
Locu____ENSLOCG00000000549|ENSLOCT00000000645|NA -> Locu____ENSLOCG00000000549_ENSLOCT00000000645_NA
Bbel_____236810F|236810F.t2|ZNF208 -> Bbel_____236810F_236810F.t2_ZNF208
Tcas____XP_001809581.2_PREDICTED__zinc_finger_protein_570_[Tribolium_castaneum] -> Tcas____XP_001809581.2_PREDICTED__zinc_finger_protein_570__Tribolium_castaneum_
Ctel____ELU14817.1_hypothetical_protein_CAPTEDRAFT_208200_[Capitella_teleta] -> Ctel____ELU14817.1_hypothetical_protein_CAPTEDRAFT_208200__Capitella_teleta_
Lgig_____XP_009062376.1_hypothetical_protein_LOTGIDRAFT_194528__partial_[Lottia_gigantea] -> Lgig_____XP_009062376.1_hypothetical_protein_LOTGIDRAFT_194528__partial__Lottia_gigantea_
Pmar____PMZ_0036629|PMZ_0036629-RA|ZNF729 -> Pmar____PMZ_0036629_PMZ_0036629-RA_ZNF729
Neug____ENSMEUG00000004629.1|ENSMEUT00000004633.1|NA -> Neug____ENSMEUG00000004629.1_ENSMEUT00000004633.1_NA
Drer____ENSDARG00000074544.5|ENSDART00000115172.4|znf1007 -> Drer____ENSDARG00000074544.5_ENSDART00000115172.4_znf1007

                                                                                                                Gap/Ambiguity  Composition  p-value
   1  Trub____ENSTRUG00000006896.1_ENSTRUT00000016993.1_NA                                                             88.11%    failed      0.00%
   2  Mmus____ENSMUSG00000068959.6_ENSMUST00000108015.3_Zfp619                                                         88.01%    failed      0.00%
   3  Ecab____XP_023507076.1_zinc_finger_protein_420_isoform_X12__Equus_caballus_                                      87.63%    failed      0.00%
   4  Oorc____XP_012393829.1_PREDICTED__LOW_QUALITY_PROTEIN__uncharacterized_protein_LOC101270594__Orcinus_orca_       70.02%    failed      0.00%
   5  Fcat____XP_023101659.1_LOW_QUALITY_PROTEIN__zinc_finger_protein_850-like__Felis_catus_                           80.26%    failed      0.00%
   6  Skow____XP_006815189.1_PREDICTED__zinc_finger_protein_91__Saccoglossus_kowalevskii_                              87.25%    failed      0.00%
   7  Cint____ENSCING00000003470.3_ENSCINT00000007111.3_NA                                                             96.89%    failed      1.08%
   8  Adig____XP_015762921.1_PREDICTED__gastrula_zinc_finger_protein_XlCGF26.1-like__Acropora_digitifera_              95.01%    failed      0.00%
   9  Lcam_____g15459_g15459.t1_ZNF227_homolog                                                                         93.38%    failed      0.00%
  10  Lpla____TRINITY_DN28588_c0_g1_TRINITY_DN28588_c0_g1_i10_zf-H2C2_2                                                92.05%    failed      0.00%
  11  Ccap____XP_017380788.1_PREDICTED__LOW_QUALITY_PROTEIN__zinc_finger_protein_681-like__Cebus_capucinus_imitator_   86.97%    failed      0.00%
  12  Aque____XP_019853365.1_PREDICTED__histone-lysine_N-methyltransferase_PRDM9-like__Amphimedon_queenslandica_       93.19%    failed      0.00%
  13  Hsap_____ENSG00000167232_ENST00000300619_ZNF91                                                                   87.70%    failed      0.00%
  14  Oana____ENSOANG00000001330.3_ENSOANT00000002128.2_NA                                                             87.91%    failed      0.00%
  15  Lvex____XP_007464660.1_PREDICTED__zinc_finger_protein_850-like__Lipotes_vexillifer_                              84.70%    failed      0.00%
  16  Cpic____XP_008173996.2_zinc_finger_protein_850-like_isoform_X1__Chrysemys_picta_bellii_                          85.25%    failed      0.00%
  17  Cmyd____XP_027682953.1_zinc_finger_protein_91-like__Chelonia_mydas_                                              81.94%    failed      0.00%
  18  Npar____Npar_R005077                                                                                             88.34%    failed      0.00%
  19  Lobl____XP_026953306.1_LOW_QUALITY_PROTEIN__zinc_finger_protein_551-like__Lagenorhynchus_obliquidens_            90.41%    failed      0.00%
  20  Cfam____ENSCAFG00000029340.1_ENSCAFT00000044250.1_NA                                                             89.83%    failed      0.00%
  21  Acar_____ENSACAG00000024132.1_ENSACAT00000028045.1_NA                                                            89.81%    failed      0.00%
  22  Ggan____XP_019383814.1_PREDICTED__zinc_finger_protein_585A-like_isoform_X3__Gavialis_gangeticus_                 86.73%    failed      0.00%
  23  Mgal____ENSMGAG00000014488.2_ENSMGAT00000016293.2_NA                                                             93.11%    failed      0.00%
  24  Ggal____ENSGALG00000046077_ENSGALT00000086909_NA                                                                 92.28%    failed      0.00%
  25  Amis____XP_019346850.1_PREDICTED__LOW_QUALITY_PROTEIN__zinc_finger_protein_850__Alligator_mississippiensis_      84.66%    failed      0.00%
  26  Tgut____ENSTGUG00000017462.1_ENSTGUT00000018148.1_NA                                                             89.67%    failed      0.00%
  27  Hsap_unidentified_Zinc_Protein                                                                                   94.13%    failed      0.00%
  28  Ppan____XP_003824782.1_zinc_finger_protein_648__Pan_paniscus_                                                    94.13%    failed      0.00%
  29  Nleu____XP_003264475.1_PREDICTED__zinc_finger_protein_648__Nomascus_leucogenys_                                  94.13%    failed      0.00%
  30  Mleu____XP_011858019.1_PREDICTED__zinc_finger_protein_648__Mandrillus_leucophaeus_                               94.16%    failed      0.00%
  31  Mdom____ENSMODG00000019988.3_ENSMODT00000025384.2_NA                                                             88.89%    failed      0.00%
  32  Onil____ENSONIG00000000414.1_ENSONIT00000000525.1_NA                                                             89.89%    failed      0.00%
  33  Spur____XP_011679864.1_PREDICTED__zinc_finger_protein_Xfin-like__Strongylocentrotus_purpuratus_                  79.77%    failed      0.00%
  34  Cmil____SINCAMG00000013599_SINCAMT00000021158_NA                                                                 91.46%    failed      0.00%
  35  Cpun____Chipu0017417_Chipu0017417.t1_NA                                                                          93.22%    failed      0.00%
  36  Rtyp____Rhity0022433_Rhity0022433.t1_NA                                                                          94.90%    failed      0.00%
  37  Stor____Scyto0017248_Scyto0017248.t1_NA                                                                          94.13%    failed      0.00%
  38  Xtro____ENSXETG00000007273_ENSXETT00000015810_NA                                                                 87.54%    failed      0.00%
  39  Psin____ENSPSIG00000008115.1_ENSPSIT00000008952.1_NA                                                             88.17%    failed      0.00%
  40  Dnov____ENSDNOG00000034351.1_ENSDNOT00000040980.1_NA                                                             88.08%    failed      0.00%
  41  Cpor____XP_019401986.1_PREDICTED__zinc_finger_protein_271-like_isoform_X4__Crocodylus_porosus_                   89.65%    failed      0.00%
  42  Tcar____XP_026517060.1_LOW_QUALITY_PROTEIN__zinc_finger_protein_850-like__Terrapene_mexicana_triunguis_          84.59%    failed      0.00%
  43  Lcha_____ENSLACG00000002227_ENSLACT00000002515_NA                                                                89.78%    failed      0.00%
  44  Ebur____ENSEBUG00000014739_ENSEBUT00000024496_NA                                                                 83.11%    failed      0.00%
  45  Pann____TRINITY_DN956_c0_g4_TRINITY_DN956_c0_g4_i1_sp                                                            90.21%    failed      0.00%
  46  Lafr_____ENSLAFG00000031653.1_ENSLAFT00000025396.1_NA                                                            89.44%    failed      0.00%
  47  Locu____ENSLOCG00000000549_ENSLOCT00000000645_NA                                                                 92.93%    failed      0.00%
  48  Bbel_____236810F_236810F.t2_ZNF208                                                                               76.26%    failed      0.00%
  49  Tcas____XP_001809581.2_PREDICTED__zinc_finger_protein_570__Tribolium_castaneum_                                  92.98%    failed      0.00%
  50  Ctel____ELU14817.1_hypothetical_protein_CAPTEDRAFT_208200__Capitella_teleta_                                     92.72%    failed      0.00%
  51  Lgig_____XP_009062376.1_hypothetical_protein_LOTGIDRAFT_194528__partial__Lottia_gigantea_                        94.09%    failed      0.00%
  52  Pmar____PMZ_0036629_PMZ_0036629-RA_ZNF729                                                                        88.87%    failed      0.00%
  53  Neug____ENSMEUG00000004629.1_ENSMEUT00000004633.1_NA                                                             93.85%    failed      0.00%
  54  Drer____ENSDARG00000074544.5_ENSDART00000115172.4_znf1007                                                        77.24%    failed      0.00%
WARNING: 54 sequences contain more than 50% gaps/ambiguity
****  TOTAL                                                                                                            88.88%  54 sequences failed composition chi2 test (p-value<5%; df=19)

Create initial parsimony tree by phylogenetic likelihood library (PLL)... 0.084 seconds
Generating 1000 samples for ultrafast bootstrap (seed: 857122)...

NOTE: 151 MB RAM (0 GB) is required!
Estimate model parameters (epsilon = 0.100)
1. Initial log-likelihood: -118302.146
2. Current log-likelihood: -106097.947
3. Current log-likelihood: -106011.543
4. Current log-likelihood: -106010.772
Optimal log-likelihood: -106010.755
Gamma shape alpha: 0.992
Parameters optimization took 4 rounds (10.438 sec)
Computing ML distances based on estimated model parameters... 0.770 sec
WARNING: Some pairwise ML distances are too long (saturated)
Computing BIONJ tree...
0.001 seconds
Log-likelihood of BIONJ tree: -106582.051
--------------------------------------------------------------------
|             INITIALIZING CANDIDATE TREE SET                      |
--------------------------------------------------------------------
Generating 98 parsimony trees... 9.308 second
Computing log-likelihood of 98 initial trees ... 120.213 seconds
Current best score: -106010.755

Do NNI search on 20 best initial trees
Estimate model parameters (epsilon = 0.100)
BETTER TREE FOUND at iteration 1: -105831.101
Estimate model parameters (epsilon = 0.100)
BETTER TREE FOUND at iteration 4: -105827.905
Estimate model parameters (epsilon = 0.100)
BETTER TREE FOUND at iteration 10: -105808.286
Iteration 10 / LogL: -105808.286 / Time: 0h:6m:12s
Iteration 20 / LogL: -105942.726 / Time: 0h:9m:38s
Finish initializing candidate tree set (20)
Current best tree score: -105808.286 / CPU time: 547.269
Number of iterations: 20
--------------------------------------------------------------------
|               OPTIMIZING CANDIDATE TREE SET                      |
--------------------------------------------------------------------
Iteration 30 / LogL: -105819.662 / Time: 0h:12m:11s (0h:33m:36s left)
Iteration 40 / LogL: -105811.636 / Time: 0h:14m:33s (0h:26m:8s left)
Iteration 50 / LogL: -105812.308 / Time: 0h:17m:5s (0h:20m:56s left)
Estimate model parameters (epsilon = 0.100)
BETTER TREE FOUND at iteration 54: -105807.643
Estimate model parameters (epsilon = 0.100)
BETTER TREE FOUND at iteration 57: -105792.349
Iteration 60 / LogL: -105797.004 / Time: 0h:19m:24s (0h:31m:53s left)
Estimate model parameters (epsilon = 0.100)
BETTER TREE FOUND at iteration 64: -105789.454
Estimate model parameters (epsilon = 0.100)
BETTER TREE FOUND at iteration 65: -105787.958
Estimate model parameters (epsilon = 0.100)
BETTER TREE FOUND at iteration 66: -105784.294
Iteration 70 / LogL: -105786.336 / Time: 0h:21m:54s (0h:30m:29s left)
Iteration 80 / LogL: -105789.869 / Time: 0h:24m:20s (0h:26m:29s left)
Iteration 90 / LogL: -105786.514 / Time: 0h:26m:39s (0h:22m:46s left)
Iteration 100 / LogL: -105789.205 / Time: 0h:28m:42s (0h:19m:8s left)
Iteration 110 / LogL: -105784.699 / Time: 0h:31m:7s (0h:15m:59s left)
Estimate model parameters (epsilon = 0.100)
BETTER TREE FOUND at iteration 115: -105784.041
Iteration 120 / LogL: -105787.373 / Time: 0h:33m:34s (0h:26m:48s left)
Estimate model parameters (epsilon = 0.100)
BETTER TREE FOUND at iteration 121: -105783.640
Iteration 130 / LogL: -105797.169 / Time: 0h:35m:50s (0h:25m:16s left)
Estimate model parameters (epsilon = 0.100)
BETTER TREE FOUND at iteration 131: -105782.624
Iteration 140 / LogL: -105783.154 / Time: 0h:38m:13s (0h:25m:1s left)
Estimate model parameters (epsilon = 0.100)
BETTER TREE FOUND at iteration 150: -105782.141
Iteration 150 / LogL: -105782.141 / Time: 0h:40m:46s (0h:27m:21s left)
Iteration 160 / LogL: -105783.528 / Time: 0h:43m:3s (0h:24m:22s left)
Iteration 170 / LogL: -105783.898 / Time: 0h:45m:18s (0h:21m:26s left)
Estimate model parameters (epsilon = 0.100)
UPDATE BEST LOG-LIKELIHOOD: -105781.915
Iteration 180 / LogL: -105790.547 / Time: 0h:47m:44s (0h:18m:40s left)
UPDATE BEST LOG-LIKELIHOOD: -105781.907
Iteration 190 / LogL: -105781.907 / Time: 0h:49m:54s (0h:15m:50s left)
Estimate model parameters (epsilon = 0.100)
UPDATE BEST LOG-LIKELIHOOD: -105781.812
Iteration 200 / LogL: -105828.345 / Time: 0h:52m:16s (0h:13m:8s left)
Iteration 210 / LogL: -105782.322 / Time: 0h:54m:32s (0h:10m:26s left)
Iteration 220 / LogL: -105783.113 / Time: 0h:56m:43s (0h:7m:46s left)
Iteration 230 / LogL: -105782.934 / Time: 0h:58m:49s (0h:5m:8s left)
Iteration 240 / LogL: -105783.872 / Time: 1h:1m:2s (0h:2m:33s left)
Iteration 250 / LogL: -105790.509 / Time: 1h:3m:13s (0h:0m:0s left)
Refining ufboot trees with NNI...
100 samples done
200 samples done
300 samples done
400 samples done
500 samples done
600 samples done
700 samples done
800 samples done
900 samples done
1000 samples done
Total 995 ufboot trees refined
TREE SEARCH COMPLETED AFTER 251 ITERATIONS / Time: 1h:51m:2s

--------------------------------------------------------------------
|                    FINALIZING TREE SEARCH                        |
--------------------------------------------------------------------
Performs final model parameters optimization
Estimate model parameters (epsilon = 0.010)
1. Initial log-likelihood: -105781.812
Optimal log-likelihood: -105781.798
Gamma shape alpha: 1.011
Parameters optimization took 1 rounds (1.839 sec)
BEST SCORE FOUND : -105781.798
Creating bootstrap support values...
Split supports printed to NEXUS file prankzinctop1.fa.splits.nex
Total tree length: 30.577

Total number of iterations: 251
CPU time used for tree search: 6598.178 sec (1h:49m:58s)
Wall-clock time used for tree search: 6631.449 sec (1h:50m:31s)
Total CPU time used: 6630.927 sec (1h:50m:30s)
Total wall-clock time used: 6664.436 sec (1h:51m:4s)
UFBoot trees printed to prankzinctop1.fa.ufboot

Computing bootstrap consensus tree...
Reading input file prankzinctop1.fa.splits.nex...
54 taxa and 1027 splits.
Consensus tree written to prankzinctop1.fa.contree
Reading input trees file prankzinctop1.fa.contree
Log-likelihood of consensus tree: -105782.923

Analysis results written to: 
  IQ-TREE report:                prankzinctop1.fa.iqtree
  Maximum-likelihood tree:       prankzinctop1.fa.treefile
  Likelihood distances:          prankzinctop1.fa.mldist

Ultrafast bootstrap approximation results written to:
  Split support values:          prankzinctop1.fa.splits.nex
  Consensus tree:                prankzinctop1.fa.contree
  UFBoot trees:                  prankzinctop1.fa.ufboot
  Screen log file:               prankzinctop1.fa.log

Date and Time: Wed Jul  3 11:30:56 2019
