IQ-TREE multicore version 1.6.1 for Linux 64-bit built Feb 16 2018
Developed by Bui Quang Minh, Nguyen Lam Tung, Olga Chernomor,
Heiko Schmidt, Dominik Schrempf, Michael Woodhams.

Host:    it038094 (AVX2, FMA3, 15 GB RAM)
Command: iqtree -s zinctrim.fa -m LG+G+F -bb 1000 -bnni -wbtl -redo
Seed:    454287 (Using SPRNG - Scalable Parallel Random Number Generator)
Time:    Tue Jul  2 12:58:45 2019
Kernel:  AVX+FMA - 1 threads (4 CPU cores detected)

HINT: Use -nt option to specify number of threads because your CPU has 4 cores!
HINT: -nt AUTO will automatically determine the best number of threads to use.

Reading alignment file zinctrim.fa ... Fasta format detected
Alignment most likely contains protein sequences
Alignment has 93 sequences with 530 columns, 523 distinct patterns
446 parsimony-informative, 55 singleton sites, 29 constant sites
WARNING: Some sequence names are changed as follows:
Hsap_____ENSG00000167232|ENST00000300619|ZNF91 -> Hsap_____ENSG00000167232_ENST00000300619_ZNF91
Amis____XP_019334238.1_PREDICTED:_zinc_finger_protein_850_[Alligator_mississippiensis] -> Amis____XP_019334238.1_PREDICTED__zinc_finger_protein_850__Alligator_mississippiensis_
Cfam____ENSCAFG00000024596.1|ENSCAFT00000037938.1|ZNF648 -> Cfam____ENSCAFG00000024596.1_ENSCAFT00000037938.1_ZNF648
Cmyd____XP_027687603.1_zinc_finger_protein_91-like_[Chelonia_mydas] -> Cmyd____XP_027687603.1_zinc_finger_protein_91-like__Chelonia_mydas_
Nleu____XP_012364870.1_PREDICTED:_LOW_QUALITY_PROTEIN:_zinc_finger_protein_208-like_[Nomascus_leucogenys] -> Nleu____XP_012364870.1_PREDICTED__LOW_QUALITY_PROTEIN__zinc_finger_protein_208-like__Nomascus_leucogenys_
Ecab____XP_023507076.1_zinc_finger_protein_420_isoform_X12_[Equus_caballus] -> Ecab____XP_023507076.1_zinc_finger_protein_420_isoform_X12__Equus_caballus_
Ecab____XP_023505182.1_zinc_finger_protein_845_[Equus_caballus] -> Ecab____XP_023505182.1_zinc_finger_protein_845__Equus_caballus_
Ecab____XP_023477056.1_zinc_finger_protein_850_[Equus_caballus] -> Ecab____XP_023477056.1_zinc_finger_protein_850__Equus_caballus_
Cpic____XP_008173996.2_zinc_finger_protein_850-like_isoform_X1_[Chrysemys_picta_bellii] -> Cpic____XP_008173996.2_zinc_finger_protein_850-like_isoform_X1__Chrysemys_picta_bellii_
Cmyd____XP_027682953.1_zinc_finger_protein_91-like_[Chelonia_mydas] -> Cmyd____XP_027682953.1_zinc_finger_protein_91-like__Chelonia_mydas_
Hsap_____ENSG00000160321|ENST00000397126|ZNF208 -> Hsap_____ENSG00000160321_ENST00000397126_ZNF208
Cmyd____XP_027686678.1_LOW_QUALITY_PROTEIN:_zinc_finger_protein_271_[Chelonia_mydas] -> Cmyd____XP_027686678.1_LOW_QUALITY_PROTEIN__zinc_finger_protein_271__Chelonia_mydas_
Cpor____XP_019401986.1_PREDICTED:_zinc_finger_protein_271-like_isoform_X4_[Crocodylus_porosus] -> Cpor____XP_019401986.1_PREDICTED__zinc_finger_protein_271-like_isoform_X4__Crocodylus_porosus_
Amis____XP_019336564.1_PREDICTED:_zinc_finger_protein_420_[Alligator_mississippiensis] -> Amis____XP_019336564.1_PREDICTED__zinc_finger_protein_420__Alligator_mississippiensis_
Hsap_____ENSG00000196350|ENST00000601693|ZNF729 -> Hsap_____ENSG00000196350_ENST00000601693_ZNF729
Tcar____XP_024073888.2_zinc_finger_protein_845-like_[Terrapene_mexicana_triunguis] -> Tcar____XP_024073888.2_zinc_finger_protein_845-like__Terrapene_mexicana_triunguis_
Onil____ENSONIG00000001464.1|ENSONIT00000001837.1|NA -> Onil____ENSONIG00000001464.1_ENSONIT00000001837.1_NA
Xtro____ENSXETG00000007273|ENSXETT00000015810|NA -> Xtro____ENSXETG00000007273_ENSXETT00000015810_NA
Lobl____XP_026953267.1_zinc_finger_protein_850-like_isoform_X4_[Lagenorhynchus_obliquidens] -> Lobl____XP_026953267.1_zinc_finger_protein_850-like_isoform_X4__Lagenorhynchus_obliquidens_
Onil____ENSONIG00000000414.1|ENSONIT00000000525.1|NA -> Onil____ENSONIG00000000414.1_ENSONIT00000000525.1_NA
Tcar____XP_026514007.1_zinc_finger_protein_420-like_[Terrapene_mexicana_triunguis] -> Tcar____XP_026514007.1_zinc_finger_protein_420-like__Terrapene_mexicana_triunguis_
Nleu____XP_003264475.1_PREDICTED:_zinc_finger_protein_648_[Nomascus_leucogenys] -> Nleu____XP_003264475.1_PREDICTED__zinc_finger_protein_648__Nomascus_leucogenys_
Oorc____XP_012391468.1_PREDICTED:_zinc_finger_protein_208_isoform_X1_[Orcinus_orca] -> Oorc____XP_012391468.1_PREDICTED__zinc_finger_protein_208_isoform_X1__Orcinus_orca_
Fcat____XP_019675000.2_LOW_QUALITY_PROTEIN:_zinc_finger_protein_283_[Felis_catus] -> Fcat____XP_019675000.2_LOW_QUALITY_PROTEIN__zinc_finger_protein_283__Felis_catus_
Oorc____XP_012393829.1_PREDICTED:_LOW_QUALITY_PROTEIN:_uncharacterized_protein_LOC101270594_[Orcinus_orca] -> Oorc____XP_012393829.1_PREDICTED__LOW_QUALITY_PROTEIN__uncharacterized_protein_LOC101270594__Orcinus_orca_
Fcat____XP_023101659.1_LOW_QUALITY_PROTEIN:_zinc_finger_protein_850-like_[Felis_catus] -> Fcat____XP_023101659.1_LOW_QUALITY_PROTEIN__zinc_finger_protein_850-like__Felis_catus_
Tcar____XP_026517060.1_LOW_QUALITY_PROTEIN:_zinc_finger_protein_850-like_[Terrapene_mexicana_triunguis] -> Tcar____XP_026517060.1_LOW_QUALITY_PROTEIN__zinc_finger_protein_850-like__Terrapene_mexicana_triunguis_
Hsap_____ENSG00000179930|ENST00000339948|ZNF648 -> Hsap_____ENSG00000179930_ENST00000339948_ZNF648
Pann____TRINITY_DN956_c0_g4|TRINITY_DN956_c0_g4_i1|sp -> Pann____TRINITY_DN956_c0_g4_TRINITY_DN956_c0_g4_i1_sp
Ccap____XP_017380788.1_PREDICTED:_LOW_QUALITY_PROTEIN:_zinc_finger_protein_681-like_[Cebus_capucinus_imitator] -> Ccap____XP_017380788.1_PREDICTED__LOW_QUALITY_PROTEIN__zinc_finger_protein_681-like__Cebus_capucinus_imitator_
Onil____ENSONIG00000006274.1|ENSONIT00000007909.1|NA -> Onil____ENSONIG00000006274.1_ENSONIT00000007909.1_NA
Lvex____XP_007464660.1_PREDICTED:_zinc_finger_protein_850-like_[Lipotes_vexillifer] -> Lvex____XP_007464660.1_PREDICTED__zinc_finger_protein_850-like__Lipotes_vexillifer_
Fcat____XP_023101805.1_LOW_QUALITY_PROTEIN:_zinc_finger_protein_850_[Felis_catus] -> Fcat____XP_023101805.1_LOW_QUALITY_PROTEIN__zinc_finger_protein_850__Felis_catus_
Psin____ENSPSIG00000004463.1|ENSPSIT00000004798.1|NA -> Psin____ENSPSIG00000004463.1_ENSPSIT00000004798.1_NA
Cfam____ENSCAFG00000029340.1|ENSCAFT00000044250.1|NA -> Cfam____ENSCAFG00000029340.1_ENSCAFT00000044250.1_NA
Lobl____XP_026953306.1_LOW_QUALITY_PROTEIN:_zinc_finger_protein_551-like_[Lagenorhynchus_obliquidens] -> Lobl____XP_026953306.1_LOW_QUALITY_PROTEIN__zinc_finger_protein_551-like__Lagenorhynchus_obliquidens_
Mleu____XP_011858019.1_PREDICTED:_zinc_finger_protein_648_[Mandrillus_leucophaeus] -> Mleu____XP_011858019.1_PREDICTED__zinc_finger_protein_648__Mandrillus_leucophaeus_
Ppan____XP_003824782.1_zinc_finger_protein_648_[Pan_paniscus] -> Ppan____XP_003824782.1_zinc_finger_protein_648__Pan_paniscus_
Cpic____XP_023968399.1_zinc_finger_protein_420-like_isoform_X1_[Chrysemys_picta_bellii] -> Cpic____XP_023968399.1_zinc_finger_protein_420-like_isoform_X1__Chrysemys_picta_bellii_
Mdom____ENSMODG00000023598.2|ENSMODT00000032211.2|NA -> Mdom____ENSMODG00000023598.2_ENSMODT00000032211.2_NA
Fcat____XP_023105477.1_LOW_QUALITY_PROTEIN:_zinc_finger_protein_160_[Felis_catus] -> Fcat____XP_023105477.1_LOW_QUALITY_PROTEIN__zinc_finger_protein_160__Felis_catus_
Psin____ENSPSIG00000004528.1|ENSPSIT00000004869.1|NA -> Psin____ENSPSIG00000004528.1_ENSPSIT00000004869.1_NA
Xtro____ENSXETG00000024362|ENSXETT00000023981|znf568 -> Xtro____ENSXETG00000024362_ENSXETT00000023981_znf568
Bbel_____258610F|258610F.t2|ZNF208 -> Bbel_____258610F_258610F.t2_ZNF208
Ccap____XP_017379964.1_PREDICTED:_LOW_QUALITY_PROTEIN:_zinc_finger_protein_648_[Cebus_capucinus_imitator] -> Ccap____XP_017379964.1_PREDICTED__LOW_QUALITY_PROTEIN__zinc_finger_protein_648__Cebus_capucinus_imitator_
Ecab____XP_005596295.1_zinc_finger_protein_780A_isoform_X1_[Equus_caballus] -> Ecab____XP_005596295.1_zinc_finger_protein_780A_isoform_X1__Equus_caballus_
Psin____ENSPSIG00000008115.1|ENSPSIT00000008952.1|NA -> Psin____ENSPSIG00000008115.1_ENSPSIT00000008952.1_NA
Acar_____ENSACAG00000024132.1|ENSACAT00000028045.1|NA -> Acar_____ENSACAG00000024132.1_ENSACAT00000028045.1_NA
Amis____XP_019346850.1_PREDICTED:_LOW_QUALITY_PROTEIN:_zinc_finger_protein_850_[Alligator_mississippiensis] -> Amis____XP_019346850.1_PREDICTED__LOW_QUALITY_PROTEIN__zinc_finger_protein_850__Alligator_mississippiensis_
Acar_____ENSACAG00000024039.1|ENSACAT00000028352.1|NA -> Acar_____ENSACAG00000024039.1_ENSACAT00000028352.1_NA
Ebur____ENSEBUG00000014739|ENSEBUT00000024496|NA -> Ebur____ENSEBUG00000014739_ENSEBUT00000024496_NA
Oana____ENSOANG00000001330.3|ENSOANT00000002128.2|NA -> Oana____ENSOANG00000001330.3_ENSOANT00000002128.2_NA
Bbel_____236810F|236810F.t2|ZNF208 -> Bbel_____236810F_236810F.t2_ZNF208
Mdom____ENSMODG00000019988.3|ENSMODT00000025384.2|NA -> Mdom____ENSMODG00000019988.3_ENSMODT00000025384.2_NA
Pann____TRINITY_DN12833_c0_g1|TRINITY_DN12833_c0_g1_i2|sp -> Pann____TRINITY_DN12833_c0_g1_TRINITY_DN12833_c0_g1_i2_sp
Acar_____ENSACAG00000027759.1|ENSACAT00000028986.1|NA -> Acar_____ENSACAG00000027759.1_ENSACAT00000028986.1_NA
Dnov____ENSDNOG00000034351.1|ENSDNOT00000040980.1|NA -> Dnov____ENSDNOG00000034351.1_ENSDNOT00000040980.1_NA
Amis____XP_014451872.2_PREDICTED:_LOW_QUALITY_PROTEIN:_zinc_finger_protein_850_[Alligator_mississippiensis] -> Amis____XP_014451872.2_PREDICTED__LOW_QUALITY_PROTEIN__zinc_finger_protein_850__Alligator_mississippiensis_
Ccap____XP_017380786.1_PREDICTED:_LOW_QUALITY_PROTEIN:_zinc_finger_protein_254-like_[Cebus_capucinus_imitator] -> Ccap____XP_017380786.1_PREDICTED__LOW_QUALITY_PROTEIN__zinc_finger_protein_254-like__Cebus_capucinus_imitator_
Cpic____XP_023969457.1_zinc_finger_protein_721-like_[Chrysemys_picta_bellii] -> Cpic____XP_023969457.1_zinc_finger_protein_721-like__Chrysemys_picta_bellii_
Tcar____XP_026519636.1_LOW_QUALITY_PROTEIN:_zinc_finger_protein_850-like_[Terrapene_mexicana_triunguis] -> Tcar____XP_026519636.1_LOW_QUALITY_PROTEIN__zinc_finger_protein_850-like__Terrapene_mexicana_triunguis_
Ccap____XP_017369134.1_PREDICTED:_zinc_finger_protein_268_[Cebus_capucinus_imitator] -> Ccap____XP_017369134.1_PREDICTED__zinc_finger_protein_268__Cebus_capucinus_imitator_
Xtro____ENSXETG00000024254|ENSXETT00000052348|NA -> Xtro____ENSXETG00000024254_ENSXETT00000052348_NA
Tgut____ENSTGUG00000016827.1|ENSTGUT00000017495.1|NA -> Tgut____ENSTGUG00000016827.1_ENSTGUT00000017495.1_NA
Bbel_____015230F|015230F.t1|ZNF208 -> Bbel_____015230F_015230F.t1_ZNF208
Lobl____XP_026944089.1_zinc_finger_protein_721_isoform_X3_[Lagenorhynchus_obliquidens] -> Lobl____XP_026944089.1_zinc_finger_protein_721_isoform_X3__Lagenorhynchus_obliquidens_
Tgut____ENSTGUG00000015115.1|ENSTGUT00000015728.1|NA -> Tgut____ENSTGUG00000015115.1_ENSTGUT00000015728.1_NA
Cpic____XP_008174438.2_uncharacterized_protein_LOC103306841_[Chrysemys_picta_bellii] -> Cpic____XP_008174438.2_uncharacterized_protein_LOC103306841__Chrysemys_picta_bellii_
Tgut____ENSTGUG00000017462.1|ENSTGUT00000018148.1|NA -> Tgut____ENSTGUG00000017462.1_ENSTGUT00000018148.1_NA
Lafr_____ENSLAFG00000031653.1|ENSLAFT00000025396.1|NA -> Lafr_____ENSLAFG00000031653.1_ENSLAFT00000025396.1_NA
Tgut____ENSTGUG00000000081.1|ENSTGUT00000000083.1|NA -> Tgut____ENSTGUG00000000081.1_ENSTGUT00000000083.1_NA
Nleu____XP_012364874.1_PREDICTED:_zinc_finger_protein_729_isoform_X3_[Nomascus_leucogenys] -> Nleu____XP_012364874.1_PREDICTED__zinc_finger_protein_729_isoform_X3__Nomascus_leucogenys_
Oorc____XP_012386849.1_PREDICTED:_zinc_finger_protein_850-like_[Orcinus_orca] -> Oorc____XP_012386849.1_PREDICTED__zinc_finger_protein_850-like__Orcinus_orca_
Cmyd____XP_027689130.1_zinc_finger_protein_850-like_[Chelonia_mydas] -> Cmyd____XP_027689130.1_zinc_finger_protein_850-like__Chelonia_mydas_
Acar_____ENSACAG00000005094.2|ENSACAT00000024123.1|NA -> Acar_____ENSACAG00000005094.2_ENSACAT00000024123.1_NA
Mdom____ENSMODG00000023030.2|ENSMODT00000029500.1|NA -> Mdom____ENSMODG00000023030.2_ENSMODT00000029500.1_NA
Lobl____XP_026944086.1_zinc_finger_protein_850_isoform_X5_[Lagenorhynchus_obliquidens] -> Lobl____XP_026944086.1_zinc_finger_protein_850_isoform_X5__Lagenorhynchus_obliquidens_
Mmus____ENSMUSG00000068959.6|ENSMUST00000108015.3|Zfp619 -> Mmus____ENSMUSG00000068959.6_ENSMUST00000108015.3_Zfp619
Mleu____XP_011835084.1_PREDICTED:_LOW_QUALITY_PROTEIN:_zinc_finger_protein_845-like_[Mandrillus_leucophaeus] -> Mleu____XP_011835084.1_PREDICTED__LOW_QUALITY_PROTEIN__zinc_finger_protein_845-like__Mandrillus_leucophaeus_
Cfam____ENSCAFG00000023499.3|ENSCAFT00000049557.2|NA -> Cfam____ENSCAFG00000023499.3_ENSCAFT00000049557.2_NA
Nleu____XP_012364875.1_PREDICTED:_putative_zinc_finger_protein_724_isoform_X1_[Nomascus_leucogenys] -> Nleu____XP_012364875.1_PREDICTED__putative_zinc_finger_protein_724_isoform_X1__Nomascus_leucogenys_
Ebur____ENSEBUG00000015576|ENSEBUT00000025826|NA -> Ebur____ENSEBUG00000015576_ENSEBUT00000025826_NA
Xtro____ENSXETG00000023997|ENSXETT00000051769|NA -> Xtro____ENSXETG00000023997_ENSXETT00000051769_NA
Lvex____XP_007471100.1_PREDICTED:_zinc_finger_protein_850-like_isoform_X1_[Lipotes_vexillifer] -> Lvex____XP_007471100.1_PREDICTED__zinc_finger_protein_850-like_isoform_X1__Lipotes_vexillifer_
Psin____ENSPSIG00000001610.1|ENSPSIT00000001610.1|NA -> Psin____ENSPSIG00000001610.1_ENSPSIT00000001610.1_NA
Oorc____XP_012393830.1_PREDICTED:_zinc_finger_protein_208_isoform_X1_[Orcinus_orca] -> Oorc____XP_012393830.1_PREDICTED__zinc_finger_protein_208_isoform_X1__Orcinus_orca_
Mdom____ENSMODG00000023481.2|ENSMODT00000013530.2|NA -> Mdom____ENSMODG00000023481.2_ENSMODT00000013530.2_NA
Lvex____XP_007457524.1_PREDICTED:_zinc_finger_protein_470_[Lipotes_vexillifer] -> Lvex____XP_007457524.1_PREDICTED__zinc_finger_protein_470__Lipotes_vexillifer_

                                                                                                                Gap/Ambiguity  Composition  p-value
   1  Hsap_unidentified_Zinc_Protein                                                                                   44.34%    failed      0.00%
   2  Hsap_____ENSG00000167232_ENST00000300619_ZNF91                                                                    4.72%    failed      0.00%
   3  Amis____XP_019334238.1_PREDICTED__zinc_finger_protein_850__Alligator_mississippiensis_                           12.26%    failed      0.00%
   4  Cfam____ENSCAFG00000024596.1_ENSCAFT00000037938.1_ZNF648                                                         44.15%    failed      0.00%
   5  Cmyd____XP_027687603.1_zinc_finger_protein_91-like__Chelonia_mydas_                                               0.00%    failed      0.00%
   6  Nleu____XP_012364870.1_PREDICTED__LOW_QUALITY_PROTEIN__zinc_finger_protein_208-like__Nomascus_leucogenys_         0.00%    failed      0.00%
   7  Ecab____XP_023507076.1_zinc_finger_protein_420_isoform_X12__Equus_caballus_                                      15.47%    failed      0.17%
   8  Ecab____XP_023505182.1_zinc_finger_protein_845__Equus_caballus_                                                   0.00%    failed      1.62%
   9  Ecab____XP_023477056.1_zinc_finger_protein_850__Equus_caballus_                                                   2.64%    passed     58.58%
  10  Cpic____XP_008173996.2_zinc_finger_protein_850-like_isoform_X1__Chrysemys_picta_bellii_                           0.19%    failed      0.00%
  11  Cmyd____XP_027682953.1_zinc_finger_protein_91-like__Chelonia_mydas_                                               0.00%    failed      0.00%
  12  Npar____Npar_R017267                                                                                              0.00%    failed      0.00%
  13  Hsap_____ENSG00000160321_ENST00000397126_ZNF208                                                                   0.00%    failed      0.00%
  14  Cmyd____XP_027686678.1_LOW_QUALITY_PROTEIN__zinc_finger_protein_271__Chelonia_mydas_                              0.19%    failed      0.00%
  15  Cpor____XP_019401986.1_PREDICTED__zinc_finger_protein_271-like_isoform_X4__Crocodylus_porosus_                    7.74%    failed      0.05%
  16  Amis____XP_019336564.1_PREDICTED__zinc_finger_protein_420__Alligator_mississippiensis_                            1.32%    failed      0.00%
  17  Hsap_____ENSG00000196350_ENST00000601693_ZNF729                                                                  11.32%    failed      0.00%
  18  Tcar____XP_024073888.2_zinc_finger_protein_845-like__Terrapene_mexicana_triunguis_                                0.19%    passed     19.94%
  19  Onil____ENSONIG00000001464.1_ENSONIT00000001837.1_NA                                                              6.04%    failed      0.00%
  20  Xtro____ENSXETG00000007273_ENSXETT00000015810_NA                                                                  0.00%    failed      0.00%
  21  Lobl____XP_026953267.1_zinc_finger_protein_850-like_isoform_X4__Lagenorhynchus_obliquidens_                       1.32%    passed      8.31%
  22  Onil____ENSONIG00000000414.1_ENSONIT00000000525.1_NA                                                              0.00%    failed      0.00%
  23  Tcar____XP_026514007.1_zinc_finger_protein_420-like__Terrapene_mexicana_triunguis_                                0.00%    passed     21.64%
  24  Nleu____XP_003264475.1_PREDICTED__zinc_finger_protein_648__Nomascus_leucogenys_                                  44.34%    failed      0.00%
  25  Oorc____XP_012391468.1_PREDICTED__zinc_finger_protein_208_isoform_X1__Orcinus_orca_                               0.00%    passed     42.75%
  26  Fcat____XP_019675000.2_LOW_QUALITY_PROTEIN__zinc_finger_protein_283__Felis_catus_                                14.53%    failed      0.00%
  27  Oorc____XP_012393829.1_PREDICTED__LOW_QUALITY_PROTEIN__uncharacterized_protein_LOC101270594__Orcinus_orca_        5.66%    failed      0.00%
  28  Fcat____XP_023101659.1_LOW_QUALITY_PROTEIN__zinc_finger_protein_850-like__Felis_catus_                            0.75%    failed      0.00%
  29  Tcar____XP_026517060.1_LOW_QUALITY_PROTEIN__zinc_finger_protein_850-like__Terrapene_mexicana_triunguis_           0.19%    failed      0.03%
  30  Hsap_____ENSG00000179930_ENST00000339948_ZNF648                                                                  44.34%    failed      0.00%
  31  Pann____TRINITY_DN956_c0_g4_TRINITY_DN956_c0_g4_i1_sp                                                             4.15%    failed      1.15%
  32  Ccap____XP_017380788.1_PREDICTED__LOW_QUALITY_PROTEIN__zinc_finger_protein_681-like__Cebus_capucinus_imitator_    0.00%    failed      0.00%
  33  Onil____ENSONIG00000006274.1_ENSONIT00000007909.1_NA                                                              0.00%    failed      0.00%
  34  Lvex____XP_007464660.1_PREDICTED__zinc_finger_protein_850-like__Lipotes_vexillifer_                               3.21%    failed      0.17%
  35  Fcat____XP_023101805.1_LOW_QUALITY_PROTEIN__zinc_finger_protein_850__Felis_catus_                                 4.15%    failed      0.00%
  36  Psin____ENSPSIG00000004463.1_ENSPSIT00000004798.1_NA                                                              5.47%    failed      0.00%
  37  Cfam____ENSCAFG00000029340.1_ENSCAFT00000044250.1_NA                                                             12.83%    failed      0.00%
  38  Lobl____XP_026953306.1_LOW_QUALITY_PROTEIN__zinc_finger_protein_551-like__Lagenorhynchus_obliquidens_            16.04%    failed      0.00%
  39  Mleu____XP_011858019.1_PREDICTED__zinc_finger_protein_648__Mandrillus_leucophaeus_                               44.72%    failed      0.00%
  40  Ppan____XP_003824782.1_zinc_finger_protein_648__Pan_paniscus_                                                    44.34%    failed      0.00%
  41  Cpic____XP_023968399.1_zinc_finger_protein_420-like_isoform_X1__Chrysemys_picta_bellii_                           9.06%    failed      0.83%
  42  Npar____Npar_R015211                                                                                              0.00%    failed      0.00%
  43  Mdom____ENSMODG00000023598.2_ENSMODT00000032211.2_NA                                                              0.19%    failed      0.00%
  44  Fcat____XP_023105477.1_LOW_QUALITY_PROTEIN__zinc_finger_protein_160__Felis_catus_                                14.72%    failed      0.00%
  45  Psin____ENSPSIG00000004528.1_ENSPSIT00000004869.1_NA                                                              0.00%    failed      0.03%
  46  Xtro____ENSXETG00000024362_ENSXETT00000023981_znf568                                                              0.00%    failed      0.01%
  47  Bbel_____258610F_258610F.t2_ZNF208                                                                                0.19%    failed      0.00%
  48  Ccap____XP_017379964.1_PREDICTED__LOW_QUALITY_PROTEIN__zinc_finger_protein_648__Cebus_capucinus_imitator_        44.91%    failed      0.00%
  49  Ecab____XP_005596295.1_zinc_finger_protein_780A_isoform_X1__Equus_caballus_                                      10.75%    passed     16.44%
  50  Psin____ENSPSIG00000008115.1_ENSPSIT00000008952.1_NA                                                              0.00%    failed      0.02%
  51  Acar_____ENSACAG00000024132.1_ENSACAT00000028045.1_NA                                                             4.34%    failed      0.00%
  52  Amis____XP_019346850.1_PREDICTED__LOW_QUALITY_PROTEIN__zinc_finger_protein_850__Alligator_mississippiensis_       1.13%    failed      0.03%
  53  Acar_____ENSACAG00000024039.1_ENSACAT00000028352.1_NA                                                             5.47%    failed      0.00%
  54  Ebur____ENSEBUG00000014739_ENSEBUT00000024496_NA                                                                  0.00%    failed      0.00%
  55  Oana____ENSOANG00000001330.3_ENSOANT00000002128.2_NA                                                              0.00%    failed      0.00%
  56  Bbel_____236810F_236810F.t2_ZNF208                                                                                0.00%    failed      0.00%
  57  Mdom____ENSMODG00000019988.3_ENSMODT00000025384.2_NA                                                              0.94%    failed      0.00%
  58  Pann____TRINITY_DN12833_c0_g1_TRINITY_DN12833_c0_g1_i2_sp                                                         0.00%    failed      0.00%
  59  Acar_____ENSACAG00000027759.1_ENSACAT00000028986.1_NA                                                             6.23%    failed      0.00%
  60  Dnov____ENSDNOG00000034351.1_ENSDNOT00000040980.1_NA                                                             29.81%    failed      0.00%
  61  Amis____XP_014451872.2_PREDICTED__LOW_QUALITY_PROTEIN__zinc_finger_protein_850__Alligator_mississippiensis_       0.00%    failed      0.01%
  62  Ccap____XP_017380786.1_PREDICTED__LOW_QUALITY_PROTEIN__zinc_finger_protein_254-like__Cebus_capucinus_imitator_    5.09%    failed      0.00%
  63  Cpic____XP_023969457.1_zinc_finger_protein_721-like__Chrysemys_picta_bellii_                                      0.00%    passed     15.52%
  64  Tcar____XP_026519636.1_LOW_QUALITY_PROTEIN__zinc_finger_protein_850-like__Terrapene_mexicana_triunguis_           5.66%    failed      0.18%
  65  Ccap____XP_017369134.1_PREDICTED__zinc_finger_protein_268__Cebus_capucinus_imitator_                              9.06%    failed      0.00%
  66  Xtro____ENSXETG00000024254_ENSXETT00000052348_NA                                                                 16.79%    failed      0.00%
  67  Tgut____ENSTGUG00000016827.1_ENSTGUT00000017495.1_NA                                                              6.42%    failed      0.00%
  68  Bbel_____015230F_015230F.t1_ZNF208                                                                                0.19%    failed      0.00%
  69  Lobl____XP_026944089.1_zinc_finger_protein_721_isoform_X3__Lagenorhynchus_obliquidens_                            3.96%    passed     77.35%
  70  Tgut____ENSTGUG00000015115.1_ENSTGUT00000015728.1_NA                                                              3.40%    failed      0.03%
  71  Cpic____XP_008174438.2_uncharacterized_protein_LOC103306841__Chrysemys_picta_bellii_                              0.00%    failed      0.00%
  72  Tgut____ENSTGUG00000017462.1_ENSTGUT00000018148.1_NA                                                              5.28%    failed      0.00%
  73  Lafr_____ENSLAFG00000031653.1_ENSLAFT00000025396.1_NA                                                             2.08%    failed      0.28%
  74  Tgut____ENSTGUG00000000081.1_ENSTGUT00000000083.1_NA                                                             10.57%    failed      0.01%
  75  Nleu____XP_012364874.1_PREDICTED__zinc_finger_protein_729_isoform_X3__Nomascus_leucogenys_                        8.30%    failed      0.00%
  76  Oorc____XP_012386849.1_PREDICTED__zinc_finger_protein_850-like__Orcinus_orca_                                     0.00%    failed      0.27%
  77  Cmyd____XP_027689130.1_zinc_finger_protein_850-like__Chelonia_mydas_                                              3.77%    failed      0.03%
  78  Acar_____ENSACAG00000005094.2_ENSACAT00000024123.1_NA                                                             0.00%    failed      0.00%
  79  Npar____Npar_R005077                                                                                              4.91%    failed      0.00%
  80  Mdom____ENSMODG00000023030.2_ENSMODT00000029500.1_NA                                                              2.83%    failed      0.00%
  81  Lobl____XP_026944086.1_zinc_finger_protein_850_isoform_X5__Lagenorhynchus_obliquidens_                            1.51%    failed      4.50%
  82  Mmus____ENSMUSG00000068959.6_ENSMUST00000108015.3_Zfp619                                                          0.38%    failed      0.07%
  83  Mleu____XP_011835084.1_PREDICTED__LOW_QUALITY_PROTEIN__zinc_finger_protein_845-like__Mandrillus_leucophaeus_      5.47%    failed      0.00%
  84  Npar____Npar_R011610                                                                                              0.00%    failed      0.01%
  85  Cfam____ENSCAFG00000023499.3_ENSCAFT00000049557.2_NA                                                              4.91%    failed      0.00%
  86  Nleu____XP_012364875.1_PREDICTED__putative_zinc_finger_protein_724_isoform_X1__Nomascus_leucogenys_               4.72%    failed      0.00%
  87  Ebur____ENSEBUG00000015576_ENSEBUT00000025826_NA                                                                  1.32%    failed      0.00%
  88  Xtro____ENSXETG00000023997_ENSXETT00000051769_NA                                                                  0.00%    failed      0.26%
  89  Lvex____XP_007471100.1_PREDICTED__zinc_finger_protein_850-like_isoform_X1__Lipotes_vexillifer_                    0.00%    failed      0.01%
  90  Psin____ENSPSIG00000001610.1_ENSPSIT00000001610.1_NA                                                             22.83%    passed     15.28%
  91  Oorc____XP_012393830.1_PREDICTED__zinc_finger_protein_208_isoform_X1__Orcinus_orca_                               0.00%    failed      0.00%
  92  Mdom____ENSMODG00000023481.2_ENSMODT00000013530.2_NA                                                             21.32%    failed      0.00%
  93  Lvex____XP_007457524.1_PREDICTED__zinc_finger_protein_470__Lipotes_vexillifer_                                    0.94%    failed      2.34%
****  TOTAL                                                                                                             7.27%  84 sequences failed composition chi2 test (p-value<5%; df=19)
NOTE: Hsap_____ENSG00000179930_ENST00000339948_ZNF648 is identical to Hsap_unidentified_Zinc_Protein but kept for subsequent analysis

Create initial parsimony tree by phylogenetic likelihood library (PLL)... 0.034 seconds
Generating 1000 samples for ultrafast bootstrap (seed: 454287)...

NOTE: 33 MB RAM (0 GB) is required!
Estimate model parameters (epsilon = 0.100)
1. Initial log-likelihood: -49825.558
2. Current log-likelihood: -49043.485
3. Current log-likelihood: -49038.236
4. Current log-likelihood: -49038.045
Optimal log-likelihood: -49037.978
Gamma shape alpha: 0.918
Parameters optimization took 4 rounds (2.285 sec)
Computing ML distances based on estimated model parameters... 2.046 sec
Computing BIONJ tree...
0.004 seconds
Log-likelihood of BIONJ tree: -48912.947
--------------------------------------------------------------------
|             INITIALIZING CANDIDATE TREE SET                      |
--------------------------------------------------------------------
Generating 98 parsimony trees... 3.928 second
Computing log-likelihood of 98 initial trees ... 26.962 seconds
Current best score: -48912.947

Do NNI search on 20 best initial trees
Estimate model parameters (epsilon = 0.100)
BETTER TREE FOUND at iteration 1: -48751.948
Iteration 10 / LogL: -48810.813 / Time: 0h:1m:14s
Iteration 20 / LogL: -48827.764 / Time: 0h:1m:51s
Finish initializing candidate tree set (20)
Current best tree score: -48751.948 / CPU time: 106.253
Number of iterations: 20
--------------------------------------------------------------------
|               OPTIMIZING CANDIDATE TREE SET                      |
--------------------------------------------------------------------
Iteration 30 / LogL: -48782.552 / Time: 0h:2m:29s (0h:6m:5s left)
Estimate model parameters (epsilon = 0.100)
BETTER TREE FOUND at iteration 34: -48730.267
Estimate model parameters (epsilon = 0.100)
BETTER TREE FOUND at iteration 37: -48728.635
Iteration 40 / LogL: -48738.888 / Time: 0h:3m:8s (0h:7m:48s left)
Estimate model parameters (epsilon = 0.100)
BETTER TREE FOUND at iteration 44: -48723.718
Estimate model parameters (epsilon = 0.100)
BETTER TREE FOUND at iteration 46: -48719.847
Iteration 50 / LogL: -48722.781 / Time: 0h:3m:47s (0h:7m:26s left)
Estimate model parameters (epsilon = 0.100)
BETTER TREE FOUND at iteration 54: -48713.801
Iteration 60 / LogL: -48717.078 / Time: 0h:4m:26s (0h:7m:5s left)
Estimate model parameters (epsilon = 0.100)
BETTER TREE FOUND at iteration 61: -48713.380
Estimate model parameters (epsilon = 0.100)
BETTER TREE FOUND at iteration 64: -48708.427
Estimate model parameters (epsilon = 0.100)
BETTER TREE FOUND at iteration 67: -48706.888
Iteration 70 / LogL: -48707.275 / Time: 0h:5m:6s (0h:7m:10s left)
Estimate model parameters (epsilon = 0.100)
BETTER TREE FOUND at iteration 71: -48702.999
Estimate model parameters (epsilon = 0.100)
BETTER TREE FOUND at iteration 73: -48700.882
Estimate model parameters (epsilon = 0.100)
BETTER TREE FOUND at iteration 76: -48699.520
Iteration 80 / LogL: -48732.503 / Time: 0h:5m:45s (0h:6m:59s left)
Iteration 90 / LogL: -48710.906 / Time: 0h:6m:20s (0h:6m:7s left)
Estimate model parameters (epsilon = 0.100)
BETTER TREE FOUND at iteration 91: -48696.108
Iteration 100 / LogL: -48699.340 / Time: 0h:6m:59s (0h:6m:25s left)
Estimate model parameters (epsilon = 0.100)
BETTER TREE FOUND at iteration 106: -48695.861
Iteration 110 / LogL: -48696.095 / Time: 0h:7m:39s (0h:6m:44s left)
Iteration 120 / LogL: -48704.704 / Time: 0h:8m:18s (0h:5m:59s left)
Estimate model parameters (epsilon = 0.100)
BETTER TREE FOUND at iteration 128: -48694.406
Iteration 130 / LogL: -48701.342 / Time: 0h:8m:56s (0h:6m:47s left)
Iteration 140 / LogL: -48706.782 / Time: 0h:9m:37s (0h:6m:5s left)
Iteration 150 / LogL: -48707.779 / Time: 0h:10m:15s (0h:5m:22s left)
Iteration 160 / LogL: -48695.509 / Time: 0h:10m:55s (0h:4m:40s left)
Estimate model parameters (epsilon = 0.100)
BETTER TREE FOUND at iteration 161: -48694.191
Estimate model parameters (epsilon = 0.100)
BETTER TREE FOUND at iteration 162: -48693.199
Iteration 170 / LogL: -48722.842 / Time: 0h:11m:32s (0h:6m:17s left)
Iteration 180 / LogL: -48703.750 / Time: 0h:12m:9s (0h:5m:34s left)
Iteration 190 / LogL: -48695.536 / Time: 0h:12m:50s (0h:4m:53s left)
Estimate model parameters (epsilon = 0.100)
BETTER TREE FOUND at iteration 200: -48692.467
Iteration 200 / LogL: -48692.467 / Time: 0h:13m:26s (0h:6m:45s left)
Iteration 210 / LogL: -48695.402 / Time: 0h:14m:6s (0h:6m:4s left)
Estimate model parameters (epsilon = 0.100)
BETTER TREE FOUND at iteration 217: -48692.239
Iteration 220 / LogL: -48699.068 / Time: 0h:14m:42s (0h:6m:30s left)
Estimate model parameters (epsilon = 0.100)
BETTER TREE FOUND at iteration 223: -48690.803
Estimate model parameters (epsilon = 0.100)
BETTER TREE FOUND at iteration 230: -48690.122
Iteration 230 / LogL: -48690.122 / Time: 0h:15m:19s (0h:6m:41s left)
Estimate model parameters (epsilon = 0.100)
BETTER TREE FOUND at iteration 238: -48689.490
Iteration 240 / LogL: -48754.855 / Time: 0h:15m:57s (0h:6m:32s left)
Estimate model parameters (epsilon = 0.100)
BETTER TREE FOUND at iteration 248: -48687.461
Iteration 250 / LogL: -48689.525 / Time: 0h:16m:35s (0h:6m:31s left)
Iteration 260 / LogL: -48688.129 / Time: 0h:17m:13s (0h:5m:51s left)
Iteration 270 / LogL: -48687.557 / Time: 0h:17m:52s (0h:5m:10s left)
Iteration 280 / LogL: -48691.820 / Time: 0h:18m:30s (0h:4m:30s left)
Iteration 290 / LogL: -48690.942 / Time: 0h:19m:3s (0h:3m:49s left)
Iteration 300 / LogL: -48978.145 / Time: 0h:19m:45s (0h:3m:10s left)
Iteration 310 / LogL: -48705.731 / Time: 0h:20m:22s (0h:2m:30s left)
Estimate model parameters (epsilon = 0.100)
BETTER TREE FOUND at iteration 313: -48687.413
Iteration 320 / LogL: -48703.386 / Time: 0h:20m:57s (0h:6m:6s left)
UPDATE BEST LOG-LIKELIHOOD: -48687.413
Iteration 330 / LogL: -48696.080 / Time: 0h:21m:36s (0h:5m:27s left)
Iteration 340 / LogL: -48702.074 / Time: 0h:22m:12s (0h:4m:47s left)
Iteration 350 / LogL: -48687.605 / Time: 0h:22m:51s (0h:4m:7s left)
Iteration 360 / LogL: -48688.136 / Time: 0h:23m:29s (0h:3m:28s left)
Iteration 370 / LogL: -48687.433 / Time: 0h:24m:10s (0h:2m:49s left)
Iteration 380 / LogL: -48717.161 / Time: 0h:24m:48s (0h:2m:9s left)
Iteration 390 / LogL: -48689.542 / Time: 0h:25m:28s (0h:1m:30s left)
Iteration 400 / LogL: -48688.695 / Time: 0h:26m:7s (0h:0m:51s left)
Iteration 410 / LogL: -48687.649 / Time: 0h:26m:43s (0h:0m:11s left)
Refining ufboot trees with NNI...
100 samples done
200 samples done
300 samples done
400 samples done
500 samples done
600 samples done
700 samples done
800 samples done
900 samples done
1000 samples done
Total 1000 ufboot trees refined
TREE SEARCH COMPLETED AFTER 414 ITERATIONS / Time: 0h:39m:17s

--------------------------------------------------------------------
|                    FINALIZING TREE SEARCH                        |
--------------------------------------------------------------------
Performs final model parameters optimization
Estimate model parameters (epsilon = 0.010)
1. Initial log-likelihood: -48687.413
Optimal log-likelihood: -48687.413
Gamma shape alpha: 0.944
Parameters optimization took 1 rounds (0.413 sec)
BEST SCORE FOUND : -48687.413
Creating bootstrap support values...
Split supports printed to NEXUS file zinctrim.fa.splits.nex
Total tree length: 24.181

Total number of iterations: 414
CPU time used for tree search: 2345.426 sec (0h:39m:5s)
Wall-clock time used for tree search: 2351.803 sec (0h:39m:11s)
Total CPU time used: 2351.717 sec (0h:39m:11s)
Total wall-clock time used: 2358.151 sec (0h:39m:18s)
UFBoot trees printed to zinctrim.fa.ufboot

Computing bootstrap consensus tree...
Reading input file zinctrim.fa.splits.nex...
93 taxa and 1260 splits.
Consensus tree written to zinctrim.fa.contree
Reading input trees file zinctrim.fa.contree
Log-likelihood of consensus tree: -48689.492

Analysis results written to: 
  IQ-TREE report:                zinctrim.fa.iqtree
  Maximum-likelihood tree:       zinctrim.fa.treefile
  Likelihood distances:          zinctrim.fa.mldist

Ultrafast bootstrap approximation results written to:
  Split support values:          zinctrim.fa.splits.nex
  Consensus tree:                zinctrim.fa.contree
  UFBoot trees:                  zinctrim.fa.ufboot
  Screen log file:               zinctrim.fa.log

Date and Time: Tue Jul  2 13:38:05 2019
