IQ-TREE multicore version 1.6.1 for Linux 64-bit built Feb 16 2018
Developed by Bui Quang Minh, Nguyen Lam Tung, Olga Chernomor,
Heiko Schmidt, Dominik Schrempf, Michael Woodhams.

Host:    it038094 (AVX2, FMA3, 15 GB RAM)
Command: iqtree -s mafftblastzincbmge.fa -m LG+G+F -bb 1000 -bnni -wbtl
Seed:    815745 (Using SPRNG - Scalable Parallel Random Number Generator)
Time:    Thu Jul  4 16:40:20 2019
Kernel:  AVX+FMA - 1 threads (4 CPU cores detected)

HINT: Use -nt option to specify number of threads because your CPU has 4 cores!
HINT: -nt AUTO will automatically determine the best number of threads to use.

Reading alignment file mafftblastzincbmge.fa ... Fasta format detected
Alignment most likely contains protein sequences
Alignment has 100 sequences with 592 columns, 590 distinct patterns
530 parsimony-informative, 44 singleton sites, 18 constant sites
WARNING: Some sequence names are changed as follows:
Homo_sapiens____homonina_XP_006722943.1_zinc_finger_protein_91_isoform_X3_[Homo_sapiens] -> Homo_sapiens____homonina_XP_006722943.1_zinc_finger_protein_91_isoform_X3__Homo_sapiens_
Loxodonta_africana____afrotheria_XP_023399395.1_zinc_finger_protein_271-like_[Loxodonta_africana] -> Loxodonta_africana____afrotheria_XP_023399395.1_zinc_finger_protein_271-like__Loxodonta_africana_
Dasypus_novemcinctus____xenarthra_XP_012375896.1_zinc_finger_protein_836-like_[Dasypus_novemcinctus] -> Dasypus_novemcinctus____xenarthra_XP_012375896.1_zinc_finger_protein_836-like__Dasypus_novemcinctus_
Balaenoptera_acutorostrata____cetartiodactyla_XP_028018889.1_zinc_finger_protein_45_[Balaenoptera_acutorostrata_scammoni] -> Balaenoptera_acutorostrata____cetartiodactyla_XP_028018889.1_zinc_finger_protein_45__Balaenoptera_acutorostrata_scammoni_
Panthera_tigris____carnivora_XP_015399575.1_PREDICTED:_zinc_finger_protein_850_isoform_X1_[Panthera_tigris_altaica] -> Panthera_tigris____carnivora_XP_015399575.1_PREDICTED__zinc_finger_protein_850_isoform_X1__Panthera_tigris_altaica_
Carlito_syrichta____tarsiidae_XP_021565913.1_zinc_finger_protein_208-like_[Carlito_syrichta] -> Carlito_syrichta____tarsiidae_XP_021565913.1_zinc_finger_protein_208-like__Carlito_syrichta_
Ursus_arctos____carnivora_XP_026338220.1_LOW_QUALITY_PROTEIN:_zinc_finger_protein_573_[Ursus_arctos_horribilis] -> Ursus_arctos____carnivora_XP_026338220.1_LOW_QUALITY_PROTEIN__zinc_finger_protein_573__Ursus_arctos_horribilis_
Balaenoptera_acutorostrata____cetartiodactyla_XP_028021489.1_LOW_QUALITY_PROTEIN:_zinc_finger_protein_850-like_[Balaenoptera_acutorostrata_scammoni] -> Balaenoptera_acutorostrata____cetartiodactyla_XP_028021489.1_LOW_QUALITY_PROTEIN__zinc_finger_protein_850-like__Balaenoptera_acutorostrata_scammoni_
Propithecus_coquereli____indriidae_XP_012498850.1_PREDICTED:_zinc_finger_protein_665-like_[Propithecus_coquereli] -> Propithecus_coquereli____indriidae_XP_012498850.1_PREDICTED__zinc_finger_protein_665-like__Propithecus_coquereli_
Carlito_syrichta____tarsiidae_XP_008054518.2_zinc_finger_protein_571_[Carlito_syrichta] -> Carlito_syrichta____tarsiidae_XP_008054518.2_zinc_finger_protein_571__Carlito_syrichta_
Pongo_abelii____ponginae_XP_024093056.1_zinc_finger_protein_208_isoform_X1_[Pongo_abelii] -> Pongo_abelii____ponginae_XP_024093056.1_zinc_finger_protein_208_isoform_X1__Pongo_abelii_
Mandrillus_leucophaeus____cercopithecoidea_XP_011855059.1_PREDICTED:_zinc_finger_protein_91-like_[Mandrillus_leucophaeus] -> Mandrillus_leucophaeus____cercopithecoidea_XP_011855059.1_PREDICTED__zinc_finger_protein_91-like__Mandrillus_leucophaeus_
Otolemur_garnettii____lorisoidea_XP_023372667.1_zinc_finger_protein_607_[Otolemur_garnettii] -> Otolemur_garnettii____lorisoidea_XP_023372667.1_zinc_finger_protein_607__Otolemur_garnettii_
Galeopterus_variegatus____dermoptera_XP_008588630.1_PREDICTED:_LOW_QUALITY_PROTEIN:_zinc_finger_protein_420-like_[Galeopterus_variegatus] -> Galeopterus_variegatus____dermoptera_XP_008588630.1_PREDICTED__LOW_QUALITY_PROTEIN__zinc_finger_protein_420-like__Galeopterus_variegatus_
Otolemur_garnettii____lorisoidea_XP_023372666.1_zinc_finger_protein_850-like,_partial_[Otolemur_garnettii] -> Otolemur_garnettii____lorisoidea_XP_023372666.1_zinc_finger_protein_850-like__partial__Otolemur_garnettii_
Dasypus_novemcinctus____xenarthra_XP_023444636.1_LOW_QUALITY_PROTEIN:_zinc_finger_protein_571_[Dasypus_novemcinctus] -> Dasypus_novemcinctus____xenarthra_XP_023444636.1_LOW_QUALITY_PROTEIN__zinc_finger_protein_571__Dasypus_novemcinctus_
Mandrillus_leucophaeus____cercopithecoidea_XP_011858019.1_PREDICTED:_zinc_finger_protein_648_[Mandrillus_leucophaeus] -> Mandrillus_leucophaeus____cercopithecoidea_XP_011858019.1_PREDICTED__zinc_finger_protein_648__Mandrillus_leucophaeus_
Homo_sapiens____homonina_NP_003421.2_zinc_finger_protein_91_isoform_1_[Homo_sapiens] -> Homo_sapiens____homonina_NP_003421.2_zinc_finger_protein_91_isoform_1__Homo_sapiens_
Erinaceus_europaeus____eulipotyphla_XP_016049861.1_PREDICTED:_LOW_QUALITY_PROTEIN:_uncharacterized_protein_LOC103126390_[Erinaceus_europaeus] -> Erinaceus_europaeus____eulipotyphla_XP_016049861.1_PREDICTED__LOW_QUALITY_PROTEIN__uncharacterized_protein_LOC103126390__Erinaceus_europaeus_
Loxodonta_africana____afrotheria_XP_010586028.2_LOW_QUALITY_PROTEIN:_zinc_finger_protein_37_homolog_[Loxodonta_africana] -> Loxodonta_africana____afrotheria_XP_010586028.2_LOW_QUALITY_PROTEIN__zinc_finger_protein_37_homolog__Loxodonta_africana_
Erinaceus_europaeus____eulipotyphla_XP_016050331.1_PREDICTED:_LOW_QUALITY_PROTEIN:_zinc_finger_protein_208_[Erinaceus_europaeus] -> Erinaceus_europaeus____eulipotyphla_XP_016050331.1_PREDICTED__LOW_QUALITY_PROTEIN__zinc_finger_protein_208__Erinaceus_europaeus_
Pan_troglodytes____panina_XP_009433443.2_zinc_finger_protein_99_[Pan_troglodytes] -> Pan_troglodytes____panina_XP_009433443.2_zinc_finger_protein_99__Pan_troglodytes_
Gorilla_gorilla____gorillini_XP_018886338.1_PREDICTED:_LOW_QUALITY_PROTEIN:_zinc_finger_protein_107-like_[Gorilla_gorilla_gorilla] -> Gorilla_gorilla____gorillini_XP_018886338.1_PREDICTED__LOW_QUALITY_PROTEIN__zinc_finger_protein_107-like__Gorilla_gorilla_gorilla_
Ornithorhynchus_anatinus____monotrememata_XP_028929209.1_uncharacterized_protein_LOC100089426_isoform_X1_[Ornithorhynchus_anatinus] -> Ornithorhynchus_anatinus____monotrememata_XP_028929209.1_uncharacterized_protein_LOC100089426_isoform_X1__Ornithorhynchus_anatinus_
Tupaia_chinensis____scandentia_XP_027624595.1_zinc_finger_protein_197_isoform_X3_[Tupaia_chinensis] -> Tupaia_chinensis____scandentia_XP_027624595.1_zinc_finger_protein_197_isoform_X3__Tupaia_chinensis_
Mandrillus_leucophaeus____cercopithecoidea_XP_011840165.1_PREDICTED:_LOW_QUALITY_PROTEIN:_zinc_finger_protein_850_[Mandrillus_leucophaeus] -> Mandrillus_leucophaeus____cercopithecoidea_XP_011840165.1_PREDICTED__LOW_QUALITY_PROTEIN__zinc_finger_protein_850__Mandrillus_leucophaeus_
Oryctolagus_cuniculus____lagomorpha_XP_017194014.1_PREDICTED:_LOW_QUALITY_PROTEIN:_zinc_finger_protein_470_[Oryctolagus_cuniculus] -> Oryctolagus_cuniculus____lagomorpha_XP_017194014.1_PREDICTED__LOW_QUALITY_PROTEIN__zinc_finger_protein_470__Oryctolagus_cuniculus_
Equus_caballus____perissodactyla_XP_023477056.1_zinc_finger_protein_850_[Equus_caballus] -> Equus_caballus____perissodactyla_XP_023477056.1_zinc_finger_protein_850__Equus_caballus_
Dasypus_novemcinctus____xenarthra_XP_012381290.1_zinc_finger_protein_665-like_[Dasypus_novemcinctus] -> Dasypus_novemcinctus____xenarthra_XP_012381290.1_zinc_finger_protein_665-like__Dasypus_novemcinctus_
Cebus_capucinus____platyrrhini_XP_017379964.1_PREDICTED:_LOW_QUALITY_PROTEIN:_zinc_finger_protein_648_[Cebus_capucinus_imitator] -> Cebus_capucinus____platyrrhini_XP_017379964.1_PREDICTED__LOW_QUALITY_PROTEIN__zinc_finger_protein_648__Cebus_capucinus_imitator_
Phascolarctos_cinereus____metatheria_XP_020827824.1_zinc_finger_protein_208-like_[Phascolarctos_cinereus] -> Phascolarctos_cinereus____metatheria_XP_020827824.1_zinc_finger_protein_208-like__Phascolarctos_cinereus_
Pan_troglodytes____panina_XP_024207564.1_zinc_finger_protein_91_isoform_X2_[Pan_troglodytes] -> Pan_troglodytes____panina_XP_024207564.1_zinc_finger_protein_91_isoform_X2__Pan_troglodytes_
Oryctolagus_cuniculus____lagomorpha_XP_017194024.1_PREDICTED:_LOW_QUALITY_PROTEIN:_zinc_finger_protein_585A-like,_partial_[Oryctolagus_cuniculus] -> Oryctolagus_cuniculus____lagomorpha_XP_017194024.1_PREDICTED__LOW_QUALITY_PROTEIN__zinc_finger_protein_585A-like__partial__Oryctolagus_cuniculus_
Ornithorhynchus_anatinus____monotrememata_XP_028929208.1_uncharacterized_protein_LOC100089426_isoform_X1_[Ornithorhynchus_anatinus] -> Ornithorhynchus_anatinus____monotrememata_XP_028929208.1_uncharacterized_protein_LOC100089426_isoform_X1__Ornithorhynchus_anatinus_
Pongo_abelii____ponginae_XP_024093053.1_LOW_QUALITY_PROTEIN:_zinc_finger_protein_729_[Pongo_abelii] -> Pongo_abelii____ponginae_XP_024093053.1_LOW_QUALITY_PROTEIN__zinc_finger_protein_729__Pongo_abelii_
Pan_troglodytes____panina_XP_024207565.1_zinc_finger_protein_91_isoform_X3_[Pan_troglodytes] -> Pan_troglodytes____panina_XP_024207565.1_zinc_finger_protein_91_isoform_X3__Pan_troglodytes_
Galeopterus_variegatus____dermoptera_XP_008584848.1_PREDICTED:_zinc_finger_protein_160-like_[Galeopterus_variegatus] -> Galeopterus_variegatus____dermoptera_XP_008584848.1_PREDICTED__zinc_finger_protein_160-like__Galeopterus_variegatus_
Homo_sapiens____homonina_NP_001287880.1_zinc_finger_protein_91_isoform_2_[Homo_sapiens] -> Homo_sapiens____homonina_NP_001287880.1_zinc_finger_protein_91_isoform_2__Homo_sapiens_
Tupaia_chinensis____scandentia_XP_027623402.1_zinc_finger_protein_850_isoform_X4_[Tupaia_chinensis] -> Tupaia_chinensis____scandentia_XP_027623402.1_zinc_finger_protein_850_isoform_X4__Tupaia_chinensis_
Oryctolagus_cuniculus____lagomorpha_XP_017197911.1_PREDICTED:_zinc_finger_protein_850_isoform_X3_[Oryctolagus_cuniculus] -> Oryctolagus_cuniculus____lagomorpha_XP_017197911.1_PREDICTED__zinc_finger_protein_850_isoform_X3__Oryctolagus_cuniculus_
Cebus_capucinus____platyrrhini_XP_017380788.1_PREDICTED:_LOW_QUALITY_PROTEIN:_zinc_finger_protein_681-like_[Cebus_capucinus_imitator] -> Cebus_capucinus____platyrrhini_XP_017380788.1_PREDICTED__LOW_QUALITY_PROTEIN__zinc_finger_protein_681-like__Cebus_capucinus_imitator_
Mus_musculus____rodentia_NP_898969.2_uncharacterized_protein_LOC212281_[Mus_musculus] -> Mus_musculus____rodentia_NP_898969.2_uncharacterized_protein_LOC212281__Mus_musculus_
Phascolarctos_cinereus____metatheria_XP_020827828.1_zinc_finger_protein_208-like_[Phascolarctos_cinereus] -> Phascolarctos_cinereus____metatheria_XP_020827828.1_zinc_finger_protein_208-like__Phascolarctos_cinereus_
Ursus_arctos____carnivora_XP_026344621.1_zinc_finger_protein_250_isoform_X4_[Ursus_arctos_horribilis] -> Ursus_arctos____carnivora_XP_026344621.1_zinc_finger_protein_250_isoform_X4__Ursus_arctos_horribilis_
Balaenoptera_acutorostrata____cetartiodactyla_XP_007175460.2_LOW_QUALITY_PROTEIN:_zinc_finger_protein_208_[Balaenoptera_acutorostrata_scammoni] -> Balaenoptera_acutorostrata____cetartiodactyla_XP_007175460.2_LOW_QUALITY_PROTEIN__zinc_finger_protein_208__Balaenoptera_acutorostrata_scammoni_
Propithecus_coquereli____indriidae_XP_012503418.1_PREDICTED:_zinc_finger_protein_252-like_[Propithecus_coquereli] -> Propithecus_coquereli____indriidae_XP_012503418.1_PREDICTED__zinc_finger_protein_252-like__Propithecus_coquereli_
Otolemur_garnettii____lorisoidea_XP_012669420.1_LOW_QUALITY_PROTEIN:_zinc_finger_protein_493-like_[Otolemur_garnettii] -> Otolemur_garnettii____lorisoidea_XP_012669420.1_LOW_QUALITY_PROTEIN__zinc_finger_protein_493-like__Otolemur_garnettii_
Oryctolagus_cuniculus____lagomorpha_XP_017195407.1_PREDICTED:_zinc_finger_protein_260-like_isoform_X3_[Oryctolagus_cuniculus] -> Oryctolagus_cuniculus____lagomorpha_XP_017195407.1_PREDICTED__zinc_finger_protein_260-like_isoform_X3__Oryctolagus_cuniculus_
Galeopterus_variegatus____dermoptera_XP_008582201.1_PREDICTED:_LOW_QUALITY_PROTEIN:_zinc_finger_protein_420-like_[Galeopterus_variegatus] -> Galeopterus_variegatus____dermoptera_XP_008582201.1_PREDICTED__LOW_QUALITY_PROTEIN__zinc_finger_protein_420-like__Galeopterus_variegatus_
Nomascus_leucogenys____hylobatidae_XP_012360600.1_PREDICTED:_LOW_QUALITY_PROTEIN:_zinc_finger_protein_91-like_[Nomascus_leucogenys] -> Nomascus_leucogenys____hylobatidae_XP_012360600.1_PREDICTED__LOW_QUALITY_PROTEIN__zinc_finger_protein_91-like__Nomascus_leucogenys_
Pongo_abelii____ponginae_XP_009231287.1_zinc_finger_protein_836_isoform_X2_[Pongo_abelii] -> Pongo_abelii____ponginae_XP_009231287.1_zinc_finger_protein_836_isoform_X2__Pongo_abelii_
Cebus_capucinus____platyrrhini_XP_017362132.1_PREDICTED:_zinc_finger_protein_850_[Cebus_capucinus_imitator] -> Cebus_capucinus____platyrrhini_XP_017362132.1_PREDICTED__zinc_finger_protein_850__Cebus_capucinus_imitator_
Tupaia_chinensis____scandentia_XP_014438393.2_zinc_finger_protein_45_isoform_X4_[Tupaia_chinensis] -> Tupaia_chinensis____scandentia_XP_014438393.2_zinc_finger_protein_45_isoform_X4__Tupaia_chinensis_
Ornithorhynchus_anatinus____monotrememata_XP_028929210.1_uncharacterized_protein_LOC100089426_isoform_X1_[Ornithorhynchus_anatinus] -> Ornithorhynchus_anatinus____monotrememata_XP_028929210.1_uncharacterized_protein_LOC100089426_isoform_X1__Ornithorhynchus_anatinus_
Erinaceus_europaeus____eulipotyphla_XP_016049862.1_PREDICTED:_zinc_finger_protein_850_isoform_X1_[Erinaceus_europaeus] -> Erinaceus_europaeus____eulipotyphla_XP_016049862.1_PREDICTED__zinc_finger_protein_850_isoform_X1__Erinaceus_europaeus_
Panthera_tigris____carnivora_XP_007094057.2_PREDICTED:_LOW_QUALITY_PROTEIN:_zinc_finger_protein_160_[Panthera_tigris_altaica] -> Panthera_tigris____carnivora_XP_007094057.2_PREDICTED__LOW_QUALITY_PROTEIN__zinc_finger_protein_160__Panthera_tigris_altaica_
Pongo_abelii____ponginae_XP_024093060.1_zinc_finger_protein_91-like_[Pongo_abelii] -> Pongo_abelii____ponginae_XP_024093060.1_zinc_finger_protein_91-like__Pongo_abelii_
Nomascus_leucogenys____hylobatidae_XP_012364875.1_PREDICTED:_putative_zinc_finger_protein_724_isoform_X1_[Nomascus_leucogenys] -> Nomascus_leucogenys____hylobatidae_XP_012364875.1_PREDICTED__putative_zinc_finger_protein_724_isoform_X1__Nomascus_leucogenys_
Mus_musculus____rodentia_XP_017174659.1_PREDICTED:_KRAB_box_and_zinc_finger,_C2H2_type_domain_containing_isoform_X1_[Mus_musculus] -> Mus_musculus____rodentia_XP_017174659.1_PREDICTED__KRAB_box_and_zinc_finger__C2H2_type_domain_containing_isoform_X1__Mus_musculus_
Pteropus_vampyrus____chiroptera_XP_011380014.2_zinc_finger_protein_160_isoform_X10_[Pteropus_vampyrus] -> Pteropus_vampyrus____chiroptera_XP_011380014.2_zinc_finger_protein_160_isoform_X10__Pteropus_vampyrus_
Panthera_tigris____carnivora_XP_015394985.1_PREDICTED:_zinc_finger_protein_227_isoform_X7_[Panthera_tigris_altaica] -> Panthera_tigris____carnivora_XP_015394985.1_PREDICTED__zinc_finger_protein_227_isoform_X7__Panthera_tigris_altaica_
Phascolarctos_cinereus____metatheria_XP_020827827.1_zinc_finger_protein_208-like_[Phascolarctos_cinereus] -> Phascolarctos_cinereus____metatheria_XP_020827827.1_zinc_finger_protein_208-like__Phascolarctos_cinereus_
Orycteropus_afer____afrotheria_XP_007955524.1_PREDICTED:_zinc_finger_protein_208-like_[Orycteropus_afer_afer] -> Orycteropus_afer____afrotheria_XP_007955524.1_PREDICTED__zinc_finger_protein_208-like__Orycteropus_afer_afer_
Loxodonta_africana____afrotheria_XP_023399391.1_zinc_finger_protein_420-like_isoform_X3_[Loxodonta_africana] -> Loxodonta_africana____afrotheria_XP_023399391.1_zinc_finger_protein_420-like_isoform_X3__Loxodonta_africana_
Otolemur_garnettii____lorisoidea_XP_023372263.1_LOW_QUALITY_PROTEIN:_zinc_finger_protein_582_[Otolemur_garnettii] -> Otolemur_garnettii____lorisoidea_XP_023372263.1_LOW_QUALITY_PROTEIN__zinc_finger_protein_582__Otolemur_garnettii_
Mus_musculus____rodentia_NP_001004139.2_zinc_finger_protein_91_[Mus_musculus] -> Mus_musculus____rodentia_NP_001004139.2_zinc_finger_protein_91__Mus_musculus_
Gorilla_gorilla____gorillini_XP_018870377.1_PREDICTED:_LOW_QUALITY_PROTEIN:_putative_zinc_finger_protein_724_[Gorilla_gorilla_gorilla] -> Gorilla_gorilla____gorillini_XP_018870377.1_PREDICTED__LOW_QUALITY_PROTEIN__putative_zinc_finger_protein_724__Gorilla_gorilla_gorilla_
Equus_caballus____perissodactyla_XP_023505182.1_zinc_finger_protein_845_[Equus_caballus] -> Equus_caballus____perissodactyla_XP_023505182.1_zinc_finger_protein_845__Equus_caballus_
Orycteropus_afer____afrotheria_XP_007952454.1_PREDICTED:_zinc_finger_protein_62_homolog_[Orycteropus_afer_afer] -> Orycteropus_afer____afrotheria_XP_007952454.1_PREDICTED__zinc_finger_protein_62_homolog__Orycteropus_afer_afer_
Pteropus_vampyrus____chiroptera_XP_023382457.1_zinc_finger_protein_665-like_isoform_X4_[Pteropus_vampyrus] -> Pteropus_vampyrus____chiroptera_XP_023382457.1_zinc_finger_protein_665-like_isoform_X4__Pteropus_vampyrus_
Equus_caballus____perissodactyla_XP_023505597.1_zinc_finger_protein_234_isoform_X9_[Equus_caballus] -> Equus_caballus____perissodactyla_XP_023505597.1_zinc_finger_protein_234_isoform_X9__Equus_caballus_
Dasypus_novemcinctus____xenarthra_XP_023444483.1_LOW_QUALITY_PROTEIN:_zinc_finger_protein_729_[Dasypus_novemcinctus] -> Dasypus_novemcinctus____xenarthra_XP_023444483.1_LOW_QUALITY_PROTEIN__zinc_finger_protein_729__Dasypus_novemcinctus_
Gorilla_gorilla____gorillini_XP_018870402.1_PREDICTED:_zinc_finger_protein_729_[Gorilla_gorilla_gorilla] -> Gorilla_gorilla____gorillini_XP_018870402.1_PREDICTED__zinc_finger_protein_729__Gorilla_gorilla_gorilla_
Homo_sapiens____homonina_XP_011526568.1_zinc_finger_protein_91_isoform_X3_[Homo_sapiens] -> Homo_sapiens____homonina_XP_011526568.1_zinc_finger_protein_91_isoform_X3__Homo_sapiens_
Ursus_arctos____carnivora_XP_026345846.1_uncharacterized_protein_LOC113248539_[Ursus_arctos_horribilis] -> Ursus_arctos____carnivora_XP_026345846.1_uncharacterized_protein_LOC113248539__Ursus_arctos_horribilis_
Equus_caballus____perissodactyla_XP_023507076.1_zinc_finger_protein_420_isoform_X12_[Equus_caballus] -> Equus_caballus____perissodactyla_XP_023507076.1_zinc_finger_protein_420_isoform_X12__Equus_caballus_
Orycteropus_afer____afrotheria_XP_007943866.1_PREDICTED:_zinc_finger_protein_271-like_[Orycteropus_afer_afer] -> Orycteropus_afer____afrotheria_XP_007943866.1_PREDICTED__zinc_finger_protein_271-like__Orycteropus_afer_afer_
Tupaia_chinensis____scandentia_XP_014448421.1_LOW_QUALITY_PROTEIN:_zinc_finger_protein_208_[Tupaia_chinensis] -> Tupaia_chinensis____scandentia_XP_014448421.1_LOW_QUALITY_PROTEIN__zinc_finger_protein_208__Tupaia_chinensis_
Loxodonta_africana____afrotheria_XP_023399654.1_zinc_finger_protein_850_isoform_X3_[Loxodonta_africana] -> Loxodonta_africana____afrotheria_XP_023399654.1_zinc_finger_protein_850_isoform_X3__Loxodonta_africana_
Carlito_syrichta____tarsiidae_XP_008061486.1_LOW_QUALITY_PROTEIN:_zinc_finger_protein_648_[Carlito_syrichta] -> Carlito_syrichta____tarsiidae_XP_008061486.1_LOW_QUALITY_PROTEIN__zinc_finger_protein_648__Carlito_syrichta_
Nomascus_leucogenys____hylobatidae_XP_012364883.1_PREDICTED:_LOW_QUALITY_PROTEIN:_zinc_finger_protein_729-like_[Nomascus_leucogenys] -> Nomascus_leucogenys____hylobatidae_XP_012364883.1_PREDICTED__LOW_QUALITY_PROTEIN__zinc_finger_protein_729-like__Nomascus_leucogenys_
Mus_musculus____rodentia_NP_001156718.1_zinc_finger_protein_[Mus_musculus] -> Mus_musculus____rodentia_NP_001156718.1_zinc_finger_protein__Mus_musculus_
Orycteropus_afer____afrotheria_XP_007943789.1_PREDICTED:_zinc_finger_protein_286A_[Orycteropus_afer_afer] -> Orycteropus_afer____afrotheria_XP_007943789.1_PREDICTED__zinc_finger_protein_286A__Orycteropus_afer_afer_
Pan_troglodytes____panina_XP_024207563.1_zinc_finger_protein_91_isoform_X2_[Pan_troglodytes] -> Pan_troglodytes____panina_XP_024207563.1_zinc_finger_protein_91_isoform_X2__Pan_troglodytes_
Phascolarctos_cinereus____metatheria_XP_020827825.1_zinc_finger_protein_208-like_[Phascolarctos_cinereus] -> Phascolarctos_cinereus____metatheria_XP_020827825.1_zinc_finger_protein_208-like__Phascolarctos_cinereus_
Balaenoptera_acutorostrata____cetartiodactyla_XP_028018084.1_zinc_finger_protein_397_isoform_X2_[Balaenoptera_acutorostrata_scammoni] -> Balaenoptera_acutorostrata____cetartiodactyla_XP_028018084.1_zinc_finger_protein_397_isoform_X2__Balaenoptera_acutorostrata_scammoni_
Pteropus_vampyrus____chiroptera_XP_011380016.2_zinc_finger_protein_420_isoform_X10_[Pteropus_vampyrus] -> Pteropus_vampyrus____chiroptera_XP_011380016.2_zinc_finger_protein_420_isoform_X10__Pteropus_vampyrus_
Cebus_capucinus____platyrrhini_XP_017380786.1_PREDICTED:_LOW_QUALITY_PROTEIN:_zinc_finger_protein_254-like_[Cebus_capucinus_imitator] -> Cebus_capucinus____platyrrhini_XP_017380786.1_PREDICTED__LOW_QUALITY_PROTEIN__zinc_finger_protein_254-like__Cebus_capucinus_imitator_
Propithecus_coquereli____indriidae_XP_012498791.1_PREDICTED:_zinc_finger_protein_208-like_[Propithecus_coquereli] -> Propithecus_coquereli____indriidae_XP_012498791.1_PREDICTED__zinc_finger_protein_208-like__Propithecus_coquereli_
Propithecus_coquereli____indriidae_XP_012495439.1_PREDICTED:_zinc_finger_protein_648_[Propithecus_coquereli] -> Propithecus_coquereli____indriidae_XP_012495439.1_PREDICTED__zinc_finger_protein_648__Propithecus_coquereli_
Mandrillus_leucophaeus____cercopithecoidea_XP_011835084.1_PREDICTED:_LOW_QUALITY_PROTEIN:_zinc_finger_protein_845-like_[Mandrillus_leucophaeus] -> Mandrillus_leucophaeus____cercopithecoidea_XP_011835084.1_PREDICTED__LOW_QUALITY_PROTEIN__zinc_finger_protein_845-like__Mandrillus_leucophaeus_
Galeopterus_variegatus____dermoptera_XP_008592627.1_PREDICTED:_zinc_finger_protein_420-like_[Galeopterus_variegatus] -> Galeopterus_variegatus____dermoptera_XP_008592627.1_PREDICTED__zinc_finger_protein_420-like__Galeopterus_variegatus_
Ornithorhynchus_anatinus____monotrememata_XP_028929211.1_uncharacterized_protein_LOC100089426_isoform_X2_[Ornithorhynchus_anatinus] -> Ornithorhynchus_anatinus____monotrememata_XP_028929211.1_uncharacterized_protein_LOC100089426_isoform_X2__Ornithorhynchus_anatinus_
Carlito_syrichta____tarsiidae_XP_008066609.1_zinc_finger_protein_658B-like,_partial_[Carlito_syrichta] -> Carlito_syrichta____tarsiidae_XP_008066609.1_zinc_finger_protein_658B-like__partial__Carlito_syrichta_
Panthera_tigris____carnivora_XP_015399584.1_PREDICTED:_zinc_finger_protein_568_isoform_X4_[Panthera_tigris_altaica] -> Panthera_tigris____carnivora_XP_015399584.1_PREDICTED__zinc_finger_protein_568_isoform_X4__Panthera_tigris_altaica_
Gorilla_gorilla____gorillini_XP_018870401.1_PREDICTED:_LOW_QUALITY_PROTEIN:_zinc_finger_protein_729-like_[Gorilla_gorilla_gorilla] -> Gorilla_gorilla____gorillini_XP_018870401.1_PREDICTED__LOW_QUALITY_PROTEIN__zinc_finger_protein_729-like__Gorilla_gorilla_gorilla_
Ursus_arctos____carnivora_XP_026351966.1_zinc_finger_protein_271_isoform_X2_[Ursus_arctos_horribilis] -> Ursus_arctos____carnivora_XP_026351966.1_zinc_finger_protein_271_isoform_X2__Ursus_arctos_horribilis_
Pteropus_vampyrus____chiroptera_XP_011359924.2_zinc_finger_protein_271_isoform_X2_[Pteropus_vampyrus] -> Pteropus_vampyrus____chiroptera_XP_011359924.2_zinc_finger_protein_271_isoform_X2__Pteropus_vampyrus_
Erinaceus_europaeus____eulipotyphla_XP_016045503.1_PREDICTED:_zinc_finger_protein_665_isoform_X2_[Erinaceus_europaeus] -> Erinaceus_europaeus____eulipotyphla_XP_016045503.1_PREDICTED__zinc_finger_protein_665_isoform_X2__Erinaceus_europaeus_
Nomascus_leucogenys____hylobatidae_XP_012364870.1_PREDICTED:_LOW_QUALITY_PROTEIN:_zinc_finger_protein_208-like_[Nomascus_leucogenys] -> Nomascus_leucogenys____hylobatidae_XP_012364870.1_PREDICTED__LOW_QUALITY_PROTEIN__zinc_finger_protein_208-like__Nomascus_leucogenys_

                                                                                                                                                      Gap/Ambiguity  Composition  p-value
   1  Homo_sapiens____homonina_XP_006722943.1_zinc_finger_protein_91_isoform_X3__Homo_sapiens_                                                                5.74%    failed      0.00%
   2  Loxodonta_africana____afrotheria_XP_023399395.1_zinc_finger_protein_271-like__Loxodonta_africana_                                                       2.20%    failed      0.51%
   3  Dasypus_novemcinctus____xenarthra_XP_012375896.1_zinc_finger_protein_836-like__Dasypus_novemcinctus_                                                   14.86%    failed      0.00%
   4  Balaenoptera_acutorostrata____cetartiodactyla_XP_028018889.1_zinc_finger_protein_45__Balaenoptera_acutorostrata_scammoni_                               0.00%    failed      0.20%
   5  Panthera_tigris____carnivora_XP_015399575.1_PREDICTED__zinc_finger_protein_850_isoform_X1__Panthera_tigris_altaica_                                     4.22%    passed     97.73%
   6  Carlito_syrichta____tarsiidae_XP_021565913.1_zinc_finger_protein_208-like__Carlito_syrichta_                                                            0.00%    failed      1.09%
   7  Ursus_arctos____carnivora_XP_026338220.1_LOW_QUALITY_PROTEIN__zinc_finger_protein_573__Ursus_arctos_horribilis_                                         0.00%    passed     73.04%
   8  Balaenoptera_acutorostrata____cetartiodactyla_XP_028021489.1_LOW_QUALITY_PROTEIN__zinc_finger_protein_850-like__Balaenoptera_acutorostrata_scammoni_   33.28%    failed      1.08%
   9  Propithecus_coquereli____indriidae_XP_012498850.1_PREDICTED__zinc_finger_protein_665-like__Propithecus_coquereli_                                      32.43%    failed      0.04%
  10  Carlito_syrichta____tarsiidae_XP_008054518.2_zinc_finger_protein_571__Carlito_syrichta_                                                                 6.59%    passed     11.75%
  11  Pongo_abelii____ponginae_XP_024093056.1_zinc_finger_protein_208_isoform_X1__Pongo_abelii_                                                               0.00%    failed      0.00%
  12  Mandrillus_leucophaeus____cercopithecoidea_XP_011855059.1_PREDICTED__zinc_finger_protein_91-like__Mandrillus_leucophaeus_                              26.69%    failed      0.02%
  13  Otolemur_garnettii____lorisoidea_XP_023372667.1_zinc_finger_protein_607__Otolemur_garnettii_                                                            0.34%    passed     76.35%
  14  Galeopterus_variegatus____dermoptera_XP_008588630.1_PREDICTED__LOW_QUALITY_PROTEIN__zinc_finger_protein_420-like__Galeopterus_variegatus_               8.78%    failed      0.06%
  15  Otolemur_garnettii____lorisoidea_XP_023372666.1_zinc_finger_protein_850-like__partial__Otolemur_garnettii_                                              2.70%    passed     39.87%
  16  Dasypus_novemcinctus____xenarthra_XP_023444636.1_LOW_QUALITY_PROTEIN__zinc_finger_protein_571__Dasypus_novemcinctus_                                    8.61%    failed      1.14%
  17  Mandrillus_leucophaeus____cercopithecoidea_XP_011858019.1_PREDICTED__zinc_finger_protein_648__Mandrillus_leucophaeus_                                  35.64%    failed      0.00%
  18  Homo_sapiens____homonina_NP_003421.2_zinc_finger_protein_91_isoform_1__Homo_sapiens_                                                                    0.51%    failed      0.00%
  19  Erinaceus_europaeus____eulipotyphla_XP_016049861.1_PREDICTED__LOW_QUALITY_PROTEIN__uncharacterized_protein_LOC103126390__Erinaceus_europaeus_           0.34%    passed      9.87%
  20  Loxodonta_africana____afrotheria_XP_010586028.2_LOW_QUALITY_PROTEIN__zinc_finger_protein_37_homolog__Loxodonta_africana_                                1.18%    passed     43.11%
  21  Erinaceus_europaeus____eulipotyphla_XP_016050331.1_PREDICTED__LOW_QUALITY_PROTEIN__zinc_finger_protein_208__Erinaceus_europaeus_                        0.00%    failed      4.69%
  22  Pan_troglodytes____panina_XP_009433443.2_zinc_finger_protein_99__Pan_troglodytes_                                                                       0.17%    failed      0.00%
  23  Gorilla_gorilla____gorillini_XP_018886338.1_PREDICTED__LOW_QUALITY_PROTEIN__zinc_finger_protein_107-like__Gorilla_gorilla_gorilla_                      2.70%    failed      0.02%
  24  Ornithorhynchus_anatinus____monotrememata_XP_028929209.1_uncharacterized_protein_LOC100089426_isoform_X1__Ornithorhynchus_anatinus_                     0.00%    failed      0.00%
  25  Tupaia_chinensis____scandentia_XP_027624595.1_zinc_finger_protein_197_isoform_X3__Tupaia_chinensis_                                                     0.00%    failed      2.74%
  26  Mandrillus_leucophaeus____cercopithecoidea_XP_011840165.1_PREDICTED__LOW_QUALITY_PROTEIN__zinc_finger_protein_850__Mandrillus_leucophaeus_              1.86%    failed      0.00%
  27  Oryctolagus_cuniculus____lagomorpha_XP_017194014.1_PREDICTED__LOW_QUALITY_PROTEIN__zinc_finger_protein_470__Oryctolagus_cuniculus_                     13.01%    passed     45.83%
  28  Equus_caballus____perissodactyla_XP_023477056.1_zinc_finger_protein_850__Equus_caballus_                                                                0.00%    passed     44.40%
  29  Dasypus_novemcinctus____xenarthra_XP_012381290.1_zinc_finger_protein_665-like__Dasypus_novemcinctus_                                                   26.18%    failed      0.26%
  30  Cebus_capucinus____platyrrhini_XP_017379964.1_PREDICTED__LOW_QUALITY_PROTEIN__zinc_finger_protein_648__Cebus_capucinus_imitator_                       35.81%    failed      0.00%
  31  Phascolarctos_cinereus____metatheria_XP_020827824.1_zinc_finger_protein_208-like__Phascolarctos_cinereus_                                               0.00%    failed      0.05%
  32  Pan_troglodytes____panina_XP_024207564.1_zinc_finger_protein_91_isoform_X2__Pan_troglodytes_                                                            2.03%    failed      0.00%
  33  Oryctolagus_cuniculus____lagomorpha_XP_017194024.1_PREDICTED__LOW_QUALITY_PROTEIN__zinc_finger_protein_585A-like__partial__Oryctolagus_cuniculus_       6.25%    failed      0.08%
  34  Ornithorhynchus_anatinus____monotrememata_XP_028929208.1_uncharacterized_protein_LOC100089426_isoform_X1__Ornithorhynchus_anatinus_                     0.00%    failed      0.00%
  35  Pongo_abelii____ponginae_XP_024093053.1_LOW_QUALITY_PROTEIN__zinc_finger_protein_729__Pongo_abelii_                                                     0.00%    failed      0.00%
  36  Pan_troglodytes____panina_XP_024207565.1_zinc_finger_protein_91_isoform_X3__Pan_troglodytes_                                                            0.51%    failed      0.00%
  37  Galeopterus_variegatus____dermoptera_XP_008584848.1_PREDICTED__zinc_finger_protein_160-like__Galeopterus_variegatus_                                   10.81%    failed      0.10%
  38  Homo_sapiens____homonina_NP_001287880.1_zinc_finger_protein_91_isoform_2__Homo_sapiens_                                                                 0.51%    failed      0.00%
  39  Tupaia_chinensis____scandentia_XP_027623402.1_zinc_finger_protein_850_isoform_X4__Tupaia_chinensis_                                                     8.78%    passed     17.69%
  40  Oryctolagus_cuniculus____lagomorpha_XP_017197911.1_PREDICTED__zinc_finger_protein_850_isoform_X3__Oryctolagus_cuniculus_                               17.40%    passed      6.31%
  41  Cebus_capucinus____platyrrhini_XP_017380788.1_PREDICTED__LOW_QUALITY_PROTEIN__zinc_finger_protein_681-like__Cebus_capucinus_imitator_                   0.00%    failed      0.00%
  42  Mus_musculus____rodentia_NP_898969.2_uncharacterized_protein_LOC212281__Mus_musculus_                                                                  13.34%    failed      0.53%
  43  Phascolarctos_cinereus____metatheria_XP_020827828.1_zinc_finger_protein_208-like__Phascolarctos_cinereus_                                               0.00%    failed      0.05%
  44  Ursus_arctos____carnivora_XP_026344621.1_zinc_finger_protein_250_isoform_X4__Ursus_arctos_horribilis_                                                   7.94%    failed      1.43%
  45  Balaenoptera_acutorostrata____cetartiodactyla_XP_007175460.2_LOW_QUALITY_PROTEIN__zinc_finger_protein_208__Balaenoptera_acutorostrata_scammoni_         0.51%    passed     11.57%
  46  Propithecus_coquereli____indriidae_XP_012503418.1_PREDICTED__zinc_finger_protein_252-like__Propithecus_coquereli_                                       8.45%    failed      0.03%
  47  Otolemur_garnettii____lorisoidea_XP_012669420.1_LOW_QUALITY_PROTEIN__zinc_finger_protein_493-like__Otolemur_garnettii_                                  1.69%    passed     24.65%
  48  Oryctolagus_cuniculus____lagomorpha_XP_017195407.1_PREDICTED__zinc_finger_protein_260-like_isoform_X3__Oryctolagus_cuniculus_                          27.53%    failed      0.47%
  49  Galeopterus_variegatus____dermoptera_XP_008582201.1_PREDICTED__LOW_QUALITY_PROTEIN__zinc_finger_protein_420-like__Galeopterus_variegatus_              20.44%    failed      2.04%
  50  Nomascus_leucogenys____hylobatidae_XP_012360600.1_PREDICTED__LOW_QUALITY_PROTEIN__zinc_finger_protein_91-like__Nomascus_leucogenys_                     2.20%    failed      0.07%
  51  Pongo_abelii____ponginae_XP_009231287.1_zinc_finger_protein_836_isoform_X2__Pongo_abelii_                                                              17.23%    failed      4.14%
  52  Cebus_capucinus____platyrrhini_XP_017362132.1_PREDICTED__zinc_finger_protein_850__Cebus_capucinus_imitator_                                             1.52%    failed      0.01%
  53  Tupaia_chinensis____scandentia_XP_014438393.2_zinc_finger_protein_45_isoform_X4__Tupaia_chinensis_                                                      0.00%    failed      0.81%
  54  Ornithorhynchus_anatinus____monotrememata_XP_028929210.1_uncharacterized_protein_LOC100089426_isoform_X1__Ornithorhynchus_anatinus_                     0.00%    failed      0.00%
  55  Erinaceus_europaeus____eulipotyphla_XP_016049862.1_PREDICTED__zinc_finger_protein_850_isoform_X1__Erinaceus_europaeus_                                  2.36%    passed     64.58%
  56  Panthera_tigris____carnivora_XP_007094057.2_PREDICTED__LOW_QUALITY_PROTEIN__zinc_finger_protein_160__Panthera_tigris_altaica_                           1.69%    passed     28.75%
  57  Pongo_abelii____ponginae_XP_024093060.1_zinc_finger_protein_91-like__Pongo_abelii_                                                                     21.62%    failed      0.00%
  58  Nomascus_leucogenys____hylobatidae_XP_012364875.1_PREDICTED__putative_zinc_finger_protein_724_isoform_X1__Nomascus_leucogenys_                          0.00%    failed      0.04%
  59  Mus_musculus____rodentia_XP_017174659.1_PREDICTED__KRAB_box_and_zinc_finger__C2H2_type_domain_containing_isoform_X1__Mus_musculus_                      1.69%    failed      0.00%
  60  Pteropus_vampyrus____chiroptera_XP_011380014.2_zinc_finger_protein_160_isoform_X10__Pteropus_vampyrus_                                                  0.00%    failed      0.00%
  61  Panthera_tigris____carnivora_XP_015394985.1_PREDICTED__zinc_finger_protein_227_isoform_X7__Panthera_tigris_altaica_                                     0.00%    failed      0.00%
  62  Phascolarctos_cinereus____metatheria_XP_020827827.1_zinc_finger_protein_208-like__Phascolarctos_cinereus_                                               0.00%    failed      0.05%
  63  Orycteropus_afer____afrotheria_XP_007955524.1_PREDICTED__zinc_finger_protein_208-like__Orycteropus_afer_afer_                                           3.21%    failed      0.00%
  64  Loxodonta_africana____afrotheria_XP_023399391.1_zinc_finger_protein_420-like_isoform_X3__Loxodonta_africana_                                           10.64%    passed     18.98%
  65  Otolemur_garnettii____lorisoidea_XP_023372263.1_LOW_QUALITY_PROTEIN__zinc_finger_protein_582__Otolemur_garnettii_                                      36.66%    passed     38.81%
  66  Mus_musculus____rodentia_NP_001004139.2_zinc_finger_protein_91__Mus_musculus_                                                                           0.34%    failed      0.21%
  67  Gorilla_gorilla____gorillini_XP_018870377.1_PREDICTED__LOW_QUALITY_PROTEIN__putative_zinc_finger_protein_724__Gorilla_gorilla_gorilla_                  2.53%    failed      0.00%
  68  Equus_caballus____perissodactyla_XP_023505182.1_zinc_finger_protein_845__Equus_caballus_                                                                0.00%    passed     70.37%
  69  Orycteropus_afer____afrotheria_XP_007952454.1_PREDICTED__zinc_finger_protein_62_homolog__Orycteropus_afer_afer_                                         4.56%    failed      0.20%
  70  Pteropus_vampyrus____chiroptera_XP_023382457.1_zinc_finger_protein_665-like_isoform_X4__Pteropus_vampyrus_                                              8.78%    failed      0.01%
  71  Equus_caballus____perissodactyla_XP_023505597.1_zinc_finger_protein_234_isoform_X9__Equus_caballus_                                                    43.92%    failed      0.00%
  72  Dasypus_novemcinctus____xenarthra_XP_023444483.1_LOW_QUALITY_PROTEIN__zinc_finger_protein_729__Dasypus_novemcinctus_                                    0.17%    failed      0.01%
  73  Gorilla_gorilla____gorillini_XP_018870402.1_PREDICTED__zinc_finger_protein_729__Gorilla_gorilla_gorilla_                                                9.63%    failed      0.00%
  74  Homo_sapiens____homonina_XP_011526568.1_zinc_finger_protein_91_isoform_X3__Homo_sapiens_                                                                5.57%    failed      0.00%
  75  Ursus_arctos____carnivora_XP_026345846.1_uncharacterized_protein_LOC113248539__Ursus_arctos_horribilis_                                                11.66%    failed      3.65%
  76  Equus_caballus____perissodactyla_XP_023507076.1_zinc_finger_protein_420_isoform_X12__Equus_caballus_                                                    5.24%    failed      0.45%
  77  Orycteropus_afer____afrotheria_XP_007943866.1_PREDICTED__zinc_finger_protein_271-like__Orycteropus_afer_afer_                                          25.68%    failed      0.53%
  78  Tupaia_chinensis____scandentia_XP_014448421.1_LOW_QUALITY_PROTEIN__zinc_finger_protein_208__Tupaia_chinensis_                                           0.00%    failed      2.18%
  79  Loxodonta_africana____afrotheria_XP_023399654.1_zinc_finger_protein_850_isoform_X3__Loxodonta_africana_                                                 4.56%    passed      6.66%
  80  Carlito_syrichta____tarsiidae_XP_008061486.1_LOW_QUALITY_PROTEIN__zinc_finger_protein_648__Carlito_syrichta_                                           35.47%    failed      0.00%
  81  Nomascus_leucogenys____hylobatidae_XP_012364883.1_PREDICTED__LOW_QUALITY_PROTEIN__zinc_finger_protein_729-like__Nomascus_leucogenys_                    1.86%    failed      0.00%
  82  Mus_musculus____rodentia_NP_001156718.1_zinc_finger_protein__Mus_musculus_                                                                              2.53%    failed      0.00%
  83  Orycteropus_afer____afrotheria_XP_007943789.1_PREDICTED__zinc_finger_protein_286A__Orycteropus_afer_afer_                                               0.34%    passed     10.60%
  84  Pan_troglodytes____panina_XP_024207563.1_zinc_finger_protein_91_isoform_X2__Pan_troglodytes_                                                            2.03%    failed      0.00%
  85  Phascolarctos_cinereus____metatheria_XP_020827825.1_zinc_finger_protein_208-like__Phascolarctos_cinereus_                                               0.00%    failed      0.05%
  86  Balaenoptera_acutorostrata____cetartiodactyla_XP_028018084.1_zinc_finger_protein_397_isoform_X2__Balaenoptera_acutorostrata_scammoni_                   8.95%    failed      0.24%
  87  Pteropus_vampyrus____chiroptera_XP_011380016.2_zinc_finger_protein_420_isoform_X10__Pteropus_vampyrus_                                                  3.21%    passed      5.20%
  88  Cebus_capucinus____platyrrhini_XP_017380786.1_PREDICTED__LOW_QUALITY_PROTEIN__zinc_finger_protein_254-like__Cebus_capucinus_imitator_                   3.38%    passed     11.69%
  89  Propithecus_coquereli____indriidae_XP_012498791.1_PREDICTED__zinc_finger_protein_208-like__Propithecus_coquereli_                                       0.00%    passed      8.24%
  90  Propithecus_coquereli____indriidae_XP_012495439.1_PREDICTED__zinc_finger_protein_648__Propithecus_coquereli_                                           36.66%    failed      0.00%
  91  Mandrillus_leucophaeus____cercopithecoidea_XP_011835084.1_PREDICTED__LOW_QUALITY_PROTEIN__zinc_finger_protein_845-like__Mandrillus_leucophaeus_        17.06%    failed      1.91%
  92  Galeopterus_variegatus____dermoptera_XP_008592627.1_PREDICTED__zinc_finger_protein_420-like__Galeopterus_variegatus_                                    2.70%    passed     74.06%
  93  Ornithorhynchus_anatinus____monotrememata_XP_028929211.1_uncharacterized_protein_LOC100089426_isoform_X2__Ornithorhynchus_anatinus_                     2.36%    failed      0.00%
  94  Carlito_syrichta____tarsiidae_XP_008066609.1_zinc_finger_protein_658B-like__partial__Carlito_syrichta_                                                 23.82%    failed      0.01%
  95  Panthera_tigris____carnivora_XP_015399584.1_PREDICTED__zinc_finger_protein_568_isoform_X4__Panthera_tigris_altaica_                                     1.01%    passed     67.56%
  96  Gorilla_gorilla____gorillini_XP_018870401.1_PREDICTED__LOW_QUALITY_PROTEIN__zinc_finger_protein_729-like__Gorilla_gorilla_gorilla_                      6.76%    failed      0.00%
  97  Ursus_arctos____carnivora_XP_026351966.1_zinc_finger_protein_271_isoform_X2__Ursus_arctos_horribilis_                                                  17.23%    failed      1.08%
  98  Pteropus_vampyrus____chiroptera_XP_011359924.2_zinc_finger_protein_271_isoform_X2__Pteropus_vampyrus_                                                  14.36%    failed      0.62%
  99  Erinaceus_europaeus____eulipotyphla_XP_016045503.1_PREDICTED__zinc_finger_protein_665_isoform_X2__Erinaceus_europaeus_                                  5.74%    passed     67.01%
 100  Nomascus_leucogenys____hylobatidae_XP_012364870.1_PREDICTED__LOW_QUALITY_PROTEIN__zinc_finger_protein_208-like__Nomascus_leucogenys_                    0.00%    failed      0.00%
****  TOTAL                                                                                                                                                   7.97%  74 sequences failed composition chi2 test (p-value<5%; df=19)
NOTE: Homo_sapiens____homonina_NP_001287880.1_zinc_finger_protein_91_isoform_2__Homo_sapiens_ is identical to Homo_sapiens____homonina_NP_003421.2_zinc_finger_protein_91_isoform_1__Homo_sapiens_ but kept for subsequent analysis
NOTE: Ornithorhynchus_anatinus____monotrememata_XP_028929208.1_uncharacterized_protein_LOC100089426_isoform_X1__Ornithorhynchus_anatinus_ is identical to Ornithorhynchus_anatinus____monotrememata_XP_028929209.1_uncharacterized_protein_LOC100089426_isoform_X1__Ornithorhynchus_anatinus_ but kept for subsequent analysis
NOTE: Phascolarctos_cinereus____metatheria_XP_020827828.1_zinc_finger_protein_208-like__Phascolarctos_cinereus_ is identical to Phascolarctos_cinereus____metatheria_XP_020827824.1_zinc_finger_protein_208-like__Phascolarctos_cinereus_ but kept for subsequent analysis
NOTE: Pan_troglodytes____panina_XP_024207563.1_zinc_finger_protein_91_isoform_X2__Pan_troglodytes_ is identical to Pan_troglodytes____panina_XP_024207564.1_zinc_finger_protein_91_isoform_X2__Pan_troglodytes_ but kept for subsequent analysis
NOTE: 3 identical sequences (see below) will be ignored for subsequent analysis
NOTE: Ornithorhynchus_anatinus____monotrememata_XP_028929210.1_uncharacterized_protein_LOC100089426_isoform_X1__Ornithorhynchus_anatinus_ (identical to Ornithorhynchus_anatinus____monotrememata_XP_028929209.1_uncharacterized_protein_LOC100089426_isoform_X1__Ornithorhynchus_anatinus_) is ignored but added at the end
NOTE: Phascolarctos_cinereus____metatheria_XP_020827827.1_zinc_finger_protein_208-like__Phascolarctos_cinereus_ (identical to Phascolarctos_cinereus____metatheria_XP_020827824.1_zinc_finger_protein_208-like__Phascolarctos_cinereus_) is ignored but added at the end
NOTE: Phascolarctos_cinereus____metatheria_XP_020827825.1_zinc_finger_protein_208-like__Phascolarctos_cinereus_ (identical to Phascolarctos_cinereus____metatheria_XP_020827824.1_zinc_finger_protein_208-like__Phascolarctos_cinereus_) is ignored but added at the end

For your convenience alignment with unique sequences printed to mafftblastzincbmge.fa.uniqueseq.phy

Create initial parsimony tree by phylogenetic likelihood library (PLL)... 0.035 seconds
Generating 1000 samples for ultrafast bootstrap (seed: 815745)...

NOTE: 39 MB RAM (0 GB) is required!
Estimate model parameters (epsilon = 0.100)
1. Initial log-likelihood: -48342.620
2. Current log-likelihood: -47681.053
3. Current log-likelihood: -47679.975
Optimal log-likelihood: -47679.953
Gamma shape alpha: 1.095
Parameters optimization took 3 rounds (2.084 sec)
Computing ML distances based on estimated model parameters... 2.046 sec
Computing BIONJ tree...
0.004 seconds
Log-likelihood of BIONJ tree: -47707.170
--------------------------------------------------------------------
|             INITIALIZING CANDIDATE TREE SET                      |
--------------------------------------------------------------------
Generating 98 parsimony trees... 4.467 second
Computing log-likelihood of 98 initial trees ... 31.694 seconds
Current best score: -47609.278

Do NNI search on 20 best initial trees
Estimate model parameters (epsilon = 0.100)
BETTER TREE FOUND at iteration 1: -47560.258
Estimate model parameters (epsilon = 0.100)
BETTER TREE FOUND at iteration 2: -47558.076
Iteration 10 / LogL: -47601.295 / Time: 0h:1m:13s
Estimate model parameters (epsilon = 0.100)
BETTER TREE FOUND at iteration 11: -47557.069
Estimate model parameters (epsilon = 0.100)
BETTER TREE FOUND at iteration 14: -47555.788
Iteration 20 / LogL: -47580.217 / Time: 0h:1m:49s
Finish initializing candidate tree set (20)
Current best tree score: -47555.788 / CPU time: 103.411
Number of iterations: 20
--------------------------------------------------------------------
|               OPTIMIZING CANDIDATE TREE SET                      |
--------------------------------------------------------------------
Estimate model parameters (epsilon = 0.100)
BETTER TREE FOUND at iteration 21: -47549.070
Iteration 30 / LogL: -47551.673 / Time: 0h:2m:36s (0h:8m:11s left)
Estimate model parameters (epsilon = 0.100)
BETTER TREE FOUND at iteration 34: -47544.604
Iteration 40 / LogL: -47553.372 / Time: 0h:3m:24s (0h:8m:12s left)
Iteration 50 / LogL: -47549.595 / Time: 0h:4m:13s (0h:7m:15s left)
Estimate model parameters (epsilon = 0.100)
BETTER TREE FOUND at iteration 51: -47539.431
Iteration 60 / LogL: -47546.815 / Time: 0h:4m:59s (0h:7m:41s left)
Estimate model parameters (epsilon = 0.100)
BETTER TREE FOUND at iteration 68: -47537.304
Iteration 70 / LogL: -47557.631 / Time: 0h:5m:45s (0h:8m:10s left)
Estimate model parameters (epsilon = 0.100)
BETTER TREE FOUND at iteration 73: -47536.557
Estimate model parameters (epsilon = 0.100)
BETTER TREE FOUND at iteration 74: -47536.253
Estimate model parameters (epsilon = 0.100)
BETTER TREE FOUND at iteration 79: -47532.062
Iteration 80 / LogL: -47540.340 / Time: 0h:6m:32s (0h:8m:12s left)
Iteration 90 / LogL: -47540.564 / Time: 0h:7m:20s (0h:7m:20s left)
Iteration 100 / LogL: -47543.585 / Time: 0h:8m:6s (0h:6m:28s left)
Iteration 110 / LogL: -47552.193 / Time: 0h:8m:49s (0h:5m:34s left)
Iteration 120 / LogL: -47551.500 / Time: 0h:9m:39s (0h:4m:47s left)
Iteration 130 / LogL: -47538.639 / Time: 0h:10m:25s (0h:3m:57s left)
Estimate model parameters (epsilon = 0.100)
UPDATE BEST LOG-LIKELIHOOD: -47531.906
Estimate model parameters (epsilon = 0.100)
BETTER TREE FOUND at iteration 133: -47531.426
Iteration 140 / LogL: -47583.380 / Time: 0h:11m:8s (0h:7m:27s left)
Iteration 150 / LogL: -47557.445 / Time: 0h:11m:52s (0h:6m:36s left)
Estimate model parameters (epsilon = 0.100)
BETTER TREE FOUND at iteration 152: -47531.047
Iteration 160 / LogL: -47583.467 / Time: 0h:12m:39s (0h:7m:19s left)
Iteration 170 / LogL: -47575.644 / Time: 0h:13m:25s (0h:6m:31s left)
Iteration 180 / LogL: -47550.465 / Time: 0h:14m:11s (0h:5m:42s left)
Iteration 190 / LogL: -47531.136 / Time: 0h:14m:53s (0h:4m:53s left)
Iteration 200 / LogL: -47545.713 / Time: 0h:15m:34s (0h:4m:4s left)
Iteration 210 / LogL: -47562.284 / Time: 0h:16m:14s (0h:3m:15s left)
Iteration 220 / LogL: -47540.230 / Time: 0h:17m:1s (0h:2m:29s left)
Iteration 230 / LogL: -47556.563 / Time: 0h:17m:48s (0h:1m:42s left)
Iteration 240 / LogL: -47534.721 / Time: 0h:18m:30s (0h:0m:55s left)
Iteration 250 / LogL: -47532.056 / Time: 0h:19m:14s (0h:0m:9s left)
Refining ufboot trees with NNI...
100 samples done
200 samples done
300 samples done
400 samples done
500 samples done
600 samples done
700 samples done
800 samples done
900 samples done
1000 samples done
Total 1000 ufboot trees refined
TREE SEARCH COMPLETED AFTER 253 ITERATIONS / Time: 0h:34m:8s

--------------------------------------------------------------------
|                    FINALIZING TREE SEARCH                        |
--------------------------------------------------------------------
Performs final model parameters optimization
Estimate model parameters (epsilon = 0.010)
1. Initial log-likelihood: -47531.047
Optimal log-likelihood: -47531.031
Gamma shape alpha: 1.134
Parameters optimization took 1 rounds (0.510 sec)
BEST SCORE FOUND : -47531.031
Creating bootstrap support values...
Split supports printed to NEXUS file mafftblastzincbmge.fa.splits.nex
Total tree length: 23.242

Total number of iterations: 253
CPU time used for tree search: 2036.167 sec (0h:33m:56s)
Wall-clock time used for tree search: 2042.193 sec (0h:34m:2s)
Total CPU time used: 2043.501 sec (0h:34m:3s)
Total wall-clock time used: 2049.543 sec (0h:34m:9s)
UFBoot trees printed to mafftblastzincbmge.fa.ufboot

Computing bootstrap consensus tree...
Reading input file mafftblastzincbmge.fa.splits.nex...
97 taxa and 1537 splits.
Consensus tree written to mafftblastzincbmge.fa.contree
Reading input trees file mafftblastzincbmge.fa.contree
Log-likelihood of consensus tree: -47538.757

Analysis results written to: 
  IQ-TREE report:                mafftblastzincbmge.fa.iqtree
  Maximum-likelihood tree:       mafftblastzincbmge.fa.treefile
  Likelihood distances:          mafftblastzincbmge.fa.mldist

Ultrafast bootstrap approximation results written to:
  Split support values:          mafftblastzincbmge.fa.splits.nex
  Consensus tree:                mafftblastzincbmge.fa.contree
  UFBoot trees:                  mafftblastzincbmge.fa.ufboot
  Screen log file:               mafftblastzincbmge.fa.log

Date and Time: Thu Jul  4 17:14:32 2019
