IQ-TREE multicore version 1.6.1 for Linux 64-bit built Feb 16 2018
Developed by Bui Quang Minh, Nguyen Lam Tung, Olga Chernomor,
Heiko Schmidt, Dominik Schrempf, Michael Woodhams.

Host:    it038094 (AVX2, FMA3, 15 GB RAM)
Command: iqtree -s prankblastzinc.fa -m LG+G+F -bb 1000 -bnni -wbtl
Seed:    489717 (Using SPRNG - Scalable Parallel Random Number Generator)
Time:    Fri Jul  5 09:55:37 2019
Kernel:  AVX+FMA - 1 threads (4 CPU cores detected)

HINT: Use -nt option to specify number of threads because your CPU has 4 cores!
HINT: -nt AUTO will automatically determine the best number of threads to use.

Reading alignment file prankblastzinc.fa ... Fasta format detected
Alignment most likely contains protein sequences
WARNING: 7 sites contain only gaps or ambiguous characters.
Alignment has 100 sequences with 10924 columns, 6072 distinct patterns
3175 parsimony-informative, 1588 singleton sites, 6161 constant sites
WARNING: Some sequence names are changed as follows:
Mandrillus_leucophaeus____cercopithecoidea_XP_011858019.1_PREDICTED__zinc_finger_protein_648_[Mandrillus_leucophaeus] -> Mandrillus_leucophaeus____cercopithecoidea_XP_011858019.1_PREDICTED__zinc_finger_protein_648__Mandrillus_leucophaeus_
Cebus_capucinus____platyrrhini_XP_017379964.1_PREDICTED__LOW_QUALITY_PROTEIN__zinc_finger_protein_648_[Cebus_capucinus_imitator] -> Cebus_capucinus____platyrrhini_XP_017379964.1_PREDICTED__LOW_QUALITY_PROTEIN__zinc_finger_protein_648__Cebus_capucinus_imitator_
Propithecus_coquereli____indriidae_XP_012495439.1_PREDICTED__zinc_finger_protein_648_[Propithecus_coquereli] -> Propithecus_coquereli____indriidae_XP_012495439.1_PREDICTED__zinc_finger_protein_648__Propithecus_coquereli_
Carlito_syrichta____tarsiidae_XP_008061486.1_LOW_QUALITY_PROTEIN__zinc_finger_protein_648_[Carlito_syrichta] -> Carlito_syrichta____tarsiidae_XP_008061486.1_LOW_QUALITY_PROTEIN__zinc_finger_protein_648__Carlito_syrichta_
Homo_sapiens____homonina_XP_006722943.1_zinc_finger_protein_91_isoform_X3_[Homo_sapiens] -> Homo_sapiens____homonina_XP_006722943.1_zinc_finger_protein_91_isoform_X3__Homo_sapiens_
Homo_sapiens____homonina_NP_003421.2_zinc_finger_protein_91_isoform_1_[Homo_sapiens] -> Homo_sapiens____homonina_NP_003421.2_zinc_finger_protein_91_isoform_1__Homo_sapiens_
Homo_sapiens____homonina_NP_001287880.1_zinc_finger_protein_91_isoform_2_[Homo_sapiens] -> Homo_sapiens____homonina_NP_001287880.1_zinc_finger_protein_91_isoform_2__Homo_sapiens_
Pan_troglodytes____panina_XP_024207564.1_zinc_finger_protein_91_isoform_X2_[Pan_troglodytes] -> Pan_troglodytes____panina_XP_024207564.1_zinc_finger_protein_91_isoform_X2__Pan_troglodytes_
Pan_troglodytes____panina_XP_024207563.1_zinc_finger_protein_91_isoform_X2_[Pan_troglodytes] -> Pan_troglodytes____panina_XP_024207563.1_zinc_finger_protein_91_isoform_X2__Pan_troglodytes_
Pan_troglodytes____panina_XP_024207565.1_zinc_finger_protein_91_isoform_X3_[Pan_troglodytes] -> Pan_troglodytes____panina_XP_024207565.1_zinc_finger_protein_91_isoform_X3__Pan_troglodytes_
Homo_sapiens____homonina_XP_011526568.1_zinc_finger_protein_91_isoform_X3_[Homo_sapiens] -> Homo_sapiens____homonina_XP_011526568.1_zinc_finger_protein_91_isoform_X3__Homo_sapiens_
Mandrillus_leucophaeus____cercopithecoidea_XP_011855059.1_PREDICTED__zinc_finger_protein_91-like_[Mandrillus_leucophaeus] -> Mandrillus_leucophaeus____cercopithecoidea_XP_011855059.1_PREDICTED__zinc_finger_protein_91-like__Mandrillus_leucophaeus_
Pongo_abelii____ponginae_XP_024093060.1_zinc_finger_protein_91-like_[Pongo_abelii] -> Pongo_abelii____ponginae_XP_024093060.1_zinc_finger_protein_91-like__Pongo_abelii_
Cebus_capucinus____platyrrhini_XP_017380786.1_PREDICTED__LOW_QUALITY_PROTEIN__zinc_finger_protein_254-like_[Cebus_capucinus_imitator] -> Cebus_capucinus____platyrrhini_XP_017380786.1_PREDICTED__LOW_QUALITY_PROTEIN__zinc_finger_protein_254-like__Cebus_capucinus_imitator_
Pan_troglodytes____panina_XP_009433443.2_zinc_finger_protein_99_[Pan_troglodytes] -> Pan_troglodytes____panina_XP_009433443.2_zinc_finger_protein_99__Pan_troglodytes_
Gorilla_gorilla____gorillini_XP_018870401.1_PREDICTED__LOW_QUALITY_PROTEIN__zinc_finger_protein_729-like_[Gorilla_gorilla_gorilla] -> Gorilla_gorilla____gorillini_XP_018870401.1_PREDICTED__LOW_QUALITY_PROTEIN__zinc_finger_protein_729-like__Gorilla_gorilla_gorilla_
Pongo_abelii____ponginae_XP_024093053.1_LOW_QUALITY_PROTEIN__zinc_finger_protein_729_[Pongo_abelii] -> Pongo_abelii____ponginae_XP_024093053.1_LOW_QUALITY_PROTEIN__zinc_finger_protein_729__Pongo_abelii_
Gorilla_gorilla____gorillini_XP_018870402.1_PREDICTED__zinc_finger_protein_729_[Gorilla_gorilla_gorilla] -> Gorilla_gorilla____gorillini_XP_018870402.1_PREDICTED__zinc_finger_protein_729__Gorilla_gorilla_gorilla_
Nomascus_leucogenys____hylobatidae_XP_012364875.1_PREDICTED__putative_zinc_finger_protein_724_isoform_X1_[Nomascus_leucogenys] -> Nomascus_leucogenys____hylobatidae_XP_012364875.1_PREDICTED__putative_zinc_finger_protein_724_isoform_X1__Nomascus_leucogenys_
Gorilla_gorilla____gorillini_XP_018870377.1_PREDICTED__LOW_QUALITY_PROTEIN__putative_zinc_finger_protein_724_[Gorilla_gorilla_gorilla] -> Gorilla_gorilla____gorillini_XP_018870377.1_PREDICTED__LOW_QUALITY_PROTEIN__putative_zinc_finger_protein_724__Gorilla_gorilla_gorilla_
Nomascus_leucogenys____hylobatidae_XP_012364883.1_PREDICTED__LOW_QUALITY_PROTEIN__zinc_finger_protein_729-like_[Nomascus_leucogenys] -> Nomascus_leucogenys____hylobatidae_XP_012364883.1_PREDICTED__LOW_QUALITY_PROTEIN__zinc_finger_protein_729-like__Nomascus_leucogenys_
Pongo_abelii____ponginae_XP_024093056.1_zinc_finger_protein_208_isoform_X1_[Pongo_abelii] -> Pongo_abelii____ponginae_XP_024093056.1_zinc_finger_protein_208_isoform_X1__Pongo_abelii_
Gorilla_gorilla____gorillini_XP_018886338.1_PREDICTED__LOW_QUALITY_PROTEIN__zinc_finger_protein_107-like_[Gorilla_gorilla_gorilla] -> Gorilla_gorilla____gorillini_XP_018886338.1_PREDICTED__LOW_QUALITY_PROTEIN__zinc_finger_protein_107-like__Gorilla_gorilla_gorilla_
Cebus_capucinus____platyrrhini_XP_017380788.1_PREDICTED__LOW_QUALITY_PROTEIN__zinc_finger_protein_681-like_[Cebus_capucinus_imitator] -> Cebus_capucinus____platyrrhini_XP_017380788.1_PREDICTED__LOW_QUALITY_PROTEIN__zinc_finger_protein_681-like__Cebus_capucinus_imitator_
Nomascus_leucogenys____hylobatidae_XP_012364870.1_PREDICTED__LOW_QUALITY_PROTEIN__zinc_finger_protein_208-like_[Nomascus_leucogenys] -> Nomascus_leucogenys____hylobatidae_XP_012364870.1_PREDICTED__LOW_QUALITY_PROTEIN__zinc_finger_protein_208-like__Nomascus_leucogenys_
Nomascus_leucogenys____hylobatidae_XP_012360600.1_PREDICTED__LOW_QUALITY_PROTEIN__zinc_finger_protein_91-like_[Nomascus_leucogenys] -> Nomascus_leucogenys____hylobatidae_XP_012360600.1_PREDICTED__LOW_QUALITY_PROTEIN__zinc_finger_protein_91-like__Nomascus_leucogenys_
Carlito_syrichta____tarsiidae_XP_021565913.1_zinc_finger_protein_208-like_[Carlito_syrichta] -> Carlito_syrichta____tarsiidae_XP_021565913.1_zinc_finger_protein_208-like__Carlito_syrichta_
Mus_musculus____rodentia_NP_898969.2_uncharacterized_protein_LOC212281_[Mus_musculus] -> Mus_musculus____rodentia_NP_898969.2_uncharacterized_protein_LOC212281__Mus_musculus_
Mus_musculus____rodentia_NP_001156718.1_zinc_finger_protein_[Mus_musculus] -> Mus_musculus____rodentia_NP_001156718.1_zinc_finger_protein__Mus_musculus_
Otolemur_garnettii____lorisoidea_XP_012669420.1_LOW_QUALITY_PROTEIN__zinc_finger_protein_493-like_[Otolemur_garnettii] -> Otolemur_garnettii____lorisoidea_XP_012669420.1_LOW_QUALITY_PROTEIN__zinc_finger_protein_493-like__Otolemur_garnettii_
Orycteropus_afer____afrotheria_XP_007952454.1_PREDICTED__zinc_finger_protein_62_homolog_[Orycteropus_afer_afer] -> Orycteropus_afer____afrotheria_XP_007952454.1_PREDICTED__zinc_finger_protein_62_homolog__Orycteropus_afer_afer_
Dasypus_novemcinctus____xenarthra_XP_012375896.1_zinc_finger_protein_836-like_[Dasypus_novemcinctus] -> Dasypus_novemcinctus____xenarthra_XP_012375896.1_zinc_finger_protein_836-like__Dasypus_novemcinctus_
Dasypus_novemcinctus____xenarthra_XP_012381290.1_zinc_finger_protein_665-like_[Dasypus_novemcinctus] -> Dasypus_novemcinctus____xenarthra_XP_012381290.1_zinc_finger_protein_665-like__Dasypus_novemcinctus_
Panthera_tigris____carnivora_XP_007094057.2_PREDICTED__LOW_QUALITY_PROTEIN__zinc_finger_protein_160_[Panthera_tigris_altaica] -> Panthera_tigris____carnivora_XP_007094057.2_PREDICTED__LOW_QUALITY_PROTEIN__zinc_finger_protein_160__Panthera_tigris_altaica_
Equus_caballus____perissodactyla_XP_023505182.1_zinc_finger_protein_845_[Equus_caballus] -> Equus_caballus____perissodactyla_XP_023505182.1_zinc_finger_protein_845__Equus_caballus_
Propithecus_coquereli____indriidae_XP_012498850.1_PREDICTED__zinc_finger_protein_665-like_[Propithecus_coquereli] -> Propithecus_coquereli____indriidae_XP_012498850.1_PREDICTED__zinc_finger_protein_665-like__Propithecus_coquereli_
Pongo_abelii____ponginae_XP_009231287.1_zinc_finger_protein_836_isoform_X2_[Pongo_abelii] -> Pongo_abelii____ponginae_XP_009231287.1_zinc_finger_protein_836_isoform_X2__Pongo_abelii_
Pteropus_vampyrus____chiroptera_XP_011380014.2_zinc_finger_protein_160_isoform_X10_[Pteropus_vampyrus] -> Pteropus_vampyrus____chiroptera_XP_011380014.2_zinc_finger_protein_160_isoform_X10__Pteropus_vampyrus_
Pteropus_vampyrus____chiroptera_XP_023382457.1_zinc_finger_protein_665-like_isoform_X4_[Pteropus_vampyrus] -> Pteropus_vampyrus____chiroptera_XP_023382457.1_zinc_finger_protein_665-like_isoform_X4__Pteropus_vampyrus_
Galeopterus_variegatus____dermoptera_XP_008584848.1_PREDICTED__zinc_finger_protein_160-like_[Galeopterus_variegatus] -> Galeopterus_variegatus____dermoptera_XP_008584848.1_PREDICTED__zinc_finger_protein_160-like__Galeopterus_variegatus_
Mandrillus_leucophaeus____cercopithecoidea_XP_011835084.1_PREDICTED__LOW_QUALITY_PROTEIN__zinc_finger_protein_845-like_[Mandrillus_leucophaeus] -> Mandrillus_leucophaeus____cercopithecoidea_XP_011835084.1_PREDICTED__LOW_QUALITY_PROTEIN__zinc_finger_protein_845-like__Mandrillus_leucophaeus_
Propithecus_coquereli____indriidae_XP_012498791.1_PREDICTED__zinc_finger_protein_208-like_[Propithecus_coquereli] -> Propithecus_coquereli____indriidae_XP_012498791.1_PREDICTED__zinc_finger_protein_208-like__Propithecus_coquereli_
Balaenoptera_acutorostrata____cetartiodactyla_XP_028018889.1_zinc_finger_protein_45_[Balaenoptera_acutorostrata_scammoni] -> Balaenoptera_acutorostrata____cetartiodactyla_XP_028018889.1_zinc_finger_protein_45__Balaenoptera_acutorostrata_scammoni_
Tupaia_chinensis____scandentia_XP_014438393.2_zinc_finger_protein_45_isoform_X4_[Tupaia_chinensis] -> Tupaia_chinensis____scandentia_XP_014438393.2_zinc_finger_protein_45_isoform_X4__Tupaia_chinensis_
Dasypus_novemcinctus____xenarthra_XP_023444483.1_LOW_QUALITY_PROTEIN__zinc_finger_protein_729_[Dasypus_novemcinctus] -> Dasypus_novemcinctus____xenarthra_XP_023444483.1_LOW_QUALITY_PROTEIN__zinc_finger_protein_729__Dasypus_novemcinctus_
Panthera_tigris____carnivora_XP_015394985.1_PREDICTED__zinc_finger_protein_227_isoform_X7_[Panthera_tigris_altaica] -> Panthera_tigris____carnivora_XP_015394985.1_PREDICTED__zinc_finger_protein_227_isoform_X7__Panthera_tigris_altaica_
Equus_caballus____perissodactyla_XP_023505597.1_zinc_finger_protein_234_isoform_X9_[Equus_caballus] -> Equus_caballus____perissodactyla_XP_023505597.1_zinc_finger_protein_234_isoform_X9__Equus_caballus_
Ornithorhynchus_anatinus____monotrememata_XP_028929209.1_uncharacterized_protein_LOC100089426_isoform_X1_[Ornithorhynchus_anatinus] -> Ornithorhynchus_anatinus____monotrememata_XP_028929209.1_uncharacterized_protein_LOC100089426_isoform_X1__Ornithorhynchus_anatinus_
Ornithorhynchus_anatinus____monotrememata_XP_028929208.1_uncharacterized_protein_LOC100089426_isoform_X1_[Ornithorhynchus_anatinus] -> Ornithorhynchus_anatinus____monotrememata_XP_028929208.1_uncharacterized_protein_LOC100089426_isoform_X1__Ornithorhynchus_anatinus_
Ornithorhynchus_anatinus____monotrememata_XP_028929210.1_uncharacterized_protein_LOC100089426_isoform_X1_[Ornithorhynchus_anatinus] -> Ornithorhynchus_anatinus____monotrememata_XP_028929210.1_uncharacterized_protein_LOC100089426_isoform_X1__Ornithorhynchus_anatinus_
Ornithorhynchus_anatinus____monotrememata_XP_028929211.1_uncharacterized_protein_LOC100089426_isoform_X2_[Ornithorhynchus_anatinus] -> Ornithorhynchus_anatinus____monotrememata_XP_028929211.1_uncharacterized_protein_LOC100089426_isoform_X2__Ornithorhynchus_anatinus_
Loxodonta_africana____afrotheria_XP_023399395.1_zinc_finger_protein_271-like_[Loxodonta_africana] -> Loxodonta_africana____afrotheria_XP_023399395.1_zinc_finger_protein_271-like__Loxodonta_africana_
Balaenoptera_acutorostrata____cetartiodactyla_XP_007175460.2_LOW_QUALITY_PROTEIN__zinc_finger_protein_208_[Balaenoptera_acutorostrata_scammoni] -> Balaenoptera_acutorostrata____cetartiodactyla_XP_007175460.2_LOW_QUALITY_PROTEIN__zinc_finger_protein_208__Balaenoptera_acutorostrata_scammoni_
Mus_musculus____rodentia_XP_017174659.1_PREDICTED__KRAB_box_and_zinc_finger__C2H2_type_domain_containing_isoform_X1_[Mus_musculus] -> Mus_musculus____rodentia_XP_017174659.1_PREDICTED__KRAB_box_and_zinc_finger__C2H2_type_domain_containing_isoform_X1__Mus_musculus_
Mus_musculus____rodentia_NP_001004139.2_zinc_finger_protein_91_[Mus_musculus] -> Mus_musculus____rodentia_NP_001004139.2_zinc_finger_protein_91__Mus_musculus_
Orycteropus_afer____afrotheria_XP_007955524.1_PREDICTED__zinc_finger_protein_208-like_[Orycteropus_afer_afer] -> Orycteropus_afer____afrotheria_XP_007955524.1_PREDICTED__zinc_finger_protein_208-like__Orycteropus_afer_afer_
Equus_caballus____perissodactyla_XP_023477056.1_zinc_finger_protein_850_[Equus_caballus] -> Equus_caballus____perissodactyla_XP_023477056.1_zinc_finger_protein_850__Equus_caballus_
Oryctolagus_cuniculus____lagomorpha_XP_017194024.1_PREDICTED__LOW_QUALITY_PROTEIN__zinc_finger_protein_585A-like__partial_[Oryctolagus_cuniculus] -> Oryctolagus_cuniculus____lagomorpha_XP_017194024.1_PREDICTED__LOW_QUALITY_PROTEIN__zinc_finger_protein_585A-like__partial__Oryctolagus_cuniculus_
Oryctolagus_cuniculus____lagomorpha_XP_017195407.1_PREDICTED__zinc_finger_protein_260-like_isoform_X3_[Oryctolagus_cuniculus] -> Oryctolagus_cuniculus____lagomorpha_XP_017195407.1_PREDICTED__zinc_finger_protein_260-like_isoform_X3__Oryctolagus_cuniculus_
Erinaceus_europaeus____eulipotyphla_XP_016049862.1_PREDICTED__zinc_finger_protein_850_isoform_X1_[Erinaceus_europaeus] -> Erinaceus_europaeus____eulipotyphla_XP_016049862.1_PREDICTED__zinc_finger_protein_850_isoform_X1__Erinaceus_europaeus_
Erinaceus_europaeus____eulipotyphla_XP_016045503.1_PREDICTED__zinc_finger_protein_665_isoform_X2_[Erinaceus_europaeus] -> Erinaceus_europaeus____eulipotyphla_XP_016045503.1_PREDICTED__zinc_finger_protein_665_isoform_X2__Erinaceus_europaeus_
Panthera_tigris____carnivora_XP_015399575.1_PREDICTED__zinc_finger_protein_850_isoform_X1_[Panthera_tigris_altaica] -> Panthera_tigris____carnivora_XP_015399575.1_PREDICTED__zinc_finger_protein_850_isoform_X1__Panthera_tigris_altaica_
Panthera_tigris____carnivora_XP_015399584.1_PREDICTED__zinc_finger_protein_568_isoform_X4_[Panthera_tigris_altaica] -> Panthera_tigris____carnivora_XP_015399584.1_PREDICTED__zinc_finger_protein_568_isoform_X4__Panthera_tigris_altaica_
Ursus_arctos____carnivora_XP_026338220.1_LOW_QUALITY_PROTEIN__zinc_finger_protein_573_[Ursus_arctos_horribilis] -> Ursus_arctos____carnivora_XP_026338220.1_LOW_QUALITY_PROTEIN__zinc_finger_protein_573__Ursus_arctos_horribilis_
Otolemur_garnettii____lorisoidea_XP_023372667.1_zinc_finger_protein_607_[Otolemur_garnettii] -> Otolemur_garnettii____lorisoidea_XP_023372667.1_zinc_finger_protein_607__Otolemur_garnettii_
Erinaceus_europaeus____eulipotyphla_XP_016049861.1_PREDICTED__LOW_QUALITY_PROTEIN__uncharacterized_protein_LOC103126390_[Erinaceus_europaeus] -> Erinaceus_europaeus____eulipotyphla_XP_016049861.1_PREDICTED__LOW_QUALITY_PROTEIN__uncharacterized_protein_LOC103126390__Erinaceus_europaeus_
Oryctolagus_cuniculus____lagomorpha_XP_017197911.1_PREDICTED__zinc_finger_protein_850_isoform_X3_[Oryctolagus_cuniculus] -> Oryctolagus_cuniculus____lagomorpha_XP_017197911.1_PREDICTED__zinc_finger_protein_850_isoform_X3__Oryctolagus_cuniculus_
Pteropus_vampyrus____chiroptera_XP_011380016.2_zinc_finger_protein_420_isoform_X10_[Pteropus_vampyrus] -> Pteropus_vampyrus____chiroptera_XP_011380016.2_zinc_finger_protein_420_isoform_X10__Pteropus_vampyrus_
Carlito_syrichta____tarsiidae_XP_008054518.2_zinc_finger_protein_571_[Carlito_syrichta] -> Carlito_syrichta____tarsiidae_XP_008054518.2_zinc_finger_protein_571__Carlito_syrichta_
Erinaceus_europaeus____eulipotyphla_XP_016050331.1_PREDICTED__LOW_QUALITY_PROTEIN__zinc_finger_protein_208_[Erinaceus_europaeus] -> Erinaceus_europaeus____eulipotyphla_XP_016050331.1_PREDICTED__LOW_QUALITY_PROTEIN__zinc_finger_protein_208__Erinaceus_europaeus_
Equus_caballus____perissodactyla_XP_023507076.1_zinc_finger_protein_420_isoform_X12_[Equus_caballus] -> Equus_caballus____perissodactyla_XP_023507076.1_zinc_finger_protein_420_isoform_X12__Equus_caballus_
Dasypus_novemcinctus____xenarthra_XP_023444636.1_LOW_QUALITY_PROTEIN__zinc_finger_protein_571_[Dasypus_novemcinctus] -> Dasypus_novemcinctus____xenarthra_XP_023444636.1_LOW_QUALITY_PROTEIN__zinc_finger_protein_571__Dasypus_novemcinctus_
Otolemur_garnettii____lorisoidea_XP_023372666.1_zinc_finger_protein_850-like__partial_[Otolemur_garnettii] -> Otolemur_garnettii____lorisoidea_XP_023372666.1_zinc_finger_protein_850-like__partial__Otolemur_garnettii_
Mandrillus_leucophaeus____cercopithecoidea_XP_011840165.1_PREDICTED__LOW_QUALITY_PROTEIN__zinc_finger_protein_850_[Mandrillus_leucophaeus] -> Mandrillus_leucophaeus____cercopithecoidea_XP_011840165.1_PREDICTED__LOW_QUALITY_PROTEIN__zinc_finger_protein_850__Mandrillus_leucophaeus_
Cebus_capucinus____platyrrhini_XP_017362132.1_PREDICTED__zinc_finger_protein_850_[Cebus_capucinus_imitator] -> Cebus_capucinus____platyrrhini_XP_017362132.1_PREDICTED__zinc_finger_protein_850__Cebus_capucinus_imitator_
Tupaia_chinensis____scandentia_XP_014448421.1_LOW_QUALITY_PROTEIN__zinc_finger_protein_208_[Tupaia_chinensis] -> Tupaia_chinensis____scandentia_XP_014448421.1_LOW_QUALITY_PROTEIN__zinc_finger_protein_208__Tupaia_chinensis_
Galeopterus_variegatus____dermoptera_XP_008588630.1_PREDICTED__LOW_QUALITY_PROTEIN__zinc_finger_protein_420-like_[Galeopterus_variegatus] -> Galeopterus_variegatus____dermoptera_XP_008588630.1_PREDICTED__LOW_QUALITY_PROTEIN__zinc_finger_protein_420-like__Galeopterus_variegatus_
Galeopterus_variegatus____dermoptera_XP_008592627.1_PREDICTED__zinc_finger_protein_420-like_[Galeopterus_variegatus] -> Galeopterus_variegatus____dermoptera_XP_008592627.1_PREDICTED__zinc_finger_protein_420-like__Galeopterus_variegatus_
Galeopterus_variegatus____dermoptera_XP_008582201.1_PREDICTED__LOW_QUALITY_PROTEIN__zinc_finger_protein_420-like_[Galeopterus_variegatus] -> Galeopterus_variegatus____dermoptera_XP_008582201.1_PREDICTED__LOW_QUALITY_PROTEIN__zinc_finger_protein_420-like__Galeopterus_variegatus_
Phascolarctos_cinereus____metatheria_XP_020827824.1_zinc_finger_protein_208-like_[Phascolarctos_cinereus] -> Phascolarctos_cinereus____metatheria_XP_020827824.1_zinc_finger_protein_208-like__Phascolarctos_cinereus_
Phascolarctos_cinereus____metatheria_XP_020827828.1_zinc_finger_protein_208-like_[Phascolarctos_cinereus] -> Phascolarctos_cinereus____metatheria_XP_020827828.1_zinc_finger_protein_208-like__Phascolarctos_cinereus_
Phascolarctos_cinereus____metatheria_XP_020827827.1_zinc_finger_protein_208-like_[Phascolarctos_cinereus] -> Phascolarctos_cinereus____metatheria_XP_020827827.1_zinc_finger_protein_208-like__Phascolarctos_cinereus_
Phascolarctos_cinereus____metatheria_XP_020827825.1_zinc_finger_protein_208-like_[Phascolarctos_cinereus] -> Phascolarctos_cinereus____metatheria_XP_020827825.1_zinc_finger_protein_208-like__Phascolarctos_cinereus_
Carlito_syrichta____tarsiidae_XP_008066609.1_zinc_finger_protein_658B-like__partial_[Carlito_syrichta] -> Carlito_syrichta____tarsiidae_XP_008066609.1_zinc_finger_protein_658B-like__partial__Carlito_syrichta_
Loxodonta_africana____afrotheria_XP_010586028.2_LOW_QUALITY_PROTEIN__zinc_finger_protein_37_homolog_[Loxodonta_africana] -> Loxodonta_africana____afrotheria_XP_010586028.2_LOW_QUALITY_PROTEIN__zinc_finger_protein_37_homolog__Loxodonta_africana_
Oryctolagus_cuniculus____lagomorpha_XP_017194014.1_PREDICTED__LOW_QUALITY_PROTEIN__zinc_finger_protein_470_[Oryctolagus_cuniculus] -> Oryctolagus_cuniculus____lagomorpha_XP_017194014.1_PREDICTED__LOW_QUALITY_PROTEIN__zinc_finger_protein_470__Oryctolagus_cuniculus_
Otolemur_garnettii____lorisoidea_XP_023372263.1_LOW_QUALITY_PROTEIN__zinc_finger_protein_582_[Otolemur_garnettii] -> Otolemur_garnettii____lorisoidea_XP_023372263.1_LOW_QUALITY_PROTEIN__zinc_finger_protein_582__Otolemur_garnettii_
Ursus_arctos____carnivora_XP_026345846.1_uncharacterized_protein_LOC113248539_[Ursus_arctos_horribilis] -> Ursus_arctos____carnivora_XP_026345846.1_uncharacterized_protein_LOC113248539__Ursus_arctos_horribilis_
Tupaia_chinensis____scandentia_XP_027623402.1_zinc_finger_protein_850_isoform_X4_[Tupaia_chinensis] -> Tupaia_chinensis____scandentia_XP_027623402.1_zinc_finger_protein_850_isoform_X4__Tupaia_chinensis_
Loxodonta_africana____afrotheria_XP_023399391.1_zinc_finger_protein_420-like_isoform_X3_[Loxodonta_africana] -> Loxodonta_africana____afrotheria_XP_023399391.1_zinc_finger_protein_420-like_isoform_X3__Loxodonta_africana_
Propithecus_coquereli____indriidae_XP_012503418.1_PREDICTED__zinc_finger_protein_252-like_[Propithecus_coquereli] -> Propithecus_coquereli____indriidae_XP_012503418.1_PREDICTED__zinc_finger_protein_252-like__Propithecus_coquereli_
Orycteropus_afer____afrotheria_XP_007943789.1_PREDICTED__zinc_finger_protein_286A_[Orycteropus_afer_afer] -> Orycteropus_afer____afrotheria_XP_007943789.1_PREDICTED__zinc_finger_protein_286A__Orycteropus_afer_afer_
Tupaia_chinensis____scandentia_XP_027624595.1_zinc_finger_protein_197_isoform_X3_[Tupaia_chinensis] -> Tupaia_chinensis____scandentia_XP_027624595.1_zinc_finger_protein_197_isoform_X3__Tupaia_chinensis_
Ursus_arctos____carnivora_XP_026344621.1_zinc_finger_protein_250_isoform_X4_[Ursus_arctos_horribilis] -> Ursus_arctos____carnivora_XP_026344621.1_zinc_finger_protein_250_isoform_X4__Ursus_arctos_horribilis_
Orycteropus_afer____afrotheria_XP_007943866.1_PREDICTED__zinc_finger_protein_271-like_[Orycteropus_afer_afer] -> Orycteropus_afer____afrotheria_XP_007943866.1_PREDICTED__zinc_finger_protein_271-like__Orycteropus_afer_afer_
Loxodonta_africana____afrotheria_XP_023399654.1_zinc_finger_protein_850_isoform_X3_[Loxodonta_africana] -> Loxodonta_africana____afrotheria_XP_023399654.1_zinc_finger_protein_850_isoform_X3__Loxodonta_africana_
Balaenoptera_acutorostrata____cetartiodactyla_XP_028018084.1_zinc_finger_protein_397_isoform_X2_[Balaenoptera_acutorostrata_scammoni] -> Balaenoptera_acutorostrata____cetartiodactyla_XP_028018084.1_zinc_finger_protein_397_isoform_X2__Balaenoptera_acutorostrata_scammoni_
Ursus_arctos____carnivora_XP_026351966.1_zinc_finger_protein_271_isoform_X2_[Ursus_arctos_horribilis] -> Ursus_arctos____carnivora_XP_026351966.1_zinc_finger_protein_271_isoform_X2__Ursus_arctos_horribilis_
Pteropus_vampyrus____chiroptera_XP_011359924.2_zinc_finger_protein_271_isoform_X2_[Pteropus_vampyrus] -> Pteropus_vampyrus____chiroptera_XP_011359924.2_zinc_finger_protein_271_isoform_X2__Pteropus_vampyrus_
Balaenoptera_acutorostrata____cetartiodactyla_XP_028021489.1_LOW_QUALITY_PROTEIN__zinc_finger_protein_850-like_[Balaenoptera_acutorostrata_scammoni] -> Balaenoptera_acutorostrata____cetartiodactyla_XP_028021489.1_LOW_QUALITY_PROTEIN__zinc_finger_protein_850-like__Balaenoptera_acutorostrata_scammoni_

                                                                                                                                                      Gap/Ambiguity  Composition  p-value
   1  Mandrillus_leucophaeus____cercopithecoidea_XP_011858019.1_PREDICTED__zinc_finger_protein_648__Mandrillus_leucophaeus_                                  94.82%    failed      0.00%
   2  Cebus_capucinus____platyrrhini_XP_017379964.1_PREDICTED__LOW_QUALITY_PROTEIN__zinc_finger_protein_648__Cebus_capucinus_imitator_                       94.83%    failed      0.00%
   3  Propithecus_coquereli____indriidae_XP_012495439.1_PREDICTED__zinc_finger_protein_648__Propithecus_coquereli_                                           94.90%    failed      0.00%
   4  Carlito_syrichta____tarsiidae_XP_008061486.1_LOW_QUALITY_PROTEIN__zinc_finger_protein_648__Carlito_syrichta_                                           94.96%    failed      0.00%
   5  Homo_sapiens____homonina_XP_006722943.1_zinc_finger_protein_91_isoform_X3__Homo_sapiens_                                                               90.00%    failed      0.00%
   6  Homo_sapiens____homonina_NP_003421.2_zinc_finger_protein_91_isoform_1__Homo_sapiens_                                                                   89.10%    failed      0.00%
   7  Homo_sapiens____homonina_NP_001287880.1_zinc_finger_protein_91_isoform_2__Homo_sapiens_                                                                89.39%    failed      0.00%
   8  Pan_troglodytes____panina_XP_024207564.1_zinc_finger_protein_91_isoform_X2__Pan_troglodytes_                                                           89.47%    failed      0.00%
   9  Pan_troglodytes____panina_XP_024207563.1_zinc_finger_protein_91_isoform_X2__Pan_troglodytes_                                                           89.47%    failed      0.00%
  10  Pan_troglodytes____panina_XP_024207565.1_zinc_finger_protein_91_isoform_X3__Pan_troglodytes_                                                           89.47%    failed      0.00%
  11  Homo_sapiens____homonina_XP_011526568.1_zinc_finger_protein_91_isoform_X3__Homo_sapiens_                                                               90.00%    failed      0.00%
  12  Mandrillus_leucophaeus____cercopithecoidea_XP_011855059.1_PREDICTED__zinc_finger_protein_91-like__Mandrillus_leucophaeus_                              91.42%    failed      0.00%
  13  Pongo_abelii____ponginae_XP_024093060.1_zinc_finger_protein_91-like__Pongo_abelii_                                                                     90.44%    failed      0.00%
  14  Cebus_capucinus____platyrrhini_XP_017380786.1_PREDICTED__LOW_QUALITY_PROTEIN__zinc_finger_protein_254-like__Cebus_capucinus_imitator_                  89.30%    failed      0.00%
  15  Pan_troglodytes____panina_XP_009433443.2_zinc_finger_protein_99__Pan_troglodytes_                                                                      86.63%    failed      0.00%
  16  Gorilla_gorilla____gorillini_XP_018870401.1_PREDICTED__LOW_QUALITY_PROTEIN__zinc_finger_protein_729-like__Gorilla_gorilla_gorilla_                     81.90%    failed      0.00%
  17  Pongo_abelii____ponginae_XP_024093053.1_LOW_QUALITY_PROTEIN__zinc_finger_protein_729__Pongo_abelii_                                                    87.57%    failed      0.00%
  18  Gorilla_gorilla____gorillini_XP_018870402.1_PREDICTED__zinc_finger_protein_729__Gorilla_gorilla_gorilla_                                               88.54%    failed      0.00%
  19  Nomascus_leucogenys____hylobatidae_XP_012364875.1_PREDICTED__putative_zinc_finger_protein_724_isoform_X1__Nomascus_leucogenys_                         89.17%    failed      0.00%
  20  Gorilla_gorilla____gorillini_XP_018870377.1_PREDICTED__LOW_QUALITY_PROTEIN__putative_zinc_finger_protein_724__Gorilla_gorilla_gorilla_                 88.83%    failed      0.00%
  21  Nomascus_leucogenys____hylobatidae_XP_012364883.1_PREDICTED__LOW_QUALITY_PROTEIN__zinc_finger_protein_729-like__Nomascus_leucogenys_                   89.32%    failed      0.00%
  22  Pongo_abelii____ponginae_XP_024093056.1_zinc_finger_protein_208_isoform_X1__Pongo_abelii_                                                              87.90%    failed      0.00%
  23  Gorilla_gorilla____gorillini_XP_018886338.1_PREDICTED__LOW_QUALITY_PROTEIN__zinc_finger_protein_107-like__Gorilla_gorilla_gorilla_                     88.69%    failed      0.00%
  24  Cebus_capucinus____platyrrhini_XP_017380788.1_PREDICTED__LOW_QUALITY_PROTEIN__zinc_finger_protein_681-like__Cebus_capucinus_imitator_                  88.45%    failed      0.00%
  25  Nomascus_leucogenys____hylobatidae_XP_012364870.1_PREDICTED__LOW_QUALITY_PROTEIN__zinc_finger_protein_208-like__Nomascus_leucogenys_                   88.10%    failed      0.00%
  26  Nomascus_leucogenys____hylobatidae_XP_012360600.1_PREDICTED__LOW_QUALITY_PROTEIN__zinc_finger_protein_91-like__Nomascus_leucogenys_                    87.58%    failed      0.00%
  27  Carlito_syrichta____tarsiidae_XP_021565913.1_zinc_finger_protein_208-like__Carlito_syrichta_                                                           89.23%    failed      0.00%
  28  Mus_musculus____rodentia_NP_898969.2_uncharacterized_protein_LOC212281__Mus_musculus_                                                                  91.09%    failed      0.00%
  29  Mus_musculus____rodentia_NP_001156718.1_zinc_finger_protein__Mus_musculus_                                                                             90.43%    failed      0.00%
  30  Otolemur_garnettii____lorisoidea_XP_012669420.1_LOW_QUALITY_PROTEIN__zinc_finger_protein_493-like__Otolemur_garnettii_                                 89.84%    failed      0.00%
  31  Orycteropus_afer____afrotheria_XP_007952454.1_PREDICTED__zinc_finger_protein_62_homolog__Orycteropus_afer_afer_                                        91.72%    failed      0.00%
  32  Dasypus_novemcinctus____xenarthra_XP_012375896.1_zinc_finger_protein_836-like__Dasypus_novemcinctus_                                                   89.51%    failed      0.01%
  33  Dasypus_novemcinctus____xenarthra_XP_012381290.1_zinc_finger_protein_665-like__Dasypus_novemcinctus_                                                   90.21%    failed      0.27%
  34  Panthera_tigris____carnivora_XP_007094057.2_PREDICTED__LOW_QUALITY_PROTEIN__zinc_finger_protein_160__Panthera_tigris_altaica_                          88.08%    failed      0.00%
  35  Equus_caballus____perissodactyla_XP_023505182.1_zinc_finger_protein_845__Equus_caballus_                                                               80.35%    failed      0.00%
  36  Propithecus_coquereli____indriidae_XP_012498850.1_PREDICTED__zinc_finger_protein_665-like__Propithecus_coquereli_                                      92.54%    failed      0.05%
  37  Pongo_abelii____ponginae_XP_009231287.1_zinc_finger_protein_836_isoform_X2__Pongo_abelii_                                                              91.43%    failed      0.00%
  38  Pteropus_vampyrus____chiroptera_XP_011380014.2_zinc_finger_protein_160_isoform_X10__Pteropus_vampyrus_                                                 87.74%    failed      0.00%
  39  Pteropus_vampyrus____chiroptera_XP_023382457.1_zinc_finger_protein_665-like_isoform_X4__Pteropus_vampyrus_                                             90.14%    failed      0.00%
  40  Galeopterus_variegatus____dermoptera_XP_008584848.1_PREDICTED__zinc_finger_protein_160-like__Galeopterus_variegatus_                                   87.65%    failed      0.00%
  41  Mandrillus_leucophaeus____cercopithecoidea_XP_011835084.1_PREDICTED__LOW_QUALITY_PROTEIN__zinc_finger_protein_845-like__Mandrillus_leucophaeus_        91.15%    failed      0.00%
  42  Propithecus_coquereli____indriidae_XP_012498791.1_PREDICTED__zinc_finger_protein_208-like__Propithecus_coquereli_                                      87.80%    failed      0.00%
  43  Balaenoptera_acutorostrata____cetartiodactyla_XP_028018889.1_zinc_finger_protein_45__Balaenoptera_acutorostrata_scammoni_                              85.81%    failed      0.00%
  44  Tupaia_chinensis____scandentia_XP_014438393.2_zinc_finger_protein_45_isoform_X4__Tupaia_chinensis_                                                     88.79%    failed      0.00%
  45  Dasypus_novemcinctus____xenarthra_XP_023444483.1_LOW_QUALITY_PROTEIN__zinc_finger_protein_729__Dasypus_novemcinctus_                                   85.41%    failed      0.00%
  46  Panthera_tigris____carnivora_XP_015394985.1_PREDICTED__zinc_finger_protein_227_isoform_X7__Panthera_tigris_altaica_                                    88.46%    failed      0.00%
  47  Equus_caballus____perissodactyla_XP_023505597.1_zinc_finger_protein_234_isoform_X9__Equus_caballus_                                                    89.47%    failed      0.00%
  48  Ornithorhynchus_anatinus____monotrememata_XP_028929209.1_uncharacterized_protein_LOC100089426_isoform_X1__Ornithorhynchus_anatinus_                    76.30%    failed      0.00%
  49  Ornithorhynchus_anatinus____monotrememata_XP_028929208.1_uncharacterized_protein_LOC100089426_isoform_X1__Ornithorhynchus_anatinus_                    76.30%    failed      0.00%
  50  Ornithorhynchus_anatinus____monotrememata_XP_028929210.1_uncharacterized_protein_LOC100089426_isoform_X1__Ornithorhynchus_anatinus_                    76.30%    failed      0.00%
  51  Ornithorhynchus_anatinus____monotrememata_XP_028929211.1_uncharacterized_protein_LOC100089426_isoform_X2__Ornithorhynchus_anatinus_                    78.41%    failed      0.00%
  52  Loxodonta_africana____afrotheria_XP_023399395.1_zinc_finger_protein_271-like__Loxodonta_africana_                                                      88.80%    failed      0.00%
  53  Balaenoptera_acutorostrata____cetartiodactyla_XP_007175460.2_LOW_QUALITY_PROTEIN__zinc_finger_protein_208__Balaenoptera_acutorostrata_scammoni_        80.39%    failed      0.00%
  54  Mus_musculus____rodentia_XP_017174659.1_PREDICTED__KRAB_box_and_zinc_finger__C2H2_type_domain_containing_isoform_X1__Mus_musculus_                     90.13%    failed      0.00%
  55  Mus_musculus____rodentia_NP_001004139.2_zinc_finger_protein_91__Mus_musculus_                                                                          89.37%    failed      0.00%
  56  Orycteropus_afer____afrotheria_XP_007955524.1_PREDICTED__zinc_finger_protein_208-like__Orycteropus_afer_afer_                                          90.23%    failed      0.00%
  57  Equus_caballus____perissodactyla_XP_023477056.1_zinc_finger_protein_850__Equus_caballus_                                                               83.45%    failed      0.00%
  58  Oryctolagus_cuniculus____lagomorpha_XP_017194024.1_PREDICTED__LOW_QUALITY_PROTEIN__zinc_finger_protein_585A-like__partial__Oryctolagus_cuniculus_      89.56%    failed      0.00%
  59  Oryctolagus_cuniculus____lagomorpha_XP_017195407.1_PREDICTED__zinc_finger_protein_260-like_isoform_X3__Oryctolagus_cuniculus_                          92.83%    failed      0.00%
  60  Erinaceus_europaeus____eulipotyphla_XP_016049862.1_PREDICTED__zinc_finger_protein_850_isoform_X1__Erinaceus_europaeus_                                 84.48%    failed      0.00%
  61  Erinaceus_europaeus____eulipotyphla_XP_016045503.1_PREDICTED__zinc_finger_protein_665_isoform_X2__Erinaceus_europaeus_                                 90.05%    failed      0.00%
  62  Panthera_tigris____carnivora_XP_015399575.1_PREDICTED__zinc_finger_protein_850_isoform_X1__Panthera_tigris_altaica_                                    85.01%    failed      0.00%
  63  Panthera_tigris____carnivora_XP_015399584.1_PREDICTED__zinc_finger_protein_568_isoform_X4__Panthera_tigris_altaica_                                    89.88%    failed      0.08%
  64  Ursus_arctos____carnivora_XP_026338220.1_LOW_QUALITY_PROTEIN__zinc_finger_protein_573__Ursus_arctos_horribilis_                                        87.79%    failed      0.00%
  65  Otolemur_garnettii____lorisoidea_XP_023372667.1_zinc_finger_protein_607__Otolemur_garnettii_                                                           87.79%    failed      0.00%
  66  Erinaceus_europaeus____eulipotyphla_XP_016049861.1_PREDICTED__LOW_QUALITY_PROTEIN__uncharacterized_protein_LOC103126390__Erinaceus_europaeus_          77.08%    failed      0.00%
  67  Oryctolagus_cuniculus____lagomorpha_XP_017197911.1_PREDICTED__zinc_finger_protein_850_isoform_X3__Oryctolagus_cuniculus_                               89.72%    failed      0.00%
  68  Pteropus_vampyrus____chiroptera_XP_011380016.2_zinc_finger_protein_420_isoform_X10__Pteropus_vampyrus_                                                 89.52%    failed      0.00%
  69  Carlito_syrichta____tarsiidae_XP_008054518.2_zinc_finger_protein_571__Carlito_syrichta_                                                                89.99%    failed      0.00%
  70  Erinaceus_europaeus____eulipotyphla_XP_016050331.1_PREDICTED__LOW_QUALITY_PROTEIN__zinc_finger_protein_208__Erinaceus_europaeus_                       78.49%    failed      0.00%
  71  Equus_caballus____perissodactyla_XP_023507076.1_zinc_finger_protein_420_isoform_X12__Equus_caballus_                                                   89.03%    failed      0.00%
  72  Dasypus_novemcinctus____xenarthra_XP_023444636.1_LOW_QUALITY_PROTEIN__zinc_finger_protein_571__Dasypus_novemcinctus_                                   89.53%    failed      0.00%
  73  Otolemur_garnettii____lorisoidea_XP_023372666.1_zinc_finger_protein_850-like__partial__Otolemur_garnettii_                                             89.64%    failed      0.00%
  74  Mandrillus_leucophaeus____cercopithecoidea_XP_011840165.1_PREDICTED__LOW_QUALITY_PROTEIN__zinc_finger_protein_850__Mandrillus_leucophaeus_             90.09%    failed      0.00%
  75  Cebus_capucinus____platyrrhini_XP_017362132.1_PREDICTED__zinc_finger_protein_850__Cebus_capucinus_imitator_                                            90.02%    failed      0.00%
  76  Tupaia_chinensis____scandentia_XP_014448421.1_LOW_QUALITY_PROTEIN__zinc_finger_protein_208__Tupaia_chinensis_                                          79.01%    failed      0.00%
  77  Galeopterus_variegatus____dermoptera_XP_008588630.1_PREDICTED__LOW_QUALITY_PROTEIN__zinc_finger_protein_420-like__Galeopterus_variegatus_              89.07%    failed      0.00%
  78  Galeopterus_variegatus____dermoptera_XP_008592627.1_PREDICTED__zinc_finger_protein_420-like__Galeopterus_variegatus_                                   88.86%    failed      0.00%
  79  Galeopterus_variegatus____dermoptera_XP_008582201.1_PREDICTED__LOW_QUALITY_PROTEIN__zinc_finger_protein_420-like__Galeopterus_variegatus_              92.56%    failed      0.00%
  80  Phascolarctos_cinereus____metatheria_XP_020827824.1_zinc_finger_protein_208-like__Phascolarctos_cinereus_                                              78.50%    failed      0.00%
  81  Phascolarctos_cinereus____metatheria_XP_020827828.1_zinc_finger_protein_208-like__Phascolarctos_cinereus_                                              78.50%    failed      0.00%
  82  Phascolarctos_cinereus____metatheria_XP_020827827.1_zinc_finger_protein_208-like__Phascolarctos_cinereus_                                              78.50%    failed      0.00%
  83  Phascolarctos_cinereus____metatheria_XP_020827825.1_zinc_finger_protein_208-like__Phascolarctos_cinereus_                                              78.50%    failed      0.00%
  84  Carlito_syrichta____tarsiidae_XP_008066609.1_zinc_finger_protein_658B-like__partial__Carlito_syrichta_                                                 93.03%    failed      0.00%
  85  Loxodonta_africana____afrotheria_XP_010586028.2_LOW_QUALITY_PROTEIN__zinc_finger_protein_37_homolog__Loxodonta_africana_                               88.30%    failed      0.00%
  86  Oryctolagus_cuniculus____lagomorpha_XP_017194014.1_PREDICTED__LOW_QUALITY_PROTEIN__zinc_finger_protein_470__Oryctolagus_cuniculus_                     90.27%    failed      0.19%
  87  Otolemur_garnettii____lorisoidea_XP_023372263.1_LOW_QUALITY_PROTEIN__zinc_finger_protein_582__Otolemur_garnettii_                                      91.44%    failed      0.02%
  88  Ursus_arctos____carnivora_XP_026345846.1_uncharacterized_protein_LOC113248539__Ursus_arctos_horribilis_                                                84.05%    failed      0.00%
  89  Tupaia_chinensis____scandentia_XP_027623402.1_zinc_finger_protein_850_isoform_X4__Tupaia_chinensis_                                                    88.92%    failed      0.00%
  90  Loxodonta_africana____afrotheria_XP_023399391.1_zinc_finger_protein_420-like_isoform_X3__Loxodonta_africana_                                           88.66%    failed      0.00%
  91  Propithecus_coquereli____indriidae_XP_012503418.1_PREDICTED__zinc_finger_protein_252-like__Propithecus_coquereli_                                      91.98%    failed      0.00%
  92  Orycteropus_afer____afrotheria_XP_007943789.1_PREDICTED__zinc_finger_protein_286A__Orycteropus_afer_afer_                                              90.13%    failed      0.22%
  93  Tupaia_chinensis____scandentia_XP_027624595.1_zinc_finger_protein_197_isoform_X3__Tupaia_chinensis_                                                    88.69%    failed      0.01%
  94  Ursus_arctos____carnivora_XP_026344621.1_zinc_finger_protein_250_isoform_X4__Ursus_arctos_horribilis_                                                  90.70%    failed      0.00%
  95  Orycteropus_afer____afrotheria_XP_007943866.1_PREDICTED__zinc_finger_protein_271-like__Orycteropus_afer_afer_                                          92.00%    failed      0.00%
  96  Loxodonta_africana____afrotheria_XP_023399654.1_zinc_finger_protein_850_isoform_X3__Loxodonta_africana_                                                88.47%    failed      0.00%
  97  Balaenoptera_acutorostrata____cetartiodactyla_XP_028018084.1_zinc_finger_protein_397_isoform_X2__Balaenoptera_acutorostrata_scammoni_                  89.56%    failed      0.00%
  98  Ursus_arctos____carnivora_XP_026351966.1_zinc_finger_protein_271_isoform_X2__Ursus_arctos_horribilis_                                                  89.83%    failed      0.00%
  99  Pteropus_vampyrus____chiroptera_XP_011359924.2_zinc_finger_protein_271_isoform_X2__Pteropus_vampyrus_                                                  89.80%    failed      0.00%
 100  Balaenoptera_acutorostrata____cetartiodactyla_XP_028021489.1_LOW_QUALITY_PROTEIN__zinc_finger_protein_850-like__Balaenoptera_acutorostrata_scammoni_   83.77%    failed      0.00%
WARNING: 100 sequences contain more than 50% gaps/ambiguity
****  TOTAL                                                                                                                                                  87.90%  100 sequences failed composition chi2 test (p-value<5%; df=19)
NOTE: Homo_sapiens____homonina_XP_011526568.1_zinc_finger_protein_91_isoform_X3__Homo_sapiens_ is identical to Homo_sapiens____homonina_XP_006722943.1_zinc_finger_protein_91_isoform_X3__Homo_sapiens_ but kept for subsequent analysis
NOTE: Pan_troglodytes____panina_XP_024207563.1_zinc_finger_protein_91_isoform_X2__Pan_troglodytes_ is identical to Pan_troglodytes____panina_XP_024207564.1_zinc_finger_protein_91_isoform_X2__Pan_troglodytes_ but kept for subsequent analysis
NOTE: Ornithorhynchus_anatinus____monotrememata_XP_028929208.1_uncharacterized_protein_LOC100089426_isoform_X1__Ornithorhynchus_anatinus_ is identical to Ornithorhynchus_anatinus____monotrememata_XP_028929209.1_uncharacterized_protein_LOC100089426_isoform_X1__Ornithorhynchus_anatinus_ but kept for subsequent analysis
NOTE: Phascolarctos_cinereus____metatheria_XP_020827828.1_zinc_finger_protein_208-like__Phascolarctos_cinereus_ is identical to Phascolarctos_cinereus____metatheria_XP_020827824.1_zinc_finger_protein_208-like__Phascolarctos_cinereus_ but kept for subsequent analysis
NOTE: 3 identical sequences (see below) will be ignored for subsequent analysis
NOTE: Ornithorhynchus_anatinus____monotrememata_XP_028929210.1_uncharacterized_protein_LOC100089426_isoform_X1__Ornithorhynchus_anatinus_ (identical to Ornithorhynchus_anatinus____monotrememata_XP_028929209.1_uncharacterized_protein_LOC100089426_isoform_X1__Ornithorhynchus_anatinus_) is ignored but added at the end
NOTE: Phascolarctos_cinereus____metatheria_XP_020827827.1_zinc_finger_protein_208-like__Phascolarctos_cinereus_ (identical to Phascolarctos_cinereus____metatheria_XP_020827824.1_zinc_finger_protein_208-like__Phascolarctos_cinereus_) is ignored but added at the end
NOTE: Phascolarctos_cinereus____metatheria_XP_020827825.1_zinc_finger_protein_208-like__Phascolarctos_cinereus_ (identical to Phascolarctos_cinereus____metatheria_XP_020827824.1_zinc_finger_protein_208-like__Phascolarctos_cinereus_) is ignored but added at the end

For your convenience alignment with unique sequences printed to prankblastzinc.fa.uniqueseq.phy

Create initial parsimony tree by phylogenetic likelihood library (PLL)... 0.179 seconds
Generating 1000 samples for ultrafast bootstrap (seed: 489717)...

NOTE: 388 MB RAM (0 GB) is required!
Estimate model parameters (epsilon = 0.100)
1. Initial log-likelihood: -181778.578
2. Current log-likelihood: -163257.690
3. Current log-likelihood: -163125.104
4. Current log-likelihood: -163124.110
Optimal log-likelihood: -163124.082
Gamma shape alpha: 1.287
Parameters optimization took 4 rounds (28.874 sec)
Computing ML distances based on estimated model parameters... 2.347 sec
WARNING: Some pairwise ML distances are too long (saturated)
Computing BIONJ tree...
0.004 seconds
Log-likelihood of BIONJ tree: -165250.865
--------------------------------------------------------------------
|             INITIALIZING CANDIDATE TREE SET                      |
--------------------------------------------------------------------
Generating 98 parsimony trees... 25.722 second
Computing log-likelihood of 98 initial trees ... 331.010 seconds
Current best score: -163069.955

Do NNI search on 20 best initial trees

******************************************************
CHECKPOINT: Resuming analysis from prankblastzinc.fa.ckp.gz

IQ-TREE multicore version 1.6.1 for Linux 64-bit built Feb 16 2018
Developed by Bui Quang Minh, Nguyen Lam Tung, Olga Chernomor,
Heiko Schmidt, Dominik Schrempf, Michael Woodhams.

Host:    it038094 (AVX2, FMA3, 15 GB RAM)
Command: iqtree -s prankblastzinc.fa -m LG+G+F -bb 1000 -bnni -wbtl -nt AUTO
Seed:    414174 (Using SPRNG - Scalable Parallel Random Number Generator)
Time:    Fri Jul  5 10:03:35 2019
Kernel:  AVX+FMA - auto-detect threads (4 CPU cores detected)

WARNING: Number of command-line arguments differs from checkpoint
WARNING: Command-line differs from checkpoint!
Reading alignment file prankblastzinc.fa ... Fasta format detected
Alignment most likely contains protein sequences
WARNING: 7 sites contain only gaps or ambiguous characters.
Alignment has 100 sequences with 10924 columns, 6072 distinct patterns
3175 parsimony-informative, 1588 singleton sites, 6161 constant sites
WARNING: Some sequence names are changed as follows:
Mandrillus_leucophaeus____cercopithecoidea_XP_011858019.1_PREDICTED__zinc_finger_protein_648_[Mandrillus_leucophaeus] -> Mandrillus_leucophaeus____cercopithecoidea_XP_011858019.1_PREDICTED__zinc_finger_protein_648__Mandrillus_leucophaeus_
Cebus_capucinus____platyrrhini_XP_017379964.1_PREDICTED__LOW_QUALITY_PROTEIN__zinc_finger_protein_648_[Cebus_capucinus_imitator] -> Cebus_capucinus____platyrrhini_XP_017379964.1_PREDICTED__LOW_QUALITY_PROTEIN__zinc_finger_protein_648__Cebus_capucinus_imitator_
Propithecus_coquereli____indriidae_XP_012495439.1_PREDICTED__zinc_finger_protein_648_[Propithecus_coquereli] -> Propithecus_coquereli____indriidae_XP_012495439.1_PREDICTED__zinc_finger_protein_648__Propithecus_coquereli_
Carlito_syrichta____tarsiidae_XP_008061486.1_LOW_QUALITY_PROTEIN__zinc_finger_protein_648_[Carlito_syrichta] -> Carlito_syrichta____tarsiidae_XP_008061486.1_LOW_QUALITY_PROTEIN__zinc_finger_protein_648__Carlito_syrichta_
Homo_sapiens____homonina_XP_006722943.1_zinc_finger_protein_91_isoform_X3_[Homo_sapiens] -> Homo_sapiens____homonina_XP_006722943.1_zinc_finger_protein_91_isoform_X3__Homo_sapiens_
Homo_sapiens____homonina_NP_003421.2_zinc_finger_protein_91_isoform_1_[Homo_sapiens] -> Homo_sapiens____homonina_NP_003421.2_zinc_finger_protein_91_isoform_1__Homo_sapiens_
Homo_sapiens____homonina_NP_001287880.1_zinc_finger_protein_91_isoform_2_[Homo_sapiens] -> Homo_sapiens____homonina_NP_001287880.1_zinc_finger_protein_91_isoform_2__Homo_sapiens_
Pan_troglodytes____panina_XP_024207564.1_zinc_finger_protein_91_isoform_X2_[Pan_troglodytes] -> Pan_troglodytes____panina_XP_024207564.1_zinc_finger_protein_91_isoform_X2__Pan_troglodytes_
Pan_troglodytes____panina_XP_024207563.1_zinc_finger_protein_91_isoform_X2_[Pan_troglodytes] -> Pan_troglodytes____panina_XP_024207563.1_zinc_finger_protein_91_isoform_X2__Pan_troglodytes_
Pan_troglodytes____panina_XP_024207565.1_zinc_finger_protein_91_isoform_X3_[Pan_troglodytes] -> Pan_troglodytes____panina_XP_024207565.1_zinc_finger_protein_91_isoform_X3__Pan_troglodytes_
Homo_sapiens____homonina_XP_011526568.1_zinc_finger_protein_91_isoform_X3_[Homo_sapiens] -> Homo_sapiens____homonina_XP_011526568.1_zinc_finger_protein_91_isoform_X3__Homo_sapiens_
Mandrillus_leucophaeus____cercopithecoidea_XP_011855059.1_PREDICTED__zinc_finger_protein_91-like_[Mandrillus_leucophaeus] -> Mandrillus_leucophaeus____cercopithecoidea_XP_011855059.1_PREDICTED__zinc_finger_protein_91-like__Mandrillus_leucophaeus_
Pongo_abelii____ponginae_XP_024093060.1_zinc_finger_protein_91-like_[Pongo_abelii] -> Pongo_abelii____ponginae_XP_024093060.1_zinc_finger_protein_91-like__Pongo_abelii_
Cebus_capucinus____platyrrhini_XP_017380786.1_PREDICTED__LOW_QUALITY_PROTEIN__zinc_finger_protein_254-like_[Cebus_capucinus_imitator] -> Cebus_capucinus____platyrrhini_XP_017380786.1_PREDICTED__LOW_QUALITY_PROTEIN__zinc_finger_protein_254-like__Cebus_capucinus_imitator_
Pan_troglodytes____panina_XP_009433443.2_zinc_finger_protein_99_[Pan_troglodytes] -> Pan_troglodytes____panina_XP_009433443.2_zinc_finger_protein_99__Pan_troglodytes_
Gorilla_gorilla____gorillini_XP_018870401.1_PREDICTED__LOW_QUALITY_PROTEIN__zinc_finger_protein_729-like_[Gorilla_gorilla_gorilla] -> Gorilla_gorilla____gorillini_XP_018870401.1_PREDICTED__LOW_QUALITY_PROTEIN__zinc_finger_protein_729-like__Gorilla_gorilla_gorilla_
Pongo_abelii____ponginae_XP_024093053.1_LOW_QUALITY_PROTEIN__zinc_finger_protein_729_[Pongo_abelii] -> Pongo_abelii____ponginae_XP_024093053.1_LOW_QUALITY_PROTEIN__zinc_finger_protein_729__Pongo_abelii_
Gorilla_gorilla____gorillini_XP_018870402.1_PREDICTED__zinc_finger_protein_729_[Gorilla_gorilla_gorilla] -> Gorilla_gorilla____gorillini_XP_018870402.1_PREDICTED__zinc_finger_protein_729__Gorilla_gorilla_gorilla_
Nomascus_leucogenys____hylobatidae_XP_012364875.1_PREDICTED__putative_zinc_finger_protein_724_isoform_X1_[Nomascus_leucogenys] -> Nomascus_leucogenys____hylobatidae_XP_012364875.1_PREDICTED__putative_zinc_finger_protein_724_isoform_X1__Nomascus_leucogenys_
Gorilla_gorilla____gorillini_XP_018870377.1_PREDICTED__LOW_QUALITY_PROTEIN__putative_zinc_finger_protein_724_[Gorilla_gorilla_gorilla] -> Gorilla_gorilla____gorillini_XP_018870377.1_PREDICTED__LOW_QUALITY_PROTEIN__putative_zinc_finger_protein_724__Gorilla_gorilla_gorilla_
Nomascus_leucogenys____hylobatidae_XP_012364883.1_PREDICTED__LOW_QUALITY_PROTEIN__zinc_finger_protein_729-like_[Nomascus_leucogenys] -> Nomascus_leucogenys____hylobatidae_XP_012364883.1_PREDICTED__LOW_QUALITY_PROTEIN__zinc_finger_protein_729-like__Nomascus_leucogenys_
Pongo_abelii____ponginae_XP_024093056.1_zinc_finger_protein_208_isoform_X1_[Pongo_abelii] -> Pongo_abelii____ponginae_XP_024093056.1_zinc_finger_protein_208_isoform_X1__Pongo_abelii_
Gorilla_gorilla____gorillini_XP_018886338.1_PREDICTED__LOW_QUALITY_PROTEIN__zinc_finger_protein_107-like_[Gorilla_gorilla_gorilla] -> Gorilla_gorilla____gorillini_XP_018886338.1_PREDICTED__LOW_QUALITY_PROTEIN__zinc_finger_protein_107-like__Gorilla_gorilla_gorilla_
Cebus_capucinus____platyrrhini_XP_017380788.1_PREDICTED__LOW_QUALITY_PROTEIN__zinc_finger_protein_681-like_[Cebus_capucinus_imitator] -> Cebus_capucinus____platyrrhini_XP_017380788.1_PREDICTED__LOW_QUALITY_PROTEIN__zinc_finger_protein_681-like__Cebus_capucinus_imitator_
Nomascus_leucogenys____hylobatidae_XP_012364870.1_PREDICTED__LOW_QUALITY_PROTEIN__zinc_finger_protein_208-like_[Nomascus_leucogenys] -> Nomascus_leucogenys____hylobatidae_XP_012364870.1_PREDICTED__LOW_QUALITY_PROTEIN__zinc_finger_protein_208-like__Nomascus_leucogenys_
Nomascus_leucogenys____hylobatidae_XP_012360600.1_PREDICTED__LOW_QUALITY_PROTEIN__zinc_finger_protein_91-like_[Nomascus_leucogenys] -> Nomascus_leucogenys____hylobatidae_XP_012360600.1_PREDICTED__LOW_QUALITY_PROTEIN__zinc_finger_protein_91-like__Nomascus_leucogenys_
Carlito_syrichta____tarsiidae_XP_021565913.1_zinc_finger_protein_208-like_[Carlito_syrichta] -> Carlito_syrichta____tarsiidae_XP_021565913.1_zinc_finger_protein_208-like__Carlito_syrichta_
Mus_musculus____rodentia_NP_898969.2_uncharacterized_protein_LOC212281_[Mus_musculus] -> Mus_musculus____rodentia_NP_898969.2_uncharacterized_protein_LOC212281__Mus_musculus_
Mus_musculus____rodentia_NP_001156718.1_zinc_finger_protein_[Mus_musculus] -> Mus_musculus____rodentia_NP_001156718.1_zinc_finger_protein__Mus_musculus_
Otolemur_garnettii____lorisoidea_XP_012669420.1_LOW_QUALITY_PROTEIN__zinc_finger_protein_493-like_[Otolemur_garnettii] -> Otolemur_garnettii____lorisoidea_XP_012669420.1_LOW_QUALITY_PROTEIN__zinc_finger_protein_493-like__Otolemur_garnettii_
Orycteropus_afer____afrotheria_XP_007952454.1_PREDICTED__zinc_finger_protein_62_homolog_[Orycteropus_afer_afer] -> Orycteropus_afer____afrotheria_XP_007952454.1_PREDICTED__zinc_finger_protein_62_homolog__Orycteropus_afer_afer_
Dasypus_novemcinctus____xenarthra_XP_012375896.1_zinc_finger_protein_836-like_[Dasypus_novemcinctus] -> Dasypus_novemcinctus____xenarthra_XP_012375896.1_zinc_finger_protein_836-like__Dasypus_novemcinctus_
Dasypus_novemcinctus____xenarthra_XP_012381290.1_zinc_finger_protein_665-like_[Dasypus_novemcinctus] -> Dasypus_novemcinctus____xenarthra_XP_012381290.1_zinc_finger_protein_665-like__Dasypus_novemcinctus_
Panthera_tigris____carnivora_XP_007094057.2_PREDICTED__LOW_QUALITY_PROTEIN__zinc_finger_protein_160_[Panthera_tigris_altaica] -> Panthera_tigris____carnivora_XP_007094057.2_PREDICTED__LOW_QUALITY_PROTEIN__zinc_finger_protein_160__Panthera_tigris_altaica_
Equus_caballus____perissodactyla_XP_023505182.1_zinc_finger_protein_845_[Equus_caballus] -> Equus_caballus____perissodactyla_XP_023505182.1_zinc_finger_protein_845__Equus_caballus_
Propithecus_coquereli____indriidae_XP_012498850.1_PREDICTED__zinc_finger_protein_665-like_[Propithecus_coquereli] -> Propithecus_coquereli____indriidae_XP_012498850.1_PREDICTED__zinc_finger_protein_665-like__Propithecus_coquereli_
Pongo_abelii____ponginae_XP_009231287.1_zinc_finger_protein_836_isoform_X2_[Pongo_abelii] -> Pongo_abelii____ponginae_XP_009231287.1_zinc_finger_protein_836_isoform_X2__Pongo_abelii_
Pteropus_vampyrus____chiroptera_XP_011380014.2_zinc_finger_protein_160_isoform_X10_[Pteropus_vampyrus] -> Pteropus_vampyrus____chiroptera_XP_011380014.2_zinc_finger_protein_160_isoform_X10__Pteropus_vampyrus_
Pteropus_vampyrus____chiroptera_XP_023382457.1_zinc_finger_protein_665-like_isoform_X4_[Pteropus_vampyrus] -> Pteropus_vampyrus____chiroptera_XP_023382457.1_zinc_finger_protein_665-like_isoform_X4__Pteropus_vampyrus_
Galeopterus_variegatus____dermoptera_XP_008584848.1_PREDICTED__zinc_finger_protein_160-like_[Galeopterus_variegatus] -> Galeopterus_variegatus____dermoptera_XP_008584848.1_PREDICTED__zinc_finger_protein_160-like__Galeopterus_variegatus_
Mandrillus_leucophaeus____cercopithecoidea_XP_011835084.1_PREDICTED__LOW_QUALITY_PROTEIN__zinc_finger_protein_845-like_[Mandrillus_leucophaeus] -> Mandrillus_leucophaeus____cercopithecoidea_XP_011835084.1_PREDICTED__LOW_QUALITY_PROTEIN__zinc_finger_protein_845-like__Mandrillus_leucophaeus_
Propithecus_coquereli____indriidae_XP_012498791.1_PREDICTED__zinc_finger_protein_208-like_[Propithecus_coquereli] -> Propithecus_coquereli____indriidae_XP_012498791.1_PREDICTED__zinc_finger_protein_208-like__Propithecus_coquereli_
Balaenoptera_acutorostrata____cetartiodactyla_XP_028018889.1_zinc_finger_protein_45_[Balaenoptera_acutorostrata_scammoni] -> Balaenoptera_acutorostrata____cetartiodactyla_XP_028018889.1_zinc_finger_protein_45__Balaenoptera_acutorostrata_scammoni_
Tupaia_chinensis____scandentia_XP_014438393.2_zinc_finger_protein_45_isoform_X4_[Tupaia_chinensis] -> Tupaia_chinensis____scandentia_XP_014438393.2_zinc_finger_protein_45_isoform_X4__Tupaia_chinensis_
Dasypus_novemcinctus____xenarthra_XP_023444483.1_LOW_QUALITY_PROTEIN__zinc_finger_protein_729_[Dasypus_novemcinctus] -> Dasypus_novemcinctus____xenarthra_XP_023444483.1_LOW_QUALITY_PROTEIN__zinc_finger_protein_729__Dasypus_novemcinctus_
Panthera_tigris____carnivora_XP_015394985.1_PREDICTED__zinc_finger_protein_227_isoform_X7_[Panthera_tigris_altaica] -> Panthera_tigris____carnivora_XP_015394985.1_PREDICTED__zinc_finger_protein_227_isoform_X7__Panthera_tigris_altaica_
Equus_caballus____perissodactyla_XP_023505597.1_zinc_finger_protein_234_isoform_X9_[Equus_caballus] -> Equus_caballus____perissodactyla_XP_023505597.1_zinc_finger_protein_234_isoform_X9__Equus_caballus_
Ornithorhynchus_anatinus____monotrememata_XP_028929209.1_uncharacterized_protein_LOC100089426_isoform_X1_[Ornithorhynchus_anatinus] -> Ornithorhynchus_anatinus____monotrememata_XP_028929209.1_uncharacterized_protein_LOC100089426_isoform_X1__Ornithorhynchus_anatinus_
Ornithorhynchus_anatinus____monotrememata_XP_028929208.1_uncharacterized_protein_LOC100089426_isoform_X1_[Ornithorhynchus_anatinus] -> Ornithorhynchus_anatinus____monotrememata_XP_028929208.1_uncharacterized_protein_LOC100089426_isoform_X1__Ornithorhynchus_anatinus_
Ornithorhynchus_anatinus____monotrememata_XP_028929210.1_uncharacterized_protein_LOC100089426_isoform_X1_[Ornithorhynchus_anatinus] -> Ornithorhynchus_anatinus____monotrememata_XP_028929210.1_uncharacterized_protein_LOC100089426_isoform_X1__Ornithorhynchus_anatinus_
Ornithorhynchus_anatinus____monotrememata_XP_028929211.1_uncharacterized_protein_LOC100089426_isoform_X2_[Ornithorhynchus_anatinus] -> Ornithorhynchus_anatinus____monotrememata_XP_028929211.1_uncharacterized_protein_LOC100089426_isoform_X2__Ornithorhynchus_anatinus_
Loxodonta_africana____afrotheria_XP_023399395.1_zinc_finger_protein_271-like_[Loxodonta_africana] -> Loxodonta_africana____afrotheria_XP_023399395.1_zinc_finger_protein_271-like__Loxodonta_africana_
Balaenoptera_acutorostrata____cetartiodactyla_XP_007175460.2_LOW_QUALITY_PROTEIN__zinc_finger_protein_208_[Balaenoptera_acutorostrata_scammoni] -> Balaenoptera_acutorostrata____cetartiodactyla_XP_007175460.2_LOW_QUALITY_PROTEIN__zinc_finger_protein_208__Balaenoptera_acutorostrata_scammoni_
Mus_musculus____rodentia_XP_017174659.1_PREDICTED__KRAB_box_and_zinc_finger__C2H2_type_domain_containing_isoform_X1_[Mus_musculus] -> Mus_musculus____rodentia_XP_017174659.1_PREDICTED__KRAB_box_and_zinc_finger__C2H2_type_domain_containing_isoform_X1__Mus_musculus_
Mus_musculus____rodentia_NP_001004139.2_zinc_finger_protein_91_[Mus_musculus] -> Mus_musculus____rodentia_NP_001004139.2_zinc_finger_protein_91__Mus_musculus_
Orycteropus_afer____afrotheria_XP_007955524.1_PREDICTED__zinc_finger_protein_208-like_[Orycteropus_afer_afer] -> Orycteropus_afer____afrotheria_XP_007955524.1_PREDICTED__zinc_finger_protein_208-like__Orycteropus_afer_afer_
Equus_caballus____perissodactyla_XP_023477056.1_zinc_finger_protein_850_[Equus_caballus] -> Equus_caballus____perissodactyla_XP_023477056.1_zinc_finger_protein_850__Equus_caballus_
Oryctolagus_cuniculus____lagomorpha_XP_017194024.1_PREDICTED__LOW_QUALITY_PROTEIN__zinc_finger_protein_585A-like__partial_[Oryctolagus_cuniculus] -> Oryctolagus_cuniculus____lagomorpha_XP_017194024.1_PREDICTED__LOW_QUALITY_PROTEIN__zinc_finger_protein_585A-like__partial__Oryctolagus_cuniculus_
Oryctolagus_cuniculus____lagomorpha_XP_017195407.1_PREDICTED__zinc_finger_protein_260-like_isoform_X3_[Oryctolagus_cuniculus] -> Oryctolagus_cuniculus____lagomorpha_XP_017195407.1_PREDICTED__zinc_finger_protein_260-like_isoform_X3__Oryctolagus_cuniculus_
Erinaceus_europaeus____eulipotyphla_XP_016049862.1_PREDICTED__zinc_finger_protein_850_isoform_X1_[Erinaceus_europaeus] -> Erinaceus_europaeus____eulipotyphla_XP_016049862.1_PREDICTED__zinc_finger_protein_850_isoform_X1__Erinaceus_europaeus_
Erinaceus_europaeus____eulipotyphla_XP_016045503.1_PREDICTED__zinc_finger_protein_665_isoform_X2_[Erinaceus_europaeus] -> Erinaceus_europaeus____eulipotyphla_XP_016045503.1_PREDICTED__zinc_finger_protein_665_isoform_X2__Erinaceus_europaeus_
Panthera_tigris____carnivora_XP_015399575.1_PREDICTED__zinc_finger_protein_850_isoform_X1_[Panthera_tigris_altaica] -> Panthera_tigris____carnivora_XP_015399575.1_PREDICTED__zinc_finger_protein_850_isoform_X1__Panthera_tigris_altaica_
Panthera_tigris____carnivora_XP_015399584.1_PREDICTED__zinc_finger_protein_568_isoform_X4_[Panthera_tigris_altaica] -> Panthera_tigris____carnivora_XP_015399584.1_PREDICTED__zinc_finger_protein_568_isoform_X4__Panthera_tigris_altaica_
Ursus_arctos____carnivora_XP_026338220.1_LOW_QUALITY_PROTEIN__zinc_finger_protein_573_[Ursus_arctos_horribilis] -> Ursus_arctos____carnivora_XP_026338220.1_LOW_QUALITY_PROTEIN__zinc_finger_protein_573__Ursus_arctos_horribilis_
Otolemur_garnettii____lorisoidea_XP_023372667.1_zinc_finger_protein_607_[Otolemur_garnettii] -> Otolemur_garnettii____lorisoidea_XP_023372667.1_zinc_finger_protein_607__Otolemur_garnettii_
Erinaceus_europaeus____eulipotyphla_XP_016049861.1_PREDICTED__LOW_QUALITY_PROTEIN__uncharacterized_protein_LOC103126390_[Erinaceus_europaeus] -> Erinaceus_europaeus____eulipotyphla_XP_016049861.1_PREDICTED__LOW_QUALITY_PROTEIN__uncharacterized_protein_LOC103126390__Erinaceus_europaeus_
Oryctolagus_cuniculus____lagomorpha_XP_017197911.1_PREDICTED__zinc_finger_protein_850_isoform_X3_[Oryctolagus_cuniculus] -> Oryctolagus_cuniculus____lagomorpha_XP_017197911.1_PREDICTED__zinc_finger_protein_850_isoform_X3__Oryctolagus_cuniculus_
Pteropus_vampyrus____chiroptera_XP_011380016.2_zinc_finger_protein_420_isoform_X10_[Pteropus_vampyrus] -> Pteropus_vampyrus____chiroptera_XP_011380016.2_zinc_finger_protein_420_isoform_X10__Pteropus_vampyrus_
Carlito_syrichta____tarsiidae_XP_008054518.2_zinc_finger_protein_571_[Carlito_syrichta] -> Carlito_syrichta____tarsiidae_XP_008054518.2_zinc_finger_protein_571__Carlito_syrichta_
Erinaceus_europaeus____eulipotyphla_XP_016050331.1_PREDICTED__LOW_QUALITY_PROTEIN__zinc_finger_protein_208_[Erinaceus_europaeus] -> Erinaceus_europaeus____eulipotyphla_XP_016050331.1_PREDICTED__LOW_QUALITY_PROTEIN__zinc_finger_protein_208__Erinaceus_europaeus_
Equus_caballus____perissodactyla_XP_023507076.1_zinc_finger_protein_420_isoform_X12_[Equus_caballus] -> Equus_caballus____perissodactyla_XP_023507076.1_zinc_finger_protein_420_isoform_X12__Equus_caballus_
Dasypus_novemcinctus____xenarthra_XP_023444636.1_LOW_QUALITY_PROTEIN__zinc_finger_protein_571_[Dasypus_novemcinctus] -> Dasypus_novemcinctus____xenarthra_XP_023444636.1_LOW_QUALITY_PROTEIN__zinc_finger_protein_571__Dasypus_novemcinctus_
Otolemur_garnettii____lorisoidea_XP_023372666.1_zinc_finger_protein_850-like__partial_[Otolemur_garnettii] -> Otolemur_garnettii____lorisoidea_XP_023372666.1_zinc_finger_protein_850-like__partial__Otolemur_garnettii_
Mandrillus_leucophaeus____cercopithecoidea_XP_011840165.1_PREDICTED__LOW_QUALITY_PROTEIN__zinc_finger_protein_850_[Mandrillus_leucophaeus] -> Mandrillus_leucophaeus____cercopithecoidea_XP_011840165.1_PREDICTED__LOW_QUALITY_PROTEIN__zinc_finger_protein_850__Mandrillus_leucophaeus_
Cebus_capucinus____platyrrhini_XP_017362132.1_PREDICTED__zinc_finger_protein_850_[Cebus_capucinus_imitator] -> Cebus_capucinus____platyrrhini_XP_017362132.1_PREDICTED__zinc_finger_protein_850__Cebus_capucinus_imitator_
Tupaia_chinensis____scandentia_XP_014448421.1_LOW_QUALITY_PROTEIN__zinc_finger_protein_208_[Tupaia_chinensis] -> Tupaia_chinensis____scandentia_XP_014448421.1_LOW_QUALITY_PROTEIN__zinc_finger_protein_208__Tupaia_chinensis_
Galeopterus_variegatus____dermoptera_XP_008588630.1_PREDICTED__LOW_QUALITY_PROTEIN__zinc_finger_protein_420-like_[Galeopterus_variegatus] -> Galeopterus_variegatus____dermoptera_XP_008588630.1_PREDICTED__LOW_QUALITY_PROTEIN__zinc_finger_protein_420-like__Galeopterus_variegatus_
Galeopterus_variegatus____dermoptera_XP_008592627.1_PREDICTED__zinc_finger_protein_420-like_[Galeopterus_variegatus] -> Galeopterus_variegatus____dermoptera_XP_008592627.1_PREDICTED__zinc_finger_protein_420-like__Galeopterus_variegatus_
Galeopterus_variegatus____dermoptera_XP_008582201.1_PREDICTED__LOW_QUALITY_PROTEIN__zinc_finger_protein_420-like_[Galeopterus_variegatus] -> Galeopterus_variegatus____dermoptera_XP_008582201.1_PREDICTED__LOW_QUALITY_PROTEIN__zinc_finger_protein_420-like__Galeopterus_variegatus_
Phascolarctos_cinereus____metatheria_XP_020827824.1_zinc_finger_protein_208-like_[Phascolarctos_cinereus] -> Phascolarctos_cinereus____metatheria_XP_020827824.1_zinc_finger_protein_208-like__Phascolarctos_cinereus_
Phascolarctos_cinereus____metatheria_XP_020827828.1_zinc_finger_protein_208-like_[Phascolarctos_cinereus] -> Phascolarctos_cinereus____metatheria_XP_020827828.1_zinc_finger_protein_208-like__Phascolarctos_cinereus_
Phascolarctos_cinereus____metatheria_XP_020827827.1_zinc_finger_protein_208-like_[Phascolarctos_cinereus] -> Phascolarctos_cinereus____metatheria_XP_020827827.1_zinc_finger_protein_208-like__Phascolarctos_cinereus_
Phascolarctos_cinereus____metatheria_XP_020827825.1_zinc_finger_protein_208-like_[Phascolarctos_cinereus] -> Phascolarctos_cinereus____metatheria_XP_020827825.1_zinc_finger_protein_208-like__Phascolarctos_cinereus_
Carlito_syrichta____tarsiidae_XP_008066609.1_zinc_finger_protein_658B-like__partial_[Carlito_syrichta] -> Carlito_syrichta____tarsiidae_XP_008066609.1_zinc_finger_protein_658B-like__partial__Carlito_syrichta_
Loxodonta_africana____afrotheria_XP_010586028.2_LOW_QUALITY_PROTEIN__zinc_finger_protein_37_homolog_[Loxodonta_africana] -> Loxodonta_africana____afrotheria_XP_010586028.2_LOW_QUALITY_PROTEIN__zinc_finger_protein_37_homolog__Loxodonta_africana_
Oryctolagus_cuniculus____lagomorpha_XP_017194014.1_PREDICTED__LOW_QUALITY_PROTEIN__zinc_finger_protein_470_[Oryctolagus_cuniculus] -> Oryctolagus_cuniculus____lagomorpha_XP_017194014.1_PREDICTED__LOW_QUALITY_PROTEIN__zinc_finger_protein_470__Oryctolagus_cuniculus_
Otolemur_garnettii____lorisoidea_XP_023372263.1_LOW_QUALITY_PROTEIN__zinc_finger_protein_582_[Otolemur_garnettii] -> Otolemur_garnettii____lorisoidea_XP_023372263.1_LOW_QUALITY_PROTEIN__zinc_finger_protein_582__Otolemur_garnettii_
Ursus_arctos____carnivora_XP_026345846.1_uncharacterized_protein_LOC113248539_[Ursus_arctos_horribilis] -> Ursus_arctos____carnivora_XP_026345846.1_uncharacterized_protein_LOC113248539__Ursus_arctos_horribilis_
Tupaia_chinensis____scandentia_XP_027623402.1_zinc_finger_protein_850_isoform_X4_[Tupaia_chinensis] -> Tupaia_chinensis____scandentia_XP_027623402.1_zinc_finger_protein_850_isoform_X4__Tupaia_chinensis_
Loxodonta_africana____afrotheria_XP_023399391.1_zinc_finger_protein_420-like_isoform_X3_[Loxodonta_africana] -> Loxodonta_africana____afrotheria_XP_023399391.1_zinc_finger_protein_420-like_isoform_X3__Loxodonta_africana_
Propithecus_coquereli____indriidae_XP_012503418.1_PREDICTED__zinc_finger_protein_252-like_[Propithecus_coquereli] -> Propithecus_coquereli____indriidae_XP_012503418.1_PREDICTED__zinc_finger_protein_252-like__Propithecus_coquereli_
Orycteropus_afer____afrotheria_XP_007943789.1_PREDICTED__zinc_finger_protein_286A_[Orycteropus_afer_afer] -> Orycteropus_afer____afrotheria_XP_007943789.1_PREDICTED__zinc_finger_protein_286A__Orycteropus_afer_afer_
Tupaia_chinensis____scandentia_XP_027624595.1_zinc_finger_protein_197_isoform_X3_[Tupaia_chinensis] -> Tupaia_chinensis____scandentia_XP_027624595.1_zinc_finger_protein_197_isoform_X3__Tupaia_chinensis_
Ursus_arctos____carnivora_XP_026344621.1_zinc_finger_protein_250_isoform_X4_[Ursus_arctos_horribilis] -> Ursus_arctos____carnivora_XP_026344621.1_zinc_finger_protein_250_isoform_X4__Ursus_arctos_horribilis_
Orycteropus_afer____afrotheria_XP_007943866.1_PREDICTED__zinc_finger_protein_271-like_[Orycteropus_afer_afer] -> Orycteropus_afer____afrotheria_XP_007943866.1_PREDICTED__zinc_finger_protein_271-like__Orycteropus_afer_afer_
Loxodonta_africana____afrotheria_XP_023399654.1_zinc_finger_protein_850_isoform_X3_[Loxodonta_africana] -> Loxodonta_africana____afrotheria_XP_023399654.1_zinc_finger_protein_850_isoform_X3__Loxodonta_africana_
Balaenoptera_acutorostrata____cetartiodactyla_XP_028018084.1_zinc_finger_protein_397_isoform_X2_[Balaenoptera_acutorostrata_scammoni] -> Balaenoptera_acutorostrata____cetartiodactyla_XP_028018084.1_zinc_finger_protein_397_isoform_X2__Balaenoptera_acutorostrata_scammoni_
Ursus_arctos____carnivora_XP_026351966.1_zinc_finger_protein_271_isoform_X2_[Ursus_arctos_horribilis] -> Ursus_arctos____carnivora_XP_026351966.1_zinc_finger_protein_271_isoform_X2__Ursus_arctos_horribilis_
Pteropus_vampyrus____chiroptera_XP_011359924.2_zinc_finger_protein_271_isoform_X2_[Pteropus_vampyrus] -> Pteropus_vampyrus____chiroptera_XP_011359924.2_zinc_finger_protein_271_isoform_X2__Pteropus_vampyrus_
Balaenoptera_acutorostrata____cetartiodactyla_XP_028021489.1_LOW_QUALITY_PROTEIN__zinc_finger_protein_850-like_[Balaenoptera_acutorostrata_scammoni] -> Balaenoptera_acutorostrata____cetartiodactyla_XP_028021489.1_LOW_QUALITY_PROTEIN__zinc_finger_protein_850-like__Balaenoptera_acutorostrata_scammoni_

                                                                                                                                                      Gap/Ambiguity  Composition  p-value
   1  Mandrillus_leucophaeus____cercopithecoidea_XP_011858019.1_PREDICTED__zinc_finger_protein_648__Mandrillus_leucophaeus_                                  94.82%    failed      0.00%
   2  Cebus_capucinus____platyrrhini_XP_017379964.1_PREDICTED__LOW_QUALITY_PROTEIN__zinc_finger_protein_648__Cebus_capucinus_imitator_                       94.83%    failed      0.00%
   3  Propithecus_coquereli____indriidae_XP_012495439.1_PREDICTED__zinc_finger_protein_648__Propithecus_coquereli_                                           94.90%    failed      0.00%
   4  Carlito_syrichta____tarsiidae_XP_008061486.1_LOW_QUALITY_PROTEIN__zinc_finger_protein_648__Carlito_syrichta_                                           94.96%    failed      0.00%
   5  Homo_sapiens____homonina_XP_006722943.1_zinc_finger_protein_91_isoform_X3__Homo_sapiens_                                                               90.00%    failed      0.00%
   6  Homo_sapiens____homonina_NP_003421.2_zinc_finger_protein_91_isoform_1__Homo_sapiens_                                                                   89.10%    failed      0.00%
   7  Homo_sapiens____homonina_NP_001287880.1_zinc_finger_protein_91_isoform_2__Homo_sapiens_                                                                89.39%    failed      0.00%
   8  Pan_troglodytes____panina_XP_024207564.1_zinc_finger_protein_91_isoform_X2__Pan_troglodytes_                                                           89.47%    failed      0.00%
   9  Pan_troglodytes____panina_XP_024207563.1_zinc_finger_protein_91_isoform_X2__Pan_troglodytes_                                                           89.47%    failed      0.00%
  10  Pan_troglodytes____panina_XP_024207565.1_zinc_finger_protein_91_isoform_X3__Pan_troglodytes_                                                           89.47%    failed      0.00%
  11  Homo_sapiens____homonina_XP_011526568.1_zinc_finger_protein_91_isoform_X3__Homo_sapiens_                                                               90.00%    failed      0.00%
  12  Mandrillus_leucophaeus____cercopithecoidea_XP_011855059.1_PREDICTED__zinc_finger_protein_91-like__Mandrillus_leucophaeus_                              91.42%    failed      0.00%
  13  Pongo_abelii____ponginae_XP_024093060.1_zinc_finger_protein_91-like__Pongo_abelii_                                                                     90.44%    failed      0.00%
  14  Cebus_capucinus____platyrrhini_XP_017380786.1_PREDICTED__LOW_QUALITY_PROTEIN__zinc_finger_protein_254-like__Cebus_capucinus_imitator_                  89.30%    failed      0.00%
  15  Pan_troglodytes____panina_XP_009433443.2_zinc_finger_protein_99__Pan_troglodytes_                                                                      86.63%    failed      0.00%
  16  Gorilla_gorilla____gorillini_XP_018870401.1_PREDICTED__LOW_QUALITY_PROTEIN__zinc_finger_protein_729-like__Gorilla_gorilla_gorilla_                     81.90%    failed      0.00%
  17  Pongo_abelii____ponginae_XP_024093053.1_LOW_QUALITY_PROTEIN__zinc_finger_protein_729__Pongo_abelii_                                                    87.57%    failed      0.00%
  18  Gorilla_gorilla____gorillini_XP_018870402.1_PREDICTED__zinc_finger_protein_729__Gorilla_gorilla_gorilla_                                               88.54%    failed      0.00%
  19  Nomascus_leucogenys____hylobatidae_XP_012364875.1_PREDICTED__putative_zinc_finger_protein_724_isoform_X1__Nomascus_leucogenys_                         89.17%    failed      0.00%
  20  Gorilla_gorilla____gorillini_XP_018870377.1_PREDICTED__LOW_QUALITY_PROTEIN__putative_zinc_finger_protein_724__Gorilla_gorilla_gorilla_                 88.83%    failed      0.00%
  21  Nomascus_leucogenys____hylobatidae_XP_012364883.1_PREDICTED__LOW_QUALITY_PROTEIN__zinc_finger_protein_729-like__Nomascus_leucogenys_                   89.32%    failed      0.00%
  22  Pongo_abelii____ponginae_XP_024093056.1_zinc_finger_protein_208_isoform_X1__Pongo_abelii_                                                              87.90%    failed      0.00%
  23  Gorilla_gorilla____gorillini_XP_018886338.1_PREDICTED__LOW_QUALITY_PROTEIN__zinc_finger_protein_107-like__Gorilla_gorilla_gorilla_                     88.69%    failed      0.00%
  24  Cebus_capucinus____platyrrhini_XP_017380788.1_PREDICTED__LOW_QUALITY_PROTEIN__zinc_finger_protein_681-like__Cebus_capucinus_imitator_                  88.45%    failed      0.00%
  25  Nomascus_leucogenys____hylobatidae_XP_012364870.1_PREDICTED__LOW_QUALITY_PROTEIN__zinc_finger_protein_208-like__Nomascus_leucogenys_                   88.10%    failed      0.00%
  26  Nomascus_leucogenys____hylobatidae_XP_012360600.1_PREDICTED__LOW_QUALITY_PROTEIN__zinc_finger_protein_91-like__Nomascus_leucogenys_                    87.58%    failed      0.00%
  27  Carlito_syrichta____tarsiidae_XP_021565913.1_zinc_finger_protein_208-like__Carlito_syrichta_                                                           89.23%    failed      0.00%
  28  Mus_musculus____rodentia_NP_898969.2_uncharacterized_protein_LOC212281__Mus_musculus_                                                                  91.09%    failed      0.00%
  29  Mus_musculus____rodentia_NP_001156718.1_zinc_finger_protein__Mus_musculus_                                                                             90.43%    failed      0.00%
  30  Otolemur_garnettii____lorisoidea_XP_012669420.1_LOW_QUALITY_PROTEIN__zinc_finger_protein_493-like__Otolemur_garnettii_                                 89.84%    failed      0.00%
  31  Orycteropus_afer____afrotheria_XP_007952454.1_PREDICTED__zinc_finger_protein_62_homolog__Orycteropus_afer_afer_                                        91.72%    failed      0.00%
  32  Dasypus_novemcinctus____xenarthra_XP_012375896.1_zinc_finger_protein_836-like__Dasypus_novemcinctus_                                                   89.51%    failed      0.01%
  33  Dasypus_novemcinctus____xenarthra_XP_012381290.1_zinc_finger_protein_665-like__Dasypus_novemcinctus_                                                   90.21%    failed      0.27%
  34  Panthera_tigris____carnivora_XP_007094057.2_PREDICTED__LOW_QUALITY_PROTEIN__zinc_finger_protein_160__Panthera_tigris_altaica_                          88.08%    failed      0.00%
  35  Equus_caballus____perissodactyla_XP_023505182.1_zinc_finger_protein_845__Equus_caballus_                                                               80.35%    failed      0.00%
  36  Propithecus_coquereli____indriidae_XP_012498850.1_PREDICTED__zinc_finger_protein_665-like__Propithecus_coquereli_                                      92.54%    failed      0.05%
  37  Pongo_abelii____ponginae_XP_009231287.1_zinc_finger_protein_836_isoform_X2__Pongo_abelii_                                                              91.43%    failed      0.00%
  38  Pteropus_vampyrus____chiroptera_XP_011380014.2_zinc_finger_protein_160_isoform_X10__Pteropus_vampyrus_                                                 87.74%    failed      0.00%
  39  Pteropus_vampyrus____chiroptera_XP_023382457.1_zinc_finger_protein_665-like_isoform_X4__Pteropus_vampyrus_                                             90.14%    failed      0.00%
  40  Galeopterus_variegatus____dermoptera_XP_008584848.1_PREDICTED__zinc_finger_protein_160-like__Galeopterus_variegatus_                                   87.65%    failed      0.00%
  41  Mandrillus_leucophaeus____cercopithecoidea_XP_011835084.1_PREDICTED__LOW_QUALITY_PROTEIN__zinc_finger_protein_845-like__Mandrillus_leucophaeus_        91.15%    failed      0.00%
  42  Propithecus_coquereli____indriidae_XP_012498791.1_PREDICTED__zinc_finger_protein_208-like__Propithecus_coquereli_                                      87.80%    failed      0.00%
  43  Balaenoptera_acutorostrata____cetartiodactyla_XP_028018889.1_zinc_finger_protein_45__Balaenoptera_acutorostrata_scammoni_                              85.81%    failed      0.00%
  44  Tupaia_chinensis____scandentia_XP_014438393.2_zinc_finger_protein_45_isoform_X4__Tupaia_chinensis_                                                     88.79%    failed      0.00%
  45  Dasypus_novemcinctus____xenarthra_XP_023444483.1_LOW_QUALITY_PROTEIN__zinc_finger_protein_729__Dasypus_novemcinctus_                                   85.41%    failed      0.00%
  46  Panthera_tigris____carnivora_XP_015394985.1_PREDICTED__zinc_finger_protein_227_isoform_X7__Panthera_tigris_altaica_                                    88.46%    failed      0.00%
  47  Equus_caballus____perissodactyla_XP_023505597.1_zinc_finger_protein_234_isoform_X9__Equus_caballus_                                                    89.47%    failed      0.00%
  48  Ornithorhynchus_anatinus____monotrememata_XP_028929209.1_uncharacterized_protein_LOC100089426_isoform_X1__Ornithorhynchus_anatinus_                    76.30%    failed      0.00%
  49  Ornithorhynchus_anatinus____monotrememata_XP_028929208.1_uncharacterized_protein_LOC100089426_isoform_X1__Ornithorhynchus_anatinus_                    76.30%    failed      0.00%
  50  Ornithorhynchus_anatinus____monotrememata_XP_028929210.1_uncharacterized_protein_LOC100089426_isoform_X1__Ornithorhynchus_anatinus_                    76.30%    failed      0.00%
  51  Ornithorhynchus_anatinus____monotrememata_XP_028929211.1_uncharacterized_protein_LOC100089426_isoform_X2__Ornithorhynchus_anatinus_                    78.41%    failed      0.00%
  52  Loxodonta_africana____afrotheria_XP_023399395.1_zinc_finger_protein_271-like__Loxodonta_africana_                                                      88.80%    failed      0.00%
  53  Balaenoptera_acutorostrata____cetartiodactyla_XP_007175460.2_LOW_QUALITY_PROTEIN__zinc_finger_protein_208__Balaenoptera_acutorostrata_scammoni_        80.39%    failed      0.00%
  54  Mus_musculus____rodentia_XP_017174659.1_PREDICTED__KRAB_box_and_zinc_finger__C2H2_type_domain_containing_isoform_X1__Mus_musculus_                     90.13%    failed      0.00%
  55  Mus_musculus____rodentia_NP_001004139.2_zinc_finger_protein_91__Mus_musculus_                                                                          89.37%    failed      0.00%
  56  Orycteropus_afer____afrotheria_XP_007955524.1_PREDICTED__zinc_finger_protein_208-like__Orycteropus_afer_afer_                                          90.23%    failed      0.00%
  57  Equus_caballus____perissodactyla_XP_023477056.1_zinc_finger_protein_850__Equus_caballus_                                                               83.45%    failed      0.00%
  58  Oryctolagus_cuniculus____lagomorpha_XP_017194024.1_PREDICTED__LOW_QUALITY_PROTEIN__zinc_finger_protein_585A-like__partial__Oryctolagus_cuniculus_      89.56%    failed      0.00%
  59  Oryctolagus_cuniculus____lagomorpha_XP_017195407.1_PREDICTED__zinc_finger_protein_260-like_isoform_X3__Oryctolagus_cuniculus_                          92.83%    failed      0.00%
  60  Erinaceus_europaeus____eulipotyphla_XP_016049862.1_PREDICTED__zinc_finger_protein_850_isoform_X1__Erinaceus_europaeus_                                 84.48%    failed      0.00%
  61  Erinaceus_europaeus____eulipotyphla_XP_016045503.1_PREDICTED__zinc_finger_protein_665_isoform_X2__Erinaceus_europaeus_                                 90.05%    failed      0.00%
  62  Panthera_tigris____carnivora_XP_015399575.1_PREDICTED__zinc_finger_protein_850_isoform_X1__Panthera_tigris_altaica_                                    85.01%    failed      0.00%
  63  Panthera_tigris____carnivora_XP_015399584.1_PREDICTED__zinc_finger_protein_568_isoform_X4__Panthera_tigris_altaica_                                    89.88%    failed      0.08%
  64  Ursus_arctos____carnivora_XP_026338220.1_LOW_QUALITY_PROTEIN__zinc_finger_protein_573__Ursus_arctos_horribilis_                                        87.79%    failed      0.00%
  65  Otolemur_garnettii____lorisoidea_XP_023372667.1_zinc_finger_protein_607__Otolemur_garnettii_                                                           87.79%    failed      0.00%
  66  Erinaceus_europaeus____eulipotyphla_XP_016049861.1_PREDICTED__LOW_QUALITY_PROTEIN__uncharacterized_protein_LOC103126390__Erinaceus_europaeus_          77.08%    failed      0.00%
  67  Oryctolagus_cuniculus____lagomorpha_XP_017197911.1_PREDICTED__zinc_finger_protein_850_isoform_X3__Oryctolagus_cuniculus_                               89.72%    failed      0.00%
  68  Pteropus_vampyrus____chiroptera_XP_011380016.2_zinc_finger_protein_420_isoform_X10__Pteropus_vampyrus_                                                 89.52%    failed      0.00%
  69  Carlito_syrichta____tarsiidae_XP_008054518.2_zinc_finger_protein_571__Carlito_syrichta_                                                                89.99%    failed      0.00%
  70  Erinaceus_europaeus____eulipotyphla_XP_016050331.1_PREDICTED__LOW_QUALITY_PROTEIN__zinc_finger_protein_208__Erinaceus_europaeus_                       78.49%    failed      0.00%
  71  Equus_caballus____perissodactyla_XP_023507076.1_zinc_finger_protein_420_isoform_X12__Equus_caballus_                                                   89.03%    failed      0.00%
  72  Dasypus_novemcinctus____xenarthra_XP_023444636.1_LOW_QUALITY_PROTEIN__zinc_finger_protein_571__Dasypus_novemcinctus_                                   89.53%    failed      0.00%
  73  Otolemur_garnettii____lorisoidea_XP_023372666.1_zinc_finger_protein_850-like__partial__Otolemur_garnettii_                                             89.64%    failed      0.00%
  74  Mandrillus_leucophaeus____cercopithecoidea_XP_011840165.1_PREDICTED__LOW_QUALITY_PROTEIN__zinc_finger_protein_850__Mandrillus_leucophaeus_             90.09%    failed      0.00%
  75  Cebus_capucinus____platyrrhini_XP_017362132.1_PREDICTED__zinc_finger_protein_850__Cebus_capucinus_imitator_                                            90.02%    failed      0.00%
  76  Tupaia_chinensis____scandentia_XP_014448421.1_LOW_QUALITY_PROTEIN__zinc_finger_protein_208__Tupaia_chinensis_                                          79.01%    failed      0.00%
  77  Galeopterus_variegatus____dermoptera_XP_008588630.1_PREDICTED__LOW_QUALITY_PROTEIN__zinc_finger_protein_420-like__Galeopterus_variegatus_              89.07%    failed      0.00%
  78  Galeopterus_variegatus____dermoptera_XP_008592627.1_PREDICTED__zinc_finger_protein_420-like__Galeopterus_variegatus_                                   88.86%    failed      0.00%
  79  Galeopterus_variegatus____dermoptera_XP_008582201.1_PREDICTED__LOW_QUALITY_PROTEIN__zinc_finger_protein_420-like__Galeopterus_variegatus_              92.56%    failed      0.00%
  80  Phascolarctos_cinereus____metatheria_XP_020827824.1_zinc_finger_protein_208-like__Phascolarctos_cinereus_                                              78.50%    failed      0.00%
  81  Phascolarctos_cinereus____metatheria_XP_020827828.1_zinc_finger_protein_208-like__Phascolarctos_cinereus_                                              78.50%    failed      0.00%
  82  Phascolarctos_cinereus____metatheria_XP_020827827.1_zinc_finger_protein_208-like__Phascolarctos_cinereus_                                              78.50%    failed      0.00%
  83  Phascolarctos_cinereus____metatheria_XP_020827825.1_zinc_finger_protein_208-like__Phascolarctos_cinereus_                                              78.50%    failed      0.00%
  84  Carlito_syrichta____tarsiidae_XP_008066609.1_zinc_finger_protein_658B-like__partial__Carlito_syrichta_                                                 93.03%    failed      0.00%
  85  Loxodonta_africana____afrotheria_XP_010586028.2_LOW_QUALITY_PROTEIN__zinc_finger_protein_37_homolog__Loxodonta_africana_                               88.30%    failed      0.00%
  86  Oryctolagus_cuniculus____lagomorpha_XP_017194014.1_PREDICTED__LOW_QUALITY_PROTEIN__zinc_finger_protein_470__Oryctolagus_cuniculus_                     90.27%    failed      0.19%
  87  Otolemur_garnettii____lorisoidea_XP_023372263.1_LOW_QUALITY_PROTEIN__zinc_finger_protein_582__Otolemur_garnettii_                                      91.44%    failed      0.02%
  88  Ursus_arctos____carnivora_XP_026345846.1_uncharacterized_protein_LOC113248539__Ursus_arctos_horribilis_                                                84.05%    failed      0.00%
  89  Tupaia_chinensis____scandentia_XP_027623402.1_zinc_finger_protein_850_isoform_X4__Tupaia_chinensis_                                                    88.92%    failed      0.00%
  90  Loxodonta_africana____afrotheria_XP_023399391.1_zinc_finger_protein_420-like_isoform_X3__Loxodonta_africana_                                           88.66%    failed      0.00%
  91  Propithecus_coquereli____indriidae_XP_012503418.1_PREDICTED__zinc_finger_protein_252-like__Propithecus_coquereli_                                      91.98%    failed      0.00%
  92  Orycteropus_afer____afrotheria_XP_007943789.1_PREDICTED__zinc_finger_protein_286A__Orycteropus_afer_afer_                                              90.13%    failed      0.22%
  93  Tupaia_chinensis____scandentia_XP_027624595.1_zinc_finger_protein_197_isoform_X3__Tupaia_chinensis_                                                    88.69%    failed      0.01%
  94  Ursus_arctos____carnivora_XP_026344621.1_zinc_finger_protein_250_isoform_X4__Ursus_arctos_horribilis_                                                  90.70%    failed      0.00%
  95  Orycteropus_afer____afrotheria_XP_007943866.1_PREDICTED__zinc_finger_protein_271-like__Orycteropus_afer_afer_                                          92.00%    failed      0.00%
  96  Loxodonta_africana____afrotheria_XP_023399654.1_zinc_finger_protein_850_isoform_X3__Loxodonta_africana_                                                88.47%    failed      0.00%
  97  Balaenoptera_acutorostrata____cetartiodactyla_XP_028018084.1_zinc_finger_protein_397_isoform_X2__Balaenoptera_acutorostrata_scammoni_                  89.56%    failed      0.00%
  98  Ursus_arctos____carnivora_XP_026351966.1_zinc_finger_protein_271_isoform_X2__Ursus_arctos_horribilis_                                                  89.83%    failed      0.00%
  99  Pteropus_vampyrus____chiroptera_XP_011359924.2_zinc_finger_protein_271_isoform_X2__Pteropus_vampyrus_                                                  89.80%    failed      0.00%
 100  Balaenoptera_acutorostrata____cetartiodactyla_XP_028021489.1_LOW_QUALITY_PROTEIN__zinc_finger_protein_850-like__Balaenoptera_acutorostrata_scammoni_   83.77%    failed      0.00%
WARNING: 100 sequences contain more than 50% gaps/ambiguity
****  TOTAL                                                                                                                                                  87.90%  100 sequences failed composition chi2 test (p-value<5%; df=19)
NOTE: Homo_sapiens____homonina_XP_011526568.1_zinc_finger_protein_91_isoform_X3__Homo_sapiens_ is identical to Homo_sapiens____homonina_XP_006722943.1_zinc_finger_protein_91_isoform_X3__Homo_sapiens_ but kept for subsequent analysis
NOTE: Pan_troglodytes____panina_XP_024207563.1_zinc_finger_protein_91_isoform_X2__Pan_troglodytes_ is identical to Pan_troglodytes____panina_XP_024207564.1_zinc_finger_protein_91_isoform_X2__Pan_troglodytes_ but kept for subsequent analysis
NOTE: Ornithorhynchus_anatinus____monotrememata_XP_028929208.1_uncharacterized_protein_LOC100089426_isoform_X1__Ornithorhynchus_anatinus_ is identical to Ornithorhynchus_anatinus____monotrememata_XP_028929209.1_uncharacterized_protein_LOC100089426_isoform_X1__Ornithorhynchus_anatinus_ but kept for subsequent analysis
NOTE: Phascolarctos_cinereus____metatheria_XP_020827828.1_zinc_finger_protein_208-like__Phascolarctos_cinereus_ is identical to Phascolarctos_cinereus____metatheria_XP_020827824.1_zinc_finger_protein_208-like__Phascolarctos_cinereus_ but kept for subsequent analysis
NOTE: 3 identical sequences (see below) will be ignored for subsequent analysis
NOTE: Ornithorhynchus_anatinus____monotrememata_XP_028929210.1_uncharacterized_protein_LOC100089426_isoform_X1__Ornithorhynchus_anatinus_ (identical to Ornithorhynchus_anatinus____monotrememata_XP_028929209.1_uncharacterized_protein_LOC100089426_isoform_X1__Ornithorhynchus_anatinus_) is ignored but added at the end
NOTE: Phascolarctos_cinereus____metatheria_XP_020827827.1_zinc_finger_protein_208-like__Phascolarctos_cinereus_ (identical to Phascolarctos_cinereus____metatheria_XP_020827824.1_zinc_finger_protein_208-like__Phascolarctos_cinereus_) is ignored but added at the end
NOTE: Phascolarctos_cinereus____metatheria_XP_020827825.1_zinc_finger_protein_208-like__Phascolarctos_cinereus_ (identical to Phascolarctos_cinereus____metatheria_XP_020827824.1_zinc_finger_protein_208-like__Phascolarctos_cinereus_) is ignored but added at the end

For your convenience alignment with unique sequences printed to prankblastzinc.fa.uniqueseq.phy

CHECKPOINT: Initial tree restored
Generating 1000 samples for ultrafast bootstrap (seed: 414174)...

NOTE: 388 MB RAM (0 GB) is required!
Measuring multi-threading efficiency up to 4 CPU cores
3 trees examined
Threads: 1 / Time: 5.824 sec / Speedup: 1.000 / Efficiency: 100% / LogL: -202771
Threads: 2 / Time: 3.252 sec / Speedup: 1.791 / Efficiency: 90% / LogL: -202771
Threads: 3 / Time: 2.268 sec / Speedup: 2.569 / Efficiency: 86% / LogL: -202771
Threads: 4 / Time: 1.997 sec / Speedup: 2.917 / Efficiency: 73% / LogL: -202771
BEST NUMBER OF THREADS: 4

Estimate model parameters (epsilon = 0.100)
1. Initial log-likelihood: -181778.578
2. Current log-likelihood: -163257.690
3. Current log-likelihood: -163125.104
4. Current log-likelihood: -163124.110
Optimal log-likelihood: -163124.082
Gamma shape alpha: 1.287
Parameters optimization took 4 rounds (9.455 sec)
Computing ML distances based on estimated model parameters... 2.505 sec
WARNING: Some pairwise ML distances are too long (saturated)
Computing BIONJ tree...
0.004 seconds
Log-likelihood of BIONJ tree: -165250.865
--------------------------------------------------------------------
|             INITIALIZING CANDIDATE TREE SET                      |
--------------------------------------------------------------------
Generating 98 parsimony trees... 26.255 second
Computing log-likelihood of 98 initial trees ... 134.222 seconds
Current best score: -163074.060

Do NNI search on 20 best initial trees
Estimate model parameters (epsilon = 0.100)
BETTER TREE FOUND at iteration 1: -162892.763
Estimate model parameters (epsilon = 0.100)
BETTER TREE FOUND at iteration 4: -162884.572
Iteration 10 / LogL: -162906.553 / Time: 0h:6m:25s
Estimate model parameters (epsilon = 0.100)
BETTER TREE FOUND at iteration 18: -162878.388
Iteration 20 / LogL: -162884.689 / Time: 0h:9m:44s
Finish initializing candidate tree set (19)
Current best tree score: -162878.388 / CPU time: 529.103
Number of iterations: 20
--------------------------------------------------------------------
|               OPTIMIZING CANDIDATE TREE SET                      |
--------------------------------------------------------------------
Estimate model parameters (epsilon = 0.100)
BETTER TREE FOUND at iteration 22: -162876.307
Iteration 30 / LogL: -162878.874 / Time: 0h:12m:39s (0h:40m:9s left)
Estimate model parameters (epsilon = 0.100)
BETTER TREE FOUND at iteration 32: -162875.364
Estimate model parameters (epsilon = 0.100)
BETTER TREE FOUND at iteration 35: -162869.646
Estimate model parameters (epsilon = 0.100)
BETTER TREE FOUND at iteration 36: -162869.621
Iteration 40 / LogL: -162875.712 / Time: 0h:15m:58s (0h:39m:20s left)
BETTER TREE FOUND at iteration 42: -162869.612
Estimate model parameters (epsilon = 0.100)
BETTER TREE FOUND at iteration 47: -162869.573
Iteration 50 / LogL: -162870.208 / Time: 0h:19m:14s (0h:38m:4s left)
Iteration 60 / LogL: -162869.646 / Time: 0h:22m:36s (0h:33m:20s left)
UPDATE BEST LOG-LIKELIHOOD: -162869.571
Estimate model parameters (epsilon = 0.100)
BETTER TREE FOUND at iteration 70: -162869.360
Iteration 70 / LogL: -162869.360 / Time: 0h:26m:34s (0h:38m:30s left)
Iteration 80 / LogL: -162886.893 / Time: 0h:30m:21s (0h:34m:34s left)
Iteration 90 / LogL: -162877.517 / Time: 0h:32m:59s (0h:29m:39s left)
Estimate model parameters (epsilon = 0.100)
BETTER TREE FOUND at iteration 93: -162869.328
Iteration 100 / LogL: -162869.441 / Time: 0h:35m:57s (0h:33m:46s left)
UPDATE BEST LOG-LIKELIHOOD: -162869.328
UPDATE BEST LOG-LIKELIHOOD: -162869.327
Iteration 110 / LogL: -162871.804 / Time: 0h:38m:44s (0h:29m:30s left)
UPDATE BEST LOG-LIKELIHOOD: -162869.327
Iteration 120 / LogL: -162871.717 / Time: 0h:41m:17s (0h:25m:20s left)
UPDATE BEST LOG-LIKELIHOOD: -162869.327
Iteration 130 / LogL: -162869.359 / Time: 0h:44m:2s (0h:21m:30s left)
BETTER TREE FOUND at iteration 132: -162869.327
Iteration 140 / LogL: -162878.451 / Time: 0h:47m:44s (0h:31m:35s left)
Iteration 150 / LogL: -162869.327 / Time: 0h:50m:37s (0h:27m:51s left)
Iteration 160 / LogL: -162875.365 / Time: 0h:53m:31s (0h:24m:14s left)
Iteration 170 / LogL: -162875.284 / Time: 0h:56m:7s (0h:20m:35s left)
BETTER TREE FOUND at iteration 172: -162869.326
Iteration 180 / LogL: -162869.327 / Time: 0h:58m:47s (0h:30m:13s left)
Iteration 190 / LogL: -162871.875 / Time: 1h:1m:50s (0h:26m:49s left)
Iteration 200 / LogL: -162871.715 / Time: 1h:4m:26s (0h:23m:18s left)
Iteration 210 / LogL: -162872.853 / Time: 1h:7m:16s (0h:19m:57s left)
Iteration 220 / LogL: -162874.563 / Time: 1h:9m:59s (0h:16m:37s left)
Iteration 230 / LogL: -162869.341 / Time: 1h:12m:41s (0h:13m:19s left)
Iteration 240 / LogL: -162884.991 / Time: 1h:15m:20s (0h:10m:5s left)
Iteration 250 / LogL: -162872.428 / Time: 1h:18m:1s (0h:6m:53s left)
Iteration 260 / LogL: -162869.328 / Time: 1h:20m:35s (0h:3m:44s left)
Iteration 270 / LogL: -162869.327 / Time: 1h:23m:19s (0h:0m:37s left)
Refining ufboot trees with NNI...
100 samples done
200 samples done
300 samples done
400 samples done
500 samples done
600 samples done
700 samples done
800 samples done
900 samples done
1000 samples done
Total 1000 ufboot trees refined
TREE SEARCH COMPLETED AFTER 273 ITERATIONS / Time: 2h:3m:39s

--------------------------------------------------------------------
|                    FINALIZING TREE SEARCH                        |
--------------------------------------------------------------------
Performs final model parameters optimization
Estimate model parameters (epsilon = 0.010)
1. Initial log-likelihood: -162869.326
Optimal log-likelihood: -162869.326
Gamma shape alpha: 1.297
Parameters optimization took 1 rounds (1.596 sec)
BEST SCORE FOUND : -162869.326
Creating bootstrap support values...
Split supports printed to NEXUS file prankblastzinc.fa.splits.nex
Total tree length: 31.025

Total number of iterations: 273
CPU time used for tree search: 28269.794 sec (7h:51m:9s)
Wall-clock time used for tree search: 7364.267 sec (2h:2m:44s)
Total CPU time used: 28443.784 sec (7h:54m:3s)
Total wall-clock time used: 7421.510 sec (2h:3m:41s)
UFBoot trees printed to prankblastzinc.fa.ufboot

Computing bootstrap consensus tree...
Reading input file prankblastzinc.fa.splits.nex...
97 taxa and 663 splits.
Consensus tree written to prankblastzinc.fa.contree
Reading input trees file prankblastzinc.fa.contree
Log-likelihood of consensus tree: -162871.746

Analysis results written to: 
  IQ-TREE report:                prankblastzinc.fa.iqtree
  Maximum-likelihood tree:       prankblastzinc.fa.treefile
  Likelihood distances:          prankblastzinc.fa.mldist

Ultrafast bootstrap approximation results written to:
  Split support values:          prankblastzinc.fa.splits.nex
  Consensus tree:                prankblastzinc.fa.contree
  UFBoot trees:                  prankblastzinc.fa.ufboot
  Screen log file:               prankblastzinc.fa.log

Date and Time: Fri Jul  5 12:07:22 2019
