IQ-TREE multicore version 1.6.1 for Linux 64-bit built Feb 16 2018
Developed by Bui Quang Minh, Nguyen Lam Tung, Olga Chernomor,
Heiko Schmidt, Dominik Schrempf, Michael Woodhams.

Host:    it038094 (AVX2, FMA3, 15 GB RAM)
Command: iqtree -s mafftmammalbmge.fa -m LG+G+F -bb 1000 -bnni -wbtl
Seed:    263090 (Using SPRNG - Scalable Parallel Random Number Generator)
Time:    Wed Jul  3 13:10:40 2019
Kernel:  AVX+FMA - 1 threads (4 CPU cores detected)

HINT: Use -nt option to specify number of threads because your CPU has 4 cores!
HINT: -nt AUTO will automatically determine the best number of threads to use.

Reading alignment file mafftmammalbmge.fa ... Fasta format detected
Alignment most likely contains protein sequences
Alignment has 101 sequences with 552 columns, 551 distinct patterns
492 parsimony-informative, 33 singleton sites, 27 constant sites
WARNING: Some sequence names are changed as follows:
Loxodonta_africana____afrotheria_XP_023399395.1_zinc_finger_protein_271-like_[Loxodonta_africana] -> Loxodonta_africana____afrotheria_XP_023399395.1_zinc_finger_protein_271-like__Loxodonta_africana_
Phascolarctos_cinereus____metatheria_XP_020827825.1_zinc_finger_protein_208-like_[Phascolarctos_cinereus] -> Phascolarctos_cinereus____metatheria_XP_020827825.1_zinc_finger_protein_208-like__Phascolarctos_cinereus_
Cebus_capucinus____platyrrhini_XP_017369134.1_PREDICTED:_zinc_finger_protein_268_[Cebus_capucinus_imitator] -> Cebus_capucinus____platyrrhini_XP_017369134.1_PREDICTED__zinc_finger_protein_268__Cebus_capucinus_imitator_
Propithecus_coquereli____indriidae_XP_012498791.1_PREDICTED:_zinc_finger_protein_208-like_[Propithecus_coquereli] -> Propithecus_coquereli____indriidae_XP_012498791.1_PREDICTED__zinc_finger_protein_208-like__Propithecus_coquereli_
Nomascus_leucogenys____hylobatidae_XP_003264475.1_PREDICTED:_zinc_finger_protein_648_[Nomascus_leucogenys] -> Nomascus_leucogenys____hylobatidae_XP_003264475.1_PREDICTED__zinc_finger_protein_648__Nomascus_leucogenys_
Pongo_abelii____ponginae_XP_024093053.1_LOW_QUALITY_PROTEIN:_zinc_finger_protein_729_[Pongo_abelii] -> Pongo_abelii____ponginae_XP_024093053.1_LOW_QUALITY_PROTEIN__zinc_finger_protein_729__Pongo_abelii_
Homo_sapiens____homonina_XP_016882724.1_zinc_finger_protein_91_isoform_X1_[Homo_sapiens] -> Homo_sapiens____homonina_XP_016882724.1_zinc_finger_protein_91_isoform_X1__Homo_sapiens_
Cebus_capucinus____platyrrhini_XP_017380786.1_PREDICTED:_LOW_QUALITY_PROTEIN:_zinc_finger_protein_254-like_[Cebus_capucinus_imitator] -> Cebus_capucinus____platyrrhini_XP_017380786.1_PREDICTED__LOW_QUALITY_PROTEIN__zinc_finger_protein_254-like__Cebus_capucinus_imitator_
Propithecus_coquereli____indriidae_XP_012498850.1_PREDICTED:_zinc_finger_protein_665-like_[Propithecus_coquereli] -> Propithecus_coquereli____indriidae_XP_012498850.1_PREDICTED__zinc_finger_protein_665-like__Propithecus_coquereli_
Propithecus_coquereli____indriidae_XP_012498851.1_PREDICTED:_LOW_QUALITY_PROTEIN:_zinc_finger_protein_845-like_[Propithecus_coquereli] -> Propithecus_coquereli____indriidae_XP_012498851.1_PREDICTED__LOW_QUALITY_PROTEIN__zinc_finger_protein_845-like__Propithecus_coquereli_
Ursus_arctos____carnivora_XP_026344621.1_zinc_finger_protein_250_isoform_X4_[Ursus_arctos_horribilis] -> Ursus_arctos____carnivora_XP_026344621.1_zinc_finger_protein_250_isoform_X4__Ursus_arctos_horribilis_
Otolemur_garnettii____lorisoidea_XP_023364769.1_zinc_finger_protein_91-like,_partial_[Otolemur_garnettii] -> Otolemur_garnettii____lorisoidea_XP_023364769.1_zinc_finger_protein_91-like__partial__Otolemur_garnettii_
Pongo_abelii____ponginae_XP_024093058.1_zinc_finger_protein_99_[Pongo_abelii] -> Pongo_abelii____ponginae_XP_024093058.1_zinc_finger_protein_99__Pongo_abelii_
Nomascus_leucogenys____hylobatidae_XP_012364870.1_PREDICTED:_LOW_QUALITY_PROTEIN:_zinc_finger_protein_208-like_[Nomascus_leucogenys] -> Nomascus_leucogenys____hylobatidae_XP_012364870.1_PREDICTED__LOW_QUALITY_PROTEIN__zinc_finger_protein_208-like__Nomascus_leucogenys_
Pteropus_vampyrus____chiroptera_XP_011370296.1_zinc_finger_protein_62_homolog_isoform_X1_[Pteropus_vampyrus] -> Pteropus_vampyrus____chiroptera_XP_011370296.1_zinc_finger_protein_62_homolog_isoform_X1__Pteropus_vampyrus_
Erinaceus_europaeus____eulipotyphla_XP_016045502.1_PREDICTED:_zinc_finger_protein_665_isoform_X1_[Erinaceus_europaeus] -> Erinaceus_europaeus____eulipotyphla_XP_016045502.1_PREDICTED__zinc_finger_protein_665_isoform_X1__Erinaceus_europaeus_
Gorilla_gorilla____gorillini_XP_018886338.1_PREDICTED:_LOW_QUALITY_PROTEIN:_zinc_finger_protein_107-like_[Gorilla_gorilla_gorilla] -> Gorilla_gorilla____gorillini_XP_018886338.1_PREDICTED__LOW_QUALITY_PROTEIN__zinc_finger_protein_107-like__Gorilla_gorilla_gorilla_
Carlito_syrichta____tarsiidae_XP_021566486.1_LOW_QUALITY_PROTEIN:_zinc_finger_protein_208-like_[Carlito_syrichta] -> Carlito_syrichta____tarsiidae_XP_021566486.1_LOW_QUALITY_PROTEIN__zinc_finger_protein_208-like__Carlito_syrichta_
Erinaceus_europaeus____eulipotyphla_XP_016049861.1_PREDICTED:_LOW_QUALITY_PROTEIN:_uncharacterized_protein_LOC103126390_[Erinaceus_europaeus] -> Erinaceus_europaeus____eulipotyphla_XP_016049861.1_PREDICTED__LOW_QUALITY_PROTEIN__uncharacterized_protein_LOC103126390__Erinaceus_europaeus_
Equus_caballus____perissodactyla_XP_005596295.1_zinc_finger_protein_780A_isoform_X1_[Equus_caballus] -> Equus_caballus____perissodactyla_XP_005596295.1_zinc_finger_protein_780A_isoform_X1__Equus_caballus_
Pan_troglodytes____panina_XP_024207563.1_zinc_finger_protein_91_isoform_X2_[Pan_troglodytes] -> Pan_troglodytes____panina_XP_024207563.1_zinc_finger_protein_91_isoform_X2__Pan_troglodytes_
Carlito_syrichta____tarsiidae_XP_008061486.1_LOW_QUALITY_PROTEIN:_zinc_finger_protein_648_[Carlito_syrichta] -> Carlito_syrichta____tarsiidae_XP_008061486.1_LOW_QUALITY_PROTEIN__zinc_finger_protein_648__Carlito_syrichta_
Panthera_tigris____carnivora_XP_007094057.2_PREDICTED:_LOW_QUALITY_PROTEIN:_zinc_finger_protein_160_[Panthera_tigris_altaica] -> Panthera_tigris____carnivora_XP_007094057.2_PREDICTED__LOW_QUALITY_PROTEIN__zinc_finger_protein_160__Panthera_tigris_altaica_
Galeopterus_variegatus____dermoptera_XP_008588630.1_PREDICTED:_LOW_QUALITY_PROTEIN:_zinc_finger_protein_420-like_[Galeopterus_variegatus] -> Galeopterus_variegatus____dermoptera_XP_008588630.1_PREDICTED__LOW_QUALITY_PROTEIN__zinc_finger_protein_420-like__Galeopterus_variegatus_
Pan_troglodytes____panina_XP_024207567.1_zinc_finger_protein_91_isoform_X2_[Pan_troglodytes] -> Pan_troglodytes____panina_XP_024207567.1_zinc_finger_protein_91_isoform_X2__Pan_troglodytes_
Mandrillus_leucophaeus____cercopithecoidea_XP_011835084.1_PREDICTED:_LOW_QUALITY_PROTEIN:_zinc_finger_protein_845-like_[Mandrillus_leucophaeus] -> Mandrillus_leucophaeus____cercopithecoidea_XP_011835084.1_PREDICTED__LOW_QUALITY_PROTEIN__zinc_finger_protein_845-like__Mandrillus_leucophaeus_
Equus_caballus____perissodactyla_XP_023505182.1_zinc_finger_protein_845_[Equus_caballus] -> Equus_caballus____perissodactyla_XP_023505182.1_zinc_finger_protein_845__Equus_caballus_
Pan_troglodytes____panina_XP_024207565.1_zinc_finger_protein_91_isoform_X3_[Pan_troglodytes] -> Pan_troglodytes____panina_XP_024207565.1_zinc_finger_protein_91_isoform_X3__Pan_troglodytes_
Otolemur_garnettii____lorisoidea_XP_023372667.1_zinc_finger_protein_607_[Otolemur_garnettii] -> Otolemur_garnettii____lorisoidea_XP_023372667.1_zinc_finger_protein_607__Otolemur_garnettii_
Nomascus_leucogenys____hylobatidae_XP_012364874.1_PREDICTED:_zinc_finger_protein_729_isoform_X3_[Nomascus_leucogenys] -> Nomascus_leucogenys____hylobatidae_XP_012364874.1_PREDICTED__zinc_finger_protein_729_isoform_X3__Nomascus_leucogenys_
Galeopterus_variegatus____dermoptera_XP_008592627.1_PREDICTED:_zinc_finger_protein_420-like_[Galeopterus_variegatus] -> Galeopterus_variegatus____dermoptera_XP_008592627.1_PREDICTED__zinc_finger_protein_420-like__Galeopterus_variegatus_
Ursus_arctos____carnivora_XP_026338220.1_LOW_QUALITY_PROTEIN:_zinc_finger_protein_573_[Ursus_arctos_horribilis] -> Ursus_arctos____carnivora_XP_026338220.1_LOW_QUALITY_PROTEIN__zinc_finger_protein_573__Ursus_arctos_horribilis_
Oryctolagus_cuniculus____lagomorpha_XP_008268040.2_PREDICTED:_zinc_finger_protein_850_isoform_X3_[Oryctolagus_cuniculus] -> Oryctolagus_cuniculus____lagomorpha_XP_008268040.2_PREDICTED__zinc_finger_protein_850_isoform_X3__Oryctolagus_cuniculus_
Ornithorhynchus_anatinus____monotrememata_XP_028929210.1_uncharacterized_protein_LOC100089426_isoform_X1_[Ornithorhynchus_anatinus] -> Ornithorhynchus_anatinus____monotrememata_XP_028929210.1_uncharacterized_protein_LOC100089426_isoform_X1__Ornithorhynchus_anatinus_
Carlito_syrichta____tarsiidae_XP_021565913.1_zinc_finger_protein_208-like_[Carlito_syrichta] -> Carlito_syrichta____tarsiidae_XP_021565913.1_zinc_finger_protein_208-like__Carlito_syrichta_
Mandrillus_leucophaeus____cercopithecoidea_XP_011855059.1_PREDICTED:_zinc_finger_protein_91-like_[Mandrillus_leucophaeus] -> Mandrillus_leucophaeus____cercopithecoidea_XP_011855059.1_PREDICTED__zinc_finger_protein_91-like__Mandrillus_leucophaeus_
Oryctolagus_cuniculus____lagomorpha_XP_017194024.1_PREDICTED:_LOW_QUALITY_PROTEIN:_zinc_finger_protein_585A-like,_partial_[Oryctolagus_cuniculus] -> Oryctolagus_cuniculus____lagomorpha_XP_017194024.1_PREDICTED__LOW_QUALITY_PROTEIN__zinc_finger_protein_585A-like__partial__Oryctolagus_cuniculus_
Pan_troglodytes____panina_XP_024207564.1_zinc_finger_protein_91_isoform_X2_[Pan_troglodytes] -> Pan_troglodytes____panina_XP_024207564.1_zinc_finger_protein_91_isoform_X2__Pan_troglodytes_
Balaenoptera_acutorostrata____cetartiodactyla_XP_028021489.1_LOW_QUALITY_PROTEIN:_zinc_finger_protein_850-like_[Balaenoptera_acutorostrata_scammoni] -> Balaenoptera_acutorostrata____cetartiodactyla_XP_028021489.1_LOW_QUALITY_PROTEIN__zinc_finger_protein_850-like__Balaenoptera_acutorostrata_scammoni_
Loxodonta_africana____afrotheria_XP_023399391.1_zinc_finger_protein_420-like_isoform_X3_[Loxodonta_africana] -> Loxodonta_africana____afrotheria_XP_023399391.1_zinc_finger_protein_420-like_isoform_X3__Loxodonta_africana_
Gorilla_gorilla____gorillini_XP_018870402.1_PREDICTED:_zinc_finger_protein_729_[Gorilla_gorilla_gorilla] -> Gorilla_gorilla____gorillini_XP_018870402.1_PREDICTED__zinc_finger_protein_729__Gorilla_gorilla_gorilla_
Gorilla_gorilla____gorillini_XP_018870401.1_PREDICTED:_LOW_QUALITY_PROTEIN:_zinc_finger_protein_729-like_[Gorilla_gorilla_gorilla] -> Gorilla_gorilla____gorillini_XP_018870401.1_PREDICTED__LOW_QUALITY_PROTEIN__zinc_finger_protein_729-like__Gorilla_gorilla_gorilla_
Tupaia_chinensis____scandentia_XP_014438393.2_zinc_finger_protein_45_isoform_X4_[Tupaia_chinensis] -> Tupaia_chinensis____scandentia_XP_014438393.2_zinc_finger_protein_45_isoform_X4__Tupaia_chinensis_
Pongo_abelii____ponginae_XP_024093054.1_LOW_QUALITY_PROTEIN:_zinc_finger_protein_726_[Pongo_abelii] -> Pongo_abelii____ponginae_XP_024093054.1_LOW_QUALITY_PROTEIN__zinc_finger_protein_726__Pongo_abelii_
Equus_caballus____perissodactyla_XP_023477056.1_zinc_finger_protein_850_[Equus_caballus] -> Equus_caballus____perissodactyla_XP_023477056.1_zinc_finger_protein_850__Equus_caballus_
Phascolarctos_cinereus____metatheria_XP_020827824.1_zinc_finger_protein_208-like_[Phascolarctos_cinereus] -> Phascolarctos_cinereus____metatheria_XP_020827824.1_zinc_finger_protein_208-like__Phascolarctos_cinereus_
Orycteropus_afer____afrotheria_XP_007941295.1_PREDICTED:_LOW_QUALITY_PROTEIN:_zinc_finger_protein_234-like_[Orycteropus_afer_afer] -> Orycteropus_afer____afrotheria_XP_007941295.1_PREDICTED__LOW_QUALITY_PROTEIN__zinc_finger_protein_234-like__Orycteropus_afer_afer_
Nomascus_leucogenys____hylobatidae_XP_012364875.1_PREDICTED:_putative_zinc_finger_protein_724_isoform_X1_[Nomascus_leucogenys] -> Nomascus_leucogenys____hylobatidae_XP_012364875.1_PREDICTED__putative_zinc_finger_protein_724_isoform_X1__Nomascus_leucogenys_
Ornithorhynchus_anatinus____monotrememata_XP_028929209.1_uncharacterized_protein_LOC100089426_isoform_X1_[Ornithorhynchus_anatinus] -> Ornithorhynchus_anatinus____monotrememata_XP_028929209.1_uncharacterized_protein_LOC100089426_isoform_X1__Ornithorhynchus_anatinus_
Homo_sapiens____homonina_XP_011526567.1_zinc_finger_protein_91_isoform_X1_[Homo_sapiens] -> Homo_sapiens____homonina_XP_011526567.1_zinc_finger_protein_91_isoform_X1__Homo_sapiens_
Tupaia_chinensis____scandentia_XP_006142118.2_zinc_finger_protein_112_isoform_X4_[Tupaia_chinensis] -> Tupaia_chinensis____scandentia_XP_006142118.2_zinc_finger_protein_112_isoform_X4__Tupaia_chinensis_
Pteropus_vampyrus____chiroptera_XP_023382457.1_zinc_finger_protein_665-like_isoform_X4_[Pteropus_vampyrus] -> Pteropus_vampyrus____chiroptera_XP_023382457.1_zinc_finger_protein_665-like_isoform_X4__Pteropus_vampyrus_
Ursus_arctos____carnivora_XP_026344106.1_LOW_QUALITY_PROTEIN:_zinc_finger_protein_84-like_[Ursus_arctos_horribilis] -> Ursus_arctos____carnivora_XP_026344106.1_LOW_QUALITY_PROTEIN__zinc_finger_protein_84-like__Ursus_arctos_horribilis_
Erinaceus_europaeus____eulipotyphla_XP_016049862.1_PREDICTED:_zinc_finger_protein_850_isoform_X1_[Erinaceus_europaeus] -> Erinaceus_europaeus____eulipotyphla_XP_016049862.1_PREDICTED__zinc_finger_protein_850_isoform_X1__Erinaceus_europaeus_
Dasypus_novemcinctus____xenarthra_XP_004454709.1_zinc_finger_protein_665_[Dasypus_novemcinctus] -> Dasypus_novemcinctus____xenarthra_XP_004454709.1_zinc_finger_protein_665__Dasypus_novemcinctus_
Orycteropus_afer____afrotheria_XP_007955524.1_PREDICTED:_zinc_finger_protein_208-like_[Orycteropus_afer_afer] -> Orycteropus_afer____afrotheria_XP_007955524.1_PREDICTED__zinc_finger_protein_208-like__Orycteropus_afer_afer_
Balaenoptera_acutorostrata____cetartiodactyla_XP_028021188.1_LOW_QUALITY_PROTEIN:_zinc_finger_protein_37_homolog_[Balaenoptera_acutorostrata_scammoni] -> Balaenoptera_acutorostrata____cetartiodactyla_XP_028021188.1_LOW_QUALITY_PROTEIN__zinc_finger_protein_37_homolog__Balaenoptera_acutorostrata_scammoni_
Otolemur_garnettii____lorisoidea_XP_023372666.1_zinc_finger_protein_850-like,_partial_[Otolemur_garnettii] -> Otolemur_garnettii____lorisoidea_XP_023372666.1_zinc_finger_protein_850-like__partial__Otolemur_garnettii_
Mus_musculus____rodentia_XP_017171189.1_PREDICTED:_zinc_finger_protein_431-like,_partial_[Mus_musculus] -> Mus_musculus____rodentia_XP_017171189.1_PREDICTED__zinc_finger_protein_431-like__partial__Mus_musculus_
Erinaceus_europaeus____eulipotyphla_XP_016050331.1_PREDICTED:_LOW_QUALITY_PROTEIN:_zinc_finger_protein_208_[Erinaceus_europaeus] -> Erinaceus_europaeus____eulipotyphla_XP_016050331.1_PREDICTED__LOW_QUALITY_PROTEIN__zinc_finger_protein_208__Erinaceus_europaeus_
Loxodonta_africana____afrotheria_XP_023399654.1_zinc_finger_protein_850_isoform_X3_[Loxodonta_africana] -> Loxodonta_africana____afrotheria_XP_023399654.1_zinc_finger_protein_850_isoform_X3__Loxodonta_africana_
Panthera_tigris____carnivora_XP_007092950.2_PREDICTED:_LOW_QUALITY_PROTEIN:_zinc_finger_protein_268_[Panthera_tigris_altaica] -> Panthera_tigris____carnivora_XP_007092950.2_PREDICTED__LOW_QUALITY_PROTEIN__zinc_finger_protein_268__Panthera_tigris_altaica_
Ursus_arctos____carnivora_XP_026364815.1_zinc_finger_protein_648_[Ursus_arctos_horribilis] -> Ursus_arctos____carnivora_XP_026364815.1_zinc_finger_protein_648__Ursus_arctos_horribilis_
Cebus_capucinus____platyrrhini_XP_017379964.1_PREDICTED:_LOW_QUALITY_PROTEIN:_zinc_finger_protein_648_[Cebus_capucinus_imitator] -> Cebus_capucinus____platyrrhini_XP_017379964.1_PREDICTED__LOW_QUALITY_PROTEIN__zinc_finger_protein_648__Cebus_capucinus_imitator_
Gorilla_gorilla____gorillini_XP_004028057.2_PREDICTED:_zinc_finger_protein_648_[Gorilla_gorilla_gorilla] -> Gorilla_gorilla____gorillini_XP_004028057.2_PREDICTED__zinc_finger_protein_648__Gorilla_gorilla_gorilla_
Balaenoptera_acutorostrata____cetartiodactyla_XP_007180033.2_LOW_QUALITY_PROTEIN:_zinc_finger_protein_546_[Balaenoptera_acutorostrata_scammoni] -> Balaenoptera_acutorostrata____cetartiodactyla_XP_007180033.2_LOW_QUALITY_PROTEIN__zinc_finger_protein_546__Balaenoptera_acutorostrata_scammoni_
Orycteropus_afer____afrotheria_XP_007957063.1_PREDICTED:_LOW_QUALITY_PROTEIN:_zinc_finger_protein_345-like,_partial_[Orycteropus_afer_afer] -> Orycteropus_afer____afrotheria_XP_007957063.1_PREDICTED__LOW_QUALITY_PROTEIN__zinc_finger_protein_345-like__partial__Orycteropus_afer_afer_
Homo_sapiens____homonina_NP_003421.2_zinc_finger_protein_91_isoform_1_[Homo_sapiens] -> Homo_sapiens____homonina_NP_003421.2_zinc_finger_protein_91_isoform_1__Homo_sapiens_
Dasypus_novemcinctus____xenarthra_XP_012375896.1_zinc_finger_protein_836-like_[Dasypus_novemcinctus] -> Dasypus_novemcinctus____xenarthra_XP_012375896.1_zinc_finger_protein_836-like__Dasypus_novemcinctus_
Panthera_tigris____carnivora_XP_007094902.1_PREDICTED:_zinc_finger_protein_252-like_[Panthera_tigris_altaica] -> Panthera_tigris____carnivora_XP_007094902.1_PREDICTED__zinc_finger_protein_252-like__Panthera_tigris_altaica_
Pteropus_vampyrus____chiroptera_XP_011380016.2_zinc_finger_protein_420_isoform_X10_[Pteropus_vampyrus] -> Pteropus_vampyrus____chiroptera_XP_011380016.2_zinc_finger_protein_420_isoform_X10__Pteropus_vampyrus_
Panthera_tigris____carnivora_XP_015399575.1_PREDICTED:_zinc_finger_protein_850_isoform_X1_[Panthera_tigris_altaica] -> Panthera_tigris____carnivora_XP_015399575.1_PREDICTED__zinc_finger_protein_850_isoform_X1__Panthera_tigris_altaica_
Tupaia_chinensis____scandentia_XP_006144775.3_zinc_finger_protein_665_isoform_X3_[Tupaia_chinensis] -> Tupaia_chinensis____scandentia_XP_006144775.3_zinc_finger_protein_665_isoform_X3__Tupaia_chinensis_
Galeopterus_variegatus____dermoptera_XP_008565597.1_PREDICTED:_zinc_finger_protein_648_[Galeopterus_variegatus] -> Galeopterus_variegatus____dermoptera_XP_008565597.1_PREDICTED__zinc_finger_protein_648__Galeopterus_variegatus_
Balaenoptera_acutorostrata____cetartiodactyla_XP_007175460.2_LOW_QUALITY_PROTEIN:_zinc_finger_protein_208_[Balaenoptera_acutorostrata_scammoni] -> Balaenoptera_acutorostrata____cetartiodactyla_XP_007175460.2_LOW_QUALITY_PROTEIN__zinc_finger_protein_208__Balaenoptera_acutorostrata_scammoni_
Cebus_capucinus____platyrrhini_XP_017380788.1_PREDICTED:_LOW_QUALITY_PROTEIN:_zinc_finger_protein_681-like_[Cebus_capucinus_imitator] -> Cebus_capucinus____platyrrhini_XP_017380788.1_PREDICTED__LOW_QUALITY_PROTEIN__zinc_finger_protein_681-like__Cebus_capucinus_imitator_
Pteropus_vampyrus____chiroptera_XP_011380014.2_zinc_finger_protein_160_isoform_X10_[Pteropus_vampyrus] -> Pteropus_vampyrus____chiroptera_XP_011380014.2_zinc_finger_protein_160_isoform_X10__Pteropus_vampyrus_
Ornithorhynchus_anatinus____monotrememata_XP_028929211.1_uncharacterized_protein_LOC100089426_isoform_X2_[Ornithorhynchus_anatinus] -> Ornithorhynchus_anatinus____monotrememata_XP_028929211.1_uncharacterized_protein_LOC100089426_isoform_X2__Ornithorhynchus_anatinus_
Propithecus_coquereli____indriidae_XP_012495439.1_PREDICTED:_zinc_finger_protein_648_[Propithecus_coquereli] -> Propithecus_coquereli____indriidae_XP_012495439.1_PREDICTED__zinc_finger_protein_648__Propithecus_coquereli_
Mandrillus_leucophaeus____cercopithecoidea_XP_011840165.1_PREDICTED:_LOW_QUALITY_PROTEIN:_zinc_finger_protein_850_[Mandrillus_leucophaeus] -> Mandrillus_leucophaeus____cercopithecoidea_XP_011840165.1_PREDICTED__LOW_QUALITY_PROTEIN__zinc_finger_protein_850__Mandrillus_leucophaeus_
Dasypus_novemcinctus____xenarthra_XP_023444636.1_LOW_QUALITY_PROTEIN:_zinc_finger_protein_571_[Dasypus_novemcinctus] -> Dasypus_novemcinctus____xenarthra_XP_023444636.1_LOW_QUALITY_PROTEIN__zinc_finger_protein_571__Dasypus_novemcinctus_
Mus_musculus____rodentia_XP_017171167.1_PREDICTED:_LOW_QUALITY_PROTEIN:_zinc_finger_protein_431-like_[Mus_musculus] -> Mus_musculus____rodentia_XP_017171167.1_PREDICTED__LOW_QUALITY_PROTEIN__zinc_finger_protein_431-like__Mus_musculus_
Ornithorhynchus_anatinus____monotrememata_XP_028929208.1_uncharacterized_protein_LOC100089426_isoform_X1_[Ornithorhynchus_anatinus] -> Ornithorhynchus_anatinus____monotrememata_XP_028929208.1_uncharacterized_protein_LOC100089426_isoform_X1__Ornithorhynchus_anatinus_
Phascolarctos_cinereus____metatheria_XP_020827827.1_zinc_finger_protein_208-like_[Phascolarctos_cinereus] -> Phascolarctos_cinereus____metatheria_XP_020827827.1_zinc_finger_protein_208-like__Phascolarctos_cinereus_
Mus_musculus____rodentia_XP_017174659.1_PREDICTED:_KRAB_box_and_zinc_finger,_C2H2_type_domain_containing_isoform_X1_[Mus_musculus] -> Mus_musculus____rodentia_XP_017174659.1_PREDICTED__KRAB_box_and_zinc_finger__C2H2_type_domain_containing_isoform_X1__Mus_musculus_
Homo_sapiens____homonina_NP_001287880.1_zinc_finger_protein_91_isoform_2_[Homo_sapiens] -> Homo_sapiens____homonina_NP_001287880.1_zinc_finger_protein_91_isoform_2__Homo_sapiens_
Dasypus_novemcinctus____xenarthra_XP_023444483.1_LOW_QUALITY_PROTEIN:_zinc_finger_protein_729_[Dasypus_novemcinctus] -> Dasypus_novemcinctus____xenarthra_XP_023444483.1_LOW_QUALITY_PROTEIN__zinc_finger_protein_729__Dasypus_novemcinctus_
Loxodonta_africana____afrotheria_XP_010588185.2_zinc_finger_protein_501_isoform_X2_[Loxodonta_africana] -> Loxodonta_africana____afrotheria_XP_010588185.2_zinc_finger_protein_501_isoform_X2__Loxodonta_africana_
Otolemur_garnettii____lorisoidea_XP_003785695.1_zinc_finger_protein_648_[Otolemur_garnettii] -> Otolemur_garnettii____lorisoidea_XP_003785695.1_zinc_finger_protein_648__Otolemur_garnettii_
Oryctolagus_cuniculus____lagomorpha_XP_017195858.1_PREDICTED:_LOW_QUALITY_PROTEIN:_zinc_finger_protein_665_[Oryctolagus_cuniculus] -> Oryctolagus_cuniculus____lagomorpha_XP_017195858.1_PREDICTED__LOW_QUALITY_PROTEIN__zinc_finger_protein_665__Oryctolagus_cuniculus_
Carlito_syrichta____tarsiidae_XP_008054518.2_zinc_finger_protein_571_[Carlito_syrichta] -> Carlito_syrichta____tarsiidae_XP_008054518.2_zinc_finger_protein_571__Carlito_syrichta_
Equus_caballus____perissodactyla_XP_023507076.1_zinc_finger_protein_420_isoform_X12_[Equus_caballus] -> Equus_caballus____perissodactyla_XP_023507076.1_zinc_finger_protein_420_isoform_X12__Equus_caballus_
Tupaia_chinensis____scandentia_XP_014448421.1_LOW_QUALITY_PROTEIN:_zinc_finger_protein_208_[Tupaia_chinensis] -> Tupaia_chinensis____scandentia_XP_014448421.1_LOW_QUALITY_PROTEIN__zinc_finger_protein_208__Tupaia_chinensis_
Phascolarctos_cinereus____metatheria_XP_020827828.1_zinc_finger_protein_208-like_[Phascolarctos_cinereus] -> Phascolarctos_cinereus____metatheria_XP_020827828.1_zinc_finger_protein_208-like__Phascolarctos_cinereus_
Orycteropus_afer____afrotheria_XP_007943789.1_PREDICTED:_zinc_finger_protein_286A_[Orycteropus_afer_afer] -> Orycteropus_afer____afrotheria_XP_007943789.1_PREDICTED__zinc_finger_protein_286A__Orycteropus_afer_afer_
Pongo_abelii____ponginae_XP_002809764.2_zinc_finger_protein_648_[Pongo_abelii] -> Pongo_abelii____ponginae_XP_002809764.2_zinc_finger_protein_648__Pongo_abelii_
Oryctolagus_cuniculus____lagomorpha_XP_017195406.1_PREDICTED:_zinc_finger_protein_260-like_isoform_X2_[Oryctolagus_cuniculus] -> Oryctolagus_cuniculus____lagomorpha_XP_017195406.1_PREDICTED__zinc_finger_protein_260-like_isoform_X2__Oryctolagus_cuniculus_
Mandrillus_leucophaeus____cercopithecoidea_XP_011858019.1_PREDICTED:_zinc_finger_protein_648_[Mandrillus_leucophaeus] -> Mandrillus_leucophaeus____cercopithecoidea_XP_011858019.1_PREDICTED__zinc_finger_protein_648__Mandrillus_leucophaeus_
Mus_musculus____rodentia_NP_001004139.2_zinc_finger_protein_91_[Mus_musculus] -> Mus_musculus____rodentia_NP_001004139.2_zinc_finger_protein_91__Mus_musculus_
Galeopterus_variegatus____dermoptera_XP_008584848.1_PREDICTED:_zinc_finger_protein_160-like_[Galeopterus_variegatus] -> Galeopterus_variegatus____dermoptera_XP_008584848.1_PREDICTED__zinc_finger_protein_160-like__Galeopterus_variegatus_

                                                                                                                                                        Gap/Ambiguity  Composition  p-value
   1  Hsap_unidentified_Zinc_Protein                                                                                                                           34.24%    failed      0.00%
   2  Loxodonta_africana____afrotheria_XP_023399395.1_zinc_finger_protein_271-like__Loxodonta_africana_                                                         0.00%    passed     13.58%
   3  Phascolarctos_cinereus____metatheria_XP_020827825.1_zinc_finger_protein_208-like__Phascolarctos_cinereus_                                                 0.00%    failed      0.04%
   4  Cebus_capucinus____platyrrhini_XP_017369134.1_PREDICTED__zinc_finger_protein_268__Cebus_capucinus_imitator_                                              22.28%    failed      1.16%
   5  Propithecus_coquereli____indriidae_XP_012498791.1_PREDICTED__zinc_finger_protein_208-like__Propithecus_coquereli_                                         0.00%    failed      0.00%
   6  Nomascus_leucogenys____hylobatidae_XP_003264475.1_PREDICTED__zinc_finger_protein_648__Nomascus_leucogenys_                                               34.24%    failed      0.00%
   7  Pongo_abelii____ponginae_XP_024093053.1_LOW_QUALITY_PROTEIN__zinc_finger_protein_729__Pongo_abelii_                                                       0.18%    failed      0.00%
   8  Homo_sapiens____homonina_XP_016882724.1_zinc_finger_protein_91_isoform_X1__Homo_sapiens_                                                                  5.07%    failed      0.00%
   9  Cebus_capucinus____platyrrhini_XP_017380786.1_PREDICTED__LOW_QUALITY_PROTEIN__zinc_finger_protein_254-like__Cebus_capucinus_imitator_                     0.00%    failed      0.39%
  10  Propithecus_coquereli____indriidae_XP_012498850.1_PREDICTED__zinc_finger_protein_665-like__Propithecus_coquereli_                                        18.12%    passed     11.32%
  11  Propithecus_coquereli____indriidae_XP_012498851.1_PREDICTED__LOW_QUALITY_PROTEIN__zinc_finger_protein_845-like__Propithecus_coquereli_                    6.88%    passed     41.06%
  12  Ursus_arctos____carnivora_XP_026344621.1_zinc_finger_protein_250_isoform_X4__Ursus_arctos_horribilis_                                                     0.18%    failed      1.88%
  13  Otolemur_garnettii____lorisoidea_XP_023364769.1_zinc_finger_protein_91-like__partial__Otolemur_garnettii_                                                10.87%    failed      0.00%
  14  Pongo_abelii____ponginae_XP_024093058.1_zinc_finger_protein_99__Pongo_abelii_                                                                            12.50%    failed      0.00%
  15  Nomascus_leucogenys____hylobatidae_XP_012364870.1_PREDICTED__LOW_QUALITY_PROTEIN__zinc_finger_protein_208-like__Nomascus_leucogenys_                      0.18%    failed      0.00%
  16  Pteropus_vampyrus____chiroptera_XP_011370296.1_zinc_finger_protein_62_homolog_isoform_X1__Pteropus_vampyrus_                                              4.35%    failed      0.00%
  17  Erinaceus_europaeus____eulipotyphla_XP_016045502.1_PREDICTED__zinc_finger_protein_665_isoform_X1__Erinaceus_europaeus_                                    1.09%    passed     48.37%
  18  Gorilla_gorilla____gorillini_XP_018886338.1_PREDICTED__LOW_QUALITY_PROTEIN__zinc_finger_protein_107-like__Gorilla_gorilla_gorilla_                        1.09%    failed      0.00%
  19  Carlito_syrichta____tarsiidae_XP_021566486.1_LOW_QUALITY_PROTEIN__zinc_finger_protein_208-like__Carlito_syrichta_                                         1.99%    failed      0.00%
  20  Erinaceus_europaeus____eulipotyphla_XP_016049861.1_PREDICTED__LOW_QUALITY_PROTEIN__uncharacterized_protein_LOC103126390__Erinaceus_europaeus_             0.54%    passed     23.25%
  21  Equus_caballus____perissodactyla_XP_005596295.1_zinc_finger_protein_780A_isoform_X1__Equus_caballus_                                                      1.27%    passed      6.45%
  22  Pan_troglodytes____panina_XP_024207563.1_zinc_finger_protein_91_isoform_X2__Pan_troglodytes_                                                              9.96%    failed      0.00%
  23  Carlito_syrichta____tarsiidae_XP_008061486.1_LOW_QUALITY_PROTEIN__zinc_finger_protein_648__Carlito_syrichta_                                             34.42%    failed      0.00%
  24  Panthera_tigris____carnivora_XP_007094057.2_PREDICTED__LOW_QUALITY_PROTEIN__zinc_finger_protein_160__Panthera_tigris_altaica_                             0.36%    passed     16.15%
  25  Galeopterus_variegatus____dermoptera_XP_008588630.1_PREDICTED__LOW_QUALITY_PROTEIN__zinc_finger_protein_420-like__Galeopterus_variegatus_                20.11%    failed      3.66%
  26  Pan_troglodytes____panina_XP_024207567.1_zinc_finger_protein_91_isoform_X2__Pan_troglodytes_                                                              9.96%    failed      0.00%
  27  Mandrillus_leucophaeus____cercopithecoidea_XP_011835084.1_PREDICTED__LOW_QUALITY_PROTEIN__zinc_finger_protein_845-like__Mandrillus_leucophaeus_           6.88%    failed      0.10%
  28  Equus_caballus____perissodactyla_XP_023505182.1_zinc_finger_protein_845__Equus_caballus_                                                                  0.00%    passed     65.89%
  29  Pan_troglodytes____panina_XP_024207565.1_zinc_finger_protein_91_isoform_X3__Pan_troglodytes_                                                              8.88%    failed      0.00%
  30  Otolemur_garnettii____lorisoidea_XP_023372667.1_zinc_finger_protein_607__Otolemur_garnettii_                                                              0.18%    passed     99.23%
  31  Nomascus_leucogenys____hylobatidae_XP_012364874.1_PREDICTED__zinc_finger_protein_729_isoform_X3__Nomascus_leucogenys_                                    10.51%    failed      0.00%
  32  Galeopterus_variegatus____dermoptera_XP_008592627.1_PREDICTED__zinc_finger_protein_420-like__Galeopterus_variegatus_                                     10.87%    passed     43.60%
  33  Ursus_arctos____carnivora_XP_026338220.1_LOW_QUALITY_PROTEIN__zinc_finger_protein_573__Ursus_arctos_horribilis_                                           0.00%    passed     98.97%
  34  Oryctolagus_cuniculus____lagomorpha_XP_008268040.2_PREDICTED__zinc_finger_protein_850_isoform_X3__Oryctolagus_cuniculus_                                  0.18%    passed     31.20%
  35  Ornithorhynchus_anatinus____monotrememata_XP_028929210.1_uncharacterized_protein_LOC100089426_isoform_X1__Ornithorhynchus_anatinus_                       0.18%    failed      0.00%
  36  Carlito_syrichta____tarsiidae_XP_021565913.1_zinc_finger_protein_208-like__Carlito_syrichta_                                                              0.00%    failed      0.63%
  37  Mandrillus_leucophaeus____cercopithecoidea_XP_011855059.1_PREDICTED__zinc_finger_protein_91-like__Mandrillus_leucophaeus_                                18.12%    failed      0.03%
  38  Oryctolagus_cuniculus____lagomorpha_XP_017194024.1_PREDICTED__LOW_QUALITY_PROTEIN__zinc_finger_protein_585A-like__partial__Oryctolagus_cuniculus_         1.09%    failed      0.00%
  39  Pan_troglodytes____panina_XP_024207564.1_zinc_finger_protein_91_isoform_X2__Pan_troglodytes_                                                              9.96%    failed      0.00%
  40  Balaenoptera_acutorostrata____cetartiodactyla_XP_028021489.1_LOW_QUALITY_PROTEIN__zinc_finger_protein_850-like__Balaenoptera_acutorostrata_scammoni_      0.00%    passed     97.92%
  41  Loxodonta_africana____afrotheria_XP_023399391.1_zinc_finger_protein_420-like_isoform_X3__Loxodonta_africana_                                              0.00%    failed      1.08%
  42  Gorilla_gorilla____gorillini_XP_018870402.1_PREDICTED__zinc_finger_protein_729__Gorilla_gorilla_gorilla_                                                  0.91%    failed      0.00%
  43  Gorilla_gorilla____gorillini_XP_018870401.1_PREDICTED__LOW_QUALITY_PROTEIN__zinc_finger_protein_729-like__Gorilla_gorilla_gorilla_                       12.50%    failed      0.00%
  44  Tupaia_chinensis____scandentia_XP_014438393.2_zinc_finger_protein_45_isoform_X4__Tupaia_chinensis_                                                        0.00%    failed      1.41%
  45  Pongo_abelii____ponginae_XP_024093054.1_LOW_QUALITY_PROTEIN__zinc_finger_protein_726__Pongo_abelii_                                                       0.36%    failed      0.00%
  46  Equus_caballus____perissodactyla_XP_023477056.1_zinc_finger_protein_850__Equus_caballus_                                                                  2.72%    passed     76.13%
  47  Phascolarctos_cinereus____metatheria_XP_020827824.1_zinc_finger_protein_208-like__Phascolarctos_cinereus_                                                 0.00%    failed      0.04%
  48  Orycteropus_afer____afrotheria_XP_007941295.1_PREDICTED__LOW_QUALITY_PROTEIN__zinc_finger_protein_234-like__Orycteropus_afer_afer_                       18.48%    failed      0.00%
  49  Nomascus_leucogenys____hylobatidae_XP_012364875.1_PREDICTED__putative_zinc_finger_protein_724_isoform_X1__Nomascus_leucogenys_                            1.27%    failed      0.00%
  50  Ornithorhynchus_anatinus____monotrememata_XP_028929209.1_uncharacterized_protein_LOC100089426_isoform_X1__Ornithorhynchus_anatinus_                       0.18%    failed      0.00%
  51  Homo_sapiens____homonina_XP_011526567.1_zinc_finger_protein_91_isoform_X1__Homo_sapiens_                                                                  2.72%    failed      0.00%
  52  Tupaia_chinensis____scandentia_XP_006142118.2_zinc_finger_protein_112_isoform_X4__Tupaia_chinensis_                                                      20.11%    failed      0.09%
  53  Pteropus_vampyrus____chiroptera_XP_023382457.1_zinc_finger_protein_665-like_isoform_X4__Pteropus_vampyrus_                                                8.33%    failed      0.37%
  54  Ursus_arctos____carnivora_XP_026344106.1_LOW_QUALITY_PROTEIN__zinc_finger_protein_84-like__Ursus_arctos_horribilis_                                       9.78%    failed      0.63%
  55  Erinaceus_europaeus____eulipotyphla_XP_016049862.1_PREDICTED__zinc_finger_protein_850_isoform_X1__Erinaceus_europaeus_                                    1.09%    passed     85.03%
  56  Dasypus_novemcinctus____xenarthra_XP_004454709.1_zinc_finger_protein_665__Dasypus_novemcinctus_                                                           4.71%    passed      7.93%
  57  Orycteropus_afer____afrotheria_XP_007955524.1_PREDICTED__zinc_finger_protein_208-like__Orycteropus_afer_afer_                                             0.36%    failed      0.00%
  58  Balaenoptera_acutorostrata____cetartiodactyla_XP_028021188.1_LOW_QUALITY_PROTEIN__zinc_finger_protein_37_homolog__Balaenoptera_acutorostrata_scammoni_    0.18%    passed     26.79%
  59  Otolemur_garnettii____lorisoidea_XP_023372666.1_zinc_finger_protein_850-like__partial__Otolemur_garnettii_                                                3.26%    passed     98.07%
  60  Mus_musculus____rodentia_XP_017171189.1_PREDICTED__zinc_finger_protein_431-like__partial__Mus_musculus_                                                  28.80%    failed      0.00%
  61  Erinaceus_europaeus____eulipotyphla_XP_016050331.1_PREDICTED__LOW_QUALITY_PROTEIN__zinc_finger_protein_208__Erinaceus_europaeus_                          0.00%    passed     13.75%
  62  Loxodonta_africana____afrotheria_XP_023399654.1_zinc_finger_protein_850_isoform_X3__Loxodonta_africana_                                                   0.36%    passed      9.30%
  63  Panthera_tigris____carnivora_XP_007092950.2_PREDICTED__LOW_QUALITY_PROTEIN__zinc_finger_protein_268__Panthera_tigris_altaica_                             0.54%    passed     12.35%
  64  Ursus_arctos____carnivora_XP_026364815.1_zinc_finger_protein_648__Ursus_arctos_horribilis_                                                               33.70%    failed      0.00%
  65  Cebus_capucinus____platyrrhini_XP_017379964.1_PREDICTED__LOW_QUALITY_PROTEIN__zinc_finger_protein_648__Cebus_capucinus_imitator_                         34.42%    failed      0.00%
  66  Gorilla_gorilla____gorillini_XP_004028057.2_PREDICTED__zinc_finger_protein_648__Gorilla_gorilla_gorilla_                                                 34.24%    failed      0.00%
  67  Balaenoptera_acutorostrata____cetartiodactyla_XP_007180033.2_LOW_QUALITY_PROTEIN__zinc_finger_protein_546__Balaenoptera_acutorostrata_scammoni_           4.71%    failed      3.06%
  68  Orycteropus_afer____afrotheria_XP_007957063.1_PREDICTED__LOW_QUALITY_PROTEIN__zinc_finger_protein_345-like__partial__Orycteropus_afer_afer_              19.93%    failed      0.00%
  69  Homo_sapiens____homonina_NP_003421.2_zinc_finger_protein_91_isoform_1__Homo_sapiens_                                                                      0.72%    failed      0.00%
  70  Dasypus_novemcinctus____xenarthra_XP_012375896.1_zinc_finger_protein_836-like__Dasypus_novemcinctus_                                                      4.53%    failed      0.09%
  71  Panthera_tigris____carnivora_XP_007094902.1_PREDICTED__zinc_finger_protein_252-like__Panthera_tigris_altaica_                                            13.04%    failed      0.53%
  72  Pteropus_vampyrus____chiroptera_XP_011380016.2_zinc_finger_protein_420_isoform_X10__Pteropus_vampyrus_                                                    0.00%    passed     12.91%
  73  Panthera_tigris____carnivora_XP_015399575.1_PREDICTED__zinc_finger_protein_850_isoform_X1__Panthera_tigris_altaica_                                       0.00%    passed     71.56%
  74  Tupaia_chinensis____scandentia_XP_006144775.3_zinc_finger_protein_665_isoform_X3__Tupaia_chinensis_                                                       0.00%    passed      8.71%
  75  Galeopterus_variegatus____dermoptera_XP_008565597.1_PREDICTED__zinc_finger_protein_648__Galeopterus_variegatus_                                          34.42%    failed      0.00%
  76  Balaenoptera_acutorostrata____cetartiodactyla_XP_007175460.2_LOW_QUALITY_PROTEIN__zinc_finger_protein_208__Balaenoptera_acutorostrata_scammoni_           0.36%    passed     32.62%
  77  Cebus_capucinus____platyrrhini_XP_017380788.1_PREDICTED__LOW_QUALITY_PROTEIN__zinc_finger_protein_681-like__Cebus_capucinus_imitator_                     0.00%    failed      0.00%
  78  Pteropus_vampyrus____chiroptera_XP_011380014.2_zinc_finger_protein_160_isoform_X10__Pteropus_vampyrus_                                                    0.00%    failed      0.93%
  79  Ornithorhynchus_anatinus____monotrememata_XP_028929211.1_uncharacterized_protein_LOC100089426_isoform_X2__Ornithorhynchus_anatinus_                       1.27%    failed      0.00%
  80  Propithecus_coquereli____indriidae_XP_012495439.1_PREDICTED__zinc_finger_protein_648__Propithecus_coquereli_                                             35.69%    failed      0.00%
  81  Mandrillus_leucophaeus____cercopithecoidea_XP_011840165.1_PREDICTED__LOW_QUALITY_PROTEIN__zinc_finger_protein_850__Mandrillus_leucophaeus_                3.44%    failed      0.18%
  82  Dasypus_novemcinctus____xenarthra_XP_023444636.1_LOW_QUALITY_PROTEIN__zinc_finger_protein_571__Dasypus_novemcinctus_                                      5.80%    failed      1.64%
  83  Mus_musculus____rodentia_XP_017171167.1_PREDICTED__LOW_QUALITY_PROTEIN__zinc_finger_protein_431-like__Mus_musculus_                                      34.78%    failed      0.00%
  84  Ornithorhynchus_anatinus____monotrememata_XP_028929208.1_uncharacterized_protein_LOC100089426_isoform_X1__Ornithorhynchus_anatinus_                       0.00%    failed      0.00%
  85  Phascolarctos_cinereus____metatheria_XP_020827827.1_zinc_finger_protein_208-like__Phascolarctos_cinereus_                                                 0.00%    failed      0.04%
  86  Mus_musculus____rodentia_XP_017174659.1_PREDICTED__KRAB_box_and_zinc_finger__C2H2_type_domain_containing_isoform_X1__Mus_musculus_                        0.00%    failed      0.00%
  87  Homo_sapiens____homonina_NP_001287880.1_zinc_finger_protein_91_isoform_2__Homo_sapiens_                                                                   2.54%    failed      0.00%
  88  Dasypus_novemcinctus____xenarthra_XP_023444483.1_LOW_QUALITY_PROTEIN__zinc_finger_protein_729__Dasypus_novemcinctus_                                      0.18%    failed      0.06%
  89  Loxodonta_africana____afrotheria_XP_010588185.2_zinc_finger_protein_501_isoform_X2__Loxodonta_africana_                                                   3.80%    passed     84.15%
  90  Otolemur_garnettii____lorisoidea_XP_003785695.1_zinc_finger_protein_648__Otolemur_garnettii_                                                             36.59%    failed      0.00%
  91  Oryctolagus_cuniculus____lagomorpha_XP_017195858.1_PREDICTED__LOW_QUALITY_PROTEIN__zinc_finger_protein_665__Oryctolagus_cuniculus_                       16.30%    failed      0.00%
  92  Carlito_syrichta____tarsiidae_XP_008054518.2_zinc_finger_protein_571__Carlito_syrichta_                                                                   7.43%    passed     18.37%
  93  Equus_caballus____perissodactyla_XP_023507076.1_zinc_finger_protein_420_isoform_X12__Equus_caballus_                                                      1.45%    failed      0.63%
  94  Tupaia_chinensis____scandentia_XP_014448421.1_LOW_QUALITY_PROTEIN__zinc_finger_protein_208__Tupaia_chinensis_                                             0.18%    passed     12.28%
  95  Phascolarctos_cinereus____metatheria_XP_020827828.1_zinc_finger_protein_208-like__Phascolarctos_cinereus_                                                 0.00%    failed      0.04%
  96  Orycteropus_afer____afrotheria_XP_007943789.1_PREDICTED__zinc_finger_protein_286A__Orycteropus_afer_afer_                                                 0.18%    passed     26.20%
  97  Pongo_abelii____ponginae_XP_002809764.2_zinc_finger_protein_648__Pongo_abelii_                                                                           34.24%    failed      0.00%
  98  Oryctolagus_cuniculus____lagomorpha_XP_017195406.1_PREDICTED__zinc_finger_protein_260-like_isoform_X2__Oryctolagus_cuniculus_                            22.10%    failed      0.00%
  99  Mandrillus_leucophaeus____cercopithecoidea_XP_011858019.1_PREDICTED__zinc_finger_protein_648__Mandrillus_leucophaeus_                                    34.42%    failed      0.00%
 100  Mus_musculus____rodentia_NP_001004139.2_zinc_finger_protein_91__Mus_musculus_                                                                             3.44%    failed      2.95%
 101  Galeopterus_variegatus____dermoptera_XP_008584848.1_PREDICTED__zinc_finger_protein_160-like__Galeopterus_variegatus_                                      1.09%    failed      0.81%
****  TOTAL                                                                                                                                                     8.30%  72 sequences failed composition chi2 test (p-value<5%; df=19)
NOTE: Phascolarctos_cinereus____metatheria_XP_020827824.1_zinc_finger_protein_208-like__Phascolarctos_cinereus_ is identical to Phascolarctos_cinereus____metatheria_XP_020827825.1_zinc_finger_protein_208-like__Phascolarctos_cinereus_ but kept for subsequent analysis
NOTE: Pan_troglodytes____panina_XP_024207567.1_zinc_finger_protein_91_isoform_X2__Pan_troglodytes_ is identical to Pan_troglodytes____panina_XP_024207563.1_zinc_finger_protein_91_isoform_X2__Pan_troglodytes_ but kept for subsequent analysis
NOTE: Ornithorhynchus_anatinus____monotrememata_XP_028929209.1_uncharacterized_protein_LOC100089426_isoform_X1__Ornithorhynchus_anatinus_ is identical to Ornithorhynchus_anatinus____monotrememata_XP_028929210.1_uncharacterized_protein_LOC100089426_isoform_X1__Ornithorhynchus_anatinus_ but kept for subsequent analysis
NOTE: 3 identical sequences (see below) will be ignored for subsequent analysis
NOTE: Phascolarctos_cinereus____metatheria_XP_020827827.1_zinc_finger_protein_208-like__Phascolarctos_cinereus_ (identical to Phascolarctos_cinereus____metatheria_XP_020827825.1_zinc_finger_protein_208-like__Phascolarctos_cinereus_) is ignored but added at the end
NOTE: Phascolarctos_cinereus____metatheria_XP_020827828.1_zinc_finger_protein_208-like__Phascolarctos_cinereus_ (identical to Phascolarctos_cinereus____metatheria_XP_020827825.1_zinc_finger_protein_208-like__Phascolarctos_cinereus_) is ignored but added at the end
NOTE: Pan_troglodytes____panina_XP_024207564.1_zinc_finger_protein_91_isoform_X2__Pan_troglodytes_ (identical to Pan_troglodytes____panina_XP_024207563.1_zinc_finger_protein_91_isoform_X2__Pan_troglodytes_) is ignored but added at the end

For your convenience alignment with unique sequences printed to mafftmammalbmge.fa.uniqueseq.phy

Create initial parsimony tree by phylogenetic likelihood library (PLL)... 0.042 seconds
Generating 1000 samples for ultrafast bootstrap (seed: 263090)...

NOTE: 36 MB RAM (0 GB) is required!
Estimate model parameters (epsilon = 0.100)
1. Initial log-likelihood: -44594.566
2. Current log-likelihood: -43938.047
3. Current log-likelihood: -43936.157
4. Current log-likelihood: -43935.920
Optimal log-likelihood: -43935.819
Gamma shape alpha: 1.112
Parameters optimization took 4 rounds (2.460 sec)
Computing ML distances based on estimated model parameters... 2.174 sec
Computing BIONJ tree...
0.004 seconds
Log-likelihood of BIONJ tree: -43935.610
--------------------------------------------------------------------
|             INITIALIZING CANDIDATE TREE SET                      |
--------------------------------------------------------------------
Generating 98 parsimony trees... 4.168 second
Computing log-likelihood of 98 initial trees ... 30.077 seconds
Current best score: -43909.885

Do NNI search on 20 best initial trees
Estimate model parameters (epsilon = 0.100)
BETTER TREE FOUND at iteration 1: -43847.265
Estimate model parameters (epsilon = 0.100)
BETTER TREE FOUND at iteration 3: -43807.348
Estimate model parameters (epsilon = 0.100)
BETTER TREE FOUND at iteration 4: -43803.521
Iteration 10 / LogL: -43837.081 / Time: 0h:1m:38s
Iteration 20 / LogL: -43840.921 / Time: 0h:2m:27s
Finish initializing candidate tree set (20)
Current best tree score: -43803.521 / CPU time: 140.111
Number of iterations: 20
--------------------------------------------------------------------
|               OPTIMIZING CANDIDATE TREE SET                      |
--------------------------------------------------------------------
Estimate model parameters (epsilon = 0.100)
BETTER TREE FOUND at iteration 22: -43796.507
Estimate model parameters (epsilon = 0.100)
BETTER TREE FOUND at iteration 26: -43793.252
Estimate model parameters (epsilon = 0.100)
BETTER TREE FOUND at iteration 27: -43791.508
Estimate model parameters (epsilon = 0.100)
BETTER TREE FOUND at iteration 28: -43788.357
Iteration 30 / LogL: -43794.267 / Time: 0h:3m:37s (0h:12m:13s left)
Estimate model parameters (epsilon = 0.100)
BETTER TREE FOUND at iteration 31: -43782.066
Estimate model parameters (epsilon = 0.100)
BETTER TREE FOUND at iteration 36: -43775.929
Iteration 40 / LogL: -43847.462 / Time: 0h:4m:54s (0h:12m:4s left)
Iteration 50 / LogL: -43783.692 / Time: 0h:6m:9s (0h:10m:48s left)
Estimate model parameters (epsilon = 0.100)
UPDATE BEST LOG-LIKELIHOOD: -43775.916
Iteration 60 / LogL: -44289.390 / Time: 0h:7m:29s (0h:9m:38s left)
Estimate model parameters (epsilon = 0.100)
BETTER TREE FOUND at iteration 61: -43774.086
Estimate model parameters (epsilon = 0.100)
BETTER TREE FOUND at iteration 67: -43773.861
Iteration 70 / LogL: -43782.402 / Time: 0h:8m:59s (0h:12m:38s left)
Estimate model parameters (epsilon = 0.100)
BETTER TREE FOUND at iteration 71: -43772.805
Estimate model parameters (epsilon = 0.100)
BETTER TREE FOUND at iteration 79: -43770.023
Iteration 80 / LogL: -44102.757 / Time: 0h:10m:33s (0h:13m:14s left)
Iteration 90 / LogL: -43770.236 / Time: 0h:11m:30s (0h:11m:30s left)
Estimate model parameters (epsilon = 0.100)
BETTER TREE FOUND at iteration 95: -43769.791
Iteration 100 / LogL: -43799.593 / Time: 0h:12m:49s (0h:12m:18s left)
Estimate model parameters (epsilon = 0.100)
BETTER TREE FOUND at iteration 108: -43769.730
Iteration 110 / LogL: -43780.513 / Time: 0h:14m:5s (0h:12m:40s left)
Iteration 120 / LogL: -43784.604 / Time: 0h:15m:24s (0h:11m:23s left)
Iteration 130 / LogL: -43771.729 / Time: 0h:16m:32s (0h:10m:0s left)
Estimate model parameters (epsilon = 0.100)
BETTER TREE FOUND at iteration 136: -43769.561
Iteration 140 / LogL: -43798.574 / Time: 0h:17m:40s (0h:12m:12s left)
Iteration 150 / LogL: -43776.714 / Time: 0h:18m:39s (0h:10m:46s left)
Iteration 160 / LogL: -43769.996 / Time: 0h:19m:53s (0h:9m:30s left)
Iteration 170 / LogL: -43769.797 / Time: 0h:21m:46s (0h:8m:30s left)
UPDATE BEST LOG-LIKELIHOOD: -43769.561
Iteration 180 / LogL: -43770.057 / Time: 0h:22m:51s (0h:7m:8s left)
Iteration 190 / LogL: -43786.044 / Time: 0h:24m:2s (0h:5m:51s left)
Iteration 200 / LogL: -43769.729 / Time: 0h:25m:9s (0h:4m:33s left)
Iteration 210 / LogL: -43784.346 / Time: 0h:26m:24s (0h:3m:17s left)
Iteration 220 / LogL: -43779.497 / Time: 0h:27m:39s (0h:2m:1s left)
Iteration 230 / LogL: -43778.708 / Time: 0h:28m:42s (0h:0m:45s left)
Refining ufboot trees with NNI...
100 samples done
200 samples done
300 samples done
400 samples done
500 samples done
600 samples done
700 samples done
800 samples done
900 samples done
1000 samples done
Total 1000 ufboot trees refined
TREE SEARCH COMPLETED AFTER 237 ITERATIONS / Time: 0h:44m:47s

--------------------------------------------------------------------
|                    FINALIZING TREE SEARCH                        |
--------------------------------------------------------------------
Performs final model parameters optimization
Estimate model parameters (epsilon = 0.010)
1. Initial log-likelihood: -43769.561
Optimal log-likelihood: -43769.561
Gamma shape alpha: 1.123
Parameters optimization took 1 rounds (0.493 sec)
BEST SCORE FOUND : -43769.561
Creating bootstrap support values...
Split supports printed to NEXUS file mafftmammalbmge.fa.splits.nex
Total tree length: 22.802

Total number of iterations: 237
CPU time used for tree search: 2665.833 sec (0h:44m:25s)
Wall-clock time used for tree search: 2679.238 sec (0h:44m:39s)
Total CPU time used: 2674.612 sec (0h:44m:34s)
Total wall-clock time used: 2688.035 sec (0h:44m:48s)
UFBoot trees printed to mafftmammalbmge.fa.ufboot

Computing bootstrap consensus tree...
Reading input file mafftmammalbmge.fa.splits.nex...
98 taxa and 1873 splits.
Consensus tree written to mafftmammalbmge.fa.contree
Reading input trees file mafftmammalbmge.fa.contree
Log-likelihood of consensus tree: -43770.702

Analysis results written to: 
  IQ-TREE report:                mafftmammalbmge.fa.iqtree
  Maximum-likelihood tree:       mafftmammalbmge.fa.treefile
  Likelihood distances:          mafftmammalbmge.fa.mldist

Ultrafast bootstrap approximation results written to:
  Split support values:          mafftmammalbmge.fa.splits.nex
  Consensus tree:                mafftmammalbmge.fa.contree
  UFBoot trees:                  mafftmammalbmge.fa.ufboot
  Screen log file:               mafftmammalbmge.fa.log

Date and Time: Wed Jul  3 13:55:30 2019
