IQ-TREE multicore version 1.6.1 for Linux 64-bit built Feb 16 2018
Developed by Bui Quang Minh, Nguyen Lam Tung, Olga Chernomor,
Heiko Schmidt, Dominik Schrempf, Michael Woodhams.

Host:    it038094 (AVX2, FMA3, 15 GB RAM)
Command: iqtree -s mafftmammal.fa -m LG+G+F -bb 1000 -bnni -wbtl
Seed:    259007 (Using SPRNG - Scalable Parallel Random Number Generator)
Time:    Wed Jul  3 13:09:47 2019
Kernel:  AVX+FMA - 1 threads (4 CPU cores detected)

HINT: Use -nt option to specify number of threads because your CPU has 4 cores!
HINT: -nt AUTO will automatically determine the best number of threads to use.

Reading alignment file mafftmammal.fa ... Fasta format detected
Alignment most likely contains protein sequences
WARNING: 11 sites contain only gaps or ambiguous characters.
Alignment has 101 sequences with 9089 columns, 4273 distinct patterns
1970 parsimony-informative, 1733 singleton sites, 5386 constant sites
WARNING: Some sequence names are changed as follows:
Loxodonta_africana____afrotheria_XP_023399395.1_zinc_finger_protein_271-like_[Loxodonta_africana] -> Loxodonta_africana____afrotheria_XP_023399395.1_zinc_finger_protein_271-like__Loxodonta_africana_
Phascolarctos_cinereus____metatheria_XP_020827825.1_zinc_finger_protein_208-like_[Phascolarctos_cinereus] -> Phascolarctos_cinereus____metatheria_XP_020827825.1_zinc_finger_protein_208-like__Phascolarctos_cinereus_
Cebus_capucinus____platyrrhini_XP_017369134.1_PREDICTED:_zinc_finger_protein_268_[Cebus_capucinus_imitator] -> Cebus_capucinus____platyrrhini_XP_017369134.1_PREDICTED__zinc_finger_protein_268__Cebus_capucinus_imitator_
Propithecus_coquereli____indriidae_XP_012498791.1_PREDICTED:_zinc_finger_protein_208-like_[Propithecus_coquereli] -> Propithecus_coquereli____indriidae_XP_012498791.1_PREDICTED__zinc_finger_protein_208-like__Propithecus_coquereli_
Nomascus_leucogenys____hylobatidae_XP_003264475.1_PREDICTED:_zinc_finger_protein_648_[Nomascus_leucogenys] -> Nomascus_leucogenys____hylobatidae_XP_003264475.1_PREDICTED__zinc_finger_protein_648__Nomascus_leucogenys_
Pongo_abelii____ponginae_XP_024093053.1_LOW_QUALITY_PROTEIN:_zinc_finger_protein_729_[Pongo_abelii] -> Pongo_abelii____ponginae_XP_024093053.1_LOW_QUALITY_PROTEIN__zinc_finger_protein_729__Pongo_abelii_
Homo_sapiens____homonina_XP_016882724.1_zinc_finger_protein_91_isoform_X1_[Homo_sapiens] -> Homo_sapiens____homonina_XP_016882724.1_zinc_finger_protein_91_isoform_X1__Homo_sapiens_
Cebus_capucinus____platyrrhini_XP_017380786.1_PREDICTED:_LOW_QUALITY_PROTEIN:_zinc_finger_protein_254-like_[Cebus_capucinus_imitator] -> Cebus_capucinus____platyrrhini_XP_017380786.1_PREDICTED__LOW_QUALITY_PROTEIN__zinc_finger_protein_254-like__Cebus_capucinus_imitator_
Propithecus_coquereli____indriidae_XP_012498850.1_PREDICTED:_zinc_finger_protein_665-like_[Propithecus_coquereli] -> Propithecus_coquereli____indriidae_XP_012498850.1_PREDICTED__zinc_finger_protein_665-like__Propithecus_coquereli_
Propithecus_coquereli____indriidae_XP_012498851.1_PREDICTED:_LOW_QUALITY_PROTEIN:_zinc_finger_protein_845-like_[Propithecus_coquereli] -> Propithecus_coquereli____indriidae_XP_012498851.1_PREDICTED__LOW_QUALITY_PROTEIN__zinc_finger_protein_845-like__Propithecus_coquereli_
Ursus_arctos____carnivora_XP_026344621.1_zinc_finger_protein_250_isoform_X4_[Ursus_arctos_horribilis] -> Ursus_arctos____carnivora_XP_026344621.1_zinc_finger_protein_250_isoform_X4__Ursus_arctos_horribilis_
Otolemur_garnettii____lorisoidea_XP_023364769.1_zinc_finger_protein_91-like,_partial_[Otolemur_garnettii] -> Otolemur_garnettii____lorisoidea_XP_023364769.1_zinc_finger_protein_91-like__partial__Otolemur_garnettii_
Pongo_abelii____ponginae_XP_024093058.1_zinc_finger_protein_99_[Pongo_abelii] -> Pongo_abelii____ponginae_XP_024093058.1_zinc_finger_protein_99__Pongo_abelii_
Nomascus_leucogenys____hylobatidae_XP_012364870.1_PREDICTED:_LOW_QUALITY_PROTEIN:_zinc_finger_protein_208-like_[Nomascus_leucogenys] -> Nomascus_leucogenys____hylobatidae_XP_012364870.1_PREDICTED__LOW_QUALITY_PROTEIN__zinc_finger_protein_208-like__Nomascus_leucogenys_
Pteropus_vampyrus____chiroptera_XP_011370296.1_zinc_finger_protein_62_homolog_isoform_X1_[Pteropus_vampyrus] -> Pteropus_vampyrus____chiroptera_XP_011370296.1_zinc_finger_protein_62_homolog_isoform_X1__Pteropus_vampyrus_
Erinaceus_europaeus____eulipotyphla_XP_016045502.1_PREDICTED:_zinc_finger_protein_665_isoform_X1_[Erinaceus_europaeus] -> Erinaceus_europaeus____eulipotyphla_XP_016045502.1_PREDICTED__zinc_finger_protein_665_isoform_X1__Erinaceus_europaeus_
Gorilla_gorilla____gorillini_XP_018886338.1_PREDICTED:_LOW_QUALITY_PROTEIN:_zinc_finger_protein_107-like_[Gorilla_gorilla_gorilla] -> Gorilla_gorilla____gorillini_XP_018886338.1_PREDICTED__LOW_QUALITY_PROTEIN__zinc_finger_protein_107-like__Gorilla_gorilla_gorilla_
Carlito_syrichta____tarsiidae_XP_021566486.1_LOW_QUALITY_PROTEIN:_zinc_finger_protein_208-like_[Carlito_syrichta] -> Carlito_syrichta____tarsiidae_XP_021566486.1_LOW_QUALITY_PROTEIN__zinc_finger_protein_208-like__Carlito_syrichta_
Erinaceus_europaeus____eulipotyphla_XP_016049861.1_PREDICTED:_LOW_QUALITY_PROTEIN:_uncharacterized_protein_LOC103126390_[Erinaceus_europaeus] -> Erinaceus_europaeus____eulipotyphla_XP_016049861.1_PREDICTED__LOW_QUALITY_PROTEIN__uncharacterized_protein_LOC103126390__Erinaceus_europaeus_
Equus_caballus____perissodactyla_XP_005596295.1_zinc_finger_protein_780A_isoform_X1_[Equus_caballus] -> Equus_caballus____perissodactyla_XP_005596295.1_zinc_finger_protein_780A_isoform_X1__Equus_caballus_
Pan_troglodytes____panina_XP_024207563.1_zinc_finger_protein_91_isoform_X2_[Pan_troglodytes] -> Pan_troglodytes____panina_XP_024207563.1_zinc_finger_protein_91_isoform_X2__Pan_troglodytes_
Carlito_syrichta____tarsiidae_XP_008061486.1_LOW_QUALITY_PROTEIN:_zinc_finger_protein_648_[Carlito_syrichta] -> Carlito_syrichta____tarsiidae_XP_008061486.1_LOW_QUALITY_PROTEIN__zinc_finger_protein_648__Carlito_syrichta_
Panthera_tigris____carnivora_XP_007094057.2_PREDICTED:_LOW_QUALITY_PROTEIN:_zinc_finger_protein_160_[Panthera_tigris_altaica] -> Panthera_tigris____carnivora_XP_007094057.2_PREDICTED__LOW_QUALITY_PROTEIN__zinc_finger_protein_160__Panthera_tigris_altaica_
Galeopterus_variegatus____dermoptera_XP_008588630.1_PREDICTED:_LOW_QUALITY_PROTEIN:_zinc_finger_protein_420-like_[Galeopterus_variegatus] -> Galeopterus_variegatus____dermoptera_XP_008588630.1_PREDICTED__LOW_QUALITY_PROTEIN__zinc_finger_protein_420-like__Galeopterus_variegatus_
Pan_troglodytes____panina_XP_024207567.1_zinc_finger_protein_91_isoform_X2_[Pan_troglodytes] -> Pan_troglodytes____panina_XP_024207567.1_zinc_finger_protein_91_isoform_X2__Pan_troglodytes_
Mandrillus_leucophaeus____cercopithecoidea_XP_011835084.1_PREDICTED:_LOW_QUALITY_PROTEIN:_zinc_finger_protein_845-like_[Mandrillus_leucophaeus] -> Mandrillus_leucophaeus____cercopithecoidea_XP_011835084.1_PREDICTED__LOW_QUALITY_PROTEIN__zinc_finger_protein_845-like__Mandrillus_leucophaeus_
Equus_caballus____perissodactyla_XP_023505182.1_zinc_finger_protein_845_[Equus_caballus] -> Equus_caballus____perissodactyla_XP_023505182.1_zinc_finger_protein_845__Equus_caballus_
Pan_troglodytes____panina_XP_024207565.1_zinc_finger_protein_91_isoform_X3_[Pan_troglodytes] -> Pan_troglodytes____panina_XP_024207565.1_zinc_finger_protein_91_isoform_X3__Pan_troglodytes_
Otolemur_garnettii____lorisoidea_XP_023372667.1_zinc_finger_protein_607_[Otolemur_garnettii] -> Otolemur_garnettii____lorisoidea_XP_023372667.1_zinc_finger_protein_607__Otolemur_garnettii_
Nomascus_leucogenys____hylobatidae_XP_012364874.1_PREDICTED:_zinc_finger_protein_729_isoform_X3_[Nomascus_leucogenys] -> Nomascus_leucogenys____hylobatidae_XP_012364874.1_PREDICTED__zinc_finger_protein_729_isoform_X3__Nomascus_leucogenys_
Galeopterus_variegatus____dermoptera_XP_008592627.1_PREDICTED:_zinc_finger_protein_420-like_[Galeopterus_variegatus] -> Galeopterus_variegatus____dermoptera_XP_008592627.1_PREDICTED__zinc_finger_protein_420-like__Galeopterus_variegatus_
Ursus_arctos____carnivora_XP_026338220.1_LOW_QUALITY_PROTEIN:_zinc_finger_protein_573_[Ursus_arctos_horribilis] -> Ursus_arctos____carnivora_XP_026338220.1_LOW_QUALITY_PROTEIN__zinc_finger_protein_573__Ursus_arctos_horribilis_
Oryctolagus_cuniculus____lagomorpha_XP_008268040.2_PREDICTED:_zinc_finger_protein_850_isoform_X3_[Oryctolagus_cuniculus] -> Oryctolagus_cuniculus____lagomorpha_XP_008268040.2_PREDICTED__zinc_finger_protein_850_isoform_X3__Oryctolagus_cuniculus_
Ornithorhynchus_anatinus____monotrememata_XP_028929210.1_uncharacterized_protein_LOC100089426_isoform_X1_[Ornithorhynchus_anatinus] -> Ornithorhynchus_anatinus____monotrememata_XP_028929210.1_uncharacterized_protein_LOC100089426_isoform_X1__Ornithorhynchus_anatinus_
Carlito_syrichta____tarsiidae_XP_021565913.1_zinc_finger_protein_208-like_[Carlito_syrichta] -> Carlito_syrichta____tarsiidae_XP_021565913.1_zinc_finger_protein_208-like__Carlito_syrichta_
Mandrillus_leucophaeus____cercopithecoidea_XP_011855059.1_PREDICTED:_zinc_finger_protein_91-like_[Mandrillus_leucophaeus] -> Mandrillus_leucophaeus____cercopithecoidea_XP_011855059.1_PREDICTED__zinc_finger_protein_91-like__Mandrillus_leucophaeus_
Oryctolagus_cuniculus____lagomorpha_XP_017194024.1_PREDICTED:_LOW_QUALITY_PROTEIN:_zinc_finger_protein_585A-like,_partial_[Oryctolagus_cuniculus] -> Oryctolagus_cuniculus____lagomorpha_XP_017194024.1_PREDICTED__LOW_QUALITY_PROTEIN__zinc_finger_protein_585A-like__partial__Oryctolagus_cuniculus_
Pan_troglodytes____panina_XP_024207564.1_zinc_finger_protein_91_isoform_X2_[Pan_troglodytes] -> Pan_troglodytes____panina_XP_024207564.1_zinc_finger_protein_91_isoform_X2__Pan_troglodytes_
Balaenoptera_acutorostrata____cetartiodactyla_XP_028021489.1_LOW_QUALITY_PROTEIN:_zinc_finger_protein_850-like_[Balaenoptera_acutorostrata_scammoni] -> Balaenoptera_acutorostrata____cetartiodactyla_XP_028021489.1_LOW_QUALITY_PROTEIN__zinc_finger_protein_850-like__Balaenoptera_acutorostrata_scammoni_
Loxodonta_africana____afrotheria_XP_023399391.1_zinc_finger_protein_420-like_isoform_X3_[Loxodonta_africana] -> Loxodonta_africana____afrotheria_XP_023399391.1_zinc_finger_protein_420-like_isoform_X3__Loxodonta_africana_
Gorilla_gorilla____gorillini_XP_018870402.1_PREDICTED:_zinc_finger_protein_729_[Gorilla_gorilla_gorilla] -> Gorilla_gorilla____gorillini_XP_018870402.1_PREDICTED__zinc_finger_protein_729__Gorilla_gorilla_gorilla_
Gorilla_gorilla____gorillini_XP_018870401.1_PREDICTED:_LOW_QUALITY_PROTEIN:_zinc_finger_protein_729-like_[Gorilla_gorilla_gorilla] -> Gorilla_gorilla____gorillini_XP_018870401.1_PREDICTED__LOW_QUALITY_PROTEIN__zinc_finger_protein_729-like__Gorilla_gorilla_gorilla_
Tupaia_chinensis____scandentia_XP_014438393.2_zinc_finger_protein_45_isoform_X4_[Tupaia_chinensis] -> Tupaia_chinensis____scandentia_XP_014438393.2_zinc_finger_protein_45_isoform_X4__Tupaia_chinensis_
Pongo_abelii____ponginae_XP_024093054.1_LOW_QUALITY_PROTEIN:_zinc_finger_protein_726_[Pongo_abelii] -> Pongo_abelii____ponginae_XP_024093054.1_LOW_QUALITY_PROTEIN__zinc_finger_protein_726__Pongo_abelii_
Equus_caballus____perissodactyla_XP_023477056.1_zinc_finger_protein_850_[Equus_caballus] -> Equus_caballus____perissodactyla_XP_023477056.1_zinc_finger_protein_850__Equus_caballus_
Phascolarctos_cinereus____metatheria_XP_020827824.1_zinc_finger_protein_208-like_[Phascolarctos_cinereus] -> Phascolarctos_cinereus____metatheria_XP_020827824.1_zinc_finger_protein_208-like__Phascolarctos_cinereus_
Orycteropus_afer____afrotheria_XP_007941295.1_PREDICTED:_LOW_QUALITY_PROTEIN:_zinc_finger_protein_234-like_[Orycteropus_afer_afer] -> Orycteropus_afer____afrotheria_XP_007941295.1_PREDICTED__LOW_QUALITY_PROTEIN__zinc_finger_protein_234-like__Orycteropus_afer_afer_
Nomascus_leucogenys____hylobatidae_XP_012364875.1_PREDICTED:_putative_zinc_finger_protein_724_isoform_X1_[Nomascus_leucogenys] -> Nomascus_leucogenys____hylobatidae_XP_012364875.1_PREDICTED__putative_zinc_finger_protein_724_isoform_X1__Nomascus_leucogenys_
Ornithorhynchus_anatinus____monotrememata_XP_028929209.1_uncharacterized_protein_LOC100089426_isoform_X1_[Ornithorhynchus_anatinus] -> Ornithorhynchus_anatinus____monotrememata_XP_028929209.1_uncharacterized_protein_LOC100089426_isoform_X1__Ornithorhynchus_anatinus_
Homo_sapiens____homonina_XP_011526567.1_zinc_finger_protein_91_isoform_X1_[Homo_sapiens] -> Homo_sapiens____homonina_XP_011526567.1_zinc_finger_protein_91_isoform_X1__Homo_sapiens_
Tupaia_chinensis____scandentia_XP_006142118.2_zinc_finger_protein_112_isoform_X4_[Tupaia_chinensis] -> Tupaia_chinensis____scandentia_XP_006142118.2_zinc_finger_protein_112_isoform_X4__Tupaia_chinensis_
Pteropus_vampyrus____chiroptera_XP_023382457.1_zinc_finger_protein_665-like_isoform_X4_[Pteropus_vampyrus] -> Pteropus_vampyrus____chiroptera_XP_023382457.1_zinc_finger_protein_665-like_isoform_X4__Pteropus_vampyrus_
Ursus_arctos____carnivora_XP_026344106.1_LOW_QUALITY_PROTEIN:_zinc_finger_protein_84-like_[Ursus_arctos_horribilis] -> Ursus_arctos____carnivora_XP_026344106.1_LOW_QUALITY_PROTEIN__zinc_finger_protein_84-like__Ursus_arctos_horribilis_
Erinaceus_europaeus____eulipotyphla_XP_016049862.1_PREDICTED:_zinc_finger_protein_850_isoform_X1_[Erinaceus_europaeus] -> Erinaceus_europaeus____eulipotyphla_XP_016049862.1_PREDICTED__zinc_finger_protein_850_isoform_X1__Erinaceus_europaeus_
Dasypus_novemcinctus____xenarthra_XP_004454709.1_zinc_finger_protein_665_[Dasypus_novemcinctus] -> Dasypus_novemcinctus____xenarthra_XP_004454709.1_zinc_finger_protein_665__Dasypus_novemcinctus_
Orycteropus_afer____afrotheria_XP_007955524.1_PREDICTED:_zinc_finger_protein_208-like_[Orycteropus_afer_afer] -> Orycteropus_afer____afrotheria_XP_007955524.1_PREDICTED__zinc_finger_protein_208-like__Orycteropus_afer_afer_
Balaenoptera_acutorostrata____cetartiodactyla_XP_028021188.1_LOW_QUALITY_PROTEIN:_zinc_finger_protein_37_homolog_[Balaenoptera_acutorostrata_scammoni] -> Balaenoptera_acutorostrata____cetartiodactyla_XP_028021188.1_LOW_QUALITY_PROTEIN__zinc_finger_protein_37_homolog__Balaenoptera_acutorostrata_scammoni_
Otolemur_garnettii____lorisoidea_XP_023372666.1_zinc_finger_protein_850-like,_partial_[Otolemur_garnettii] -> Otolemur_garnettii____lorisoidea_XP_023372666.1_zinc_finger_protein_850-like__partial__Otolemur_garnettii_
Mus_musculus____rodentia_XP_017171189.1_PREDICTED:_zinc_finger_protein_431-like,_partial_[Mus_musculus] -> Mus_musculus____rodentia_XP_017171189.1_PREDICTED__zinc_finger_protein_431-like__partial__Mus_musculus_
Erinaceus_europaeus____eulipotyphla_XP_016050331.1_PREDICTED:_LOW_QUALITY_PROTEIN:_zinc_finger_protein_208_[Erinaceus_europaeus] -> Erinaceus_europaeus____eulipotyphla_XP_016050331.1_PREDICTED__LOW_QUALITY_PROTEIN__zinc_finger_protein_208__Erinaceus_europaeus_
Loxodonta_africana____afrotheria_XP_023399654.1_zinc_finger_protein_850_isoform_X3_[Loxodonta_africana] -> Loxodonta_africana____afrotheria_XP_023399654.1_zinc_finger_protein_850_isoform_X3__Loxodonta_africana_
Panthera_tigris____carnivora_XP_007092950.2_PREDICTED:_LOW_QUALITY_PROTEIN:_zinc_finger_protein_268_[Panthera_tigris_altaica] -> Panthera_tigris____carnivora_XP_007092950.2_PREDICTED__LOW_QUALITY_PROTEIN__zinc_finger_protein_268__Panthera_tigris_altaica_
Ursus_arctos____carnivora_XP_026364815.1_zinc_finger_protein_648_[Ursus_arctos_horribilis] -> Ursus_arctos____carnivora_XP_026364815.1_zinc_finger_protein_648__Ursus_arctos_horribilis_
Cebus_capucinus____platyrrhini_XP_017379964.1_PREDICTED:_LOW_QUALITY_PROTEIN:_zinc_finger_protein_648_[Cebus_capucinus_imitator] -> Cebus_capucinus____platyrrhini_XP_017379964.1_PREDICTED__LOW_QUALITY_PROTEIN__zinc_finger_protein_648__Cebus_capucinus_imitator_
Gorilla_gorilla____gorillini_XP_004028057.2_PREDICTED:_zinc_finger_protein_648_[Gorilla_gorilla_gorilla] -> Gorilla_gorilla____gorillini_XP_004028057.2_PREDICTED__zinc_finger_protein_648__Gorilla_gorilla_gorilla_
Balaenoptera_acutorostrata____cetartiodactyla_XP_007180033.2_LOW_QUALITY_PROTEIN:_zinc_finger_protein_546_[Balaenoptera_acutorostrata_scammoni] -> Balaenoptera_acutorostrata____cetartiodactyla_XP_007180033.2_LOW_QUALITY_PROTEIN__zinc_finger_protein_546__Balaenoptera_acutorostrata_scammoni_
Orycteropus_afer____afrotheria_XP_007957063.1_PREDICTED:_LOW_QUALITY_PROTEIN:_zinc_finger_protein_345-like,_partial_[Orycteropus_afer_afer] -> Orycteropus_afer____afrotheria_XP_007957063.1_PREDICTED__LOW_QUALITY_PROTEIN__zinc_finger_protein_345-like__partial__Orycteropus_afer_afer_
Homo_sapiens____homonina_NP_003421.2_zinc_finger_protein_91_isoform_1_[Homo_sapiens] -> Homo_sapiens____homonina_NP_003421.2_zinc_finger_protein_91_isoform_1__Homo_sapiens_
Dasypus_novemcinctus____xenarthra_XP_012375896.1_zinc_finger_protein_836-like_[Dasypus_novemcinctus] -> Dasypus_novemcinctus____xenarthra_XP_012375896.1_zinc_finger_protein_836-like__Dasypus_novemcinctus_
Panthera_tigris____carnivora_XP_007094902.1_PREDICTED:_zinc_finger_protein_252-like_[Panthera_tigris_altaica] -> Panthera_tigris____carnivora_XP_007094902.1_PREDICTED__zinc_finger_protein_252-like__Panthera_tigris_altaica_
Pteropus_vampyrus____chiroptera_XP_011380016.2_zinc_finger_protein_420_isoform_X10_[Pteropus_vampyrus] -> Pteropus_vampyrus____chiroptera_XP_011380016.2_zinc_finger_protein_420_isoform_X10__Pteropus_vampyrus_
Panthera_tigris____carnivora_XP_015399575.1_PREDICTED:_zinc_finger_protein_850_isoform_X1_[Panthera_tigris_altaica] -> Panthera_tigris____carnivora_XP_015399575.1_PREDICTED__zinc_finger_protein_850_isoform_X1__Panthera_tigris_altaica_
Tupaia_chinensis____scandentia_XP_006144775.3_zinc_finger_protein_665_isoform_X3_[Tupaia_chinensis] -> Tupaia_chinensis____scandentia_XP_006144775.3_zinc_finger_protein_665_isoform_X3__Tupaia_chinensis_
Galeopterus_variegatus____dermoptera_XP_008565597.1_PREDICTED:_zinc_finger_protein_648_[Galeopterus_variegatus] -> Galeopterus_variegatus____dermoptera_XP_008565597.1_PREDICTED__zinc_finger_protein_648__Galeopterus_variegatus_
Balaenoptera_acutorostrata____cetartiodactyla_XP_007175460.2_LOW_QUALITY_PROTEIN:_zinc_finger_protein_208_[Balaenoptera_acutorostrata_scammoni] -> Balaenoptera_acutorostrata____cetartiodactyla_XP_007175460.2_LOW_QUALITY_PROTEIN__zinc_finger_protein_208__Balaenoptera_acutorostrata_scammoni_
Cebus_capucinus____platyrrhini_XP_017380788.1_PREDICTED:_LOW_QUALITY_PROTEIN:_zinc_finger_protein_681-like_[Cebus_capucinus_imitator] -> Cebus_capucinus____platyrrhini_XP_017380788.1_PREDICTED__LOW_QUALITY_PROTEIN__zinc_finger_protein_681-like__Cebus_capucinus_imitator_
Pteropus_vampyrus____chiroptera_XP_011380014.2_zinc_finger_protein_160_isoform_X10_[Pteropus_vampyrus] -> Pteropus_vampyrus____chiroptera_XP_011380014.2_zinc_finger_protein_160_isoform_X10__Pteropus_vampyrus_
Ornithorhynchus_anatinus____monotrememata_XP_028929211.1_uncharacterized_protein_LOC100089426_isoform_X2_[Ornithorhynchus_anatinus] -> Ornithorhynchus_anatinus____monotrememata_XP_028929211.1_uncharacterized_protein_LOC100089426_isoform_X2__Ornithorhynchus_anatinus_
Propithecus_coquereli____indriidae_XP_012495439.1_PREDICTED:_zinc_finger_protein_648_[Propithecus_coquereli] -> Propithecus_coquereli____indriidae_XP_012495439.1_PREDICTED__zinc_finger_protein_648__Propithecus_coquereli_
Mandrillus_leucophaeus____cercopithecoidea_XP_011840165.1_PREDICTED:_LOW_QUALITY_PROTEIN:_zinc_finger_protein_850_[Mandrillus_leucophaeus] -> Mandrillus_leucophaeus____cercopithecoidea_XP_011840165.1_PREDICTED__LOW_QUALITY_PROTEIN__zinc_finger_protein_850__Mandrillus_leucophaeus_
Dasypus_novemcinctus____xenarthra_XP_023444636.1_LOW_QUALITY_PROTEIN:_zinc_finger_protein_571_[Dasypus_novemcinctus] -> Dasypus_novemcinctus____xenarthra_XP_023444636.1_LOW_QUALITY_PROTEIN__zinc_finger_protein_571__Dasypus_novemcinctus_
Mus_musculus____rodentia_XP_017171167.1_PREDICTED:_LOW_QUALITY_PROTEIN:_zinc_finger_protein_431-like_[Mus_musculus] -> Mus_musculus____rodentia_XP_017171167.1_PREDICTED__LOW_QUALITY_PROTEIN__zinc_finger_protein_431-like__Mus_musculus_
Ornithorhynchus_anatinus____monotrememata_XP_028929208.1_uncharacterized_protein_LOC100089426_isoform_X1_[Ornithorhynchus_anatinus] -> Ornithorhynchus_anatinus____monotrememata_XP_028929208.1_uncharacterized_protein_LOC100089426_isoform_X1__Ornithorhynchus_anatinus_
Phascolarctos_cinereus____metatheria_XP_020827827.1_zinc_finger_protein_208-like_[Phascolarctos_cinereus] -> Phascolarctos_cinereus____metatheria_XP_020827827.1_zinc_finger_protein_208-like__Phascolarctos_cinereus_
Mus_musculus____rodentia_XP_017174659.1_PREDICTED:_KRAB_box_and_zinc_finger,_C2H2_type_domain_containing_isoform_X1_[Mus_musculus] -> Mus_musculus____rodentia_XP_017174659.1_PREDICTED__KRAB_box_and_zinc_finger__C2H2_type_domain_containing_isoform_X1__Mus_musculus_
Homo_sapiens____homonina_NP_001287880.1_zinc_finger_protein_91_isoform_2_[Homo_sapiens] -> Homo_sapiens____homonina_NP_001287880.1_zinc_finger_protein_91_isoform_2__Homo_sapiens_
Dasypus_novemcinctus____xenarthra_XP_023444483.1_LOW_QUALITY_PROTEIN:_zinc_finger_protein_729_[Dasypus_novemcinctus] -> Dasypus_novemcinctus____xenarthra_XP_023444483.1_LOW_QUALITY_PROTEIN__zinc_finger_protein_729__Dasypus_novemcinctus_
Loxodonta_africana____afrotheria_XP_010588185.2_zinc_finger_protein_501_isoform_X2_[Loxodonta_africana] -> Loxodonta_africana____afrotheria_XP_010588185.2_zinc_finger_protein_501_isoform_X2__Loxodonta_africana_
Otolemur_garnettii____lorisoidea_XP_003785695.1_zinc_finger_protein_648_[Otolemur_garnettii] -> Otolemur_garnettii____lorisoidea_XP_003785695.1_zinc_finger_protein_648__Otolemur_garnettii_
Oryctolagus_cuniculus____lagomorpha_XP_017195858.1_PREDICTED:_LOW_QUALITY_PROTEIN:_zinc_finger_protein_665_[Oryctolagus_cuniculus] -> Oryctolagus_cuniculus____lagomorpha_XP_017195858.1_PREDICTED__LOW_QUALITY_PROTEIN__zinc_finger_protein_665__Oryctolagus_cuniculus_
Carlito_syrichta____tarsiidae_XP_008054518.2_zinc_finger_protein_571_[Carlito_syrichta] -> Carlito_syrichta____tarsiidae_XP_008054518.2_zinc_finger_protein_571__Carlito_syrichta_
Equus_caballus____perissodactyla_XP_023507076.1_zinc_finger_protein_420_isoform_X12_[Equus_caballus] -> Equus_caballus____perissodactyla_XP_023507076.1_zinc_finger_protein_420_isoform_X12__Equus_caballus_
Tupaia_chinensis____scandentia_XP_014448421.1_LOW_QUALITY_PROTEIN:_zinc_finger_protein_208_[Tupaia_chinensis] -> Tupaia_chinensis____scandentia_XP_014448421.1_LOW_QUALITY_PROTEIN__zinc_finger_protein_208__Tupaia_chinensis_
Phascolarctos_cinereus____metatheria_XP_020827828.1_zinc_finger_protein_208-like_[Phascolarctos_cinereus] -> Phascolarctos_cinereus____metatheria_XP_020827828.1_zinc_finger_protein_208-like__Phascolarctos_cinereus_
Orycteropus_afer____afrotheria_XP_007943789.1_PREDICTED:_zinc_finger_protein_286A_[Orycteropus_afer_afer] -> Orycteropus_afer____afrotheria_XP_007943789.1_PREDICTED__zinc_finger_protein_286A__Orycteropus_afer_afer_
Pongo_abelii____ponginae_XP_002809764.2_zinc_finger_protein_648_[Pongo_abelii] -> Pongo_abelii____ponginae_XP_002809764.2_zinc_finger_protein_648__Pongo_abelii_
Oryctolagus_cuniculus____lagomorpha_XP_017195406.1_PREDICTED:_zinc_finger_protein_260-like_isoform_X2_[Oryctolagus_cuniculus] -> Oryctolagus_cuniculus____lagomorpha_XP_017195406.1_PREDICTED__zinc_finger_protein_260-like_isoform_X2__Oryctolagus_cuniculus_
Mandrillus_leucophaeus____cercopithecoidea_XP_011858019.1_PREDICTED:_zinc_finger_protein_648_[Mandrillus_leucophaeus] -> Mandrillus_leucophaeus____cercopithecoidea_XP_011858019.1_PREDICTED__zinc_finger_protein_648__Mandrillus_leucophaeus_
Mus_musculus____rodentia_NP_001004139.2_zinc_finger_protein_91_[Mus_musculus] -> Mus_musculus____rodentia_NP_001004139.2_zinc_finger_protein_91__Mus_musculus_
Galeopterus_variegatus____dermoptera_XP_008584848.1_PREDICTED:_zinc_finger_protein_160-like_[Galeopterus_variegatus] -> Galeopterus_variegatus____dermoptera_XP_008584848.1_PREDICTED__zinc_finger_protein_160-like__Galeopterus_variegatus_

                                                                                                                                                        Gap/Ambiguity  Composition  p-value
   1  Hsap_unidentified_Zinc_Protein                                                                                                                           93.75%    failed      0.00%
   2  Loxodonta_africana____afrotheria_XP_023399395.1_zinc_finger_protein_271-like__Loxodonta_africana_                                                        86.53%    failed      0.00%
   3  Phascolarctos_cinereus____metatheria_XP_020827825.1_zinc_finger_protein_208-like__Phascolarctos_cinereus_                                                74.16%    failed      0.00%
   4  Cebus_capucinus____platyrrhini_XP_017369134.1_PREDICTED__zinc_finger_protein_268__Cebus_capucinus_imitator_                                              89.58%    failed      3.32%
   5  Propithecus_coquereli____indriidae_XP_012498791.1_PREDICTED__zinc_finger_protein_208-like__Propithecus_coquereli_                                        85.33%    failed      0.00%
   6  Nomascus_leucogenys____hylobatidae_XP_003264475.1_PREDICTED__zinc_finger_protein_648__Nomascus_leucogenys_                                               93.75%    failed      0.00%
   7  Pongo_abelii____ponginae_XP_024093053.1_LOW_QUALITY_PROTEIN__zinc_finger_protein_729__Pongo_abelii_                                                      85.06%    failed      0.00%
   8  Homo_sapiens____homonina_XP_016882724.1_zinc_finger_protein_91_isoform_X1__Homo_sapiens_                                                                 87.35%    failed      0.00%
   9  Cebus_capucinus____platyrrhini_XP_017380786.1_PREDICTED__LOW_QUALITY_PROTEIN__zinc_finger_protein_254-like__Cebus_capucinus_imitator_                    87.14%    failed      0.00%
  10  Propithecus_coquereli____indriidae_XP_012498850.1_PREDICTED__zinc_finger_protein_665-like__Propithecus_coquereli_                                        91.03%    failed      0.28%
  11  Propithecus_coquereli____indriidae_XP_012498851.1_PREDICTED__LOW_QUALITY_PROTEIN__zinc_finger_protein_845-like__Propithecus_coquereli_                   88.57%    failed      0.02%
  12  Ursus_arctos____carnivora_XP_026344621.1_zinc_finger_protein_250_isoform_X4__Ursus_arctos_horribilis_                                                    88.82%    failed      0.00%
  13  Otolemur_garnettii____lorisoidea_XP_023364769.1_zinc_finger_protein_91-like__partial__Otolemur_garnettii_                                                90.58%    failed      0.00%
  14  Pongo_abelii____ponginae_XP_024093058.1_zinc_finger_protein_99__Pongo_abelii_                                                                            87.02%    failed      0.00%
  15  Nomascus_leucogenys____hylobatidae_XP_012364870.1_PREDICTED__LOW_QUALITY_PROTEIN__zinc_finger_protein_208-like__Nomascus_leucogenys_                     85.70%    failed      0.00%
  16  Pteropus_vampyrus____chiroptera_XP_011370296.1_zinc_finger_protein_62_homolog_isoform_X1__Pteropus_vampyrus_                                             89.84%    failed      0.00%
  17  Erinaceus_europaeus____eulipotyphla_XP_016045502.1_PREDICTED__zinc_finger_protein_665_isoform_X1__Erinaceus_europaeus_                                   87.75%    failed      0.00%
  18  Gorilla_gorilla____gorillini_XP_018886338.1_PREDICTED__LOW_QUALITY_PROTEIN__zinc_finger_protein_107-like__Gorilla_gorilla_gorilla_                       86.41%    failed      0.00%
  19  Carlito_syrichta____tarsiidae_XP_021566486.1_LOW_QUALITY_PROTEIN__zinc_finger_protein_208-like__Carlito_syrichta_                                        88.79%    failed      0.00%
  20  Erinaceus_europaeus____eulipotyphla_XP_016049861.1_PREDICTED__LOW_QUALITY_PROTEIN__uncharacterized_protein_LOC103126390__Erinaceus_europaeus_            72.45%    failed      0.00%
  21  Equus_caballus____perissodactyla_XP_005596295.1_zinc_finger_protein_780A_isoform_X1__Equus_caballus_                                                     88.48%    failed      0.01%
  22  Pan_troglodytes____panina_XP_024207563.1_zinc_finger_protein_91_isoform_X2__Pan_troglodytes_                                                             87.35%    failed      0.00%
  23  Carlito_syrichta____tarsiidae_XP_008061486.1_LOW_QUALITY_PROTEIN__zinc_finger_protein_648__Carlito_syrichta_                                             93.94%    failed      0.00%
  24  Panthera_tigris____carnivora_XP_007094057.2_PREDICTED__LOW_QUALITY_PROTEIN__zinc_finger_protein_160__Panthera_tigris_altaica_                            85.67%    failed      0.04%
  25  Galeopterus_variegatus____dermoptera_XP_008588630.1_PREDICTED__LOW_QUALITY_PROTEIN__zinc_finger_protein_420-like__Galeopterus_variegatus_                86.86%    failed      0.00%
  26  Pan_troglodytes____panina_XP_024207567.1_zinc_finger_protein_91_isoform_X2__Pan_troglodytes_                                                             87.35%    failed      0.00%
  27  Mandrillus_leucophaeus____cercopithecoidea_XP_011835084.1_PREDICTED__LOW_QUALITY_PROTEIN__zinc_finger_protein_845-like__Mandrillus_leucophaeus_          89.36%    failed      0.00%
  28  Equus_caballus____perissodactyla_XP_023505182.1_zinc_finger_protein_845__Equus_caballus_                                                                 76.38%    failed      0.00%
  29  Pan_troglodytes____panina_XP_024207565.1_zinc_finger_protein_91_isoform_X3__Pan_troglodytes_                                                             87.35%    failed      0.00%
  30  Otolemur_garnettii____lorisoidea_XP_023372667.1_zinc_finger_protein_607__Otolemur_garnettii_                                                             85.32%    failed      0.00%
  31  Nomascus_leucogenys____hylobatidae_XP_012364874.1_PREDICTED__zinc_finger_protein_729_isoform_X3__Nomascus_leucogenys_                                    88.65%    failed      0.00%
  32  Galeopterus_variegatus____dermoptera_XP_008592627.1_PREDICTED__zinc_finger_protein_420-like__Galeopterus_variegatus_                                     86.61%    failed      0.00%
  33  Ursus_arctos____carnivora_XP_026338220.1_LOW_QUALITY_PROTEIN__zinc_finger_protein_573__Ursus_arctos_horribilis_                                          85.32%    failed      0.00%
  34  Oryctolagus_cuniculus____lagomorpha_XP_008268040.2_PREDICTED__zinc_finger_protein_850_isoform_X3__Oryctolagus_cuniculus_                                 86.87%    failed      0.02%
  35  Ornithorhynchus_anatinus____monotrememata_XP_028929210.1_uncharacterized_protein_LOC100089426_isoform_X1__Ornithorhynchus_anatinus_                      71.52%    failed      0.00%
  36  Carlito_syrichta____tarsiidae_XP_021565913.1_zinc_finger_protein_208-like__Carlito_syrichta_                                                             87.05%    failed      0.00%
  37  Mandrillus_leucophaeus____cercopithecoidea_XP_011855059.1_PREDICTED__zinc_finger_protein_91-like__Mandrillus_leucophaeus_                                89.69%    failed      0.00%
  38  Oryctolagus_cuniculus____lagomorpha_XP_017194024.1_PREDICTED__LOW_QUALITY_PROTEIN__zinc_finger_protein_585A-like__partial__Oryctolagus_cuniculus_        87.46%    failed      0.00%
  39  Pan_troglodytes____panina_XP_024207564.1_zinc_finger_protein_91_isoform_X2__Pan_troglodytes_                                                             87.35%    failed      0.00%
  40  Balaenoptera_acutorostrata____cetartiodactyla_XP_028021489.1_LOW_QUALITY_PROTEIN__zinc_finger_protein_850-like__Balaenoptera_acutorostrata_scammoni_     80.49%    failed      0.00%
  41  Loxodonta_africana____afrotheria_XP_023399391.1_zinc_finger_protein_420-like_isoform_X3__Loxodonta_africana_                                             86.37%    failed      0.00%
  42  Gorilla_gorilla____gorillini_XP_018870402.1_PREDICTED__zinc_finger_protein_729__Gorilla_gorilla_gorilla_                                                 86.23%    failed      0.00%
  43  Gorilla_gorilla____gorillini_XP_018870401.1_PREDICTED__LOW_QUALITY_PROTEIN__zinc_finger_protein_729-like__Gorilla_gorilla_gorilla_                       78.25%    failed      0.00%
  44  Tupaia_chinensis____scandentia_XP_014438393.2_zinc_finger_protein_45_isoform_X4__Tupaia_chinensis_                                                       86.52%    failed      0.00%
  45  Pongo_abelii____ponginae_XP_024093054.1_LOW_QUALITY_PROTEIN__zinc_finger_protein_726__Pongo_abelii_                                                      84.59%    failed      0.00%
  46  Equus_caballus____perissodactyla_XP_023477056.1_zinc_finger_protein_850__Equus_caballus_                                                                 80.11%    failed      0.00%
  47  Phascolarctos_cinereus____metatheria_XP_020827824.1_zinc_finger_protein_208-like__Phascolarctos_cinereus_                                                74.16%    failed      0.00%
  48  Orycteropus_afer____afrotheria_XP_007941295.1_PREDICTED__LOW_QUALITY_PROTEIN__zinc_finger_protein_234-like__Orycteropus_afer_afer_                       89.13%    failed      0.00%
  49  Nomascus_leucogenys____hylobatidae_XP_012364875.1_PREDICTED__putative_zinc_finger_protein_724_isoform_X1__Nomascus_leucogenys_                           86.98%    failed      0.00%
  50  Ornithorhynchus_anatinus____monotrememata_XP_028929209.1_uncharacterized_protein_LOC100089426_isoform_X1__Ornithorhynchus_anatinus_                      71.52%    failed      0.00%
  51  Homo_sapiens____homonina_XP_011526567.1_zinc_finger_protein_91_isoform_X1__Homo_sapiens_                                                                 87.35%    failed      0.00%
  52  Tupaia_chinensis____scandentia_XP_006142118.2_zinc_finger_protein_112_isoform_X4__Tupaia_chinensis_                                                      84.65%    failed      0.00%
  53  Pteropus_vampyrus____chiroptera_XP_023382457.1_zinc_finger_protein_665-like_isoform_X4__Pteropus_vampyrus_                                               88.15%    failed      0.00%
  54  Ursus_arctos____carnivora_XP_026344106.1_LOW_QUALITY_PROTEIN__zinc_finger_protein_84-like__Ursus_arctos_horribilis_                                      88.48%    failed      0.06%
  55  Erinaceus_europaeus____eulipotyphla_XP_016049862.1_PREDICTED__zinc_finger_protein_850_isoform_X1__Erinaceus_europaeus_                                   81.35%    failed      0.00%
  56  Dasypus_novemcinctus____xenarthra_XP_004454709.1_zinc_finger_protein_665__Dasypus_novemcinctus_                                                          87.31%    failed      0.04%
  57  Orycteropus_afer____afrotheria_XP_007955524.1_PREDICTED__zinc_finger_protein_208-like__Orycteropus_afer_afer_                                            88.26%    failed      0.00%
  58  Balaenoptera_acutorostrata____cetartiodactyla_XP_028021188.1_LOW_QUALITY_PROTEIN__zinc_finger_protein_37_homolog__Balaenoptera_acutorostrata_scammoni_   84.74%    failed      0.00%
  59  Otolemur_garnettii____lorisoidea_XP_023372666.1_zinc_finger_protein_850-like__partial__Otolemur_garnettii_                                               87.55%    failed      0.00%
  60  Mus_musculus____rodentia_XP_017171189.1_PREDICTED__zinc_finger_protein_431-like__partial__Mus_musculus_                                                  91.42%    failed      0.00%
  61  Erinaceus_europaeus____eulipotyphla_XP_016050331.1_PREDICTED__LOW_QUALITY_PROTEIN__zinc_finger_protein_208__Erinaceus_europaeus_                         74.14%    failed      0.00%
  62  Loxodonta_africana____afrotheria_XP_023399654.1_zinc_finger_protein_850_isoform_X3__Loxodonta_africana_                                                  86.14%    failed      0.00%
  63  Panthera_tigris____carnivora_XP_007092950.2_PREDICTED__LOW_QUALITY_PROTEIN__zinc_finger_protein_268__Panthera_tigris_altaica_                            84.44%    failed      0.00%
  64  Ursus_arctos____carnivora_XP_026364815.1_zinc_finger_protein_648__Ursus_arctos_horribilis_                                                               93.75%    failed      0.00%
  65  Cebus_capucinus____platyrrhini_XP_017379964.1_PREDICTED__LOW_QUALITY_PROTEIN__zinc_finger_protein_648__Cebus_capucinus_imitator_                         93.78%    failed      0.00%
  66  Gorilla_gorilla____gorillini_XP_004028057.2_PREDICTED__zinc_finger_protein_648__Gorilla_gorilla_gorilla_                                                 93.75%    failed      0.00%
  67  Balaenoptera_acutorostrata____cetartiodactyla_XP_007180033.2_LOW_QUALITY_PROTEIN__zinc_finger_protein_546__Balaenoptera_acutorostrata_scammoni_          88.59%    failed      0.00%
  68  Orycteropus_afer____afrotheria_XP_007957063.1_PREDICTED__LOW_QUALITY_PROTEIN__zinc_finger_protein_345-like__partial__Orycteropus_afer_afer_              90.22%    failed      0.00%
  69  Homo_sapiens____homonina_NP_003421.2_zinc_finger_protein_91_isoform_1__Homo_sapiens_                                                                     86.90%    failed      0.00%
  70  Dasypus_novemcinctus____xenarthra_XP_012375896.1_zinc_finger_protein_836-like__Dasypus_novemcinctus_                                                     87.39%    failed      0.09%
  71  Panthera_tigris____carnivora_XP_007094902.1_PREDICTED__zinc_finger_protein_252-like__Panthera_tigris_altaica_                                            90.33%    failed      0.07%
  72  Pteropus_vampyrus____chiroptera_XP_011380016.2_zinc_finger_protein_420_isoform_X10__Pteropus_vampyrus_                                                   87.40%    failed      0.00%
  73  Panthera_tigris____carnivora_XP_015399575.1_PREDICTED__zinc_finger_protein_850_isoform_X1__Panthera_tigris_altaica_                                      81.98%    failed      0.00%
  74  Tupaia_chinensis____scandentia_XP_006144775.3_zinc_finger_protein_665_isoform_X3__Tupaia_chinensis_                                                      87.38%    failed      0.00%
  75  Galeopterus_variegatus____dermoptera_XP_008565597.1_PREDICTED__zinc_finger_protein_648__Galeopterus_variegatus_                                          93.77%    failed      0.00%
  76  Balaenoptera_acutorostrata____cetartiodactyla_XP_007175460.2_LOW_QUALITY_PROTEIN__zinc_finger_protein_208__Balaenoptera_acutorostrata_scammoni_          76.43%    failed      0.00%
  77  Cebus_capucinus____platyrrhini_XP_017380788.1_PREDICTED__LOW_QUALITY_PROTEIN__zinc_finger_protein_681-like__Cebus_capucinus_imitator_                    86.12%    failed      0.00%
  78  Pteropus_vampyrus____chiroptera_XP_011380014.2_zinc_finger_protein_160_isoform_X10__Pteropus_vampyrus_                                                   85.27%    failed      0.00%
  79  Ornithorhynchus_anatinus____monotrememata_XP_028929211.1_uncharacterized_protein_LOC100089426_isoform_X2__Ornithorhynchus_anatinus_                      74.06%    failed      0.00%
  80  Propithecus_coquereli____indriidae_XP_012495439.1_PREDICTED__zinc_finger_protein_648__Propithecus_coquereli_                                             93.87%    failed      0.00%
  81  Mandrillus_leucophaeus____cercopithecoidea_XP_011840165.1_PREDICTED__LOW_QUALITY_PROTEIN__zinc_finger_protein_850__Mandrillus_leucophaeus_               88.08%    failed      0.00%
  82  Dasypus_novemcinctus____xenarthra_XP_023444636.1_LOW_QUALITY_PROTEIN__zinc_finger_protein_571__Dasypus_novemcinctus_                                     87.41%    failed      0.00%
  83  Mus_musculus____rodentia_XP_017171167.1_PREDICTED__LOW_QUALITY_PROTEIN__zinc_finger_protein_431-like__Mus_musculus_                                      92.87%    failed      0.00%
  84  Ornithorhynchus_anatinus____monotrememata_XP_028929208.1_uncharacterized_protein_LOC100089426_isoform_X1__Ornithorhynchus_anatinus_                      71.52%    failed      0.00%
  85  Phascolarctos_cinereus____metatheria_XP_020827827.1_zinc_finger_protein_208-like__Phascolarctos_cinereus_                                                74.16%    failed      0.00%
  86  Mus_musculus____rodentia_XP_017174659.1_PREDICTED__KRAB_box_and_zinc_finger__C2H2_type_domain_containing_isoform_X1__Mus_musculus_                       88.14%    failed      0.00%
  87  Homo_sapiens____homonina_NP_001287880.1_zinc_finger_protein_91_isoform_2__Homo_sapiens_                                                                  87.25%    failed      0.00%
  88  Dasypus_novemcinctus____xenarthra_XP_023444483.1_LOW_QUALITY_PROTEIN__zinc_finger_protein_729__Dasypus_novemcinctus_                                     82.46%    failed      0.00%
  89  Loxodonta_africana____afrotheria_XP_010588185.2_zinc_finger_protein_501_isoform_X2__Loxodonta_africana_                                                  86.72%    failed      0.00%
  90  Otolemur_garnettii____lorisoidea_XP_003785695.1_zinc_finger_protein_648__Otolemur_garnettii_                                                             93.94%    failed      0.00%
  91  Oryctolagus_cuniculus____lagomorpha_XP_017195858.1_PREDICTED__LOW_QUALITY_PROTEIN__zinc_finger_protein_665__Oryctolagus_cuniculus_                       90.36%    failed      0.00%
  92  Carlito_syrichta____tarsiidae_XP_008054518.2_zinc_finger_protein_571__Carlito_syrichta_                                                                  87.97%    failed      0.00%
  93  Equus_caballus____perissodactyla_XP_023507076.1_zinc_finger_protein_420_isoform_X12__Equus_caballus_                                                     86.82%    failed      0.00%
  94  Tupaia_chinensis____scandentia_XP_014448421.1_LOW_QUALITY_PROTEIN__zinc_finger_protein_208__Tupaia_chinensis_                                            74.77%    failed      0.00%
  95  Phascolarctos_cinereus____metatheria_XP_020827828.1_zinc_finger_protein_208-like__Phascolarctos_cinereus_                                                74.16%    failed      0.00%
  96  Orycteropus_afer____afrotheria_XP_007943789.1_PREDICTED__zinc_finger_protein_286A__Orycteropus_afer_afer_                                                88.14%    failed      2.00%
  97  Pongo_abelii____ponginae_XP_002809764.2_zinc_finger_protein_648__Pongo_abelii_                                                                           93.75%    failed      0.00%
  98  Oryctolagus_cuniculus____lagomorpha_XP_017195406.1_PREDICTED__zinc_finger_protein_260-like_isoform_X2__Oryctolagus_cuniculus_                            91.37%    failed      0.00%
  99  Mandrillus_leucophaeus____cercopithecoidea_XP_011858019.1_PREDICTED__zinc_finger_protein_648__Mandrillus_leucophaeus_                                    93.77%    failed      0.00%
 100  Mus_musculus____rodentia_NP_001004139.2_zinc_finger_protein_91__Mus_musculus_                                                                            87.23%    failed      0.00%
 101  Galeopterus_variegatus____dermoptera_XP_008584848.1_PREDICTED__zinc_finger_protein_160-like__Galeopterus_variegatus_                                     85.16%    failed      0.00%
WARNING: 101 sequences contain more than 50% gaps/ambiguity
****  TOTAL                                                                                                                                                    86.07%  101 sequences failed composition chi2 test (p-value<5%; df=19)
NOTE: Phascolarctos_cinereus____metatheria_XP_020827824.1_zinc_finger_protein_208-like__Phascolarctos_cinereus_ is identical to Phascolarctos_cinereus____metatheria_XP_020827825.1_zinc_finger_protein_208-like__Phascolarctos_cinereus_ but kept for subsequent analysis
NOTE: Pan_troglodytes____panina_XP_024207567.1_zinc_finger_protein_91_isoform_X2__Pan_troglodytes_ is identical to Pan_troglodytes____panina_XP_024207563.1_zinc_finger_protein_91_isoform_X2__Pan_troglodytes_ but kept for subsequent analysis
NOTE: Ornithorhynchus_anatinus____monotrememata_XP_028929209.1_uncharacterized_protein_LOC100089426_isoform_X1__Ornithorhynchus_anatinus_ is identical to Ornithorhynchus_anatinus____monotrememata_XP_028929210.1_uncharacterized_protein_LOC100089426_isoform_X1__Ornithorhynchus_anatinus_ but kept for subsequent analysis
NOTE: 3 identical sequences (see below) will be ignored for subsequent analysis
NOTE: Phascolarctos_cinereus____metatheria_XP_020827827.1_zinc_finger_protein_208-like__Phascolarctos_cinereus_ (identical to Phascolarctos_cinereus____metatheria_XP_020827825.1_zinc_finger_protein_208-like__Phascolarctos_cinereus_) is ignored but added at the end
NOTE: Phascolarctos_cinereus____metatheria_XP_020827828.1_zinc_finger_protein_208-like__Phascolarctos_cinereus_ (identical to Phascolarctos_cinereus____metatheria_XP_020827825.1_zinc_finger_protein_208-like__Phascolarctos_cinereus_) is ignored but added at the end
NOTE: Pan_troglodytes____panina_XP_024207564.1_zinc_finger_protein_91_isoform_X2__Pan_troglodytes_ (identical to Pan_troglodytes____panina_XP_024207563.1_zinc_finger_protein_91_isoform_X2__Pan_troglodytes_) is ignored but added at the end

For your convenience alignment with unique sequences printed to mafftmammal.fa.uniqueseq.phy

Create initial parsimony tree by phylogenetic likelihood library (PLL)... 0.148 seconds
Generating 1000 samples for ultrafast bootstrap (seed: 259007)...

NOTE: 276 MB RAM (0 GB) is required!
Estimate model parameters (epsilon = 0.100)
1. Initial log-likelihood: -175741.267
2. Current log-likelihood: -158659.569
3. Current log-likelihood: -158395.113
4. Current log-likelihood: -158360.217
5. Current log-likelihood: -158335.793
6. Current log-likelihood: -158324.339
7. Current log-likelihood: -158319.981
8. Current log-likelihood: -158318.558
9. Current log-likelihood: -158318.206
Optimal log-likelihood: -158318.065
Gamma shape alpha: 0.915
Parameters optimization took 9 rounds (62.358 sec)
Computing ML distances based on estimated model parameters... 2.579 sec
Computing BIONJ tree...
0.004 seconds
Log-likelihood of BIONJ tree: -158399.191
--------------------------------------------------------------------
|             INITIALIZING CANDIDATE TREE SET                      |
--------------------------------------------------------------------
Generating 98 parsimony trees... 18.047 second
Computing log-likelihood of 98 initial trees ... 260.303 seconds
Current best score: -158318.065

Do NNI search on 20 best initial trees
Estimate model parameters (epsilon = 0.100)
BETTER TREE FOUND at iteration 1: -158057.455
Estimate model parameters (epsilon = 0.100)
BETTER TREE FOUND at iteration 4: -158033.760
Estimate model parameters (epsilon = 0.100)
BETTER TREE FOUND at iteration 7: -158023.790
Iteration 10 / LogL: -158063.692 / Time: 0h:13m:27s
Iteration 20 / LogL: -158040.156 / Time: 0h:20m:48s
Finish initializing candidate tree set (20)
Current best tree score: -158023.790 / CPU time: 1168.519
Number of iterations: 20
--------------------------------------------------------------------
|               OPTIMIZING CANDIDATE TREE SET                      |
--------------------------------------------------------------------
Estimate model parameters (epsilon = 0.100)
BETTER TREE FOUND at iteration 28: -158021.658
Iteration 30 / LogL: -158050.074 / Time: 0h:26m:0s (1h:27m:51s left)
Estimate model parameters (epsilon = 0.100)
BETTER TREE FOUND at iteration 33: -158012.882
Iteration 40 / LogL: -158024.817 / Time: 0h:32m:0s (1h:16m:18s left)
Iteration 50 / LogL: -158022.906 / Time: 0h:37m:31s (1h:3m:33s left)
Iteration 60 / LogL: -158015.720 / Time: 0h:42m:57s (0h:53m:9s left)
Iteration 70 / LogL: -158043.385 / Time: 0h:48m:39s (0h:44m:25s left)
Iteration 80 / LogL: -158016.311 / Time: 0h:53m:45s (0h:36m:3s left)
Estimate model parameters (epsilon = 0.100)
BETTER TREE FOUND at iteration 85: -158011.788
Iteration 90 / LogL: -158019.709 / Time: 0h:59m:8s (1h:3m:7s left)
Estimate model parameters (epsilon = 0.100)
BETTER TREE FOUND at iteration 98: -158008.224
Iteration 100 / LogL: -158011.091 / Time: 1h:4m:25s (1h:3m:45s left)
Iteration 110 / LogL: -158018.450 / Time: 1h:9m:38s (0h:56m:13s left)
Iteration 120 / LogL: -158009.469 / Time: 1h:14m:58s (0h:49m:8s left)
Estimate model parameters (epsilon = 0.100)
BETTER TREE FOUND at iteration 128: -158006.464
Iteration 130 / LogL: -158035.999 / Time: 1h:20m:12s (1h:0m:56s left)
Iteration 140 / LogL: -158016.825 / Time: 1h:25m:11s (0h:53m:55s left)
Iteration 150 / LogL: -158006.466 / Time: 1h:30m:59s (0h:47m:37s left)
Iteration 160 / LogL: -158081.458 / Time: 1h:36m:11s (0h:41m:8s left)
Iteration 170 / LogL: -158015.687 / Time: 1h:41m:42s (0h:34m:54s left)
Iteration 180 / LogL: -158047.263 / Time: 1h:46m:34s (0h:28m:34s left)
Iteration 190 / LogL: -158011.480 / Time: 1h:51m:31s (0h:22m:25s left)
Iteration 200 / LogL: -158085.450 / Time: 1h:57m:6s (0h:16m:28s left)
Iteration 210 / LogL: -158011.510 / Time: 2h:2m:19s (0h:10m:32s left)
Iteration 220 / LogL: -158016.594 / Time: 2h:7m:47s (0h:4m:40s left)
UPDATE BEST LOG-LIKELIHOOD: -158006.456
Refining ufboot trees with NNI...
100 samples done
200 samples done
300 samples done
400 samples done
500 samples done
600 samples done
700 samples done
800 samples done
900 samples done
1000 samples done
Total 1000 ufboot trees refined
TREE SEARCH COMPLETED AFTER 229 ITERATIONS / Time: 3h:54m:8s

--------------------------------------------------------------------
|                    FINALIZING TREE SEARCH                        |
--------------------------------------------------------------------
Performs final model parameters optimization
Estimate model parameters (epsilon = 0.010)
1. Initial log-likelihood: -158006.456
Optimal log-likelihood: -158006.453
Gamma shape alpha: 0.914
Parameters optimization took 1 rounds (3.615 sec)
BEST SCORE FOUND : -158006.453
Creating bootstrap support values...
Split supports printed to NEXUS file mafftmammal.fa.splits.nex
Total tree length: 59.646

Total number of iterations: 229
CPU time used for tree search: 13894.299 sec (3h:51m:34s)
Wall-clock time used for tree search: 13967.593 sec (3h:52m:47s)
Total CPU time used: 13978.494 sec (3h:52m:58s)
Total wall-clock time used: 14051.906 sec (3h:54m:11s)
UFBoot trees printed to mafftmammal.fa.ufboot

Computing bootstrap consensus tree...
Reading input file mafftmammal.fa.splits.nex...
98 taxa and 911 splits.
Consensus tree written to mafftmammal.fa.contree
Reading input trees file mafftmammal.fa.contree
Log-likelihood of consensus tree: -158006.454

Analysis results written to: 
  IQ-TREE report:                mafftmammal.fa.iqtree
  Maximum-likelihood tree:       mafftmammal.fa.treefile
  Likelihood distances:          mafftmammal.fa.mldist

Ultrafast bootstrap approximation results written to:
  Split support values:          mafftmammal.fa.splits.nex
  Consensus tree:                mafftmammal.fa.contree
  UFBoot trees:                  mafftmammal.fa.ufboot
  Screen log file:               mafftmammal.fa.log

Date and Time: Wed Jul  3 17:04:17 2019
