IQ-TREE multicore version 1.6.1 for Linux 64-bit built Feb 16 2018
Developed by Bui Quang Minh, Nguyen Lam Tung, Olga Chernomor,
Heiko Schmidt, Dominik Schrempf, Michael Woodhams.

Host:    it038094 (AVX2, FMA3, 15 GB RAM)
Command: iqtree -s prankmammal.fa -m LG+G+F -bb 1000 -bnni -wbtl
Seed:    936869 (Using SPRNG - Scalable Parallel Random Number Generator)
Time:    Thu Jul  4 09:09:50 2019
Kernel:  AVX+FMA - 1 threads (4 CPU cores detected)

HINT: Use -nt option to specify number of threads because your CPU has 4 cores!
HINT: -nt AUTO will automatically determine the best number of threads to use.

Reading alignment file prankmammal.fa ... Fasta format detected
Alignment most likely contains protein sequences
WARNING: 7 sites contain only gaps or ambiguous characters.
Alignment has 101 sequences with 11589 columns, 5510 distinct patterns
2921 parsimony-informative, 1514 singleton sites, 7154 constant sites
WARNING: Some sequence names are changed as follows:
Gorilla_gorilla____gorillini_XP_004028057.2_PREDICTED__zinc_finger_protein_648_[Gorilla_gorilla_gorilla] -> Gorilla_gorilla____gorillini_XP_004028057.2_PREDICTED__zinc_finger_protein_648__Gorilla_gorilla_gorilla_
Pongo_abelii____ponginae_XP_002809764.2_zinc_finger_protein_648_[Pongo_abelii] -> Pongo_abelii____ponginae_XP_002809764.2_zinc_finger_protein_648__Pongo_abelii_
Nomascus_leucogenys____hylobatidae_XP_003264475.1_PREDICTED__zinc_finger_protein_648_[Nomascus_leucogenys] -> Nomascus_leucogenys____hylobatidae_XP_003264475.1_PREDICTED__zinc_finger_protein_648__Nomascus_leucogenys_
Mandrillus_leucophaeus____cercopithecoidea_XP_011858019.1_PREDICTED__zinc_finger_protein_648_[Mandrillus_leucophaeus] -> Mandrillus_leucophaeus____cercopithecoidea_XP_011858019.1_PREDICTED__zinc_finger_protein_648__Mandrillus_leucophaeus_
Cebus_capucinus____platyrrhini_XP_017379964.1_PREDICTED__LOW_QUALITY_PROTEIN__zinc_finger_protein_648_[Cebus_capucinus_imitator] -> Cebus_capucinus____platyrrhini_XP_017379964.1_PREDICTED__LOW_QUALITY_PROTEIN__zinc_finger_protein_648__Cebus_capucinus_imitator_
Propithecus_coquereli____indriidae_XP_012495439.1_PREDICTED__zinc_finger_protein_648_[Propithecus_coquereli] -> Propithecus_coquereli____indriidae_XP_012495439.1_PREDICTED__zinc_finger_protein_648__Propithecus_coquereli_
Galeopterus_variegatus____dermoptera_XP_008565597.1_PREDICTED__zinc_finger_protein_648_[Galeopterus_variegatus] -> Galeopterus_variegatus____dermoptera_XP_008565597.1_PREDICTED__zinc_finger_protein_648__Galeopterus_variegatus_
Otolemur_garnettii____lorisoidea_XP_003785695.1_zinc_finger_protein_648_[Otolemur_garnettii] -> Otolemur_garnettii____lorisoidea_XP_003785695.1_zinc_finger_protein_648__Otolemur_garnettii_
Ursus_arctos____carnivora_XP_026364815.1_zinc_finger_protein_648_[Ursus_arctos_horribilis] -> Ursus_arctos____carnivora_XP_026364815.1_zinc_finger_protein_648__Ursus_arctos_horribilis_
Carlito_syrichta____tarsiidae_XP_008061486.1_LOW_QUALITY_PROTEIN__zinc_finger_protein_648_[Carlito_syrichta] -> Carlito_syrichta____tarsiidae_XP_008061486.1_LOW_QUALITY_PROTEIN__zinc_finger_protein_648__Carlito_syrichta_
Loxodonta_africana____afrotheria_XP_023399395.1_zinc_finger_protein_271-like_[Loxodonta_africana] -> Loxodonta_africana____afrotheria_XP_023399395.1_zinc_finger_protein_271-like__Loxodonta_africana_
Balaenoptera_acutorostrata____cetartiodactyla_XP_007175460.2_LOW_QUALITY_PROTEIN__zinc_finger_protein_208_[Balaenoptera_acutorostrata_scammoni] -> Balaenoptera_acutorostrata____cetartiodactyla_XP_007175460.2_LOW_QUALITY_PROTEIN__zinc_finger_protein_208__Balaenoptera_acutorostrata_scammoni_
Balaenoptera_acutorostrata____cetartiodactyla_XP_028021489.1_LOW_QUALITY_PROTEIN__zinc_finger_protein_850-like_[Balaenoptera_acutorostrata_scammoni] -> Balaenoptera_acutorostrata____cetartiodactyla_XP_028021489.1_LOW_QUALITY_PROTEIN__zinc_finger_protein_850-like__Balaenoptera_acutorostrata_scammoni_
Erinaceus_europaeus____eulipotyphla_XP_016045502.1_PREDICTED__zinc_finger_protein_665_isoform_X1_[Erinaceus_europaeus] -> Erinaceus_europaeus____eulipotyphla_XP_016045502.1_PREDICTED__zinc_finger_protein_665_isoform_X1__Erinaceus_europaeus_
Equus_caballus____perissodactyla_XP_023477056.1_zinc_finger_protein_850_[Equus_caballus] -> Equus_caballus____perissodactyla_XP_023477056.1_zinc_finger_protein_850__Equus_caballus_
Loxodonta_africana____afrotheria_XP_010588185.2_zinc_finger_protein_501_isoform_X2_[Loxodonta_africana] -> Loxodonta_africana____afrotheria_XP_010588185.2_zinc_finger_protein_501_isoform_X2__Loxodonta_africana_
Erinaceus_europaeus____eulipotyphla_XP_016049862.1_PREDICTED__zinc_finger_protein_850_isoform_X1_[Erinaceus_europaeus] -> Erinaceus_europaeus____eulipotyphla_XP_016049862.1_PREDICTED__zinc_finger_protein_850_isoform_X1__Erinaceus_europaeus_
Loxodonta_africana____afrotheria_XP_023399654.1_zinc_finger_protein_850_isoform_X3_[Loxodonta_africana] -> Loxodonta_africana____afrotheria_XP_023399654.1_zinc_finger_protein_850_isoform_X3__Loxodonta_africana_
Erinaceus_europaeus____eulipotyphla_XP_016049861.1_PREDICTED__LOW_QUALITY_PROTEIN__uncharacterized_protein_LOC103126390_[Erinaceus_europaeus] -> Erinaceus_europaeus____eulipotyphla_XP_016049861.1_PREDICTED__LOW_QUALITY_PROTEIN__uncharacterized_protein_LOC103126390__Erinaceus_europaeus_
Pteropus_vampyrus____chiroptera_XP_011380016.2_zinc_finger_protein_420_isoform_X10_[Pteropus_vampyrus] -> Pteropus_vampyrus____chiroptera_XP_011380016.2_zinc_finger_protein_420_isoform_X10__Pteropus_vampyrus_
Equus_caballus____perissodactyla_XP_005596295.1_zinc_finger_protein_780A_isoform_X1_[Equus_caballus] -> Equus_caballus____perissodactyla_XP_005596295.1_zinc_finger_protein_780A_isoform_X1__Equus_caballus_
Otolemur_garnettii____lorisoidea_XP_023372666.1_zinc_finger_protein_850-like__partial_[Otolemur_garnettii] -> Otolemur_garnettii____lorisoidea_XP_023372666.1_zinc_finger_protein_850-like__partial__Otolemur_garnettii_
Erinaceus_europaeus____eulipotyphla_XP_016050331.1_PREDICTED__LOW_QUALITY_PROTEIN__zinc_finger_protein_208_[Erinaceus_europaeus] -> Erinaceus_europaeus____eulipotyphla_XP_016050331.1_PREDICTED__LOW_QUALITY_PROTEIN__zinc_finger_protein_208__Erinaceus_europaeus_
Equus_caballus____perissodactyla_XP_023507076.1_zinc_finger_protein_420_isoform_X12_[Equus_caballus] -> Equus_caballus____perissodactyla_XP_023507076.1_zinc_finger_protein_420_isoform_X12__Equus_caballus_
Carlito_syrichta____tarsiidae_XP_008054518.2_zinc_finger_protein_571_[Carlito_syrichta] -> Carlito_syrichta____tarsiidae_XP_008054518.2_zinc_finger_protein_571__Carlito_syrichta_
Dasypus_novemcinctus____xenarthra_XP_023444636.1_LOW_QUALITY_PROTEIN__zinc_finger_protein_571_[Dasypus_novemcinctus] -> Dasypus_novemcinctus____xenarthra_XP_023444636.1_LOW_QUALITY_PROTEIN__zinc_finger_protein_571__Dasypus_novemcinctus_
Tupaia_chinensis____scandentia_XP_014448421.1_LOW_QUALITY_PROTEIN__zinc_finger_protein_208_[Tupaia_chinensis] -> Tupaia_chinensis____scandentia_XP_014448421.1_LOW_QUALITY_PROTEIN__zinc_finger_protein_208__Tupaia_chinensis_
Mandrillus_leucophaeus____cercopithecoidea_XP_011840165.1_PREDICTED__LOW_QUALITY_PROTEIN__zinc_finger_protein_850_[Mandrillus_leucophaeus] -> Mandrillus_leucophaeus____cercopithecoidea_XP_011840165.1_PREDICTED__LOW_QUALITY_PROTEIN__zinc_finger_protein_850__Mandrillus_leucophaeus_
Balaenoptera_acutorostrata____cetartiodactyla_XP_007180033.2_LOW_QUALITY_PROTEIN__zinc_finger_protein_546_[Balaenoptera_acutorostrata_scammoni] -> Balaenoptera_acutorostrata____cetartiodactyla_XP_007180033.2_LOW_QUALITY_PROTEIN__zinc_finger_protein_546__Balaenoptera_acutorostrata_scammoni_
Otolemur_garnettii____lorisoidea_XP_023372667.1_zinc_finger_protein_607_[Otolemur_garnettii] -> Otolemur_garnettii____lorisoidea_XP_023372667.1_zinc_finger_protein_607__Otolemur_garnettii_
Ursus_arctos____carnivora_XP_026338220.1_LOW_QUALITY_PROTEIN__zinc_finger_protein_573_[Ursus_arctos_horribilis] -> Ursus_arctos____carnivora_XP_026338220.1_LOW_QUALITY_PROTEIN__zinc_finger_protein_573__Ursus_arctos_horribilis_
Loxodonta_africana____afrotheria_XP_023399391.1_zinc_finger_protein_420-like_isoform_X3_[Loxodonta_africana] -> Loxodonta_africana____afrotheria_XP_023399391.1_zinc_finger_protein_420-like_isoform_X3__Loxodonta_africana_
Orycteropus_afer____afrotheria_XP_007955524.1_PREDICTED__zinc_finger_protein_208-like_[Orycteropus_afer_afer] -> Orycteropus_afer____afrotheria_XP_007955524.1_PREDICTED__zinc_finger_protein_208-like__Orycteropus_afer_afer_
Orycteropus_afer____afrotheria_XP_007957063.1_PREDICTED__LOW_QUALITY_PROTEIN__zinc_finger_protein_345-like__partial_[Orycteropus_afer_afer] -> Orycteropus_afer____afrotheria_XP_007957063.1_PREDICTED__LOW_QUALITY_PROTEIN__zinc_finger_protein_345-like__partial__Orycteropus_afer_afer_
Mus_musculus____rodentia_XP_017171189.1_PREDICTED__zinc_finger_protein_431-like__partial_[Mus_musculus] -> Mus_musculus____rodentia_XP_017171189.1_PREDICTED__zinc_finger_protein_431-like__partial__Mus_musculus_
Mus_musculus____rodentia_XP_017171167.1_PREDICTED__LOW_QUALITY_PROTEIN__zinc_finger_protein_431-like_[Mus_musculus] -> Mus_musculus____rodentia_XP_017171167.1_PREDICTED__LOW_QUALITY_PROTEIN__zinc_finger_protein_431-like__Mus_musculus_
Mus_musculus____rodentia_XP_017174659.1_PREDICTED__KRAB_box_and_zinc_finger__C2H2_type_domain_containing_isoform_X1_[Mus_musculus] -> Mus_musculus____rodentia_XP_017174659.1_PREDICTED__KRAB_box_and_zinc_finger__C2H2_type_domain_containing_isoform_X1__Mus_musculus_
Mus_musculus____rodentia_NP_001004139.2_zinc_finger_protein_91_[Mus_musculus] -> Mus_musculus____rodentia_NP_001004139.2_zinc_finger_protein_91__Mus_musculus_
Phascolarctos_cinereus____metatheria_XP_020827825.1_zinc_finger_protein_208-like_[Phascolarctos_cinereus] -> Phascolarctos_cinereus____metatheria_XP_020827825.1_zinc_finger_protein_208-like__Phascolarctos_cinereus_
Phascolarctos_cinereus____metatheria_XP_020827824.1_zinc_finger_protein_208-like_[Phascolarctos_cinereus] -> Phascolarctos_cinereus____metatheria_XP_020827824.1_zinc_finger_protein_208-like__Phascolarctos_cinereus_
Phascolarctos_cinereus____metatheria_XP_020827827.1_zinc_finger_protein_208-like_[Phascolarctos_cinereus] -> Phascolarctos_cinereus____metatheria_XP_020827827.1_zinc_finger_protein_208-like__Phascolarctos_cinereus_
Phascolarctos_cinereus____metatheria_XP_020827828.1_zinc_finger_protein_208-like_[Phascolarctos_cinereus] -> Phascolarctos_cinereus____metatheria_XP_020827828.1_zinc_finger_protein_208-like__Phascolarctos_cinereus_
Ursus_arctos____carnivora_XP_026344621.1_zinc_finger_protein_250_isoform_X4_[Ursus_arctos_horribilis] -> Ursus_arctos____carnivora_XP_026344621.1_zinc_finger_protein_250_isoform_X4__Ursus_arctos_horribilis_
Cebus_capucinus____platyrrhini_XP_017369134.1_PREDICTED__zinc_finger_protein_268_[Cebus_capucinus_imitator] -> Cebus_capucinus____platyrrhini_XP_017369134.1_PREDICTED__zinc_finger_protein_268__Cebus_capucinus_imitator_
Ursus_arctos____carnivora_XP_026344106.1_LOW_QUALITY_PROTEIN__zinc_finger_protein_84-like_[Ursus_arctos_horribilis] -> Ursus_arctos____carnivora_XP_026344106.1_LOW_QUALITY_PROTEIN__zinc_finger_protein_84-like__Ursus_arctos_horribilis_
Panthera_tigris____carnivora_XP_007092950.2_PREDICTED__LOW_QUALITY_PROTEIN__zinc_finger_protein_268_[Panthera_tigris_altaica] -> Panthera_tigris____carnivora_XP_007092950.2_PREDICTED__LOW_QUALITY_PROTEIN__zinc_finger_protein_268__Panthera_tigris_altaica_
Balaenoptera_acutorostrata____cetartiodactyla_XP_028021188.1_LOW_QUALITY_PROTEIN__zinc_finger_protein_37_homolog_[Balaenoptera_acutorostrata_scammoni] -> Balaenoptera_acutorostrata____cetartiodactyla_XP_028021188.1_LOW_QUALITY_PROTEIN__zinc_finger_protein_37_homolog__Balaenoptera_acutorostrata_scammoni_
Galeopterus_variegatus____dermoptera_XP_008588630.1_PREDICTED__LOW_QUALITY_PROTEIN__zinc_finger_protein_420-like_[Galeopterus_variegatus] -> Galeopterus_variegatus____dermoptera_XP_008588630.1_PREDICTED__LOW_QUALITY_PROTEIN__zinc_finger_protein_420-like__Galeopterus_variegatus_
Galeopterus_variegatus____dermoptera_XP_008592627.1_PREDICTED__zinc_finger_protein_420-like_[Galeopterus_variegatus] -> Galeopterus_variegatus____dermoptera_XP_008592627.1_PREDICTED__zinc_finger_protein_420-like__Galeopterus_variegatus_
Oryctolagus_cuniculus____lagomorpha_XP_008268040.2_PREDICTED__zinc_finger_protein_850_isoform_X3_[Oryctolagus_cuniculus] -> Oryctolagus_cuniculus____lagomorpha_XP_008268040.2_PREDICTED__zinc_finger_protein_850_isoform_X3__Oryctolagus_cuniculus_
Panthera_tigris____carnivora_XP_007094902.1_PREDICTED__zinc_finger_protein_252-like_[Panthera_tigris_altaica] -> Panthera_tigris____carnivora_XP_007094902.1_PREDICTED__zinc_finger_protein_252-like__Panthera_tigris_altaica_
Oryctolagus_cuniculus____lagomorpha_XP_017194024.1_PREDICTED__LOW_QUALITY_PROTEIN__zinc_finger_protein_585A-like__partial_[Oryctolagus_cuniculus] -> Oryctolagus_cuniculus____lagomorpha_XP_017194024.1_PREDICTED__LOW_QUALITY_PROTEIN__zinc_finger_protein_585A-like__partial__Oryctolagus_cuniculus_
Oryctolagus_cuniculus____lagomorpha_XP_017195858.1_PREDICTED__LOW_QUALITY_PROTEIN__zinc_finger_protein_665_[Oryctolagus_cuniculus] -> Oryctolagus_cuniculus____lagomorpha_XP_017195858.1_PREDICTED__LOW_QUALITY_PROTEIN__zinc_finger_protein_665__Oryctolagus_cuniculus_
Oryctolagus_cuniculus____lagomorpha_XP_017195406.1_PREDICTED__zinc_finger_protein_260-like_isoform_X2_[Oryctolagus_cuniculus] -> Oryctolagus_cuniculus____lagomorpha_XP_017195406.1_PREDICTED__zinc_finger_protein_260-like_isoform_X2__Oryctolagus_cuniculus_
Panthera_tigris____carnivora_XP_015399575.1_PREDICTED__zinc_finger_protein_850_isoform_X1_[Panthera_tigris_altaica] -> Panthera_tigris____carnivora_XP_015399575.1_PREDICTED__zinc_finger_protein_850_isoform_X1__Panthera_tigris_altaica_
Pteropus_vampyrus____chiroptera_XP_011370296.1_zinc_finger_protein_62_homolog_isoform_X1_[Pteropus_vampyrus] -> Pteropus_vampyrus____chiroptera_XP_011370296.1_zinc_finger_protein_62_homolog_isoform_X1__Pteropus_vampyrus_
Orycteropus_afer____afrotheria_XP_007943789.1_PREDICTED__zinc_finger_protein_286A_[Orycteropus_afer_afer] -> Orycteropus_afer____afrotheria_XP_007943789.1_PREDICTED__zinc_finger_protein_286A__Orycteropus_afer_afer_
Propithecus_coquereli____indriidae_XP_012498791.1_PREDICTED__zinc_finger_protein_208-like_[Propithecus_coquereli] -> Propithecus_coquereli____indriidae_XP_012498791.1_PREDICTED__zinc_finger_protein_208-like__Propithecus_coquereli_
Panthera_tigris____carnivora_XP_007094057.2_PREDICTED__LOW_QUALITY_PROTEIN__zinc_finger_protein_160_[Panthera_tigris_altaica] -> Panthera_tigris____carnivora_XP_007094057.2_PREDICTED__LOW_QUALITY_PROTEIN__zinc_finger_protein_160__Panthera_tigris_altaica_
Equus_caballus____perissodactyla_XP_023505182.1_zinc_finger_protein_845_[Equus_caballus] -> Equus_caballus____perissodactyla_XP_023505182.1_zinc_finger_protein_845__Equus_caballus_
Dasypus_novemcinctus____xenarthra_XP_004454709.1_zinc_finger_protein_665_[Dasypus_novemcinctus] -> Dasypus_novemcinctus____xenarthra_XP_004454709.1_zinc_finger_protein_665__Dasypus_novemcinctus_
Dasypus_novemcinctus____xenarthra_XP_012375896.1_zinc_finger_protein_836-like_[Dasypus_novemcinctus] -> Dasypus_novemcinctus____xenarthra_XP_012375896.1_zinc_finger_protein_836-like__Dasypus_novemcinctus_
Propithecus_coquereli____indriidae_XP_012498850.1_PREDICTED__zinc_finger_protein_665-like_[Propithecus_coquereli] -> Propithecus_coquereli____indriidae_XP_012498850.1_PREDICTED__zinc_finger_protein_665-like__Propithecus_coquereli_
Propithecus_coquereli____indriidae_XP_012498851.1_PREDICTED__LOW_QUALITY_PROTEIN__zinc_finger_protein_845-like_[Propithecus_coquereli] -> Propithecus_coquereli____indriidae_XP_012498851.1_PREDICTED__LOW_QUALITY_PROTEIN__zinc_finger_protein_845-like__Propithecus_coquereli_
Galeopterus_variegatus____dermoptera_XP_008584848.1_PREDICTED__zinc_finger_protein_160-like_[Galeopterus_variegatus] -> Galeopterus_variegatus____dermoptera_XP_008584848.1_PREDICTED__zinc_finger_protein_160-like__Galeopterus_variegatus_
Pteropus_vampyrus____chiroptera_XP_023382457.1_zinc_finger_protein_665-like_isoform_X4_[Pteropus_vampyrus] -> Pteropus_vampyrus____chiroptera_XP_023382457.1_zinc_finger_protein_665-like_isoform_X4__Pteropus_vampyrus_
Pteropus_vampyrus____chiroptera_XP_011380014.2_zinc_finger_protein_160_isoform_X10_[Pteropus_vampyrus] -> Pteropus_vampyrus____chiroptera_XP_011380014.2_zinc_finger_protein_160_isoform_X10__Pteropus_vampyrus_
Pongo_abelii____ponginae_XP_024093053.1_LOW_QUALITY_PROTEIN__zinc_finger_protein_729_[Pongo_abelii] -> Pongo_abelii____ponginae_XP_024093053.1_LOW_QUALITY_PROTEIN__zinc_finger_protein_729__Pongo_abelii_
Nomascus_leucogenys____hylobatidae_XP_012364874.1_PREDICTED__zinc_finger_protein_729_isoform_X3_[Nomascus_leucogenys] -> Nomascus_leucogenys____hylobatidae_XP_012364874.1_PREDICTED__zinc_finger_protein_729_isoform_X3__Nomascus_leucogenys_
Gorilla_gorilla____gorillini_XP_018870402.1_PREDICTED__zinc_finger_protein_729_[Gorilla_gorilla_gorilla] -> Gorilla_gorilla____gorillini_XP_018870402.1_PREDICTED__zinc_finger_protein_729__Gorilla_gorilla_gorilla_
Pongo_abelii____ponginae_XP_024093058.1_zinc_finger_protein_99_[Pongo_abelii] -> Pongo_abelii____ponginae_XP_024093058.1_zinc_finger_protein_99__Pongo_abelii_
Gorilla_gorilla____gorillini_XP_018870401.1_PREDICTED__LOW_QUALITY_PROTEIN__zinc_finger_protein_729-like_[Gorilla_gorilla_gorilla] -> Gorilla_gorilla____gorillini_XP_018870401.1_PREDICTED__LOW_QUALITY_PROTEIN__zinc_finger_protein_729-like__Gorilla_gorilla_gorilla_
Homo_sapiens____homonina_XP_016882724.1_zinc_finger_protein_91_isoform_X1_[Homo_sapiens] -> Homo_sapiens____homonina_XP_016882724.1_zinc_finger_protein_91_isoform_X1__Homo_sapiens_
Pan_troglodytes____panina_XP_024207563.1_zinc_finger_protein_91_isoform_X2_[Pan_troglodytes] -> Pan_troglodytes____panina_XP_024207563.1_zinc_finger_protein_91_isoform_X2__Pan_troglodytes_
Pan_troglodytes____panina_XP_024207567.1_zinc_finger_protein_91_isoform_X2_[Pan_troglodytes] -> Pan_troglodytes____panina_XP_024207567.1_zinc_finger_protein_91_isoform_X2__Pan_troglodytes_
Pan_troglodytes____panina_XP_024207564.1_zinc_finger_protein_91_isoform_X2_[Pan_troglodytes] -> Pan_troglodytes____panina_XP_024207564.1_zinc_finger_protein_91_isoform_X2__Pan_troglodytes_
Pan_troglodytes____panina_XP_024207565.1_zinc_finger_protein_91_isoform_X3_[Pan_troglodytes] -> Pan_troglodytes____panina_XP_024207565.1_zinc_finger_protein_91_isoform_X3__Pan_troglodytes_
Homo_sapiens____homonina_XP_011526567.1_zinc_finger_protein_91_isoform_X1_[Homo_sapiens] -> Homo_sapiens____homonina_XP_011526567.1_zinc_finger_protein_91_isoform_X1__Homo_sapiens_
Homo_sapiens____homonina_NP_003421.2_zinc_finger_protein_91_isoform_1_[Homo_sapiens] -> Homo_sapiens____homonina_NP_003421.2_zinc_finger_protein_91_isoform_1__Homo_sapiens_
Homo_sapiens____homonina_NP_001287880.1_zinc_finger_protein_91_isoform_2_[Homo_sapiens] -> Homo_sapiens____homonina_NP_001287880.1_zinc_finger_protein_91_isoform_2__Homo_sapiens_
Mandrillus_leucophaeus____cercopithecoidea_XP_011855059.1_PREDICTED__zinc_finger_protein_91-like_[Mandrillus_leucophaeus] -> Mandrillus_leucophaeus____cercopithecoidea_XP_011855059.1_PREDICTED__zinc_finger_protein_91-like__Mandrillus_leucophaeus_
Cebus_capucinus____platyrrhini_XP_017380786.1_PREDICTED__LOW_QUALITY_PROTEIN__zinc_finger_protein_254-like_[Cebus_capucinus_imitator] -> Cebus_capucinus____platyrrhini_XP_017380786.1_PREDICTED__LOW_QUALITY_PROTEIN__zinc_finger_protein_254-like__Cebus_capucinus_imitator_
Nomascus_leucogenys____hylobatidae_XP_012364870.1_PREDICTED__LOW_QUALITY_PROTEIN__zinc_finger_protein_208-like_[Nomascus_leucogenys] -> Nomascus_leucogenys____hylobatidae_XP_012364870.1_PREDICTED__LOW_QUALITY_PROTEIN__zinc_finger_protein_208-like__Nomascus_leucogenys_
Gorilla_gorilla____gorillini_XP_018886338.1_PREDICTED__LOW_QUALITY_PROTEIN__zinc_finger_protein_107-like_[Gorilla_gorilla_gorilla] -> Gorilla_gorilla____gorillini_XP_018886338.1_PREDICTED__LOW_QUALITY_PROTEIN__zinc_finger_protein_107-like__Gorilla_gorilla_gorilla_
Pongo_abelii____ponginae_XP_024093054.1_LOW_QUALITY_PROTEIN__zinc_finger_protein_726_[Pongo_abelii] -> Pongo_abelii____ponginae_XP_024093054.1_LOW_QUALITY_PROTEIN__zinc_finger_protein_726__Pongo_abelii_
Nomascus_leucogenys____hylobatidae_XP_012364875.1_PREDICTED__putative_zinc_finger_protein_724_isoform_X1_[Nomascus_leucogenys] -> Nomascus_leucogenys____hylobatidae_XP_012364875.1_PREDICTED__putative_zinc_finger_protein_724_isoform_X1__Nomascus_leucogenys_
Cebus_capucinus____platyrrhini_XP_017380788.1_PREDICTED__LOW_QUALITY_PROTEIN__zinc_finger_protein_681-like_[Cebus_capucinus_imitator] -> Cebus_capucinus____platyrrhini_XP_017380788.1_PREDICTED__LOW_QUALITY_PROTEIN__zinc_finger_protein_681-like__Cebus_capucinus_imitator_
Carlito_syrichta____tarsiidae_XP_021565913.1_zinc_finger_protein_208-like_[Carlito_syrichta] -> Carlito_syrichta____tarsiidae_XP_021565913.1_zinc_finger_protein_208-like__Carlito_syrichta_
Otolemur_garnettii____lorisoidea_XP_023364769.1_zinc_finger_protein_91-like__partial_[Otolemur_garnettii] -> Otolemur_garnettii____lorisoidea_XP_023364769.1_zinc_finger_protein_91-like__partial__Otolemur_garnettii_
Carlito_syrichta____tarsiidae_XP_021566486.1_LOW_QUALITY_PROTEIN__zinc_finger_protein_208-like_[Carlito_syrichta] -> Carlito_syrichta____tarsiidae_XP_021566486.1_LOW_QUALITY_PROTEIN__zinc_finger_protein_208-like__Carlito_syrichta_
Ornithorhynchus_anatinus____monotrememata_XP_028929210.1_uncharacterized_protein_LOC100089426_isoform_X1_[Ornithorhynchus_anatinus] -> Ornithorhynchus_anatinus____monotrememata_XP_028929210.1_uncharacterized_protein_LOC100089426_isoform_X1__Ornithorhynchus_anatinus_
Ornithorhynchus_anatinus____monotrememata_XP_028929208.1_uncharacterized_protein_LOC100089426_isoform_X1_[Ornithorhynchus_anatinus] -> Ornithorhynchus_anatinus____monotrememata_XP_028929208.1_uncharacterized_protein_LOC100089426_isoform_X1__Ornithorhynchus_anatinus_
Ornithorhynchus_anatinus____monotrememata_XP_028929209.1_uncharacterized_protein_LOC100089426_isoform_X1_[Ornithorhynchus_anatinus] -> Ornithorhynchus_anatinus____monotrememata_XP_028929209.1_uncharacterized_protein_LOC100089426_isoform_X1__Ornithorhynchus_anatinus_
Ornithorhynchus_anatinus____monotrememata_XP_028929211.1_uncharacterized_protein_LOC100089426_isoform_X2_[Ornithorhynchus_anatinus] -> Ornithorhynchus_anatinus____monotrememata_XP_028929211.1_uncharacterized_protein_LOC100089426_isoform_X2__Ornithorhynchus_anatinus_
Tupaia_chinensis____scandentia_XP_014438393.2_zinc_finger_protein_45_isoform_X4_[Tupaia_chinensis] -> Tupaia_chinensis____scandentia_XP_014438393.2_zinc_finger_protein_45_isoform_X4__Tupaia_chinensis_
Dasypus_novemcinctus____xenarthra_XP_023444483.1_LOW_QUALITY_PROTEIN__zinc_finger_protein_729_[Dasypus_novemcinctus] -> Dasypus_novemcinctus____xenarthra_XP_023444483.1_LOW_QUALITY_PROTEIN__zinc_finger_protein_729__Dasypus_novemcinctus_
Tupaia_chinensis____scandentia_XP_006142118.2_zinc_finger_protein_112_isoform_X4_[Tupaia_chinensis] -> Tupaia_chinensis____scandentia_XP_006142118.2_zinc_finger_protein_112_isoform_X4__Tupaia_chinensis_
Orycteropus_afer____afrotheria_XP_007941295.1_PREDICTED__LOW_QUALITY_PROTEIN__zinc_finger_protein_234-like_[Orycteropus_afer_afer] -> Orycteropus_afer____afrotheria_XP_007941295.1_PREDICTED__LOW_QUALITY_PROTEIN__zinc_finger_protein_234-like__Orycteropus_afer_afer_
Mandrillus_leucophaeus____cercopithecoidea_XP_011835084.1_PREDICTED__LOW_QUALITY_PROTEIN__zinc_finger_protein_845-like_[Mandrillus_leucophaeus] -> Mandrillus_leucophaeus____cercopithecoidea_XP_011835084.1_PREDICTED__LOW_QUALITY_PROTEIN__zinc_finger_protein_845-like__Mandrillus_leucophaeus_
Tupaia_chinensis____scandentia_XP_006144775.3_zinc_finger_protein_665_isoform_X3_[Tupaia_chinensis] -> Tupaia_chinensis____scandentia_XP_006144775.3_zinc_finger_protein_665_isoform_X3__Tupaia_chinensis_

                                                                                                                                                        Gap/Ambiguity  Composition  p-value
   1  Hsap_unidentified_Zinc_Protein                                                                                                                           95.10%    failed      0.00%
   2  Gorilla_gorilla____gorillini_XP_004028057.2_PREDICTED__zinc_finger_protein_648__Gorilla_gorilla_gorilla_                                                 95.10%    failed      0.00%
   3  Pongo_abelii____ponginae_XP_002809764.2_zinc_finger_protein_648__Pongo_abelii_                                                                           95.10%    failed      0.00%
   4  Nomascus_leucogenys____hylobatidae_XP_003264475.1_PREDICTED__zinc_finger_protein_648__Nomascus_leucogenys_                                               95.10%    failed      0.00%
   5  Mandrillus_leucophaeus____cercopithecoidea_XP_011858019.1_PREDICTED__zinc_finger_protein_648__Mandrillus_leucophaeus_                                    95.12%    failed      0.00%
   6  Cebus_capucinus____platyrrhini_XP_017379964.1_PREDICTED__LOW_QUALITY_PROTEIN__zinc_finger_protein_648__Cebus_capucinus_imitator_                         95.12%    failed      0.00%
   7  Propithecus_coquereli____indriidae_XP_012495439.1_PREDICTED__zinc_finger_protein_648__Propithecus_coquereli_                                             95.19%    failed      0.00%
   8  Galeopterus_variegatus____dermoptera_XP_008565597.1_PREDICTED__zinc_finger_protein_648__Galeopterus_variegatus_                                          95.12%    failed      0.00%
   9  Otolemur_garnettii____lorisoidea_XP_003785695.1_zinc_finger_protein_648__Otolemur_garnettii_                                                             95.25%    failed      0.00%
  10  Ursus_arctos____carnivora_XP_026364815.1_zinc_finger_protein_648__Ursus_arctos_horribilis_                                                               95.10%    failed      0.00%
  11  Carlito_syrichta____tarsiidae_XP_008061486.1_LOW_QUALITY_PROTEIN__zinc_finger_protein_648__Carlito_syrichta_                                             95.25%    failed      0.00%
  12  Loxodonta_africana____afrotheria_XP_023399395.1_zinc_finger_protein_271-like__Loxodonta_africana_                                                        89.44%    failed      0.00%
  13  Balaenoptera_acutorostrata____cetartiodactyla_XP_007175460.2_LOW_QUALITY_PROTEIN__zinc_finger_protein_208__Balaenoptera_acutorostrata_scammoni_          81.52%    failed      0.00%
  14  Balaenoptera_acutorostrata____cetartiodactyla_XP_028021489.1_LOW_QUALITY_PROTEIN__zinc_finger_protein_850-like__Balaenoptera_acutorostrata_scammoni_     84.70%    failed      0.00%
  15  Erinaceus_europaeus____eulipotyphla_XP_016045502.1_PREDICTED__zinc_finger_protein_665_isoform_X1__Erinaceus_europaeus_                                   90.40%    failed      0.00%
  16  Equus_caballus____perissodactyla_XP_023477056.1_zinc_finger_protein_850__Equus_caballus_                                                                 84.40%    failed      0.00%
  17  Loxodonta_africana____afrotheria_XP_010588185.2_zinc_finger_protein_501_isoform_X2__Loxodonta_africana_                                                  89.58%    failed      0.00%
  18  Erinaceus_europaeus____eulipotyphla_XP_016049862.1_PREDICTED__zinc_finger_protein_850_isoform_X1__Erinaceus_europaeus_                                   85.37%    failed      0.00%
  19  Loxodonta_africana____afrotheria_XP_023399654.1_zinc_finger_protein_850_isoform_X3__Loxodonta_africana_                                                  89.13%    failed      0.00%
  20  Erinaceus_europaeus____eulipotyphla_XP_016049861.1_PREDICTED__LOW_QUALITY_PROTEIN__uncharacterized_protein_LOC103126390__Erinaceus_europaeus_            78.39%    failed      0.00%
  21  Pteropus_vampyrus____chiroptera_XP_011380016.2_zinc_finger_protein_420_isoform_X10__Pteropus_vampyrus_                                                   90.12%    failed      0.00%
  22  Equus_caballus____perissodactyla_XP_005596295.1_zinc_finger_protein_780A_isoform_X1__Equus_caballus_                                                     90.97%    failed      0.00%
  23  Otolemur_garnettii____lorisoidea_XP_023372666.1_zinc_finger_protein_850-like__partial__Otolemur_garnettii_                                               90.23%    failed      0.00%
  24  Erinaceus_europaeus____eulipotyphla_XP_016050331.1_PREDICTED__LOW_QUALITY_PROTEIN__zinc_finger_protein_208__Erinaceus_europaeus_                         79.72%    failed      0.00%
  25  Equus_caballus____perissodactyla_XP_023507076.1_zinc_finger_protein_420_isoform_X12__Equus_caballus_                                                     89.66%    failed      0.00%
  26  Carlito_syrichta____tarsiidae_XP_008054518.2_zinc_finger_protein_571__Carlito_syrichta_                                                                  90.57%    failed      0.00%
  27  Dasypus_novemcinctus____xenarthra_XP_023444636.1_LOW_QUALITY_PROTEIN__zinc_finger_protein_571__Dasypus_novemcinctus_                                     90.13%    failed      0.00%
  28  Tupaia_chinensis____scandentia_XP_014448421.1_LOW_QUALITY_PROTEIN__zinc_finger_protein_208__Tupaia_chinensis_                                            80.21%    failed      0.00%
  29  Mandrillus_leucophaeus____cercopithecoidea_XP_011840165.1_PREDICTED__LOW_QUALITY_PROTEIN__zinc_finger_protein_850__Mandrillus_leucophaeus_               90.65%    failed      0.00%
  30  Balaenoptera_acutorostrata____cetartiodactyla_XP_007180033.2_LOW_QUALITY_PROTEIN__zinc_finger_protein_546__Balaenoptera_acutorostrata_scammoni_          91.05%    failed      0.00%
  31  Otolemur_garnettii____lorisoidea_XP_023372667.1_zinc_finger_protein_607__Otolemur_garnettii_                                                             88.49%    failed      0.00%
  32  Ursus_arctos____carnivora_XP_026338220.1_LOW_QUALITY_PROTEIN__zinc_finger_protein_573__Ursus_arctos_horribilis_                                          88.49%    failed      0.00%
  33  Loxodonta_africana____afrotheria_XP_023399391.1_zinc_finger_protein_420-like_isoform_X3__Loxodonta_africana_                                             89.31%    failed      0.00%
  34  Orycteropus_afer____afrotheria_XP_007955524.1_PREDICTED__zinc_finger_protein_208-like__Orycteropus_afer_afer_                                            90.79%    failed      0.00%
  35  Orycteropus_afer____afrotheria_XP_007957063.1_PREDICTED__LOW_QUALITY_PROTEIN__zinc_finger_protein_345-like__partial__Orycteropus_afer_afer_              92.33%    failed      0.00%
  36  Mus_musculus____rodentia_XP_017171189.1_PREDICTED__zinc_finger_protein_431-like__partial__Mus_musculus_                                                  93.27%    failed      0.00%
  37  Mus_musculus____rodentia_XP_017171167.1_PREDICTED__LOW_QUALITY_PROTEIN__zinc_finger_protein_431-like__Mus_musculus_                                      94.41%    failed      0.00%
  38  Mus_musculus____rodentia_XP_017174659.1_PREDICTED__KRAB_box_and_zinc_finger__C2H2_type_domain_containing_isoform_X1__Mus_musculus_                       90.70%    failed      0.00%
  39  Mus_musculus____rodentia_NP_001004139.2_zinc_finger_protein_91__Mus_musculus_                                                                            89.98%    failed      0.00%
  40  Phascolarctos_cinereus____metatheria_XP_020827825.1_zinc_finger_protein_208-like__Phascolarctos_cinereus_                                                79.73%    failed      0.00%
  41  Phascolarctos_cinereus____metatheria_XP_020827824.1_zinc_finger_protein_208-like__Phascolarctos_cinereus_                                                79.73%    failed      0.00%
  42  Phascolarctos_cinereus____metatheria_XP_020827827.1_zinc_finger_protein_208-like__Phascolarctos_cinereus_                                                79.73%    failed      0.00%
  43  Phascolarctos_cinereus____metatheria_XP_020827828.1_zinc_finger_protein_208-like__Phascolarctos_cinereus_                                                79.73%    failed      0.00%
  44  Ursus_arctos____carnivora_XP_026344621.1_zinc_finger_protein_250_isoform_X4__Ursus_arctos_horribilis_                                                    91.23%    failed      0.00%
  45  Cebus_capucinus____platyrrhini_XP_017369134.1_PREDICTED__zinc_finger_protein_268__Cebus_capucinus_imitator_                                              91.83%    failed      0.21%
  46  Ursus_arctos____carnivora_XP_026344106.1_LOW_QUALITY_PROTEIN__zinc_finger_protein_84-like__Ursus_arctos_horribilis_                                      90.97%    failed      0.00%
  47  Panthera_tigris____carnivora_XP_007092950.2_PREDICTED__LOW_QUALITY_PROTEIN__zinc_finger_protein_268__Panthera_tigris_altaica_                            87.80%    failed      0.00%
  48  Balaenoptera_acutorostrata____cetartiodactyla_XP_028021188.1_LOW_QUALITY_PROTEIN__zinc_finger_protein_37_homolog__Balaenoptera_acutorostrata_scammoni_   88.03%    failed      0.00%
  49  Galeopterus_variegatus____dermoptera_XP_008588630.1_PREDICTED__LOW_QUALITY_PROTEIN__zinc_finger_protein_420-like__Galeopterus_variegatus_                89.70%    failed      0.00%
  50  Galeopterus_variegatus____dermoptera_XP_008592627.1_PREDICTED__zinc_finger_protein_420-like__Galeopterus_variegatus_                                     89.50%    failed      0.00%
  51  Oryctolagus_cuniculus____lagomorpha_XP_008268040.2_PREDICTED__zinc_finger_protein_850_isoform_X3__Oryctolagus_cuniculus_                                 89.71%    failed      0.00%
  52  Panthera_tigris____carnivora_XP_007094902.1_PREDICTED__zinc_finger_protein_252-like__Panthera_tigris_altaica_                                            92.42%    failed      0.00%
  53  Oryctolagus_cuniculus____lagomorpha_XP_017194024.1_PREDICTED__LOW_QUALITY_PROTEIN__zinc_finger_protein_585A-like__partial__Oryctolagus_cuniculus_        90.16%    failed      0.00%
  54  Oryctolagus_cuniculus____lagomorpha_XP_017195858.1_PREDICTED__LOW_QUALITY_PROTEIN__zinc_finger_protein_665__Oryctolagus_cuniculus_                       92.44%    failed      0.00%
  55  Oryctolagus_cuniculus____lagomorpha_XP_017195406.1_PREDICTED__zinc_finger_protein_260-like_isoform_X2__Oryctolagus_cuniculus_                            93.23%    failed      0.00%
  56  Panthera_tigris____carnivora_XP_015399575.1_PREDICTED__zinc_finger_protein_850_isoform_X1__Panthera_tigris_altaica_                                      85.87%    failed      0.00%
  57  Pteropus_vampyrus____chiroptera_XP_011370296.1_zinc_finger_protein_62_homolog_isoform_X1__Pteropus_vampyrus_                                             92.04%    failed      0.00%
  58  Orycteropus_afer____afrotheria_XP_007943789.1_PREDICTED__zinc_finger_protein_286A__Orycteropus_afer_afer_                                                90.70%    failed      0.02%
  59  Propithecus_coquereli____indriidae_XP_012498791.1_PREDICTED__zinc_finger_protein_208-like__Propithecus_coquereli_                                        88.50%    failed      0.00%
  60  Panthera_tigris____carnivora_XP_007094057.2_PREDICTED__LOW_QUALITY_PROTEIN__zinc_finger_protein_160__Panthera_tigris_altaica_                            88.77%    failed      0.00%
  61  Equus_caballus____perissodactyla_XP_023505182.1_zinc_finger_protein_845__Equus_caballus_                                                                 81.47%    failed      0.00%
  62  Dasypus_novemcinctus____xenarthra_XP_004454709.1_zinc_finger_protein_665__Dasypus_novemcinctus_                                                          90.05%    failed      0.00%
  63  Dasypus_novemcinctus____xenarthra_XP_012375896.1_zinc_finger_protein_836-like__Dasypus_novemcinctus_                                                     90.11%    failed      0.00%
  64  Propithecus_coquereli____indriidae_XP_012498850.1_PREDICTED__zinc_finger_protein_665-like__Propithecus_coquereli_                                        92.97%    failed      0.03%
  65  Propithecus_coquereli____indriidae_XP_012498851.1_PREDICTED__LOW_QUALITY_PROTEIN__zinc_finger_protein_845-like__Propithecus_coquereli_                   91.03%    failed      0.00%
  66  Galeopterus_variegatus____dermoptera_XP_008584848.1_PREDICTED__zinc_finger_protein_160-like__Galeopterus_variegatus_                                     88.36%    failed      0.00%
  67  Pteropus_vampyrus____chiroptera_XP_023382457.1_zinc_finger_protein_665-like_isoform_X4__Pteropus_vampyrus_                                               90.71%    failed      0.00%
  68  Pteropus_vampyrus____chiroptera_XP_011380014.2_zinc_finger_protein_160_isoform_X10__Pteropus_vampyrus_                                                   88.45%    failed      0.00%
  69  Pongo_abelii____ponginae_XP_024093053.1_LOW_QUALITY_PROTEIN__zinc_finger_protein_729__Pongo_abelii_                                                      88.28%    failed      0.00%
  70  Nomascus_leucogenys____hylobatidae_XP_012364874.1_PREDICTED__zinc_finger_protein_729_isoform_X3__Nomascus_leucogenys_                                    91.10%    failed      0.00%
  71  Gorilla_gorilla____gorillini_XP_018870402.1_PREDICTED__zinc_finger_protein_729__Gorilla_gorilla_gorilla_                                                 89.20%    failed      0.00%
  72  Pongo_abelii____ponginae_XP_024093058.1_zinc_finger_protein_99__Pongo_abelii_                                                                            89.82%    failed      0.00%
  73  Gorilla_gorilla____gorillini_XP_018870401.1_PREDICTED__LOW_QUALITY_PROTEIN__zinc_finger_protein_729-like__Gorilla_gorilla_gorilla_                       82.94%    failed      0.00%
  74  Homo_sapiens____homonina_XP_016882724.1_zinc_finger_protein_91_isoform_X1__Homo_sapiens_                                                                 90.08%    failed      0.00%
  75  Pan_troglodytes____panina_XP_024207563.1_zinc_finger_protein_91_isoform_X2__Pan_troglodytes_                                                             90.08%    failed      0.00%
  76  Pan_troglodytes____panina_XP_024207567.1_zinc_finger_protein_91_isoform_X2__Pan_troglodytes_                                                             90.08%    failed      0.00%
  77  Pan_troglodytes____panina_XP_024207564.1_zinc_finger_protein_91_isoform_X2__Pan_troglodytes_                                                             90.08%    failed      0.00%
  78  Pan_troglodytes____panina_XP_024207565.1_zinc_finger_protein_91_isoform_X3__Pan_troglodytes_                                                             90.08%    failed      0.00%
  79  Homo_sapiens____homonina_XP_011526567.1_zinc_finger_protein_91_isoform_X1__Homo_sapiens_                                                                 90.08%    failed      0.00%
  80  Homo_sapiens____homonina_NP_003421.2_zinc_finger_protein_91_isoform_1__Homo_sapiens_                                                                     89.72%    failed      0.00%
  81  Homo_sapiens____homonina_NP_001287880.1_zinc_finger_protein_91_isoform_2__Homo_sapiens_                                                                  90.00%    failed      0.00%
  82  Mandrillus_leucophaeus____cercopithecoidea_XP_011855059.1_PREDICTED__zinc_finger_protein_91-like__Mandrillus_leucophaeus_                                91.91%    failed      0.00%
  83  Cebus_capucinus____platyrrhini_XP_017380786.1_PREDICTED__LOW_QUALITY_PROTEIN__zinc_finger_protein_254-like__Cebus_capucinus_imitator_                    89.91%    failed      0.00%
  84  Nomascus_leucogenys____hylobatidae_XP_012364870.1_PREDICTED__LOW_QUALITY_PROTEIN__zinc_finger_protein_208-like__Nomascus_leucogenys_                     88.78%    failed      0.00%
  85  Gorilla_gorilla____gorillini_XP_018886338.1_PREDICTED__LOW_QUALITY_PROTEIN__zinc_finger_protein_107-like__Gorilla_gorilla_gorilla_                       89.34%    failed      0.00%
  86  Pongo_abelii____ponginae_XP_024093054.1_LOW_QUALITY_PROTEIN__zinc_finger_protein_726__Pongo_abelii_                                                      87.91%    failed      0.00%
  87  Nomascus_leucogenys____hylobatidae_XP_012364875.1_PREDICTED__putative_zinc_finger_protein_724_isoform_X1__Nomascus_leucogenys_                           89.79%    failed      0.00%
  88  Cebus_capucinus____platyrrhini_XP_017380788.1_PREDICTED__LOW_QUALITY_PROTEIN__zinc_finger_protein_681-like__Cebus_capucinus_imitator_                    89.11%    failed      0.00%
  89  Carlito_syrichta____tarsiidae_XP_021565913.1_zinc_finger_protein_208-like__Carlito_syrichta_                                                             89.84%    failed      0.00%
  90  Otolemur_garnettii____lorisoidea_XP_023364769.1_zinc_finger_protein_91-like__partial__Otolemur_garnettii_                                                92.61%    failed      0.00%
  91  Carlito_syrichta____tarsiidae_XP_021566486.1_LOW_QUALITY_PROTEIN__zinc_finger_protein_208-like__Carlito_syrichta_                                        91.21%    failed      0.00%
  92  Ornithorhynchus_anatinus____monotrememata_XP_028929210.1_uncharacterized_protein_LOC100089426_isoform_X1__Ornithorhynchus_anatinus_                      77.66%    failed      0.00%
  93  Ornithorhynchus_anatinus____monotrememata_XP_028929208.1_uncharacterized_protein_LOC100089426_isoform_X1__Ornithorhynchus_anatinus_                      77.66%    failed      0.00%
  94  Ornithorhynchus_anatinus____monotrememata_XP_028929209.1_uncharacterized_protein_LOC100089426_isoform_X1__Ornithorhynchus_anatinus_                      77.66%    failed      0.00%
  95  Ornithorhynchus_anatinus____monotrememata_XP_028929211.1_uncharacterized_protein_LOC100089426_isoform_X2__Ornithorhynchus_anatinus_                      79.65%    failed      0.00%
  96  Tupaia_chinensis____scandentia_XP_014438393.2_zinc_finger_protein_45_isoform_X4__Tupaia_chinensis_                                                       89.43%    failed      0.00%
  97  Dasypus_novemcinctus____xenarthra_XP_023444483.1_LOW_QUALITY_PROTEIN__zinc_finger_protein_729__Dasypus_novemcinctus_                                     86.25%    failed      0.00%
  98  Tupaia_chinensis____scandentia_XP_006142118.2_zinc_finger_protein_112_isoform_X4__Tupaia_chinensis_                                                      87.96%    failed      0.00%
  99  Orycteropus_afer____afrotheria_XP_007941295.1_PREDICTED__LOW_QUALITY_PROTEIN__zinc_finger_protein_234-like__Orycteropus_afer_afer_                       91.47%    failed      0.00%
 100  Mandrillus_leucophaeus____cercopithecoidea_XP_011835084.1_PREDICTED__LOW_QUALITY_PROTEIN__zinc_finger_protein_845-like__Mandrillus_leucophaeus_          91.66%    failed      0.00%
 101  Tupaia_chinensis____scandentia_XP_006144775.3_zinc_finger_protein_665_isoform_X3__Tupaia_chinensis_                                                      90.10%    failed      0.00%
WARNING: 101 sequences contain more than 50% gaps/ambiguity
****  TOTAL                                                                                                                                                    89.08%  101 sequences failed composition chi2 test (p-value<5%; df=19)
NOTE: Phascolarctos_cinereus____metatheria_XP_020827824.1_zinc_finger_protein_208-like__Phascolarctos_cinereus_ is identical to Phascolarctos_cinereus____metatheria_XP_020827825.1_zinc_finger_protein_208-like__Phascolarctos_cinereus_ but kept for subsequent analysis
NOTE: Homo_sapiens____homonina_XP_011526567.1_zinc_finger_protein_91_isoform_X1__Homo_sapiens_ is identical to Homo_sapiens____homonina_XP_016882724.1_zinc_finger_protein_91_isoform_X1__Homo_sapiens_ but kept for subsequent analysis
NOTE: Pan_troglodytes____panina_XP_024207567.1_zinc_finger_protein_91_isoform_X2__Pan_troglodytes_ is identical to Pan_troglodytes____panina_XP_024207563.1_zinc_finger_protein_91_isoform_X2__Pan_troglodytes_ but kept for subsequent analysis
NOTE: Ornithorhynchus_anatinus____monotrememata_XP_028929208.1_uncharacterized_protein_LOC100089426_isoform_X1__Ornithorhynchus_anatinus_ is identical to Ornithorhynchus_anatinus____monotrememata_XP_028929210.1_uncharacterized_protein_LOC100089426_isoform_X1__Ornithorhynchus_anatinus_ but kept for subsequent analysis
NOTE: 4 identical sequences (see below) will be ignored for subsequent analysis
NOTE: Phascolarctos_cinereus____metatheria_XP_020827827.1_zinc_finger_protein_208-like__Phascolarctos_cinereus_ (identical to Phascolarctos_cinereus____metatheria_XP_020827825.1_zinc_finger_protein_208-like__Phascolarctos_cinereus_) is ignored but added at the end
NOTE: Phascolarctos_cinereus____metatheria_XP_020827828.1_zinc_finger_protein_208-like__Phascolarctos_cinereus_ (identical to Phascolarctos_cinereus____metatheria_XP_020827825.1_zinc_finger_protein_208-like__Phascolarctos_cinereus_) is ignored but added at the end
NOTE: Pan_troglodytes____panina_XP_024207564.1_zinc_finger_protein_91_isoform_X2__Pan_troglodytes_ (identical to Pan_troglodytes____panina_XP_024207563.1_zinc_finger_protein_91_isoform_X2__Pan_troglodytes_) is ignored but added at the end
NOTE: Ornithorhynchus_anatinus____monotrememata_XP_028929209.1_uncharacterized_protein_LOC100089426_isoform_X1__Ornithorhynchus_anatinus_ (identical to Ornithorhynchus_anatinus____monotrememata_XP_028929210.1_uncharacterized_protein_LOC100089426_isoform_X1__Ornithorhynchus_anatinus_) is ignored but added at the end

For your convenience alignment with unique sequences printed to prankmammal.fa.uniqueseq.phy

Create initial parsimony tree by phylogenetic likelihood library (PLL)... 0.223 seconds
Generating 1000 samples for ultrafast bootstrap (seed: 936869)...

NOTE: 352 MB RAM (0 GB) is required!
Estimate model parameters (epsilon = 0.100)
1. Initial log-likelihood: -175804.813
2. Current log-likelihood: -158010.461
3. Current log-likelihood: -157843.880
4. Current log-likelihood: -157840.535
5. Current log-likelihood: -157839.876
6. Current log-likelihood: -157839.681
Optimal log-likelihood: -157839.567
Gamma shape alpha: 1.285
Parameters optimization took 6 rounds (37.308 sec)
Computing ML distances based on estimated model parameters... 2.609 sec
WARNING: Some pairwise ML distances are too long (saturated)
Computing BIONJ tree...
0.004 seconds
Log-likelihood of BIONJ tree: -159967.638
--------------------------------------------------------------------
|             INITIALIZING CANDIDATE TREE SET                      |
--------------------------------------------------------------------
Generating 98 parsimony trees... 27.084 second
Computing log-likelihood of 98 initial trees ... 346.066 seconds
Current best score: -157825.567

Do NNI search on 20 best initial trees
Estimate model parameters (epsilon = 0.100)
BETTER TREE FOUND at iteration 1: -157641.775
Estimate model parameters (epsilon = 0.100)
BETTER TREE FOUND at iteration 2: -157617.608
Estimate model parameters (epsilon = 0.100)
BETTER TREE FOUND at iteration 10: -157610.528
Iteration 10 / LogL: -157610.528 / Time: 0h:15m:58s
Estimate model parameters (epsilon = 0.100)
BETTER TREE FOUND at iteration 18: -157608.208
Iteration 20 / LogL: -157619.220 / Time: 0h:22m:32s
Finish initializing candidate tree set (20)
Current best tree score: -157608.208 / CPU time: 1169.600
Number of iterations: 20
--------------------------------------------------------------------
|               OPTIMIZING CANDIDATE TREE SET                      |
--------------------------------------------------------------------
Estimate model parameters (epsilon = 0.100)
BETTER TREE FOUND at iteration 23: -157600.702
Estimate model parameters (epsilon = 0.100)
BETTER TREE FOUND at iteration 27: -157598.080
Iteration 30 / LogL: -157607.533 / Time: 0h:30m:52s (1h:43m:15s left)
Iteration 40 / LogL: -157599.188 / Time: 0h:37m:56s (1h:24m:37s left)
Iteration 50 / LogL: -157614.967 / Time: 0h:45m:40s (1h:11m:46s left)
Iteration 60 / LogL: -157610.497 / Time: 0h:53m:51s (1h:1m:8s left)
Iteration 70 / LogL: -157603.064 / Time: 1h:1m:46s (0h:51m:2s left)
Estimate model parameters (epsilon = 0.100)
BETTER TREE FOUND at iteration 76: -157596.647
Iteration 80 / LogL: -157602.142 / Time: 1h:9m:50s (1h:24m:51s left)
Iteration 90 / LogL: -157608.659 / Time: 1h:17m:18s (1h:14m:42s left)
Estimate model parameters (epsilon = 0.100)
BETTER TREE FOUND at iteration 92: -157596.305
Iteration 100 / LogL: -157596.726 / Time: 1h:24m:28s (1h:18m:29s left)
Iteration 110 / LogL: -157622.184 / Time: 1h:31m:59s (1h:9m:11s left)
Iteration 120 / LogL: -157599.024 / Time: 1h:39m:11s (1h:0m:0s left)
Iteration 130 / LogL: -157605.002 / Time: 1h:47m:5s (0h:51m:27s left)
Iteration 140 / LogL: -157604.951 / Time: 1h:54m:14s (0h:42m:44s left)
Iteration 150 / LogL: -157596.427 / Time: 2h:1m:23s (0h:34m:12s left)
Iteration 160 / LogL: -157601.863 / Time: 2h:9m:9s (0h:25m:59s left)
Iteration 170 / LogL: -157603.314 / Time: 2h:16m:43s (0h:17m:47s left)
Iteration 180 / LogL: -157597.130 / Time: 2h:24m:19s (0h:9m:40s left)
Iteration 190 / LogL: -157602.211 / Time: 2h:31m:18s (0h:1m:36s left)
Refining ufboot trees with NNI...
100 samples done
200 samples done
300 samples done
400 samples done
500 samples done
600 samples done
700 samples done
800 samples done
900 samples done
1000 samples done
Total 1000 ufboot trees refined
TREE SEARCH COMPLETED AFTER 193 ITERATIONS / Time: 4h:31m:8s

--------------------------------------------------------------------
|                    FINALIZING TREE SEARCH                        |
--------------------------------------------------------------------
Performs final model parameters optimization
Estimate model parameters (epsilon = 0.010)
1. Initial log-likelihood: -157596.305
2. Current log-likelihood: -157596.285
Optimal log-likelihood: -157596.281
Gamma shape alpha: 1.308
Parameters optimization took 2 rounds (9.900 sec)
BEST SCORE FOUND : -157596.281
Creating bootstrap support values...
Split supports printed to NEXUS file prankmammal.fa.splits.nex
Total tree length: 32.442

Total number of iterations: 193
CPU time used for tree search: 15989.978 sec (4h:26m:29s)
Wall-clock time used for tree search: 16085.661 sec (4h:28m:5s)
Total CPU time used: 16182.762 sec (4h:29m:42s)
Total wall-clock time used: 16278.664 sec (4h:31m:18s)
UFBoot trees printed to prankmammal.fa.ufboot

Computing bootstrap consensus tree...
Reading input file prankmammal.fa.splits.nex...
97 taxa and 823 splits.
Consensus tree written to prankmammal.fa.contree
Reading input trees file prankmammal.fa.contree
Log-likelihood of consensus tree: -157596.503

Analysis results written to: 
  IQ-TREE report:                prankmammal.fa.iqtree
  Maximum-likelihood tree:       prankmammal.fa.treefile
  Likelihood distances:          prankmammal.fa.mldist

Ultrafast bootstrap approximation results written to:
  Split support values:          prankmammal.fa.splits.nex
  Consensus tree:                prankmammal.fa.contree
  UFBoot trees:                  prankmammal.fa.ufboot
  Screen log file:               prankmammal.fa.log

Date and Time: Thu Jul  4 13:41:28 2019
