IQ-TREE multicore version 1.6.1 for Linux 64-bit built Feb 16 2018
Developed by Bui Quang Minh, Nguyen Lam Tung, Olga Chernomor,
Heiko Schmidt, Dominik Schrempf, Michael Woodhams.

Host:    it038094 (AVX2, FMA3, 15 GB RAM)
Command: iqtree -s mafftblastedzinc.fa -m LG+G+F -bb 1000 -bnni -wbtl
Seed:    450584 (Using SPRNG - Scalable Parallel Random Number Generator)
Time:    Thu Jul  4 09:51:08 2019
Kernel:  AVX+FMA - 1 threads (4 CPU cores detected)

HINT: Use -nt option to specify number of threads because your CPU has 4 cores!
HINT: -nt AUTO will automatically determine the best number of threads to use.

Reading alignment file mafftblastedzinc.fa ... Fasta format detected
Alignment most likely contains protein sequences
Alignment has 100 sequences with 973 columns, 556 distinct patterns
400 parsimony-informative, 76 singleton sites, 497 constant sites
                Gap/Ambiguity  Composition  p-value
   1  NP_001191837.1   46.04%    passed     83.72%
   2  XP_021020557.1   40.18%    passed     70.08%
   3  XP_028631559.1   45.02%    passed     74.10%
   4  XP_021053023.1   45.63%    passed     93.81%
   5  XP_008760694.2   45.12%    passed     78.26%
   6  OBS80476.1       45.73%    passed     95.68%
   7  XP_006979972.1   45.43%    passed     98.06%
   8  RLQ66160.1        7.61%    failed      0.05%
   9  ERE73645.1       36.59%    passed     45.22%
  10  XP_027273874.1   39.47%    passed     58.78%
  11  XP_021515471.1   44.81%    passed     96.44%
  12  XP_005364062.1   43.37%    passed     72.87%
  13  XP_012969731.1   46.56%    passed     73.08%
  14  XP_027290826.1   42.65%    passed     54.11%
  15  EGW10139.1       49.95%    passed     49.62%
  16  XP_021578264.1   38.44%    passed     98.71%
  17  XP_012495439.1   42.75%    passed     99.98%
  18  XP_005319784.1   42.34%    passed     99.79%
  19  XP_015347534.1   42.34%    passed     99.56%
  20  XP_027790709.1   42.34%    passed     99.53%
  21  XP_026248608.1   42.34%    passed     99.45%
  22  XP_004028057.2   41.62%    passed    100.00%
  23  NP_001009992.1   41.62%    passed    100.00%
  24  XP_012591010.1   42.75%    passed     98.55%
  25  XP_023059151.2   41.93%    passed    100.00%
  26  XP_003824782.1   41.62%    passed    100.00%
  27  XP_003264475.1   41.62%    passed    100.00%
  28  XP_001159837.3   41.62%    passed    100.00%
  29  XP_010367210.1   41.93%    passed    100.00%
  30  XP_020010330.1   43.27%    passed     99.92%
  31  XP_017703542.1   41.93%    passed    100.00%
  32  XP_002809764.2   41.62%    passed    100.00%
  33  XP_025218629.1   41.83%    passed    100.00%
  34  XP_011903955.1   41.83%    passed     99.99%
  35  XP_011797515.1   41.93%    passed     99.99%
  36  XP_014700871.1   41.73%    passed     99.99%
  37  XP_021785543.1   41.83%    passed    100.00%
  38  XP_008519733.1   41.73%    passed    100.00%
  39  NP_001243856.2   41.73%    passed    100.00%
  40  XP_008565597.1   41.83%    passed    100.00%
  41  XP_011744563.1   41.83%    passed    100.00%
  42  XP_007987477.1   41.93%    passed    100.00%
  43  XP_011858019.1   41.83%    passed    100.00%
  44  XP_001114945.2   41.83%    passed    100.00%
  45  XP_005540217.1   41.83%    passed    100.00%
  46  EHH15748.1       41.83%    passed    100.00%
  47  EHH50744.1       42.55%    passed    100.00%
  48  XP_004425020.1   41.42%    passed     99.91%
  49  XP_002760342.1   41.73%    passed    100.00%
  50  XP_004396915.1   41.52%    passed    100.00%
  51  XP_021578266.1   43.17%    passed     99.17%
  52  XP_008699351.1   41.62%    passed     99.99%
  53  XP_025733529.1   41.52%    passed    100.00%
  54  XP_026364815.1   41.62%    passed     99.99%
  55  XP_027465727.1   41.52%    passed    100.00%
  56  XP_007096264.1   41.52%    passed     99.80%
  57  XP_027977274.1   41.52%    passed    100.00%
  58  XP_021538245.1   41.62%    passed    100.00%
  59  XP_012300143.1   41.83%    passed     99.96%
  60  XP_019283346.1   41.52%    passed     99.90%
  61  XP_017379964.1   41.93%    passed     99.99%
  62  XP_003785695.1   43.37%    passed     99.03%
  63  XP_003999329.1   41.62%    passed    100.00%
  64  XP_006729206.1   41.52%    passed     99.99%
  65  XP_002919421.1   41.62%    passed     99.99%
  66  XP_011359572.1   45.12%    passed     99.99%
  67  XP_025285467.1   41.52%    passed    100.00%
  68  XP_008061486.1   43.37%    passed     99.16%
  69  XP_004767958.1   41.52%    passed     99.84%
  70  XP_005375056.1   42.55%    passed     85.26%
  71  XP_025777030.1   41.62%    passed     99.99%
  72  XP_027623910.1   42.24%    passed     99.56%
  73  XP_025856853.1   41.52%    passed    100.00%
  74  XP_022363857.1   41.52%    passed     99.70%
  75  XP_014918434.2   41.62%    passed    100.00%
  76  MBW03649.1       42.86%    passed     99.88%
  77  XP_007175242.1   42.86%    passed     99.91%
  78  XP_006907954.1   45.12%    passed     99.99%
  79  XP_004269877.1   42.86%    passed     99.58%
  80  TKC49468.1       36.90%    passed     99.28%
  81  XP_029084016.1   42.86%    passed     99.70%
  82  XP_007448568.1   42.86%    passed     99.32%
  83  XP_022412360.1   42.86%    passed     98.01%
  84  XP_024614608.1   42.86%    passed     99.65%
  85  XP_026938890.1   42.75%    passed     99.74%
  86  XP_016001027.1   45.12%    passed     97.12%
  87  XP_019774293.1   43.47%    passed     99.81%
  88  XP_010953237.1   41.52%    passed     99.98%
  89  XP_006193067.1   41.52%    passed     99.96%
  90  XP_005906954.1   42.03%    passed     97.61%
  91  XP_019831875.1   42.24%    passed     98.99%
  92  XP_002694251.1   42.03%    passed     98.27%
  93  XP_015101142.1   35.25%    passed     96.77%
  94  XP_006048719.2   42.14%    passed     98.80%
  95  VFV30411.1       51.49%    passed     99.55%
  96  XP_012026805.1   42.24%    passed     99.54%
  97  XP_027831927.1   42.14%    passed     99.79%
  98  XP_004688201.1   41.62%    passed     97.02%
  99  XP_005962125.1   42.24%    passed     99.86%
 100  XP_005709503.2   42.14%    passed     99.88%
WARNING: 1 sequences contain more than 50% gaps/ambiguity
****  TOTAL            42.01%  1 sequences failed composition chi2 test (p-value<5%; df=19)

Create initial parsimony tree by phylogenetic likelihood library (PLL)... 0.023 seconds
Generating 1000 samples for ultrafast bootstrap (seed: 450584)...

NOTE: 37 MB RAM (0 GB) is required!
Estimate model parameters (epsilon = 0.100)
1. Initial log-likelihood: -19514.406
2. Current log-likelihood: -18935.347
3. Current log-likelihood: -18930.172
4. Current log-likelihood: -18927.419
5. Current log-likelihood: -18925.132
6. Current log-likelihood: -18922.989
7. Current log-likelihood: -18920.278
8. Current log-likelihood: -18916.927
9. Current log-likelihood: -18914.425
10. Current log-likelihood: -18913.103
11. Current log-likelihood: -18912.447
12. Current log-likelihood: -18912.190
Optimal log-likelihood: -18912.015
Gamma shape alpha: 0.464
Parameters optimization took 12 rounds (10.764 sec)
Computing ML distances based on estimated model parameters... 2.085 sec
Computing BIONJ tree...
0.004 seconds
Log-likelihood of BIONJ tree: -19033.789
--------------------------------------------------------------------
|             INITIALIZING CANDIDATE TREE SET                      |
--------------------------------------------------------------------
Generating 98 parsimony trees... 2.555 second
Computing log-likelihood of 98 initial trees ... 31.589 seconds
Current best score: -18912.015

Do NNI search on 20 best initial trees
Estimate model parameters (epsilon = 0.100)
BETTER TREE FOUND at iteration 1: -18894.417
Estimate model parameters (epsilon = 0.100)
BETTER TREE FOUND at iteration 2: -18894.238
Iteration 10 / LogL: -18894.239 / Time: 0h:3m:29s
Iteration 20 / LogL: -18894.239 / Time: 0h:6m:22s
Finish initializing candidate tree set (16)
Current best tree score: -18894.238 / CPU time: 365.410
Number of iterations: 20
--------------------------------------------------------------------
|               OPTIMIZING CANDIDATE TREE SET                      |
--------------------------------------------------------------------
Iteration 30 / LogL: -18898.077 / Time: 0h:7m:27s (0h:18m:32s left)
Iteration 40 / LogL: -18894.328 / Time: 0h:8m:35s (0h:13m:39s left)
Iteration 50 / LogL: -18895.301 / Time: 0h:9m:46s (0h:10m:22s left)
Iteration 60 / LogL: -18894.239 / Time: 0h:10m:58s (0h:7m:49s left)
Iteration 70 / LogL: -18894.239 / Time: 0h:12m:16s (0h:5m:41s left)
Iteration 80 / LogL: -18895.300 / Time: 0h:13m:25s (0h:3m:44s left)
Iteration 90 / LogL: -18894.238 / Time: 0h:14m:25s (0h:1m:56s left)
Iteration 100 / LogL: -18896.951 / Time: 0h:15m:29s (0h:0m:18s left)
Refining ufboot trees with NNI...
100 samples done
200 samples done
300 samples done
400 samples done
500 samples done
600 samples done
700 samples done
800 samples done
900 samples done
1000 samples done
Total 1000 ufboot trees refined
TREE SEARCH COMPLETED AFTER 103 ITERATIONS / Time: 0h:28m:45s

--------------------------------------------------------------------
|                    FINALIZING TREE SEARCH                        |
--------------------------------------------------------------------
Performs final model parameters optimization
Estimate model parameters (epsilon = 0.010)
1. Initial log-likelihood: -18894.238
Optimal log-likelihood: -18894.238
Gamma shape alpha: 0.462
Parameters optimization took 1 rounds (0.511 sec)
BEST SCORE FOUND : -18894.238
Creating bootstrap support values...
Split supports printed to NEXUS file mafftblastedzinc.fa.splits.nex
Total tree length: 12.934

Total number of iterations: 103
CPU time used for tree search: 1700.432 sec (0h:28m:20s)
Wall-clock time used for tree search: 1707.950 sec (0h:28m:27s)
Total CPU time used: 1718.629 sec (0h:28m:38s)
Total wall-clock time used: 1726.180 sec (0h:28m:46s)
UFBoot trees printed to mafftblastedzinc.fa.ufboot

Computing bootstrap consensus tree...
Reading input file mafftblastedzinc.fa.splits.nex...
100 taxa and 484 splits.
Consensus tree written to mafftblastedzinc.fa.contree
Reading input trees file mafftblastedzinc.fa.contree
Log-likelihood of consensus tree: -18894.239

Analysis results written to: 
  IQ-TREE report:                mafftblastedzinc.fa.iqtree
  Maximum-likelihood tree:       mafftblastedzinc.fa.treefile
  Likelihood distances:          mafftblastedzinc.fa.mldist

Ultrafast bootstrap approximation results written to:
  Split support values:          mafftblastedzinc.fa.splits.nex
  Consensus tree:                mafftblastedzinc.fa.contree
  UFBoot trees:                  mafftblastedzinc.fa.ufboot
  Screen log file:               mafftblastedzinc.fa.log

Date and Time: Thu Jul  4 10:20:02 2019
