CparaPGg	[&!color=#00cc00]
CcrisPRg	[&!color=#00cc00]
GsulpPRg	[&!color=#00cc00]
CmeroPRg	[&!color=#00cc00]
PumbiPRg	[&!color=#00cc00]
CreinPCg	[&!color=#00cc00]
VcartPCg	[&!color=#00cc00]
TselmPCg	[&!color=#00cc00]
MneglPCg	[&!color=#00cc00]
BprasPCg	[&!color=#00cc00]
OtaurPCg	[&!color=#00cc00]
MpusiPCg	[&!color=#00cc00]
AprotPCg	[&!color=#00cc00]
OsatiPSg	[&!color=#00cc00]
AthalPSg	[&!color=#00cc00]
PpatePSg	[&!color=#00cc00]
SmoelPSg	[&!color=#00cc00]
KnitePSg	[&!color=#00cc00]
CmembEFt	[&!color=#660066]
DbrevEFt	[&!color=#660066]
EcyprEFt	[&!color=#660066]
KbialEFt	[&!color=#660066]
TrepoEFt	[&!color=#660066]
ApaluEFt	[&!color=#660066]
CcuspEFt	[&!color=#660066]
NgrubEHg	[&!color=#660066]
SincaEJt	[&!color=#660066]
BsaltEKg	[&!color=#660066]
DpapiEDg	[&!color=#660066]
EgracEEt	[&!color=#660066]
TmariEPt	[&!color=#660066]
EsiliSmg	[&!color=#006666]
TpseuSmg	[&!color=#006666]
FcyliSmg	[&!color=#006666]
NgadiSmg	[&!color=#006666]
TclavSmg	[&!color=#006666]
PtricSmg	[&!color=#006666]
ToceaSmg	[&!color=#006666]
AanopSmg	[&!color=#006666]
LdaniSmt	[&!color=#006666]
OauriSmt	[&!color=#006666]
NitzsSmt	[&!color=#006666]
BpaciSmt	[&!color=#006666]
FsolaSmg	[&!color=#006666]
TtherAvg	[&!color=#00cccc]
PtetrAvg	[&!color=#00cccc]
SlemnAvg	[&!color=#00cccc]
PretiAvg	[&!color=#00cccc]
NscinAvt	[&!color=#00cccc]
TjollAvt	[&!color=#00cccc]
PglacAvt	[&!color=#00cccc]
AcartAvt	[&!color=#00cccc]
OtrifAvg	[&!color=#00cccc]
ScoerAvg	[&!color=#00cccc]
BnataRzg	[&!color=#006633]
RfiloRzg	[&!color=#006633]
EmargRzg	[&!color=#006633]
CrypsCyg	[&!color=#ff6600]
GthetCyg	[&!color=#ff6600]
GavonCyt	[&!color=#ff6600]
EhuxlHpg	[&!color=#ff0066]
ChrspHpg	[&!color=#ff0066]
RheteCht	[&!color=#ff0066]
AcaspCht	[&!color=#ff0066]
ChospCht	[&!color=#ff0066]
RerinCht	[&!color=#ff0066]
AmacrOFg	[&!color=#ff9933]
SpombOFg	[&!color=#ff9933]
SpuncOFg	[&!color=#ff9933]
LtranOFg	[&!color=#ff9933]
PaltaONg	[&!color=#ff9933]
FalbaOYg	[&!color=#ff9933]
AqueeOMg	[&!color=#ff9933]
LpolyOMg	[&!color=#ff9933]
XtropOMg	[&!color=#ff9933]
NvectOMg	[&!color=#ff9933]
LgigaOMg	[&!color=#ff9933]
MbrevOCg	[&!color=#ff9933]
SroseOCg	[&!color=#ff9933]
GokelMwt	[&!color=#ff0000]
AtwisOrt	[&!color=#C0C0C0]
AsigmAyt	[&!color=#ff80ff]
FtropAyt	[&!color=#ff80ff]
NlongAyt	[&!color=#ff80ff]
DrotaCRt	[&!color=#000099]
RramoCRt	[&!color=#000099]
TtrahApg	[&!color=#0066ff]
AmaspApt	[&!color=#0066ff]
AcastAbg	[&!color=#996600]
DdiscAbg	[&!color=#996600]
EdispAbg	[&!color=#996600]
PpolyAbt	[&!color=#996600]
HkukwHmt	[&!color=#808000]
SmultHmt	[&!color=#808000]
TspP1Tlt	[&!color=#7A7DE3]
TspP2Tlt	[&!color=#7A7DE3]
TsubtTlt	[&!color=#7A7DE3]
